[0.167s] Invoking command in '/home/klein/camera_ros2/build/astra_camera': CMAKE_PREFIX_PATH=/home/klein/camera_ros2/install/astra_camera_msgs:/home/klein/camera_ros2/install/opencv_use:/home/klein/camera_ros2/install/astra_camera:/home/klein/ros2move_ws/install/pkg01_helloworld_cpp:/home/klein/ros2move_ws/install/cpp01_topic:/home/klein/camera_ros2/install/demo_cv_image:/opt/ros/foxy LD_LIBRARY_PATH=/home/klein/camera_ros2/install/astra_camera_msgs/lib:/home/klein/camera_ros2/install/astra_camera/lib:/usr/local/lib:/usr/local/lib:/opt/ros/foxy/opt/yaml_cpp_vendor/lib:/opt/ros/foxy/opt/rviz_ogre_vendor/lib:/opt/ros/foxy/lib/x86_64-linux-gnu:/opt/ros/foxy/lib PYTHONPATH=/home/klein/camera_ros2/install/astra_camera_msgs/lib/python3.8/site-packages:/home/klein/camera_ros2/install/demo_cv_image/lib/python3.8/site-packages:/opt/ros/foxy/lib/python3.8/site-packages /usr/bin/cmake --build /home/klein/camera_ros2/build/astra_camera -- -j4 -l4
[0.902s] [ 87%] Built target astra_camera
[1.074s] [100%] Built target list_devices_node
[1.199s] Invoked command in '/home/klein/camera_ros2/build/astra_camera' returned '0': CMAKE_PREFIX_PATH=/home/klein/camera_ros2/install/astra_camera_msgs:/home/klein/camera_ros2/install/opencv_use:/home/klein/camera_ros2/install/astra_camera:/home/klein/ros2move_ws/install/pkg01_helloworld_cpp:/home/klein/ros2move_ws/install/cpp01_topic:/home/klein/camera_ros2/install/demo_cv_image:/opt/ros/foxy LD_LIBRARY_PATH=/home/klein/camera_ros2/install/astra_camera_msgs/lib:/home/klein/camera_ros2/install/astra_camera/lib:/usr/local/lib:/usr/local/lib:/opt/ros/foxy/opt/yaml_cpp_vendor/lib:/opt/ros/foxy/opt/rviz_ogre_vendor/lib:/opt/ros/foxy/lib/x86_64-linux-gnu:/opt/ros/foxy/lib PYTHONPATH=/home/klein/camera_ros2/install/astra_camera_msgs/lib/python3.8/site-packages:/home/klein/camera_ros2/install/demo_cv_image/lib/python3.8/site-packages:/opt/ros/foxy/lib/python3.8/site-packages /usr/bin/cmake --build /home/klein/camera_ros2/build/astra_camera -- -j4 -l4
[1.657s] Invoking command in '/home/klein/camera_ros2/build/astra_camera': CMAKE_PREFIX_PATH=/home/klein/camera_ros2/install/astra_camera_msgs:/home/klein/camera_ros2/install/opencv_use:/home/klein/camera_ros2/install/astra_camera:/home/klein/ros2move_ws/install/pkg01_helloworld_cpp:/home/klein/ros2move_ws/install/cpp01_topic:/home/klein/camera_ros2/install/demo_cv_image:/opt/ros/foxy LD_LIBRARY_PATH=/home/klein/camera_ros2/install/astra_camera_msgs/lib:/home/klein/camera_ros2/install/astra_camera/lib:/usr/local/lib:/usr/local/lib:/opt/ros/foxy/opt/yaml_cpp_vendor/lib:/opt/ros/foxy/opt/rviz_ogre_vendor/lib:/opt/ros/foxy/lib/x86_64-linux-gnu:/opt/ros/foxy/lib PYTHONPATH=/home/klein/camera_ros2/install/astra_camera_msgs/lib/python3.8/site-packages:/home/klein/camera_ros2/install/demo_cv_image/lib/python3.8/site-packages:/opt/ros/foxy/lib/python3.8/site-packages /usr/bin/cmake --install /home/klein/camera_ros2/build/astra_camera
[1.726s] -- Install configuration: "Debug"
[1.727s] -- Up-to-date: /home/klein/camera_ros2/install/astra_camera/lib/libastra_camera.so
[1.732s] -- Up-to-date: /home/klein/camera_ros2/install/astra_camera/lib/libOpenNI2.so
[1.733s] -- Up-to-date: /home/klein/camera_ros2/install/astra_camera/lib//OpenNI2
[1.733s] -- Up-to-date: /home/klein/camera_ros2/install/astra_camera/lib//OpenNI2/Drivers
[1.733s] -- Up-to-date: /home/klein/camera_ros2/install/astra_camera/lib//OpenNI2/Drivers/orbbec.ini
[1.733s] -- Up-to-date: /home/klein/camera_ros2/install/astra_camera/lib//OpenNI2/Drivers/liborbbec.so
[1.733s] -- Up-to-date: /home/klein/camera_ros2/install/astra_camera/lib//OpenNI2/Drivers/libOniFile.so
[1.734s] -- Up-to-date: /home/klein/camera_ros2/install/astra_camera/lib//OpenNI2/Drivers/OniFile.ini
[1.734s] -- Up-to-date: /home/klein/camera_ros2/install/astra_camera/lib/astra_camera/list_devices_node
[1.734s] -- Up-to-date: /home/klein/camera_ros2/install/astra_camera/include
[1.735s] -- Up-to-date: /home/klein/camera_ros2/install/astra_camera/include/astra_camera
[1.735s] -- Up-to-date: /home/klein/camera_ros2/install/astra_camera/include/astra_camera/uvc_camera_driver.h
[1.735s] -- Up-to-date: /home/klein/camera_ros2/install/astra_camera/include/astra_camera/dynamic_params.h
[1.735s] -- Up-to-date: /home/klein/camera_ros2/install/astra_camera/include/astra_camera/device_listener.h
[1.735s] -- Up-to-date: /home/klein/camera_ros2/install/astra_camera/include/astra_camera/ob_timer_filter.h
[1.735s] -- Up-to-date: /home/klein/camera_ros2/install/astra_camera/include/astra_camera/point_cloud_proc
[1.736s] -- Up-to-date: /home/klein/camera_ros2/install/astra_camera/include/astra_camera/point_cloud_proc/point_cloud_xyzrgb.h
[1.736s] -- Up-to-date: /home/klein/camera_ros2/install/astra_camera/include/astra_camera/point_cloud_proc/depth_traits.h
[1.736s] -- Up-to-date: /home/klein/camera_ros2/install/astra_camera/include/astra_camera/point_cloud_proc/point_cloud_xyz.h
[1.736s] -- Up-to-date: /home/klein/camera_ros2/install/astra_camera/include/astra_camera/ob_frame_listener.h
[1.736s] -- Up-to-date: /home/klein/camera_ros2/install/astra_camera/include/astra_camera/ob_camera_node.h
[1.748s] -- Up-to-date: /home/klein/camera_ros2/install/astra_camera/include/astra_camera/utils.h
[1.748s] -- Up-to-date: /home/klein/camera_ros2/install/astra_camera/include/astra_camera/ob_camera_node_factory.h
[1.749s] -- Up-to-date: /home/klein/camera_ros2/install/astra_camera/include/astra_camera/ros_param_backend.h
[1.749s] -- Up-to-date: /home/klein/camera_ros2/install/astra_camera/include/astra_camera/types.h
[1.749s] -- Up-to-date: /home/klein/camera_ros2/install/astra_camera/include/astra_camera/constants.h
[1.749s] -- Up-to-date: /home/klein/camera_ros2/install/astra_camera/include/openni2
[1.749s] -- Up-to-date: /home/klein/camera_ros2/install/astra_camera/include/openni2/Linux-Arm
[1.750s] -- Up-to-date: /home/klein/camera_ros2/install/astra_camera/include/openni2/Linux-Arm/OniPlatformLinux-Arm.h
[1.750s] -- Up-to-date: /home/klein/camera_ros2/install/astra_camera/include/openni2/OniProperties.h
[1.750s] -- Up-to-date: /home/klein/camera_ros2/install/astra_camera/include/openni2/Driver
[1.750s] -- Up-to-date: /home/klein/camera_ros2/install/astra_camera/include/openni2/Driver/OniDriverAPI.h
[1.750s] -- Up-to-date: /home/klein/camera_ros2/install/astra_camera/include/openni2/Driver/OniDriverTypes.h
[1.751s] -- Up-to-date: /home/klein/camera_ros2/install/astra_camera/include/openni2/OniTest.h
[1.751s] -- Up-to-date: /home/klein/camera_ros2/install/astra_camera/include/openni2/KinectProperties.h
[1.751s] -- Up-to-date: /home/klein/camera_ros2/install/astra_camera/include/openni2/PrimeSense.h
[1.751s] -- Up-to-date: /home/klein/camera_ros2/install/astra_camera/include/openni2/MacOSX
[1.751s] -- Up-to-date: /home/klein/camera_ros2/install/astra_camera/include/openni2/MacOSX/OniPlatformMacOSX.h
[1.751s] -- Up-to-date: /home/klein/camera_ros2/install/astra_camera/include/openni2/OniVersion.h
[1.751s] -- Up-to-date: /home/klein/camera_ros2/install/astra_camera/include/openni2/PSLink.h
[1.751s] -- Up-to-date: /home/klein/camera_ros2/install/astra_camera/include/openni2/OpenNI.h
[1.765s] -- Up-to-date: /home/klein/camera_ros2/install/astra_camera/include/openni2/OniCEnums.h
[1.770s] -- Up-to-date: /home/klein/camera_ros2/install/astra_camera/include/openni2/OniCProperties.h
[1.771s] -- Up-to-date: /home/klein/camera_ros2/install/astra_camera/include/openni2/OniCAPI.h
[1.771s] -- Up-to-date: /home/klein/camera_ros2/install/astra_camera/include/openni2/OniCTypes.h
[1.771s] -- Up-to-date: /home/klein/camera_ros2/install/astra_camera/include/openni2/Android-Arm
[1.771s] -- Up-to-date: /home/klein/camera_ros2/install/astra_camera/include/openni2/Android-Arm/OniPlatformAndroid-Arm.h
[1.771s] -- Up-to-date: /home/klein/camera_ros2/install/astra_camera/include/openni2/OniEnums.h
[1.771s] -- Up-to-date: /home/klein/camera_ros2/install/astra_camera/include/openni2/PS1080.h
[1.771s] -- Up-to-date: /home/klein/camera_ros2/install/astra_camera/include/openni2/OniPlatform.h
[1.772s] -- Up-to-date: /home/klein/camera_ros2/install/astra_camera/include/openni2/Linux-x86
[1.772s] -- Up-to-date: /home/klein/camera_ros2/install/astra_camera/include/openni2/Linux-x86/OniPlatformLinux-x86.h
[1.772s] -- Up-to-date: /home/klein/camera_ros2/install/astra_camera/include/openni2/openni2_redist
[1.772s] -- Up-to-date: /home/klein/camera_ros2/install/astra_camera/include/openni2/openni2_redist/x64
[1.772s] -- Up-to-date: /home/klein/camera_ros2/install/astra_camera/include/openni2/openni2_redist/x64/libOpenNI2.so
[1.773s] -- Up-to-date: /home/klein/camera_ros2/install/astra_camera/include/openni2/openni2_redist/x64/OpenNI.ini
[1.773s] -- Up-to-date: /home/klein/camera_ros2/install/astra_camera/include/openni2/openni2_redist/x64/OpenNI2
[1.773s] -- Up-to-date: /home/klein/camera_ros2/install/astra_camera/include/openni2/openni2_redist/x64/OpenNI2/Drivers
[1.807s] -- Up-to-date: /home/klein/camera_ros2/install/astra_camera/include/openni2/openni2_redist/x64/OpenNI2/Drivers/orbbec.ini
[1.808s] -- Up-to-date: /home/klein/camera_ros2/install/astra_camera/include/openni2/openni2_redist/x64/OpenNI2/Drivers/liborbbec.so
[1.808s] -- Up-to-date: /home/klein/camera_ros2/install/astra_camera/include/openni2/openni2_redist/x64/OpenNI2/Drivers/libOniFile.so
[1.808s] -- Up-to-date: /home/klein/camera_ros2/install/astra_camera/include/openni2/openni2_redist/x64/OpenNI2/Drivers/OniFile.ini
[1.809s] -- Up-to-date: /home/klein/camera_ros2/install/astra_camera/include/openni2/openni2_redist/arm
[1.809s] -- Up-to-date: /home/klein/camera_ros2/install/astra_camera/include/openni2/openni2_redist/arm/libOpenNI2.so
[1.809s] -- Up-to-date: /home/klein/camera_ros2/install/astra_camera/include/openni2/openni2_redist/arm/NiViewer
[1.809s] -- Up-to-date: /home/klein/camera_ros2/install/astra_camera/include/openni2/openni2_redist/arm/libDepthUtils.a
[1.809s] -- Up-to-date: /home/klein/camera_ros2/install/astra_camera/include/openni2/openni2_redist/arm/PS1080Console
[1.809s] -- Up-to-date: /home/klein/camera_ros2/install/astra_camera/include/openni2/openni2_redist/arm/SimpleRead
[1.810s] -- Up-to-date: /home/klein/camera_ros2/install/astra_camera/include/openni2/openni2_redist/arm/OpenNI.ini
[1.810s] -- Up-to-date: /home/klein/camera_ros2/install/astra_camera/include/openni2/openni2_redist/arm/OpenNI2
[1.810s] -- Up-to-date: /home/klein/camera_ros2/install/astra_camera/include/openni2/openni2_redist/arm/OpenNI2/Drivers
[1.810s] -- Up-to-date: /home/klein/camera_ros2/install/astra_camera/include/openni2/openni2_redist/arm/OpenNI2/Drivers/orbbec.ini
[1.810s] -- Up-to-date: /home/klein/camera_ros2/install/astra_camera/include/openni2/openni2_redist/arm/OpenNI2/Drivers/liborbbec.so
[1.810s] -- Up-to-date: /home/klein/camera_ros2/install/astra_camera/include/openni2/openni2_redist/arm/OpenNI2/Drivers/libOniFile.so
[1.811s] -- Up-to-date: /home/klein/camera_ros2/install/astra_camera/include/openni2/openni2_redist/arm/OpenNI2/Drivers/OniFile.ini
[1.811s] -- Up-to-date: /home/klein/camera_ros2/install/astra_camera/include/openni2/openni2_redist/arm64
[1.811s] -- Up-to-date: /home/klein/camera_ros2/install/astra_camera/include/openni2/openni2_redist/arm64/libOpenNI2.so
[1.811s] -- Up-to-date: /home/klein/camera_ros2/install/astra_camera/include/openni2/openni2_redist/arm64/NiViewer
[1.811s] -- Up-to-date: /home/klein/camera_ros2/install/astra_camera/include/openni2/openni2_redist/arm64/libDepthUtils.a
[1.812s] -- Up-to-date: /home/klein/camera_ros2/install/astra_camera/include/openni2/openni2_redist/arm64/PS1080Console
[1.812s] -- Up-to-date: /home/klein/camera_ros2/install/astra_camera/include/openni2/openni2_redist/arm64/SimpleRead
[1.812s] -- Up-to-date: /home/klein/camera_ros2/install/astra_camera/include/openni2/openni2_redist/arm64/OpenNI.ini
[1.812s] -- Up-to-date: /home/klein/camera_ros2/install/astra_camera/include/openni2/openni2_redist/arm64/OpenNI2
[1.812s] -- Up-to-date: /home/klein/camera_ros2/install/astra_camera/include/openni2/openni2_redist/arm64/OpenNI2/Drivers
[1.812s] -- Up-to-date: /home/klein/camera_ros2/install/astra_camera/include/openni2/openni2_redist/arm64/OpenNI2/Drivers/orbbec.ini
[1.813s] -- Up-to-date: /home/klein/camera_ros2/install/astra_camera/include/openni2/openni2_redist/arm64/OpenNI2/Drivers/liborbbec.so
[1.813s] -- Up-to-date: /home/klein/camera_ros2/install/astra_camera/include/openni2/openni2_redist/arm64/OpenNI2/Drivers/libOniFile.so
[1.813s] -- Up-to-date: /home/klein/camera_ros2/install/astra_camera/include/openni2/openni2_redist/arm64/OpenNI2/Drivers/OniFile.ini
[1.813s] -- Up-to-date: /home/klein/camera_ros2/install/astra_camera/include/openni2/SonixCamera.h
[1.813s] -- Up-to-date: /home/klein/camera_ros2/install/astra_camera/include/openni2/Win32
[1.813s] -- Up-to-date: /home/klein/camera_ros2/install/astra_camera/include/openni2/Win32/OniPlatformWin32.h
[1.813s] -- Up-to-date: /home/klein/camera_ros2/install/astra_camera/include/openni2/util.h
[1.814s] -- Up-to-date: /home/klein/camera_ros2/install/astra_camera/share/astra_camera//launch
[1.814s] -- Up-to-date: /home/klein/camera_ros2/install/astra_camera/share/astra_camera//launch/multi_dabai_pro.launch.py
[1.814s] -- Up-to-date: /home/klein/camera_ros2/install/astra_camera/share/astra_camera//launch/multi_dabai.launch.py
[1.814s] -- Up-to-date: /home/klein/camera_ros2/install/astra_camera/share/astra_camera//launch/dabai_pro.launch.py
[1.814s] -- Up-to-date: /home/klein/camera_ros2/install/astra_camera/share/astra_camera//launch/.gitkeep
[1.814s] -- Up-to-date: /home/klein/camera_ros2/install/astra_camera/share/astra_camera//launch/multi_dabai_dw.launch.py
[1.815s] -- Up-to-date: /home/klein/camera_ros2/install/astra_camera/share/astra_camera//launch/multi_astra_mini.launch.py
[1.815s] -- Up-to-date: /home/klein/camera_ros2/install/astra_camera/share/astra_camera//launch/dabai_dcw.launch.py
[1.815s] -- Up-to-date: /home/klein/camera_ros2/install/astra_camera/share/astra_camera//launch/dabai_dw.launch.py
[1.815s] -- Up-to-date: /home/klein/camera_ros2/install/astra_camera/share/astra_camera//launch/dabai.launch.py
[1.815s] -- Up-to-date: /home/klein/camera_ros2/install/astra_camera/share/astra_camera//launch/astra_mini.launch.py
[1.815s] -- Up-to-date: /home/klein/camera_ros2/install/astra_camera/share/astra_camera//launch/multi_dabai_dcw.launch.py
[1.816s] -- Up-to-date: /home/klein/camera_ros2/install/astra_camera/share/astra_camera//config
[1.816s] -- Up-to-date: /home/klein/camera_ros2/install/astra_camera/share/astra_camera//config/.gitkeep
[1.816s] -- Up-to-date: /home/klein/camera_ros2/install/astra_camera/share/astra_camera//params
[1.816s] -- Up-to-date: /home/klein/camera_ros2/install/astra_camera/share/astra_camera//params/.gitkeep
[1.816s] -- Up-to-date: /home/klein/camera_ros2/install/astra_camera/share/astra_camera//params/astra_mini_params.yaml
[1.863s] -- Up-to-date: /home/klein/camera_ros2/install/astra_camera/share/astra_camera//params/dabai_dw_params.yaml
[1.863s] -- Up-to-date: /home/klein/camera_ros2/install/astra_camera/share/astra_camera//params/dabai_pro_params.yaml
[1.863s] -- Up-to-date: /home/klein/camera_ros2/install/astra_camera/share/astra_camera//params/camera_params_template.yaml
[1.864s] -- Up-to-date: /home/klein/camera_ros2/install/astra_camera/share/astra_camera//params/dabai_params.yaml
[1.864s] -- Up-to-date: /home/klein/camera_ros2/install/astra_camera/share/astra_camera//params/dabai_dcw_params.yaml
[1.864s] -- Up-to-date: /home/klein/camera_ros2/install/astra_camera/share/astra_camera//rviz
[1.864s] -- Up-to-date: /home/klein/camera_ros2/install/astra_camera/share/astra_camera//rviz/.gitkeep
[1.864s] -- Up-to-date: /home/klein/camera_ros2/install/astra_camera/share/astra_camera//rviz/pointcloud.rviz
[1.864s] -- Up-to-date: /home/klein/camera_ros2/install/astra_camera/share/astra_camera//rviz/multi_camera.rviz
[1.865s] -- Up-to-date: /home/klein/camera_ros2/install/astra_camera/share/astra_camera/environment/library_path.sh
[1.865s] -- Up-to-date: /home/klein/camera_ros2/install/astra_camera/share/astra_camera/environment/library_path.dsv
[1.865s] -- Up-to-date: /home/klein/camera_ros2/install/astra_camera/share/ament_index/resource_index/package_run_dependencies/astra_camera
[1.873s] -- Up-to-date: /home/klein/camera_ros2/install/astra_camera/share/ament_index/resource_index/parent_prefix_path/astra_camera
[1.874s] -- Up-to-date: /home/klein/camera_ros2/install/astra_camera/share/astra_camera/environment/ament_prefix_path.sh
[1.874s] -- Up-to-date: /home/klein/camera_ros2/install/astra_camera/share/astra_camera/environment/ament_prefix_path.dsv
[1.874s] -- Up-to-date: /home/klein/camera_ros2/install/astra_camera/share/astra_camera/environment/path.sh
[1.875s] -- Up-to-date: /home/klein/camera_ros2/install/astra_camera/share/astra_camera/environment/path.dsv
[1.875s] -- Up-to-date: /home/klein/camera_ros2/install/astra_camera/share/astra_camera/local_setup.bash
[1.875s] -- Up-to-date: /home/klein/camera_ros2/install/astra_camera/share/astra_camera/local_setup.sh
[1.875s] -- Up-to-date: /home/klein/camera_ros2/install/astra_camera/share/astra_camera/local_setup.zsh
[1.875s] -- Up-to-date: /home/klein/camera_ros2/install/astra_camera/share/astra_camera/local_setup.dsv
[1.875s] -- Installing: /home/klein/camera_ros2/install/astra_camera/share/astra_camera/package.dsv
[1.876s] -- Up-to-date: /home/klein/camera_ros2/install/astra_camera/share/ament_index/resource_index/packages/astra_camera
[1.876s] -- Up-to-date: /home/klein/camera_ros2/install/astra_camera/share/ament_index/resource_index/rclcpp_components/astra_camera
[1.876s] -- Up-to-date: /home/klein/camera_ros2/install/astra_camera/share/astra_camera/cmake/ament_cmake_export_include_directories-extras.cmake
[1.876s] -- Up-to-date: /home/klein/camera_ros2/install/astra_camera/share/astra_camera/cmake/ament_cmake_export_libraries-extras.cmake
[1.876s] -- Up-to-date: /home/klein/camera_ros2/install/astra_camera/share/astra_camera/cmake/ament_cmake_export_dependencies-extras.cmake
[1.876s] -- Up-to-date: /home/klein/camera_ros2/install/astra_camera/share/astra_camera/cmake/astra_cameraConfig.cmake
[1.876s] -- Up-to-date: /home/klein/camera_ros2/install/astra_camera/share/astra_camera/cmake/astra_cameraConfig-version.cmake
[1.876s] -- Up-to-date: /home/klein/camera_ros2/install/astra_camera/share/astra_camera/package.xml
[1.877s] Invoked command in '/home/klein/camera_ros2/build/astra_camera' returned '0': CMAKE_PREFIX_PATH=/home/klein/camera_ros2/install/astra_camera_msgs:/home/klein/camera_ros2/install/opencv_use:/home/klein/camera_ros2/install/astra_camera:/home/klein/ros2move_ws/install/pkg01_helloworld_cpp:/home/klein/ros2move_ws/install/cpp01_topic:/home/klein/camera_ros2/install/demo_cv_image:/opt/ros/foxy LD_LIBRARY_PATH=/home/klein/camera_ros2/install/astra_camera_msgs/lib:/home/klein/camera_ros2/install/astra_camera/lib:/usr/local/lib:/usr/local/lib:/opt/ros/foxy/opt/yaml_cpp_vendor/lib:/opt/ros/foxy/opt/rviz_ogre_vendor/lib:/opt/ros/foxy/lib/x86_64-linux-gnu:/opt/ros/foxy/lib PYTHONPATH=/home/klein/camera_ros2/install/astra_camera_msgs/lib/python3.8/site-packages:/home/klein/camera_ros2/install/demo_cv_image/lib/python3.8/site-packages:/opt/ros/foxy/lib/python3.8/site-packages /usr/bin/cmake --install /home/klein/camera_ros2/build/astra_camera
