[0.636s] DEBUG:colcon:Command line arguments: ['/usr/bin/colcon', 'build']
[0.636s] DEBUG:colcon:Parsed command line arguments: Namespace(allow_overriding=[], ament_cmake_args=None, base_paths=['.'], build_base='build', catkin_cmake_args=None, catkin_skip_building_tests=False, cmake_args=None, cmake_clean_cache=False, cmake_clean_first=False, cmake_force_configure=False, cmake_target=None, cmake_target_skip_unavailable=False, continue_on_error=False, event_handlers=None, executor='parallel', ignore_user_meta=False, install_base='install', log_base=None, log_level=None, main=<bound method BuildVerb.main of <colcon_core.verb.build.BuildVerb object at 0x7fa27a543c70>>, merge_install=False, metas=['./colcon.meta'], packages_above=None, packages_above_and_dependencies=None, packages_above_depth=None, packages_end=None, packages_ignore=None, packages_ignore_regex=None, packages_select=None, packages_select_build_failed=False, packages_select_by_dep=None, packages_select_regex=None, packages_select_test_failures=False, packages_skip=None, packages_skip_build_finished=False, packages_skip_by_dep=None, packages_skip_regex=None, packages_skip_test_passed=False, packages_skip_up_to=None, packages_start=None, packages_up_to=None, packages_up_to_regex=None, parallel_workers=4, paths=None, symlink_install=False, test_result_base=None, verb_extension=<colcon_core.verb.build.BuildVerb object at 0x7fa27a543c70>, verb_name='build', verb_parser=<colcon_defaults.argument_parser.defaults.DefaultArgumentsDecorator object at 0x7fa27a5531c0>)
[1.054s] Level 1:colcon.colcon_core.package_discovery:discover_packages(colcon_meta) check parameters
[1.056s] Level 1:colcon.colcon_core.package_discovery:discover_packages(recursive) check parameters
[1.057s] Level 1:colcon.colcon_core.package_discovery:discover_packages(ignore) check parameters
[1.057s] Level 1:colcon.colcon_core.package_discovery:discover_packages(path) check parameters
[1.057s] Level 1:colcon.colcon_core.package_discovery:discover_packages(colcon_meta) discover
[1.057s] Level 1:colcon.colcon_core.package_discovery:discover_packages(recursive) discover
[1.057s] INFO:colcon.colcon_core.package_discovery:Crawling recursively for packages in '/home/klein/camera_ros2'
[1.057s] Level 1:colcon.colcon_core.package_identification:_identify(.) by extensions ['ignore', 'ignore_ament_install']
[1.057s] Level 1:colcon.colcon_core.package_identification:_identify(.) by extension 'ignore'
[1.057s] Level 1:colcon.colcon_core.package_identification:_identify(.) by extension 'ignore_ament_install'
[1.057s] Level 1:colcon.colcon_core.package_identification:_identify(.) by extensions ['colcon_pkg']
[1.057s] Level 1:colcon.colcon_core.package_identification:_identify(.) by extension 'colcon_pkg'
[1.057s] Level 1:colcon.colcon_core.package_identification:_identify(.) by extensions ['colcon_meta']
[1.058s] Level 1:colcon.colcon_core.package_identification:_identify(.) by extension 'colcon_meta'
[1.058s] Level 1:colcon.colcon_core.package_identification:_identify(.) by extensions ['ros']
[1.058s] Level 1:colcon.colcon_core.package_identification:_identify(.) by extension 'ros'
[1.107s] Level 1:colcon.colcon_core.package_identification:_identify(.) by extensions ['cmake', 'python']
[1.108s] Level 1:colcon.colcon_core.package_identification:_identify(.) by extension 'cmake'
[1.108s] Level 1:colcon.colcon_core.package_identification:_identify(.) by extension 'python'
[1.108s] Level 1:colcon.colcon_core.package_identification:_identify(.) by extensions ['python_setup_py']
[1.108s] Level 1:colcon.colcon_core.package_identification:_identify(.) by extension 'python_setup_py'
[1.109s] Level 1:colcon.colcon_core.package_identification:_identify(build) by extensions ['ignore', 'ignore_ament_install']
[1.109s] Level 1:colcon.colcon_core.package_identification:_identify(build) by extension 'ignore'
[1.109s] Level 1:colcon.colcon_core.package_identification:_identify(build) ignored
[1.111s] Level 1:colcon.colcon_core.package_identification:_identify(install) by extensions ['ignore', 'ignore_ament_install']
[1.112s] Level 1:colcon.colcon_core.package_identification:_identify(install) by extension 'ignore'
[1.112s] Level 1:colcon.colcon_core.package_identification:_identify(install) ignored
[1.112s] Level 1:colcon.colcon_core.package_identification:_identify(log) by extensions ['ignore', 'ignore_ament_install']
[1.112s] Level 1:colcon.colcon_core.package_identification:_identify(log) by extension 'ignore'
[1.113s] Level 1:colcon.colcon_core.package_identification:_identify(log) ignored
[1.113s] Level 1:colcon.colcon_core.package_identification:_identify(src) by extensions ['ignore', 'ignore_ament_install']
[1.113s] Level 1:colcon.colcon_core.package_identification:_identify(src) by extension 'ignore'
[1.113s] Level 1:colcon.colcon_core.package_identification:_identify(src) by extension 'ignore_ament_install'
[1.114s] Level 1:colcon.colcon_core.package_identification:_identify(src) by extensions ['colcon_pkg']
[1.114s] Level 1:colcon.colcon_core.package_identification:_identify(src) by extension 'colcon_pkg'
[1.114s] Level 1:colcon.colcon_core.package_identification:_identify(src) by extensions ['colcon_meta']
[1.114s] Level 1:colcon.colcon_core.package_identification:_identify(src) by extension 'colcon_meta'
[1.114s] Level 1:colcon.colcon_core.package_identification:_identify(src) by extensions ['ros']
[1.114s] Level 1:colcon.colcon_core.package_identification:_identify(src) by extension 'ros'
[1.114s] Level 1:colcon.colcon_core.package_identification:_identify(src) by extensions ['cmake', 'python']
[1.115s] Level 1:colcon.colcon_core.package_identification:_identify(src) by extension 'cmake'
[1.115s] Level 1:colcon.colcon_core.package_identification:_identify(src) by extension 'python'
[1.115s] Level 1:colcon.colcon_core.package_identification:_identify(src) by extensions ['python_setup_py']
[1.115s] Level 1:colcon.colcon_core.package_identification:_identify(src) by extension 'python_setup_py'
[1.115s] Level 1:colcon.colcon_core.package_identification:_identify(src/opencv_use) by extensions ['ignore', 'ignore_ament_install']
[1.116s] Level 1:colcon.colcon_core.package_identification:_identify(src/opencv_use) by extension 'ignore'
[1.116s] Level 1:colcon.colcon_core.package_identification:_identify(src/opencv_use) by extension 'ignore_ament_install'
[1.116s] Level 1:colcon.colcon_core.package_identification:_identify(src/opencv_use) by extensions ['colcon_pkg']
[1.116s] Level 1:colcon.colcon_core.package_identification:_identify(src/opencv_use) by extension 'colcon_pkg'
[1.116s] Level 1:colcon.colcon_core.package_identification:_identify(src/opencv_use) by extensions ['colcon_meta']
[1.116s] Level 1:colcon.colcon_core.package_identification:_identify(src/opencv_use) by extension 'colcon_meta'
[1.117s] Level 1:colcon.colcon_core.package_identification:_identify(src/opencv_use) by extensions ['ros']
[1.117s] Level 1:colcon.colcon_core.package_identification:_identify(src/opencv_use) by extension 'ros'
[1.124s] DEBUG:colcon.colcon_core.package_identification:Package 'src/opencv_use' with type 'ros.ament_cmake' and name 'opencv_use'
[1.127s] Level 1:colcon.colcon_core.package_identification:_identify(src/ros2_astra_camera) by extensions ['ignore', 'ignore_ament_install']
[1.127s] Level 1:colcon.colcon_core.package_identification:_identify(src/ros2_astra_camera) by extension 'ignore'
[1.127s] Level 1:colcon.colcon_core.package_identification:_identify(src/ros2_astra_camera) by extension 'ignore_ament_install'
[1.128s] Level 1:colcon.colcon_core.package_identification:_identify(src/ros2_astra_camera) by extensions ['colcon_pkg']
[1.128s] Level 1:colcon.colcon_core.package_identification:_identify(src/ros2_astra_camera) by extension 'colcon_pkg'
[1.128s] Level 1:colcon.colcon_core.package_identification:_identify(src/ros2_astra_camera) by extensions ['colcon_meta']
[1.128s] Level 1:colcon.colcon_core.package_identification:_identify(src/ros2_astra_camera) by extension 'colcon_meta'
[1.129s] Level 1:colcon.colcon_core.package_identification:_identify(src/ros2_astra_camera) by extensions ['ros']
[1.129s] Level 1:colcon.colcon_core.package_identification:_identify(src/ros2_astra_camera) by extension 'ros'
[1.129s] Level 1:colcon.colcon_core.package_identification:_identify(src/ros2_astra_camera) by extensions ['cmake', 'python']
[1.129s] Level 1:colcon.colcon_core.package_identification:_identify(src/ros2_astra_camera) by extension 'cmake'
[1.129s] Level 1:colcon.colcon_core.package_identification:_identify(src/ros2_astra_camera) by extension 'python'
[1.130s] Level 1:colcon.colcon_core.package_identification:_identify(src/ros2_astra_camera) by extensions ['python_setup_py']
[1.130s] Level 1:colcon.colcon_core.package_identification:_identify(src/ros2_astra_camera) by extension 'python_setup_py'
[1.130s] Level 1:colcon.colcon_core.package_identification:_identify(src/ros2_astra_camera/astra_camera) by extensions ['ignore', 'ignore_ament_install']
[1.131s] Level 1:colcon.colcon_core.package_identification:_identify(src/ros2_astra_camera/astra_camera) by extension 'ignore'
[1.131s] Level 1:colcon.colcon_core.package_identification:_identify(src/ros2_astra_camera/astra_camera) by extension 'ignore_ament_install'
[1.132s] Level 1:colcon.colcon_core.package_identification:_identify(src/ros2_astra_camera/astra_camera) by extensions ['colcon_pkg']
[1.132s] Level 1:colcon.colcon_core.package_identification:_identify(src/ros2_astra_camera/astra_camera) by extension 'colcon_pkg'
[1.132s] Level 1:colcon.colcon_core.package_identification:_identify(src/ros2_astra_camera/astra_camera) by extensions ['colcon_meta']
[1.132s] Level 1:colcon.colcon_core.package_identification:_identify(src/ros2_astra_camera/astra_camera) by extension 'colcon_meta'
[1.132s] Level 1:colcon.colcon_core.package_identification:_identify(src/ros2_astra_camera/astra_camera) by extensions ['ros']
[1.132s] Level 1:colcon.colcon_core.package_identification:_identify(src/ros2_astra_camera/astra_camera) by extension 'ros'
[1.139s] DEBUG:colcon.colcon_core.package_identification:Package 'src/ros2_astra_camera/astra_camera' with type 'ros.ament_cmake' and name 'astra_camera'
[1.141s] Level 1:colcon.colcon_core.package_identification:_identify(src/ros2_astra_camera/astra_camera_msgs) by extensions ['ignore', 'ignore_ament_install']
[1.141s] Level 1:colcon.colcon_core.package_identification:_identify(src/ros2_astra_camera/astra_camera_msgs) by extension 'ignore'
[1.141s] Level 1:colcon.colcon_core.package_identification:_identify(src/ros2_astra_camera/astra_camera_msgs) by extension 'ignore_ament_install'
[1.142s] Level 1:colcon.colcon_core.package_identification:_identify(src/ros2_astra_camera/astra_camera_msgs) by extensions ['colcon_pkg']
[1.142s] Level 1:colcon.colcon_core.package_identification:_identify(src/ros2_astra_camera/astra_camera_msgs) by extension 'colcon_pkg'
[1.142s] Level 1:colcon.colcon_core.package_identification:_identify(src/ros2_astra_camera/astra_camera_msgs) by extensions ['colcon_meta']
[1.143s] Level 1:colcon.colcon_core.package_identification:_identify(src/ros2_astra_camera/astra_camera_msgs) by extension 'colcon_meta'
[1.143s] Level 1:colcon.colcon_core.package_identification:_identify(src/ros2_astra_camera/astra_camera_msgs) by extensions ['ros']
[1.143s] Level 1:colcon.colcon_core.package_identification:_identify(src/ros2_astra_camera/astra_camera_msgs) by extension 'ros'
[1.146s] DEBUG:colcon.colcon_core.package_identification:Package 'src/ros2_astra_camera/astra_camera_msgs' with type 'ros.ament_cmake' and name 'astra_camera_msgs'
[1.146s] Level 1:colcon.colcon_core.package_discovery:discover_packages(recursive) using defaults
[1.146s] Level 1:colcon.colcon_core.package_discovery:discover_packages(ignore) discover
[1.146s] Level 1:colcon.colcon_core.package_discovery:discover_packages(ignore) using defaults
[1.146s] Level 1:colcon.colcon_core.package_discovery:discover_packages(path) discover
[1.147s] Level 1:colcon.colcon_core.package_discovery:discover_packages(path) using defaults
[1.217s] Level 1:colcon.colcon_core.package_discovery:discover_packages(prefix_path) check parameters
[1.217s] Level 1:colcon.colcon_core.package_discovery:discover_packages(prefix_path) discover
[1.221s] WARNING:colcon.colcon_ros.prefix_path.ament:The path '/home/klein/camera_ros2/install/demo_cv_image' in the environment variable AMENT_PREFIX_PATH doesn't exist
[1.228s] DEBUG:colcon.colcon_installed_package_information.package_discovery:Found 3 installed packages in /home/klein/camera_ros2/install
[1.229s] DEBUG:colcon.colcon_installed_package_information.package_discovery:Found 2 installed packages in /home/klein/ros2move_ws/install
[1.231s] DEBUG:colcon.colcon_installed_package_information.package_discovery:Found 269 installed packages in /opt/ros/foxy
[1.234s] Level 1:colcon.colcon_core.package_discovery:discover_packages(prefix_path) using defaults
[1.495s] Level 5:colcon.colcon_core.verb:set package 'astra_camera_msgs' build argument 'cmake_args' from command line to 'None'
[1.495s] Level 5:colcon.colcon_core.verb:set package 'astra_camera_msgs' build argument 'cmake_target' from command line to 'None'
[1.496s] Level 5:colcon.colcon_core.verb:set package 'astra_camera_msgs' build argument 'cmake_target_skip_unavailable' from command line to 'False'
[1.496s] Level 5:colcon.colcon_core.verb:set package 'astra_camera_msgs' build argument 'cmake_clean_cache' from command line to 'False'
[1.497s] Level 5:colcon.colcon_core.verb:set package 'astra_camera_msgs' build argument 'cmake_clean_first' from command line to 'False'
[1.497s] Level 5:colcon.colcon_core.verb:set package 'astra_camera_msgs' build argument 'cmake_force_configure' from command line to 'False'
[1.497s] Level 5:colcon.colcon_core.verb:set package 'astra_camera_msgs' build argument 'ament_cmake_args' from command line to 'None'
[1.498s] Level 5:colcon.colcon_core.verb:set package 'astra_camera_msgs' build argument 'catkin_cmake_args' from command line to 'None'
[1.498s] Level 5:colcon.colcon_core.verb:set package 'astra_camera_msgs' build argument 'catkin_skip_building_tests' from command line to 'False'
[1.498s] DEBUG:colcon.colcon_core.verb:Building package 'astra_camera_msgs' with the following arguments: {'ament_cmake_args': None, 'build_base': '/home/klein/camera_ros2/build/astra_camera_msgs', 'catkin_cmake_args': None, 'catkin_skip_building_tests': False, 'cmake_args': None, 'cmake_clean_cache': False, 'cmake_clean_first': False, 'cmake_force_configure': False, 'cmake_target': None, 'cmake_target_skip_unavailable': False, 'install_base': '/home/klein/camera_ros2/install/astra_camera_msgs', 'merge_install': False, 'path': '/home/klein/camera_ros2/src/ros2_astra_camera/astra_camera_msgs', 'symlink_install': False, 'test_result_base': None}
[1.501s] Level 5:colcon.colcon_core.verb:set package 'opencv_use' build argument 'cmake_args' from command line to 'None'
[1.501s] Level 5:colcon.colcon_core.verb:set package 'opencv_use' build argument 'cmake_target' from command line to 'None'
[1.502s] Level 5:colcon.colcon_core.verb:set package 'opencv_use' build argument 'cmake_target_skip_unavailable' from command line to 'False'
[1.502s] Level 5:colcon.colcon_core.verb:set package 'opencv_use' build argument 'cmake_clean_cache' from command line to 'False'
[1.502s] Level 5:colcon.colcon_core.verb:set package 'opencv_use' build argument 'cmake_clean_first' from command line to 'False'
[1.502s] Level 5:colcon.colcon_core.verb:set package 'opencv_use' build argument 'cmake_force_configure' from command line to 'False'
[1.503s] Level 5:colcon.colcon_core.verb:set package 'opencv_use' build argument 'ament_cmake_args' from command line to 'None'
[1.503s] Level 5:colcon.colcon_core.verb:set package 'opencv_use' build argument 'catkin_cmake_args' from command line to 'None'
[1.503s] Level 5:colcon.colcon_core.verb:set package 'opencv_use' build argument 'catkin_skip_building_tests' from command line to 'False'
[1.504s] DEBUG:colcon.colcon_core.verb:Building package 'opencv_use' with the following arguments: {'ament_cmake_args': None, 'build_base': '/home/klein/camera_ros2/build/opencv_use', 'catkin_cmake_args': None, 'catkin_skip_building_tests': False, 'cmake_args': None, 'cmake_clean_cache': False, 'cmake_clean_first': False, 'cmake_force_configure': False, 'cmake_target': None, 'cmake_target_skip_unavailable': False, 'install_base': '/home/klein/camera_ros2/install/opencv_use', 'merge_install': False, 'path': '/home/klein/camera_ros2/src/opencv_use', 'symlink_install': False, 'test_result_base': None}
[1.505s] Level 5:colcon.colcon_core.verb:set package 'astra_camera' build argument 'cmake_args' from command line to 'None'
[1.505s] Level 5:colcon.colcon_core.verb:set package 'astra_camera' build argument 'cmake_target' from command line to 'None'
[1.506s] Level 5:colcon.colcon_core.verb:set package 'astra_camera' build argument 'cmake_target_skip_unavailable' from command line to 'False'
[1.506s] Level 5:colcon.colcon_core.verb:set package 'astra_camera' build argument 'cmake_clean_cache' from command line to 'False'
[1.506s] Level 5:colcon.colcon_core.verb:set package 'astra_camera' build argument 'cmake_clean_first' from command line to 'False'
[1.506s] Level 5:colcon.colcon_core.verb:set package 'astra_camera' build argument 'cmake_force_configure' from command line to 'False'
[1.506s] Level 5:colcon.colcon_core.verb:set package 'astra_camera' build argument 'ament_cmake_args' from command line to 'None'
[1.506s] Level 5:colcon.colcon_core.verb:set package 'astra_camera' build argument 'catkin_cmake_args' from command line to 'None'
[1.506s] Level 5:colcon.colcon_core.verb:set package 'astra_camera' build argument 'catkin_skip_building_tests' from command line to 'False'
[1.506s] DEBUG:colcon.colcon_core.verb:Building package 'astra_camera' with the following arguments: {'ament_cmake_args': None, 'build_base': '/home/klein/camera_ros2/build/astra_camera', 'catkin_cmake_args': None, 'catkin_skip_building_tests': False, 'cmake_args': None, 'cmake_clean_cache': False, 'cmake_clean_first': False, 'cmake_force_configure': False, 'cmake_target': None, 'cmake_target_skip_unavailable': False, 'install_base': '/home/klein/camera_ros2/install/astra_camera', 'merge_install': False, 'path': '/home/klein/camera_ros2/src/ros2_astra_camera/astra_camera', 'symlink_install': False, 'test_result_base': None}
[1.507s] INFO:colcon.colcon_core.executor:Executing jobs using 'parallel' executor
[1.514s] DEBUG:colcon.colcon_parallel_executor.executor.parallel:run_until_complete
[1.515s] INFO:colcon.colcon_ros.task.ament_cmake.build:Building ROS package in '/home/klein/camera_ros2/src/ros2_astra_camera/astra_camera_msgs' with build type 'ament_cmake'
[1.516s] INFO:colcon.colcon_cmake.task.cmake.build:Building CMake package in '/home/klein/camera_ros2/src/ros2_astra_camera/astra_camera_msgs'
[1.529s] INFO:colcon.colcon_core.plugin_system:Skipping extension 'colcon_core.shell.bat': Not used on non-Windows systems
[1.530s] INFO:colcon.colcon_core.shell:Skip shell extension 'powershell' for command environment: Not usable outside of PowerShell
[1.530s] DEBUG:colcon.colcon_core.shell:Skip shell extension 'dsv' for command environment
[1.547s] INFO:colcon.colcon_ros.task.ament_cmake.build:Building ROS package in '/home/klein/camera_ros2/src/opencv_use' with build type 'ament_cmake'
[1.549s] INFO:colcon.colcon_cmake.task.cmake.build:Building CMake package in '/home/klein/camera_ros2/src/opencv_use'
[1.550s] INFO:colcon.colcon_core.shell:Skip shell extension 'powershell' for command environment: Not usable outside of PowerShell
[1.551s] DEBUG:colcon.colcon_core.shell:Skip shell extension 'dsv' for command environment
[1.623s] DEBUG:colcon.colcon_core.event_handler.log_command:Invoking command in '/home/klein/camera_ros2/build/astra_camera_msgs': CMAKE_PREFIX_PATH=${CMAKE_PREFIX_PATH}:/home/klein/camera_ros2/install/demo_cv_image:/opt/ros/foxy /usr/bin/cmake --build /home/klein/camera_ros2/build/astra_camera_msgs -- -j4 -l4
[1.641s] DEBUG:colcon.colcon_core.event_handler.log_command:Invoking command in '/home/klein/camera_ros2/build/opencv_use': CMAKE_PREFIX_PATH=${CMAKE_PREFIX_PATH}:/home/klein/camera_ros2/install/demo_cv_image:/opt/ros/foxy /usr/bin/cmake --build /home/klein/camera_ros2/build/opencv_use -- -j4 -l4
[4.221s] DEBUG:colcon.colcon_core.event_handler.log_command:Invoked command in '/home/klein/camera_ros2/build/astra_camera_msgs' returned '0': CMAKE_PREFIX_PATH=${CMAKE_PREFIX_PATH}:/home/klein/camera_ros2/install/demo_cv_image:/opt/ros/foxy /usr/bin/cmake --build /home/klein/camera_ros2/build/astra_camera_msgs -- -j4 -l4
[6.044s] DEBUG:colcon.colcon_core.event_handler.log_command:Invoking command in '/home/klein/camera_ros2/build/astra_camera_msgs': CMAKE_PREFIX_PATH=${CMAKE_PREFIX_PATH}:/home/klein/camera_ros2/install/demo_cv_image:/opt/ros/foxy /usr/bin/cmake --install /home/klein/camera_ros2/build/astra_camera_msgs
[6.522s] Level 1:colcon.colcon_core.environment:create_environment_scripts_only(astra_camera_msgs)
[6.529s] DEBUG:colcon.colcon_core.event_handler.log_command:Invoked command in '/home/klein/camera_ros2/build/astra_camera_msgs' returned '0': CMAKE_PREFIX_PATH=${CMAKE_PREFIX_PATH}:/home/klein/camera_ros2/install/demo_cv_image:/opt/ros/foxy /usr/bin/cmake --install /home/klein/camera_ros2/build/astra_camera_msgs
[6.561s] Level 1:colcon.colcon_core.environment:checking '/home/klein/camera_ros2/install/astra_camera_msgs' for CMake module files
[6.564s] Level 1:colcon.colcon_core.environment:checking '/home/klein/camera_ros2/install/astra_camera_msgs' for CMake config files
[6.584s] Level 1:colcon.colcon_core.shell:create_environment_hook('astra_camera_msgs', 'cmake_prefix_path')
[6.585s] INFO:colcon.colcon_core.shell:Creating environment hook '/home/klein/camera_ros2/install/astra_camera_msgs/share/astra_camera_msgs/hook/cmake_prefix_path.ps1'
[6.594s] INFO:colcon.colcon_core.shell:Creating environment descriptor '/home/klein/camera_ros2/install/astra_camera_msgs/share/astra_camera_msgs/hook/cmake_prefix_path.dsv'
[6.598s] INFO:colcon.colcon_core.shell:Creating environment hook '/home/klein/camera_ros2/install/astra_camera_msgs/share/astra_camera_msgs/hook/cmake_prefix_path.sh'
[6.609s] Level 1:colcon.colcon_core.environment:checking '/home/klein/camera_ros2/install/astra_camera_msgs/lib'
[6.610s] Level 1:colcon.colcon_core.shell:create_environment_hook('astra_camera_msgs', 'ld_library_path_lib')
[6.610s] INFO:colcon.colcon_core.shell:Creating environment hook '/home/klein/camera_ros2/install/astra_camera_msgs/share/astra_camera_msgs/hook/ld_library_path_lib.ps1'
[6.612s] INFO:colcon.colcon_core.shell:Creating environment descriptor '/home/klein/camera_ros2/install/astra_camera_msgs/share/astra_camera_msgs/hook/ld_library_path_lib.dsv'
[6.614s] INFO:colcon.colcon_core.shell:Creating environment hook '/home/klein/camera_ros2/install/astra_camera_msgs/share/astra_camera_msgs/hook/ld_library_path_lib.sh'
[6.616s] Level 1:colcon.colcon_core.environment:checking '/home/klein/camera_ros2/install/astra_camera_msgs/bin'
[6.616s] Level 1:colcon.colcon_core.environment:checking '/home/klein/camera_ros2/install/astra_camera_msgs/lib/pkgconfig/astra_camera_msgs.pc'
[6.617s] Level 1:colcon.colcon_core.environment:checking '/home/klein/camera_ros2/install/astra_camera_msgs/lib/python3.8/site-packages'
[6.617s] Level 1:colcon.colcon_core.shell:create_environment_hook('astra_camera_msgs', 'pythonpath')
[6.618s] INFO:colcon.colcon_core.shell:Creating environment hook '/home/klein/camera_ros2/install/astra_camera_msgs/share/astra_camera_msgs/hook/pythonpath.ps1'
[6.620s] INFO:colcon.colcon_core.shell:Creating environment descriptor '/home/klein/camera_ros2/install/astra_camera_msgs/share/astra_camera_msgs/hook/pythonpath.dsv'
[6.622s] INFO:colcon.colcon_core.shell:Creating environment hook '/home/klein/camera_ros2/install/astra_camera_msgs/share/astra_camera_msgs/hook/pythonpath.sh'
[6.625s] Level 1:colcon.colcon_core.environment:checking '/home/klein/camera_ros2/install/astra_camera_msgs/bin'
[6.626s] INFO:colcon.colcon_core.shell:Creating package script '/home/klein/camera_ros2/install/astra_camera_msgs/share/astra_camera_msgs/package.ps1'
[6.629s] INFO:colcon.colcon_core.shell:Creating package descriptor '/home/klein/camera_ros2/install/astra_camera_msgs/share/astra_camera_msgs/package.dsv'
[6.632s] INFO:colcon.colcon_core.shell:Creating package script '/home/klein/camera_ros2/install/astra_camera_msgs/share/astra_camera_msgs/package.sh'
[6.636s] INFO:colcon.colcon_core.shell:Creating package script '/home/klein/camera_ros2/install/astra_camera_msgs/share/astra_camera_msgs/package.bash'
[6.642s] INFO:colcon.colcon_core.shell:Creating package script '/home/klein/camera_ros2/install/astra_camera_msgs/share/astra_camera_msgs/package.zsh'
[6.644s] Level 1:colcon.colcon_core.environment:create_file_with_runtime_dependencies(/home/klein/camera_ros2/install/astra_camera_msgs/share/colcon-core/packages/astra_camera_msgs)
[8.349s] Level 1:colcon.colcon_core.environment:create_environment_scripts_only(astra_camera_msgs)
[8.355s] Level 1:colcon.colcon_core.environment:checking '/home/klein/camera_ros2/install/astra_camera_msgs' for CMake module files
[8.358s] Level 1:colcon.colcon_core.environment:checking '/home/klein/camera_ros2/install/astra_camera_msgs' for CMake config files
[8.370s] Level 1:colcon.colcon_core.shell:create_environment_hook('astra_camera_msgs', 'cmake_prefix_path')
[8.371s] INFO:colcon.colcon_core.shell:Creating environment hook '/home/klein/camera_ros2/install/astra_camera_msgs/share/astra_camera_msgs/hook/cmake_prefix_path.ps1'
[8.382s] INFO:colcon.colcon_core.shell:Creating environment descriptor '/home/klein/camera_ros2/install/astra_camera_msgs/share/astra_camera_msgs/hook/cmake_prefix_path.dsv'
[8.387s] INFO:colcon.colcon_core.shell:Creating environment hook '/home/klein/camera_ros2/install/astra_camera_msgs/share/astra_camera_msgs/hook/cmake_prefix_path.sh'
[8.391s] Level 1:colcon.colcon_core.environment:checking '/home/klein/camera_ros2/install/astra_camera_msgs/lib'
[8.392s] Level 1:colcon.colcon_core.shell:create_environment_hook('astra_camera_msgs', 'ld_library_path_lib')
[8.393s] INFO:colcon.colcon_core.shell:Creating environment hook '/home/klein/camera_ros2/install/astra_camera_msgs/share/astra_camera_msgs/hook/ld_library_path_lib.ps1'
[8.396s] INFO:colcon.colcon_core.shell:Creating environment descriptor '/home/klein/camera_ros2/install/astra_camera_msgs/share/astra_camera_msgs/hook/ld_library_path_lib.dsv'
[8.416s] INFO:colcon.colcon_core.shell:Creating environment hook '/home/klein/camera_ros2/install/astra_camera_msgs/share/astra_camera_msgs/hook/ld_library_path_lib.sh'
[8.425s] Level 1:colcon.colcon_core.environment:checking '/home/klein/camera_ros2/install/astra_camera_msgs/bin'
[8.426s] Level 1:colcon.colcon_core.environment:checking '/home/klein/camera_ros2/install/astra_camera_msgs/lib/pkgconfig/astra_camera_msgs.pc'
[8.427s] Level 1:colcon.colcon_core.environment:checking '/home/klein/camera_ros2/install/astra_camera_msgs/lib/python3.8/site-packages'
[8.428s] Level 1:colcon.colcon_core.shell:create_environment_hook('astra_camera_msgs', 'pythonpath')
[8.429s] INFO:colcon.colcon_core.shell:Creating environment hook '/home/klein/camera_ros2/install/astra_camera_msgs/share/astra_camera_msgs/hook/pythonpath.ps1'
[8.437s] INFO:colcon.colcon_core.shell:Creating environment descriptor '/home/klein/camera_ros2/install/astra_camera_msgs/share/astra_camera_msgs/hook/pythonpath.dsv'
[8.441s] INFO:colcon.colcon_core.shell:Creating environment hook '/home/klein/camera_ros2/install/astra_camera_msgs/share/astra_camera_msgs/hook/pythonpath.sh'
[8.447s] Level 1:colcon.colcon_core.environment:checking '/home/klein/camera_ros2/install/astra_camera_msgs/bin'
[8.449s] INFO:colcon.colcon_core.shell:Creating package script '/home/klein/camera_ros2/install/astra_camera_msgs/share/astra_camera_msgs/package.ps1'
[8.453s] INFO:colcon.colcon_core.shell:Creating package descriptor '/home/klein/camera_ros2/install/astra_camera_msgs/share/astra_camera_msgs/package.dsv'
[8.455s] INFO:colcon.colcon_core.shell:Creating package script '/home/klein/camera_ros2/install/astra_camera_msgs/share/astra_camera_msgs/package.sh'
[8.462s] INFO:colcon.colcon_core.shell:Creating package script '/home/klein/camera_ros2/install/astra_camera_msgs/share/astra_camera_msgs/package.bash'
[8.465s] INFO:colcon.colcon_core.shell:Creating package script '/home/klein/camera_ros2/install/astra_camera_msgs/share/astra_camera_msgs/package.zsh'
[8.468s] Level 1:colcon.colcon_core.environment:create_file_with_runtime_dependencies(/home/klein/camera_ros2/install/astra_camera_msgs/share/colcon-core/packages/astra_camera_msgs)
[8.481s] INFO:colcon.colcon_ros.task.ament_cmake.build:Building ROS package in '/home/klein/camera_ros2/src/ros2_astra_camera/astra_camera' with build type 'ament_cmake'
[8.489s] INFO:colcon.colcon_cmake.task.cmake.build:Building CMake package in '/home/klein/camera_ros2/src/ros2_astra_camera/astra_camera'
[8.492s] INFO:colcon.colcon_core.shell:Skip shell extension 'powershell' for command environment: Not usable outside of PowerShell
[8.493s] DEBUG:colcon.colcon_core.shell:Skip shell extension 'dsv' for command environment
[8.655s] DEBUG:colcon.colcon_core.event_handler.log_command:Invoking command in '/home/klein/camera_ros2/build/astra_camera': CMAKE_PREFIX_PATH=/home/klein/camera_ros2/install/astra_camera_msgs:/home/klein/camera_ros2/install/opencv_use:/home/klein/camera_ros2/install/astra_camera:/home/klein/ros2move_ws/install/pkg01_helloworld_cpp:/home/klein/ros2move_ws/install/cpp01_topic:/home/klein/camera_ros2/install/demo_cv_image:/opt/ros/foxy LD_LIBRARY_PATH=/home/klein/camera_ros2/install/astra_camera_msgs/lib:/home/klein/camera_ros2/install/astra_camera/lib:/usr/local/lib:/usr/local/lib:/opt/ros/foxy/opt/yaml_cpp_vendor/lib:/opt/ros/foxy/opt/rviz_ogre_vendor/lib:/opt/ros/foxy/lib/x86_64-linux-gnu:/opt/ros/foxy/lib PYTHONPATH=/home/klein/camera_ros2/install/astra_camera_msgs/lib/python3.8/site-packages:/home/klein/camera_ros2/install/demo_cv_image/lib/python3.8/site-packages:/opt/ros/foxy/lib/python3.8/site-packages /usr/bin/cmake --build /home/klein/camera_ros2/build/astra_camera -- -j4 -l4
[9.687s] DEBUG:colcon.colcon_core.event_handler.log_command:Invoked command in '/home/klein/camera_ros2/build/astra_camera' returned '0': CMAKE_PREFIX_PATH=/home/klein/camera_ros2/install/astra_camera_msgs:/home/klein/camera_ros2/install/opencv_use:/home/klein/camera_ros2/install/astra_camera:/home/klein/ros2move_ws/install/pkg01_helloworld_cpp:/home/klein/ros2move_ws/install/cpp01_topic:/home/klein/camera_ros2/install/demo_cv_image:/opt/ros/foxy LD_LIBRARY_PATH=/home/klein/camera_ros2/install/astra_camera_msgs/lib:/home/klein/camera_ros2/install/astra_camera/lib:/usr/local/lib:/usr/local/lib:/opt/ros/foxy/opt/yaml_cpp_vendor/lib:/opt/ros/foxy/opt/rviz_ogre_vendor/lib:/opt/ros/foxy/lib/x86_64-linux-gnu:/opt/ros/foxy/lib PYTHONPATH=/home/klein/camera_ros2/install/astra_camera_msgs/lib/python3.8/site-packages:/home/klein/camera_ros2/install/demo_cv_image/lib/python3.8/site-packages:/opt/ros/foxy/lib/python3.8/site-packages /usr/bin/cmake --build /home/klein/camera_ros2/build/astra_camera -- -j4 -l4
[10.145s] DEBUG:colcon.colcon_core.event_handler.log_command:Invoking command in '/home/klein/camera_ros2/build/astra_camera': CMAKE_PREFIX_PATH=/home/klein/camera_ros2/install/astra_camera_msgs:/home/klein/camera_ros2/install/opencv_use:/home/klein/camera_ros2/install/astra_camera:/home/klein/ros2move_ws/install/pkg01_helloworld_cpp:/home/klein/ros2move_ws/install/cpp01_topic:/home/klein/camera_ros2/install/demo_cv_image:/opt/ros/foxy LD_LIBRARY_PATH=/home/klein/camera_ros2/install/astra_camera_msgs/lib:/home/klein/camera_ros2/install/astra_camera/lib:/usr/local/lib:/usr/local/lib:/opt/ros/foxy/opt/yaml_cpp_vendor/lib:/opt/ros/foxy/opt/rviz_ogre_vendor/lib:/opt/ros/foxy/lib/x86_64-linux-gnu:/opt/ros/foxy/lib PYTHONPATH=/home/klein/camera_ros2/install/astra_camera_msgs/lib/python3.8/site-packages:/home/klein/camera_ros2/install/demo_cv_image/lib/python3.8/site-packages:/opt/ros/foxy/lib/python3.8/site-packages /usr/bin/cmake --install /home/klein/camera_ros2/build/astra_camera
[10.332s] Level 1:colcon.colcon_core.environment:create_environment_scripts_only(astra_camera)
[10.333s] Level 1:colcon.colcon_core.environment:checking '/home/klein/camera_ros2/install/astra_camera' for CMake module files
[10.343s] Level 1:colcon.colcon_core.environment:checking '/home/klein/camera_ros2/install/astra_camera' for CMake config files
[10.345s] Level 1:colcon.colcon_core.shell:create_environment_hook('astra_camera', 'cmake_prefix_path')
[10.346s] INFO:colcon.colcon_core.shell:Creating environment hook '/home/klein/camera_ros2/install/astra_camera/share/astra_camera/hook/cmake_prefix_path.ps1'
[10.353s] INFO:colcon.colcon_core.shell:Creating environment descriptor '/home/klein/camera_ros2/install/astra_camera/share/astra_camera/hook/cmake_prefix_path.dsv'
[10.358s] INFO:colcon.colcon_core.shell:Creating environment hook '/home/klein/camera_ros2/install/astra_camera/share/astra_camera/hook/cmake_prefix_path.sh'
[10.368s] Level 1:colcon.colcon_core.environment:checking '/home/klein/camera_ros2/install/astra_camera/lib'
[10.368s] Level 1:colcon.colcon_core.shell:create_environment_hook('astra_camera', 'ld_library_path_lib')
[10.369s] INFO:colcon.colcon_core.shell:Creating environment hook '/home/klein/camera_ros2/install/astra_camera/share/astra_camera/hook/ld_library_path_lib.ps1'
[10.365s] DEBUG:colcon.colcon_core.event_handler.log_command:Invoked command in '/home/klein/camera_ros2/build/astra_camera' returned '0': CMAKE_PREFIX_PATH=/home/klein/camera_ros2/install/astra_camera_msgs:/home/klein/camera_ros2/install/opencv_use:/home/klein/camera_ros2/install/astra_camera:/home/klein/ros2move_ws/install/pkg01_helloworld_cpp:/home/klein/ros2move_ws/install/cpp01_topic:/home/klein/camera_ros2/install/demo_cv_image:/opt/ros/foxy LD_LIBRARY_PATH=/home/klein/camera_ros2/install/astra_camera_msgs/lib:/home/klein/camera_ros2/install/astra_camera/lib:/usr/local/lib:/usr/local/lib:/opt/ros/foxy/opt/yaml_cpp_vendor/lib:/opt/ros/foxy/opt/rviz_ogre_vendor/lib:/opt/ros/foxy/lib/x86_64-linux-gnu:/opt/ros/foxy/lib PYTHONPATH=/home/klein/camera_ros2/install/astra_camera_msgs/lib/python3.8/site-packages:/home/klein/camera_ros2/install/demo_cv_image/lib/python3.8/site-packages:/opt/ros/foxy/lib/python3.8/site-packages /usr/bin/cmake --install /home/klein/camera_ros2/build/astra_camera
[10.371s] INFO:colcon.colcon_core.shell:Creating environment descriptor '/home/klein/camera_ros2/install/astra_camera/share/astra_camera/hook/ld_library_path_lib.dsv'
[10.372s] INFO:colcon.colcon_core.shell:Creating environment hook '/home/klein/camera_ros2/install/astra_camera/share/astra_camera/hook/ld_library_path_lib.sh'
[10.374s] Level 1:colcon.colcon_core.environment:checking '/home/klein/camera_ros2/install/astra_camera/bin'
[10.374s] Level 1:colcon.colcon_core.environment:checking '/home/klein/camera_ros2/install/astra_camera/lib/pkgconfig/astra_camera.pc'
[10.375s] Level 1:colcon.colcon_core.environment:checking '/home/klein/camera_ros2/install/astra_camera/lib/python3.8/site-packages'
[10.376s] Level 1:colcon.colcon_core.environment:checking '/home/klein/camera_ros2/install/astra_camera/bin'
[10.377s] INFO:colcon.colcon_core.shell:Creating package script '/home/klein/camera_ros2/install/astra_camera/share/astra_camera/package.ps1'
[10.380s] INFO:colcon.colcon_core.shell:Creating package descriptor '/home/klein/camera_ros2/install/astra_camera/share/astra_camera/package.dsv'
[10.382s] INFO:colcon.colcon_core.shell:Creating package script '/home/klein/camera_ros2/install/astra_camera/share/astra_camera/package.sh'
[10.384s] INFO:colcon.colcon_core.shell:Creating package script '/home/klein/camera_ros2/install/astra_camera/share/astra_camera/package.bash'
[10.389s] INFO:colcon.colcon_core.shell:Creating package script '/home/klein/camera_ros2/install/astra_camera/share/astra_camera/package.zsh'
[10.392s] Level 1:colcon.colcon_core.environment:create_file_with_runtime_dependencies(/home/klein/camera_ros2/install/astra_camera/share/colcon-core/packages/astra_camera)
[10.785s] Level 1:colcon.colcon_core.environment:create_environment_scripts_only(astra_camera)
[10.789s] Level 1:colcon.colcon_core.environment:checking '/home/klein/camera_ros2/install/astra_camera' for CMake module files
[10.791s] Level 1:colcon.colcon_core.environment:checking '/home/klein/camera_ros2/install/astra_camera' for CMake config files
[10.793s] Level 1:colcon.colcon_core.shell:create_environment_hook('astra_camera', 'cmake_prefix_path')
[10.798s] INFO:colcon.colcon_core.shell:Creating environment hook '/home/klein/camera_ros2/install/astra_camera/share/astra_camera/hook/cmake_prefix_path.ps1'
[10.801s] INFO:colcon.colcon_core.shell:Creating environment descriptor '/home/klein/camera_ros2/install/astra_camera/share/astra_camera/hook/cmake_prefix_path.dsv'
[10.804s] INFO:colcon.colcon_core.shell:Creating environment hook '/home/klein/camera_ros2/install/astra_camera/share/astra_camera/hook/cmake_prefix_path.sh'
[10.818s] Level 1:colcon.colcon_core.environment:checking '/home/klein/camera_ros2/install/astra_camera/lib'
[10.819s] Level 1:colcon.colcon_core.shell:create_environment_hook('astra_camera', 'ld_library_path_lib')
[10.821s] INFO:colcon.colcon_core.shell:Creating environment hook '/home/klein/camera_ros2/install/astra_camera/share/astra_camera/hook/ld_library_path_lib.ps1'
[10.830s] INFO:colcon.colcon_core.shell:Creating environment descriptor '/home/klein/camera_ros2/install/astra_camera/share/astra_camera/hook/ld_library_path_lib.dsv'
[10.831s] INFO:colcon.colcon_core.shell:Creating environment hook '/home/klein/camera_ros2/install/astra_camera/share/astra_camera/hook/ld_library_path_lib.sh'
[10.841s] Level 1:colcon.colcon_core.environment:checking '/home/klein/camera_ros2/install/astra_camera/bin'
[10.844s] Level 1:colcon.colcon_core.environment:checking '/home/klein/camera_ros2/install/astra_camera/lib/pkgconfig/astra_camera.pc'
[10.846s] Level 1:colcon.colcon_core.environment:checking '/home/klein/camera_ros2/install/astra_camera/lib/python3.8/site-packages'
[10.846s] Level 1:colcon.colcon_core.environment:checking '/home/klein/camera_ros2/install/astra_camera/bin'
[10.847s] INFO:colcon.colcon_core.shell:Creating package script '/home/klein/camera_ros2/install/astra_camera/share/astra_camera/package.ps1'
[10.851s] INFO:colcon.colcon_core.shell:Creating package descriptor '/home/klein/camera_ros2/install/astra_camera/share/astra_camera/package.dsv'
[10.853s] INFO:colcon.colcon_core.shell:Creating package script '/home/klein/camera_ros2/install/astra_camera/share/astra_camera/package.sh'
[10.855s] INFO:colcon.colcon_core.shell:Creating package script '/home/klein/camera_ros2/install/astra_camera/share/astra_camera/package.bash'
[10.858s] INFO:colcon.colcon_core.shell:Creating package script '/home/klein/camera_ros2/install/astra_camera/share/astra_camera/package.zsh'
[10.866s] Level 1:colcon.colcon_core.environment:create_file_with_runtime_dependencies(/home/klein/camera_ros2/install/astra_camera/share/colcon-core/packages/astra_camera)
[31.018s] DEBUG:colcon.colcon_core.event_handler.log_command:Invoked command in '/home/klein/camera_ros2/build/opencv_use' returned '0': CMAKE_PREFIX_PATH=${CMAKE_PREFIX_PATH}:/home/klein/camera_ros2/install/demo_cv_image:/opt/ros/foxy /usr/bin/cmake --build /home/klein/camera_ros2/build/opencv_use -- -j4 -l4
[31.101s] DEBUG:colcon.colcon_core.event_handler.log_command:Invoking command in '/home/klein/camera_ros2/build/opencv_use': CMAKE_PREFIX_PATH=${CMAKE_PREFIX_PATH}:/home/klein/camera_ros2/install/demo_cv_image:/opt/ros/foxy /usr/bin/cmake --install /home/klein/camera_ros2/build/opencv_use
[31.164s] Level 1:colcon.colcon_core.environment:create_environment_scripts_only(opencv_use)
[31.166s] Level 1:colcon.colcon_core.environment:checking '/home/klein/camera_ros2/install/opencv_use' for CMake module files
[31.167s] Level 1:colcon.colcon_core.environment:checking '/home/klein/camera_ros2/install/opencv_use' for CMake config files
[31.164s] DEBUG:colcon.colcon_core.event_handler.log_command:Invoked command in '/home/klein/camera_ros2/build/opencv_use' returned '0': CMAKE_PREFIX_PATH=${CMAKE_PREFIX_PATH}:/home/klein/camera_ros2/install/demo_cv_image:/opt/ros/foxy /usr/bin/cmake --install /home/klein/camera_ros2/build/opencv_use
[31.170s] Level 1:colcon.colcon_core.shell:create_environment_hook('opencv_use', 'cmake_prefix_path')
[31.170s] INFO:colcon.colcon_core.shell:Creating environment hook '/home/klein/camera_ros2/install/opencv_use/share/opencv_use/hook/cmake_prefix_path.ps1'
[31.173s] INFO:colcon.colcon_core.shell:Creating environment descriptor '/home/klein/camera_ros2/install/opencv_use/share/opencv_use/hook/cmake_prefix_path.dsv'
[31.174s] INFO:colcon.colcon_core.shell:Creating environment hook '/home/klein/camera_ros2/install/opencv_use/share/opencv_use/hook/cmake_prefix_path.sh'
[31.177s] Level 1:colcon.colcon_core.environment:checking '/home/klein/camera_ros2/install/opencv_use/lib'
[31.177s] Level 1:colcon.colcon_core.environment:checking '/home/klein/camera_ros2/install/opencv_use/bin'
[31.177s] Level 1:colcon.colcon_core.environment:checking '/home/klein/camera_ros2/install/opencv_use/lib/pkgconfig/opencv_use.pc'
[31.177s] Level 1:colcon.colcon_core.environment:checking '/home/klein/camera_ros2/install/opencv_use/lib/python3.8/site-packages'
[31.178s] Level 1:colcon.colcon_core.environment:checking '/home/klein/camera_ros2/install/opencv_use/bin'
[31.178s] INFO:colcon.colcon_core.shell:Creating package script '/home/klein/camera_ros2/install/opencv_use/share/opencv_use/package.ps1'
[31.184s] INFO:colcon.colcon_core.shell:Creating package descriptor '/home/klein/camera_ros2/install/opencv_use/share/opencv_use/package.dsv'
[31.186s] INFO:colcon.colcon_core.shell:Creating package script '/home/klein/camera_ros2/install/opencv_use/share/opencv_use/package.sh'
[31.188s] INFO:colcon.colcon_core.shell:Creating package script '/home/klein/camera_ros2/install/opencv_use/share/opencv_use/package.bash'
[31.190s] INFO:colcon.colcon_core.shell:Creating package script '/home/klein/camera_ros2/install/opencv_use/share/opencv_use/package.zsh'
[31.191s] Level 1:colcon.colcon_core.environment:create_file_with_runtime_dependencies(/home/klein/camera_ros2/install/opencv_use/share/colcon-core/packages/opencv_use)
[31.302s] Level 1:colcon.colcon_core.environment:create_environment_scripts_only(opencv_use)
[31.308s] Level 1:colcon.colcon_core.environment:checking '/home/klein/camera_ros2/install/opencv_use' for CMake module files
[31.311s] Level 1:colcon.colcon_core.environment:checking '/home/klein/camera_ros2/install/opencv_use' for CMake config files
[31.313s] Level 1:colcon.colcon_core.shell:create_environment_hook('opencv_use', 'cmake_prefix_path')
[31.314s] INFO:colcon.colcon_core.shell:Creating environment hook '/home/klein/camera_ros2/install/opencv_use/share/opencv_use/hook/cmake_prefix_path.ps1'
[31.316s] INFO:colcon.colcon_core.shell:Creating environment descriptor '/home/klein/camera_ros2/install/opencv_use/share/opencv_use/hook/cmake_prefix_path.dsv'
[31.317s] INFO:colcon.colcon_core.shell:Creating environment hook '/home/klein/camera_ros2/install/opencv_use/share/opencv_use/hook/cmake_prefix_path.sh'
[31.319s] Level 1:colcon.colcon_core.environment:checking '/home/klein/camera_ros2/install/opencv_use/lib'
[31.322s] Level 1:colcon.colcon_core.environment:checking '/home/klein/camera_ros2/install/opencv_use/bin'
[31.323s] Level 1:colcon.colcon_core.environment:checking '/home/klein/camera_ros2/install/opencv_use/lib/pkgconfig/opencv_use.pc'
[31.326s] Level 1:colcon.colcon_core.environment:checking '/home/klein/camera_ros2/install/opencv_use/lib/python3.8/site-packages'
[31.327s] Level 1:colcon.colcon_core.environment:checking '/home/klein/camera_ros2/install/opencv_use/bin'
[31.328s] INFO:colcon.colcon_core.shell:Creating package script '/home/klein/camera_ros2/install/opencv_use/share/opencv_use/package.ps1'
[31.330s] INFO:colcon.colcon_core.shell:Creating package descriptor '/home/klein/camera_ros2/install/opencv_use/share/opencv_use/package.dsv'
[31.332s] INFO:colcon.colcon_core.shell:Creating package script '/home/klein/camera_ros2/install/opencv_use/share/opencv_use/package.sh'
[31.334s] INFO:colcon.colcon_core.shell:Creating package script '/home/klein/camera_ros2/install/opencv_use/share/opencv_use/package.bash'
[31.336s] INFO:colcon.colcon_core.shell:Creating package script '/home/klein/camera_ros2/install/opencv_use/share/opencv_use/package.zsh'
[31.338s] Level 1:colcon.colcon_core.environment:create_file_with_runtime_dependencies(/home/klein/camera_ros2/install/opencv_use/share/colcon-core/packages/opencv_use)
[31.339s] DEBUG:colcon.colcon_parallel_executor.executor.parallel:closing loop
[31.340s] DEBUG:colcon.colcon_parallel_executor.executor.parallel:loop closed
[31.340s] DEBUG:colcon.colcon_parallel_executor.executor.parallel:run_until_complete finished with '0'
[31.340s] DEBUG:colcon.colcon_core.event_reactor:joining thread
[31.372s] INFO:colcon.colcon_core.plugin_system:Skipping extension 'colcon_notification.desktop_notification.terminal_notifier': Not used on non-Darwin systems
[31.372s] INFO:colcon.colcon_core.plugin_system:Skipping extension 'colcon_notification.desktop_notification.win32': Not used on non-Windows systems
[31.373s] INFO:colcon.colcon_notification.desktop_notification:Sending desktop notification using 'notify2'
[31.488s] DEBUG:colcon.colcon_core.event_reactor:joined thread
[31.489s] INFO:colcon.colcon_core.shell:Creating prefix script '/home/klein/camera_ros2/install/local_setup.ps1'
[31.496s] INFO:colcon.colcon_core.shell:Creating prefix util module '/home/klein/camera_ros2/install/_local_setup_util_ps1.py'
[31.503s] INFO:colcon.colcon_core.shell:Creating prefix chain script '/home/klein/camera_ros2/install/setup.ps1'
[31.511s] INFO:colcon.colcon_core.shell:Creating prefix script '/home/klein/camera_ros2/install/local_setup.sh'
[31.512s] INFO:colcon.colcon_core.shell:Creating prefix util module '/home/klein/camera_ros2/install/_local_setup_util_sh.py'
[31.513s] INFO:colcon.colcon_core.shell:Creating prefix chain script '/home/klein/camera_ros2/install/setup.sh'
[31.516s] INFO:colcon.colcon_core.shell:Creating prefix script '/home/klein/camera_ros2/install/local_setup.bash'
[31.518s] INFO:colcon.colcon_core.shell:Creating prefix chain script '/home/klein/camera_ros2/install/setup.bash'
[31.524s] INFO:colcon.colcon_core.shell:Creating prefix script '/home/klein/camera_ros2/install/local_setup.zsh'
[31.527s] INFO:colcon.colcon_core.shell:Creating prefix chain script '/home/klein/camera_ros2/install/setup.zsh'
