[0.700s] DEBUG:colcon:Command line arguments: ['/usr/bin/colcon', 'build']
[0.701s] DEBUG:colcon:Parsed command line arguments: Namespace(allow_overriding=[], ament_cmake_args=None, base_paths=['.'], build_base='build', catkin_cmake_args=None, catkin_skip_building_tests=False, cmake_args=None, cmake_clean_cache=False, cmake_clean_first=False, cmake_force_configure=False, cmake_target=None, cmake_target_skip_unavailable=False, continue_on_error=False, event_handlers=None, executor='parallel', ignore_user_meta=False, install_base='install', log_base=None, log_level=None, main=<bound method BuildVerb.main of <colcon_core.verb.build.BuildVerb object at 0x7f08eb577c70>>, merge_install=False, metas=['./colcon.meta'], packages_above=None, packages_above_and_dependencies=None, packages_above_depth=None, packages_end=None, packages_ignore=None, packages_ignore_regex=None, packages_select=None, packages_select_build_failed=False, packages_select_by_dep=None, packages_select_regex=None, packages_select_test_failures=False, packages_skip=None, packages_skip_build_finished=False, packages_skip_by_dep=None, packages_skip_regex=None, packages_skip_test_passed=False, packages_skip_up_to=None, packages_start=None, packages_up_to=None, packages_up_to_regex=None, parallel_workers=4, paths=None, symlink_install=False, test_result_base=None, verb_extension=<colcon_core.verb.build.BuildVerb object at 0x7f08eb577c70>, verb_name='build', verb_parser=<colcon_defaults.argument_parser.defaults.DefaultArgumentsDecorator object at 0x7f08eb5881c0>)
[1.170s] Level 1:colcon.colcon_core.package_discovery:discover_packages(colcon_meta) check parameters
[1.171s] Level 1:colcon.colcon_core.package_discovery:discover_packages(recursive) check parameters
[1.171s] Level 1:colcon.colcon_core.package_discovery:discover_packages(ignore) check parameters
[1.172s] Level 1:colcon.colcon_core.package_discovery:discover_packages(path) check parameters
[1.172s] Level 1:colcon.colcon_core.package_discovery:discover_packages(colcon_meta) discover
[1.172s] Level 1:colcon.colcon_core.package_discovery:discover_packages(recursive) discover
[1.172s] INFO:colcon.colcon_core.package_discovery:Crawling recursively for packages in '/home/klein/camera_ros2'
[1.172s] Level 1:colcon.colcon_core.package_identification:_identify(.) by extensions ['ignore', 'ignore_ament_install']
[1.172s] Level 1:colcon.colcon_core.package_identification:_identify(.) by extension 'ignore'
[1.172s] Level 1:colcon.colcon_core.package_identification:_identify(.) by extension 'ignore_ament_install'
[1.173s] Level 1:colcon.colcon_core.package_identification:_identify(.) by extensions ['colcon_pkg']
[1.173s] Level 1:colcon.colcon_core.package_identification:_identify(.) by extension 'colcon_pkg'
[1.173s] Level 1:colcon.colcon_core.package_identification:_identify(.) by extensions ['colcon_meta']
[1.173s] Level 1:colcon.colcon_core.package_identification:_identify(.) by extension 'colcon_meta'
[1.174s] Level 1:colcon.colcon_core.package_identification:_identify(.) by extensions ['ros']
[1.174s] Level 1:colcon.colcon_core.package_identification:_identify(.) by extension 'ros'
[1.225s] Level 1:colcon.colcon_core.package_identification:_identify(.) by extensions ['cmake', 'python']
[1.225s] Level 1:colcon.colcon_core.package_identification:_identify(.) by extension 'cmake'
[1.225s] Level 1:colcon.colcon_core.package_identification:_identify(.) by extension 'python'
[1.226s] Level 1:colcon.colcon_core.package_identification:_identify(.) by extensions ['python_setup_py']
[1.226s] Level 1:colcon.colcon_core.package_identification:_identify(.) by extension 'python_setup_py'
[1.226s] Level 1:colcon.colcon_core.package_identification:_identify(build) by extensions ['ignore', 'ignore_ament_install']
[1.226s] Level 1:colcon.colcon_core.package_identification:_identify(build) by extension 'ignore'
[1.227s] Level 1:colcon.colcon_core.package_identification:_identify(build) ignored
[1.227s] Level 1:colcon.colcon_core.package_identification:_identify(install) by extensions ['ignore', 'ignore_ament_install']
[1.227s] Level 1:colcon.colcon_core.package_identification:_identify(install) by extension 'ignore'
[1.227s] Level 1:colcon.colcon_core.package_identification:_identify(install) ignored
[1.228s] Level 1:colcon.colcon_core.package_identification:_identify(log) by extensions ['ignore', 'ignore_ament_install']
[1.228s] Level 1:colcon.colcon_core.package_identification:_identify(log) by extension 'ignore'
[1.228s] Level 1:colcon.colcon_core.package_identification:_identify(log) ignored
[1.228s] Level 1:colcon.colcon_core.package_identification:_identify(src) by extensions ['ignore', 'ignore_ament_install']
[1.229s] Level 1:colcon.colcon_core.package_identification:_identify(src) by extension 'ignore'
[1.229s] Level 1:colcon.colcon_core.package_identification:_identify(src) by extension 'ignore_ament_install'
[1.230s] Level 1:colcon.colcon_core.package_identification:_identify(src) by extensions ['colcon_pkg']
[1.230s] Level 1:colcon.colcon_core.package_identification:_identify(src) by extension 'colcon_pkg'
[1.230s] Level 1:colcon.colcon_core.package_identification:_identify(src) by extensions ['colcon_meta']
[1.230s] Level 1:colcon.colcon_core.package_identification:_identify(src) by extension 'colcon_meta'
[1.230s] Level 1:colcon.colcon_core.package_identification:_identify(src) by extensions ['ros']
[1.230s] Level 1:colcon.colcon_core.package_identification:_identify(src) by extension 'ros'
[1.230s] Level 1:colcon.colcon_core.package_identification:_identify(src) by extensions ['cmake', 'python']
[1.230s] Level 1:colcon.colcon_core.package_identification:_identify(src) by extension 'cmake'
[1.231s] Level 1:colcon.colcon_core.package_identification:_identify(src) by extension 'python'
[1.231s] Level 1:colcon.colcon_core.package_identification:_identify(src) by extensions ['python_setup_py']
[1.231s] Level 1:colcon.colcon_core.package_identification:_identify(src) by extension 'python_setup_py'
[1.231s] Level 1:colcon.colcon_core.package_identification:_identify(src/opencv_use) by extensions ['ignore', 'ignore_ament_install']
[1.231s] Level 1:colcon.colcon_core.package_identification:_identify(src/opencv_use) by extension 'ignore'
[1.232s] Level 1:colcon.colcon_core.package_identification:_identify(src/opencv_use) by extension 'ignore_ament_install'
[1.232s] Level 1:colcon.colcon_core.package_identification:_identify(src/opencv_use) by extensions ['colcon_pkg']
[1.232s] Level 1:colcon.colcon_core.package_identification:_identify(src/opencv_use) by extension 'colcon_pkg'
[1.232s] Level 1:colcon.colcon_core.package_identification:_identify(src/opencv_use) by extensions ['colcon_meta']
[1.232s] Level 1:colcon.colcon_core.package_identification:_identify(src/opencv_use) by extension 'colcon_meta'
[1.232s] Level 1:colcon.colcon_core.package_identification:_identify(src/opencv_use) by extensions ['ros']
[1.232s] Level 1:colcon.colcon_core.package_identification:_identify(src/opencv_use) by extension 'ros'
[1.240s] DEBUG:colcon.colcon_core.package_identification:Package 'src/opencv_use' with type 'ros.ament_cmake' and name 'opencv_use'
[1.241s] Level 1:colcon.colcon_core.package_identification:_identify(src/ros2_astra_camera) by extensions ['ignore', 'ignore_ament_install']
[1.241s] Level 1:colcon.colcon_core.package_identification:_identify(src/ros2_astra_camera) by extension 'ignore'
[1.241s] Level 1:colcon.colcon_core.package_identification:_identify(src/ros2_astra_camera) by extension 'ignore_ament_install'
[1.242s] Level 1:colcon.colcon_core.package_identification:_identify(src/ros2_astra_camera) by extensions ['colcon_pkg']
[1.242s] Level 1:colcon.colcon_core.package_identification:_identify(src/ros2_astra_camera) by extension 'colcon_pkg'
[1.242s] Level 1:colcon.colcon_core.package_identification:_identify(src/ros2_astra_camera) by extensions ['colcon_meta']
[1.242s] Level 1:colcon.colcon_core.package_identification:_identify(src/ros2_astra_camera) by extension 'colcon_meta'
[1.242s] Level 1:colcon.colcon_core.package_identification:_identify(src/ros2_astra_camera) by extensions ['ros']
[1.242s] Level 1:colcon.colcon_core.package_identification:_identify(src/ros2_astra_camera) by extension 'ros'
[1.242s] Level 1:colcon.colcon_core.package_identification:_identify(src/ros2_astra_camera) by extensions ['cmake', 'python']
[1.243s] Level 1:colcon.colcon_core.package_identification:_identify(src/ros2_astra_camera) by extension 'cmake'
[1.243s] Level 1:colcon.colcon_core.package_identification:_identify(src/ros2_astra_camera) by extension 'python'
[1.243s] Level 1:colcon.colcon_core.package_identification:_identify(src/ros2_astra_camera) by extensions ['python_setup_py']
[1.243s] Level 1:colcon.colcon_core.package_identification:_identify(src/ros2_astra_camera) by extension 'python_setup_py'
[1.243s] Level 1:colcon.colcon_core.package_identification:_identify(src/ros2_astra_camera/astra_camera) by extensions ['ignore', 'ignore_ament_install']
[1.243s] Level 1:colcon.colcon_core.package_identification:_identify(src/ros2_astra_camera/astra_camera) by extension 'ignore'
[1.244s] Level 1:colcon.colcon_core.package_identification:_identify(src/ros2_astra_camera/astra_camera) by extension 'ignore_ament_install'
[1.244s] Level 1:colcon.colcon_core.package_identification:_identify(src/ros2_astra_camera/astra_camera) by extensions ['colcon_pkg']
[1.245s] Level 1:colcon.colcon_core.package_identification:_identify(src/ros2_astra_camera/astra_camera) by extension 'colcon_pkg'
[1.245s] Level 1:colcon.colcon_core.package_identification:_identify(src/ros2_astra_camera/astra_camera) by extensions ['colcon_meta']
[1.245s] Level 1:colcon.colcon_core.package_identification:_identify(src/ros2_astra_camera/astra_camera) by extension 'colcon_meta'
[1.245s] Level 1:colcon.colcon_core.package_identification:_identify(src/ros2_astra_camera/astra_camera) by extensions ['ros']
[1.245s] Level 1:colcon.colcon_core.package_identification:_identify(src/ros2_astra_camera/astra_camera) by extension 'ros'
[1.251s] DEBUG:colcon.colcon_core.package_identification:Package 'src/ros2_astra_camera/astra_camera' with type 'ros.ament_cmake' and name 'astra_camera'
[1.251s] Level 1:colcon.colcon_core.package_identification:_identify(src/ros2_astra_camera/astra_camera_msgs) by extensions ['ignore', 'ignore_ament_install']
[1.251s] Level 1:colcon.colcon_core.package_identification:_identify(src/ros2_astra_camera/astra_camera_msgs) by extension 'ignore'
[1.252s] Level 1:colcon.colcon_core.package_identification:_identify(src/ros2_astra_camera/astra_camera_msgs) by extension 'ignore_ament_install'
[1.252s] Level 1:colcon.colcon_core.package_identification:_identify(src/ros2_astra_camera/astra_camera_msgs) by extensions ['colcon_pkg']
[1.252s] Level 1:colcon.colcon_core.package_identification:_identify(src/ros2_astra_camera/astra_camera_msgs) by extension 'colcon_pkg'
[1.252s] Level 1:colcon.colcon_core.package_identification:_identify(src/ros2_astra_camera/astra_camera_msgs) by extensions ['colcon_meta']
[1.252s] Level 1:colcon.colcon_core.package_identification:_identify(src/ros2_astra_camera/astra_camera_msgs) by extension 'colcon_meta'
[1.252s] Level 1:colcon.colcon_core.package_identification:_identify(src/ros2_astra_camera/astra_camera_msgs) by extensions ['ros']
[1.252s] Level 1:colcon.colcon_core.package_identification:_identify(src/ros2_astra_camera/astra_camera_msgs) by extension 'ros'
[1.254s] DEBUG:colcon.colcon_core.package_identification:Package 'src/ros2_astra_camera/astra_camera_msgs' with type 'ros.ament_cmake' and name 'astra_camera_msgs'
[1.255s] Level 1:colcon.colcon_core.package_discovery:discover_packages(recursive) using defaults
[1.255s] Level 1:colcon.colcon_core.package_discovery:discover_packages(ignore) discover
[1.255s] Level 1:colcon.colcon_core.package_discovery:discover_packages(ignore) using defaults
[1.255s] Level 1:colcon.colcon_core.package_discovery:discover_packages(path) discover
[1.255s] Level 1:colcon.colcon_core.package_discovery:discover_packages(path) using defaults
[1.318s] Level 1:colcon.colcon_core.package_discovery:discover_packages(prefix_path) check parameters
[1.318s] Level 1:colcon.colcon_core.package_discovery:discover_packages(prefix_path) discover
[1.324s] WARNING:colcon.colcon_ros.prefix_path.ament:The path '/home/klein/camera_ros2/install/demo_cv_image' in the environment variable AMENT_PREFIX_PATH doesn't exist
[1.329s] DEBUG:colcon.colcon_installed_package_information.package_discovery:Found 3 installed packages in /home/klein/camera_ros2/install
[1.331s] DEBUG:colcon.colcon_installed_package_information.package_discovery:Found 2 installed packages in /home/klein/ros2move_ws/install
[1.334s] DEBUG:colcon.colcon_installed_package_information.package_discovery:Found 269 installed packages in /opt/ros/foxy
[1.340s] Level 1:colcon.colcon_core.package_discovery:discover_packages(prefix_path) using defaults
[1.574s] Level 5:colcon.colcon_core.verb:set package 'astra_camera_msgs' build argument 'cmake_args' from command line to 'None'
[1.574s] Level 5:colcon.colcon_core.verb:set package 'astra_camera_msgs' build argument 'cmake_target' from command line to 'None'
[1.574s] Level 5:colcon.colcon_core.verb:set package 'astra_camera_msgs' build argument 'cmake_target_skip_unavailable' from command line to 'False'
[1.574s] Level 5:colcon.colcon_core.verb:set package 'astra_camera_msgs' build argument 'cmake_clean_cache' from command line to 'False'
[1.574s] Level 5:colcon.colcon_core.verb:set package 'astra_camera_msgs' build argument 'cmake_clean_first' from command line to 'False'
[1.574s] Level 5:colcon.colcon_core.verb:set package 'astra_camera_msgs' build argument 'cmake_force_configure' from command line to 'False'
[1.575s] Level 5:colcon.colcon_core.verb:set package 'astra_camera_msgs' build argument 'ament_cmake_args' from command line to 'None'
[1.575s] Level 5:colcon.colcon_core.verb:set package 'astra_camera_msgs' build argument 'catkin_cmake_args' from command line to 'None'
[1.575s] Level 5:colcon.colcon_core.verb:set package 'astra_camera_msgs' build argument 'catkin_skip_building_tests' from command line to 'False'
[1.575s] DEBUG:colcon.colcon_core.verb:Building package 'astra_camera_msgs' with the following arguments: {'ament_cmake_args': None, 'build_base': '/home/klein/camera_ros2/build/astra_camera_msgs', 'catkin_cmake_args': None, 'catkin_skip_building_tests': False, 'cmake_args': None, 'cmake_clean_cache': False, 'cmake_clean_first': False, 'cmake_force_configure': False, 'cmake_target': None, 'cmake_target_skip_unavailable': False, 'install_base': '/home/klein/camera_ros2/install/astra_camera_msgs', 'merge_install': False, 'path': '/home/klein/camera_ros2/src/ros2_astra_camera/astra_camera_msgs', 'symlink_install': False, 'test_result_base': None}
[1.576s] Level 5:colcon.colcon_core.verb:set package 'opencv_use' build argument 'cmake_args' from command line to 'None'
[1.576s] Level 5:colcon.colcon_core.verb:set package 'opencv_use' build argument 'cmake_target' from command line to 'None'
[1.576s] Level 5:colcon.colcon_core.verb:set package 'opencv_use' build argument 'cmake_target_skip_unavailable' from command line to 'False'
[1.576s] Level 5:colcon.colcon_core.verb:set package 'opencv_use' build argument 'cmake_clean_cache' from command line to 'False'
[1.577s] Level 5:colcon.colcon_core.verb:set package 'opencv_use' build argument 'cmake_clean_first' from command line to 'False'
[1.577s] Level 5:colcon.colcon_core.verb:set package 'opencv_use' build argument 'cmake_force_configure' from command line to 'False'
[1.577s] Level 5:colcon.colcon_core.verb:set package 'opencv_use' build argument 'ament_cmake_args' from command line to 'None'
[1.577s] Level 5:colcon.colcon_core.verb:set package 'opencv_use' build argument 'catkin_cmake_args' from command line to 'None'
[1.577s] Level 5:colcon.colcon_core.verb:set package 'opencv_use' build argument 'catkin_skip_building_tests' from command line to 'False'
[1.577s] DEBUG:colcon.colcon_core.verb:Building package 'opencv_use' with the following arguments: {'ament_cmake_args': None, 'build_base': '/home/klein/camera_ros2/build/opencv_use', 'catkin_cmake_args': None, 'catkin_skip_building_tests': False, 'cmake_args': None, 'cmake_clean_cache': False, 'cmake_clean_first': False, 'cmake_force_configure': False, 'cmake_target': None, 'cmake_target_skip_unavailable': False, 'install_base': '/home/klein/camera_ros2/install/opencv_use', 'merge_install': False, 'path': '/home/klein/camera_ros2/src/opencv_use', 'symlink_install': False, 'test_result_base': None}
[1.579s] Level 5:colcon.colcon_core.verb:set package 'astra_camera' build argument 'cmake_args' from command line to 'None'
[1.579s] Level 5:colcon.colcon_core.verb:set package 'astra_camera' build argument 'cmake_target' from command line to 'None'
[1.579s] Level 5:colcon.colcon_core.verb:set package 'astra_camera' build argument 'cmake_target_skip_unavailable' from command line to 'False'
[1.579s] Level 5:colcon.colcon_core.verb:set package 'astra_camera' build argument 'cmake_clean_cache' from command line to 'False'
[1.579s] Level 5:colcon.colcon_core.verb:set package 'astra_camera' build argument 'cmake_clean_first' from command line to 'False'
[1.579s] Level 5:colcon.colcon_core.verb:set package 'astra_camera' build argument 'cmake_force_configure' from command line to 'False'
[1.579s] Level 5:colcon.colcon_core.verb:set package 'astra_camera' build argument 'ament_cmake_args' from command line to 'None'
[1.579s] Level 5:colcon.colcon_core.verb:set package 'astra_camera' build argument 'catkin_cmake_args' from command line to 'None'
[1.579s] Level 5:colcon.colcon_core.verb:set package 'astra_camera' build argument 'catkin_skip_building_tests' from command line to 'False'
[1.580s] DEBUG:colcon.colcon_core.verb:Building package 'astra_camera' with the following arguments: {'ament_cmake_args': None, 'build_base': '/home/klein/camera_ros2/build/astra_camera', 'catkin_cmake_args': None, 'catkin_skip_building_tests': False, 'cmake_args': None, 'cmake_clean_cache': False, 'cmake_clean_first': False, 'cmake_force_configure': False, 'cmake_target': None, 'cmake_target_skip_unavailable': False, 'install_base': '/home/klein/camera_ros2/install/astra_camera', 'merge_install': False, 'path': '/home/klein/camera_ros2/src/ros2_astra_camera/astra_camera', 'symlink_install': False, 'test_result_base': None}
[1.580s] INFO:colcon.colcon_core.executor:Executing jobs using 'parallel' executor
[1.584s] DEBUG:colcon.colcon_parallel_executor.executor.parallel:run_until_complete
[1.585s] INFO:colcon.colcon_ros.task.ament_cmake.build:Building ROS package in '/home/klein/camera_ros2/src/ros2_astra_camera/astra_camera_msgs' with build type 'ament_cmake'
[1.585s] INFO:colcon.colcon_cmake.task.cmake.build:Building CMake package in '/home/klein/camera_ros2/src/ros2_astra_camera/astra_camera_msgs'
[1.601s] INFO:colcon.colcon_core.plugin_system:Skipping extension 'colcon_core.shell.bat': Not used on non-Windows systems
[1.602s] INFO:colcon.colcon_core.shell:Skip shell extension 'powershell' for command environment: Not usable outside of PowerShell
[1.602s] DEBUG:colcon.colcon_core.shell:Skip shell extension 'dsv' for command environment
[1.616s] INFO:colcon.colcon_ros.task.ament_cmake.build:Building ROS package in '/home/klein/camera_ros2/src/opencv_use' with build type 'ament_cmake'
[1.618s] INFO:colcon.colcon_cmake.task.cmake.build:Building CMake package in '/home/klein/camera_ros2/src/opencv_use'
[1.619s] INFO:colcon.colcon_core.shell:Skip shell extension 'powershell' for command environment: Not usable outside of PowerShell
[1.620s] DEBUG:colcon.colcon_core.shell:Skip shell extension 'dsv' for command environment
[1.664s] DEBUG:colcon.colcon_core.event_handler.log_command:Invoking command in '/home/klein/camera_ros2/build/astra_camera_msgs': CMAKE_PREFIX_PATH=${CMAKE_PREFIX_PATH}:/home/klein/camera_ros2/install/demo_cv_image:/opt/ros/foxy /usr/bin/cmake --build /home/klein/camera_ros2/build/astra_camera_msgs -- -j4 -l4
[1.678s] DEBUG:colcon.colcon_core.event_handler.log_command:Invoking command in '/home/klein/camera_ros2/build/opencv_use': CMAKE_PREFIX_PATH=${CMAKE_PREFIX_PATH}:/home/klein/camera_ros2/install/demo_cv_image:/opt/ros/foxy /usr/bin/cmake --build /home/klein/camera_ros2/build/opencv_use -- -j4 -l4
[2.588s] DEBUG:colcon.colcon_core.event_handler.log_command:Invoked command in '/home/klein/camera_ros2/build/astra_camera_msgs' returned '0': CMAKE_PREFIX_PATH=${CMAKE_PREFIX_PATH}:/home/klein/camera_ros2/install/demo_cv_image:/opt/ros/foxy /usr/bin/cmake --build /home/klein/camera_ros2/build/astra_camera_msgs -- -j4 -l4
[3.183s] DEBUG:colcon.colcon_core.event_handler.log_command:Invoking command in '/home/klein/camera_ros2/build/astra_camera_msgs': CMAKE_PREFIX_PATH=${CMAKE_PREFIX_PATH}:/home/klein/camera_ros2/install/demo_cv_image:/opt/ros/foxy /usr/bin/cmake --install /home/klein/camera_ros2/build/astra_camera_msgs
[3.447s] Level 1:colcon.colcon_core.environment:create_environment_scripts_only(astra_camera_msgs)
[3.449s] DEBUG:colcon.colcon_core.event_handler.log_command:Invoked command in '/home/klein/camera_ros2/build/astra_camera_msgs' returned '0': CMAKE_PREFIX_PATH=${CMAKE_PREFIX_PATH}:/home/klein/camera_ros2/install/demo_cv_image:/opt/ros/foxy /usr/bin/cmake --install /home/klein/camera_ros2/build/astra_camera_msgs
[3.461s] Level 1:colcon.colcon_core.environment:checking '/home/klein/camera_ros2/install/astra_camera_msgs' for CMake module files
[3.463s] Level 1:colcon.colcon_core.environment:checking '/home/klein/camera_ros2/install/astra_camera_msgs' for CMake config files
[3.466s] Level 1:colcon.colcon_core.shell:create_environment_hook('astra_camera_msgs', 'cmake_prefix_path')
[3.467s] INFO:colcon.colcon_core.shell:Creating environment hook '/home/klein/camera_ros2/install/astra_camera_msgs/share/astra_camera_msgs/hook/cmake_prefix_path.ps1'
[3.470s] INFO:colcon.colcon_core.shell:Creating environment descriptor '/home/klein/camera_ros2/install/astra_camera_msgs/share/astra_camera_msgs/hook/cmake_prefix_path.dsv'
[3.471s] INFO:colcon.colcon_core.shell:Creating environment hook '/home/klein/camera_ros2/install/astra_camera_msgs/share/astra_camera_msgs/hook/cmake_prefix_path.sh'
[3.474s] Level 1:colcon.colcon_core.environment:checking '/home/klein/camera_ros2/install/astra_camera_msgs/lib'
[3.475s] Level 1:colcon.colcon_core.shell:create_environment_hook('astra_camera_msgs', 'ld_library_path_lib')
[3.476s] INFO:colcon.colcon_core.shell:Creating environment hook '/home/klein/camera_ros2/install/astra_camera_msgs/share/astra_camera_msgs/hook/ld_library_path_lib.ps1'
[3.477s] INFO:colcon.colcon_core.shell:Creating environment descriptor '/home/klein/camera_ros2/install/astra_camera_msgs/share/astra_camera_msgs/hook/ld_library_path_lib.dsv'
[3.478s] INFO:colcon.colcon_core.shell:Creating environment hook '/home/klein/camera_ros2/install/astra_camera_msgs/share/astra_camera_msgs/hook/ld_library_path_lib.sh'
[3.480s] Level 1:colcon.colcon_core.environment:checking '/home/klein/camera_ros2/install/astra_camera_msgs/bin'
[3.480s] Level 1:colcon.colcon_core.environment:checking '/home/klein/camera_ros2/install/astra_camera_msgs/lib/pkgconfig/astra_camera_msgs.pc'
[3.481s] Level 1:colcon.colcon_core.environment:checking '/home/klein/camera_ros2/install/astra_camera_msgs/lib/python3.8/site-packages'
[3.481s] Level 1:colcon.colcon_core.shell:create_environment_hook('astra_camera_msgs', 'pythonpath')
[3.482s] INFO:colcon.colcon_core.shell:Creating environment hook '/home/klein/camera_ros2/install/astra_camera_msgs/share/astra_camera_msgs/hook/pythonpath.ps1'
[3.483s] INFO:colcon.colcon_core.shell:Creating environment descriptor '/home/klein/camera_ros2/install/astra_camera_msgs/share/astra_camera_msgs/hook/pythonpath.dsv'
[3.485s] INFO:colcon.colcon_core.shell:Creating environment hook '/home/klein/camera_ros2/install/astra_camera_msgs/share/astra_camera_msgs/hook/pythonpath.sh'
[3.488s] Level 1:colcon.colcon_core.environment:checking '/home/klein/camera_ros2/install/astra_camera_msgs/bin'
[3.490s] INFO:colcon.colcon_core.shell:Creating package script '/home/klein/camera_ros2/install/astra_camera_msgs/share/astra_camera_msgs/package.ps1'
[3.493s] INFO:colcon.colcon_core.shell:Creating package descriptor '/home/klein/camera_ros2/install/astra_camera_msgs/share/astra_camera_msgs/package.dsv'
[3.494s] INFO:colcon.colcon_core.shell:Creating package script '/home/klein/camera_ros2/install/astra_camera_msgs/share/astra_camera_msgs/package.sh'
[3.497s] INFO:colcon.colcon_core.shell:Creating package script '/home/klein/camera_ros2/install/astra_camera_msgs/share/astra_camera_msgs/package.bash'
[3.500s] INFO:colcon.colcon_core.shell:Creating package script '/home/klein/camera_ros2/install/astra_camera_msgs/share/astra_camera_msgs/package.zsh'
[3.502s] Level 1:colcon.colcon_core.environment:create_file_with_runtime_dependencies(/home/klein/camera_ros2/install/astra_camera_msgs/share/colcon-core/packages/astra_camera_msgs)
[4.113s] Level 1:colcon.colcon_core.environment:create_environment_scripts_only(astra_camera_msgs)
[4.114s] Level 1:colcon.colcon_core.environment:checking '/home/klein/camera_ros2/install/astra_camera_msgs' for CMake module files
[4.116s] Level 1:colcon.colcon_core.environment:checking '/home/klein/camera_ros2/install/astra_camera_msgs' for CMake config files
[4.118s] Level 1:colcon.colcon_core.shell:create_environment_hook('astra_camera_msgs', 'cmake_prefix_path')
[4.119s] INFO:colcon.colcon_core.shell:Creating environment hook '/home/klein/camera_ros2/install/astra_camera_msgs/share/astra_camera_msgs/hook/cmake_prefix_path.ps1'
[4.122s] INFO:colcon.colcon_core.shell:Creating environment descriptor '/home/klein/camera_ros2/install/astra_camera_msgs/share/astra_camera_msgs/hook/cmake_prefix_path.dsv'
[4.123s] INFO:colcon.colcon_core.shell:Creating environment hook '/home/klein/camera_ros2/install/astra_camera_msgs/share/astra_camera_msgs/hook/cmake_prefix_path.sh'
[4.126s] Level 1:colcon.colcon_core.environment:checking '/home/klein/camera_ros2/install/astra_camera_msgs/lib'
[4.126s] Level 1:colcon.colcon_core.shell:create_environment_hook('astra_camera_msgs', 'ld_library_path_lib')
[4.127s] INFO:colcon.colcon_core.shell:Creating environment hook '/home/klein/camera_ros2/install/astra_camera_msgs/share/astra_camera_msgs/hook/ld_library_path_lib.ps1'
[4.128s] INFO:colcon.colcon_core.shell:Creating environment descriptor '/home/klein/camera_ros2/install/astra_camera_msgs/share/astra_camera_msgs/hook/ld_library_path_lib.dsv'
[4.129s] INFO:colcon.colcon_core.shell:Creating environment hook '/home/klein/camera_ros2/install/astra_camera_msgs/share/astra_camera_msgs/hook/ld_library_path_lib.sh'
[4.130s] Level 1:colcon.colcon_core.environment:checking '/home/klein/camera_ros2/install/astra_camera_msgs/bin'
[4.131s] Level 1:colcon.colcon_core.environment:checking '/home/klein/camera_ros2/install/astra_camera_msgs/lib/pkgconfig/astra_camera_msgs.pc'
[4.132s] Level 1:colcon.colcon_core.environment:checking '/home/klein/camera_ros2/install/astra_camera_msgs/lib/python3.8/site-packages'
[4.132s] Level 1:colcon.colcon_core.shell:create_environment_hook('astra_camera_msgs', 'pythonpath')
[4.133s] INFO:colcon.colcon_core.shell:Creating environment hook '/home/klein/camera_ros2/install/astra_camera_msgs/share/astra_camera_msgs/hook/pythonpath.ps1'
[4.134s] INFO:colcon.colcon_core.shell:Creating environment descriptor '/home/klein/camera_ros2/install/astra_camera_msgs/share/astra_camera_msgs/hook/pythonpath.dsv'
[4.136s] INFO:colcon.colcon_core.shell:Creating environment hook '/home/klein/camera_ros2/install/astra_camera_msgs/share/astra_camera_msgs/hook/pythonpath.sh'
[4.137s] Level 1:colcon.colcon_core.environment:checking '/home/klein/camera_ros2/install/astra_camera_msgs/bin'
[4.138s] INFO:colcon.colcon_core.shell:Creating package script '/home/klein/camera_ros2/install/astra_camera_msgs/share/astra_camera_msgs/package.ps1'
[4.140s] INFO:colcon.colcon_core.shell:Creating package descriptor '/home/klein/camera_ros2/install/astra_camera_msgs/share/astra_camera_msgs/package.dsv'
[4.142s] INFO:colcon.colcon_core.shell:Creating package script '/home/klein/camera_ros2/install/astra_camera_msgs/share/astra_camera_msgs/package.sh'
[4.143s] INFO:colcon.colcon_core.shell:Creating package script '/home/klein/camera_ros2/install/astra_camera_msgs/share/astra_camera_msgs/package.bash'
[4.145s] INFO:colcon.colcon_core.shell:Creating package script '/home/klein/camera_ros2/install/astra_camera_msgs/share/astra_camera_msgs/package.zsh'
[4.147s] Level 1:colcon.colcon_core.environment:create_file_with_runtime_dependencies(/home/klein/camera_ros2/install/astra_camera_msgs/share/colcon-core/packages/astra_camera_msgs)
[4.150s] INFO:colcon.colcon_ros.task.ament_cmake.build:Building ROS package in '/home/klein/camera_ros2/src/ros2_astra_camera/astra_camera' with build type 'ament_cmake'
[4.151s] INFO:colcon.colcon_cmake.task.cmake.build:Building CMake package in '/home/klein/camera_ros2/src/ros2_astra_camera/astra_camera'
[4.151s] INFO:colcon.colcon_core.shell:Skip shell extension 'powershell' for command environment: Not usable outside of PowerShell
[4.152s] DEBUG:colcon.colcon_core.shell:Skip shell extension 'dsv' for command environment
[4.203s] DEBUG:colcon.colcon_core.event_handler.log_command:Invoking command in '/home/klein/camera_ros2/build/astra_camera': CMAKE_PREFIX_PATH=/home/klein/camera_ros2/install/astra_camera_msgs:/home/klein/camera_ros2/install/opencv_use:/home/klein/camera_ros2/install/astra_camera:/home/klein/ros2move_ws/install/pkg01_helloworld_cpp:/home/klein/ros2move_ws/install/cpp01_topic:/home/klein/camera_ros2/install/demo_cv_image:/opt/ros/foxy LD_LIBRARY_PATH=/home/klein/camera_ros2/install/astra_camera_msgs/lib:/home/klein/camera_ros2/install/astra_camera/lib:/usr/local/lib:/usr/local/lib:/opt/ros/foxy/opt/yaml_cpp_vendor/lib:/opt/ros/foxy/opt/rviz_ogre_vendor/lib:/opt/ros/foxy/lib/x86_64-linux-gnu:/opt/ros/foxy/lib PYTHONPATH=/home/klein/camera_ros2/install/astra_camera_msgs/lib/python3.8/site-packages:/home/klein/camera_ros2/install/demo_cv_image/lib/python3.8/site-packages:/opt/ros/foxy/lib/python3.8/site-packages /usr/bin/cmake --build /home/klein/camera_ros2/build/astra_camera -- -j4 -l4
[4.682s] DEBUG:colcon.colcon_core.event_handler.log_command:Invoked command in '/home/klein/camera_ros2/build/astra_camera' returned '0': CMAKE_PREFIX_PATH=/home/klein/camera_ros2/install/astra_camera_msgs:/home/klein/camera_ros2/install/opencv_use:/home/klein/camera_ros2/install/astra_camera:/home/klein/ros2move_ws/install/pkg01_helloworld_cpp:/home/klein/ros2move_ws/install/cpp01_topic:/home/klein/camera_ros2/install/demo_cv_image:/opt/ros/foxy LD_LIBRARY_PATH=/home/klein/camera_ros2/install/astra_camera_msgs/lib:/home/klein/camera_ros2/install/astra_camera/lib:/usr/local/lib:/usr/local/lib:/opt/ros/foxy/opt/yaml_cpp_vendor/lib:/opt/ros/foxy/opt/rviz_ogre_vendor/lib:/opt/ros/foxy/lib/x86_64-linux-gnu:/opt/ros/foxy/lib PYTHONPATH=/home/klein/camera_ros2/install/astra_camera_msgs/lib/python3.8/site-packages:/home/klein/camera_ros2/install/demo_cv_image/lib/python3.8/site-packages:/opt/ros/foxy/lib/python3.8/site-packages /usr/bin/cmake --build /home/klein/camera_ros2/build/astra_camera -- -j4 -l4
[4.997s] DEBUG:colcon.colcon_core.event_handler.log_command:Invoking command in '/home/klein/camera_ros2/build/astra_camera': CMAKE_PREFIX_PATH=/home/klein/camera_ros2/install/astra_camera_msgs:/home/klein/camera_ros2/install/opencv_use:/home/klein/camera_ros2/install/astra_camera:/home/klein/ros2move_ws/install/pkg01_helloworld_cpp:/home/klein/ros2move_ws/install/cpp01_topic:/home/klein/camera_ros2/install/demo_cv_image:/opt/ros/foxy LD_LIBRARY_PATH=/home/klein/camera_ros2/install/astra_camera_msgs/lib:/home/klein/camera_ros2/install/astra_camera/lib:/usr/local/lib:/usr/local/lib:/opt/ros/foxy/opt/yaml_cpp_vendor/lib:/opt/ros/foxy/opt/rviz_ogre_vendor/lib:/opt/ros/foxy/lib/x86_64-linux-gnu:/opt/ros/foxy/lib PYTHONPATH=/home/klein/camera_ros2/install/astra_camera_msgs/lib/python3.8/site-packages:/home/klein/camera_ros2/install/demo_cv_image/lib/python3.8/site-packages:/opt/ros/foxy/lib/python3.8/site-packages /usr/bin/cmake --install /home/klein/camera_ros2/build/astra_camera
[5.077s] Level 1:colcon.colcon_core.environment:create_environment_scripts_only(astra_camera)
[5.080s] Level 1:colcon.colcon_core.environment:checking '/home/klein/camera_ros2/install/astra_camera' for CMake module files
[5.083s] Level 1:colcon.colcon_core.environment:checking '/home/klein/camera_ros2/install/astra_camera' for CMake config files
[5.088s] DEBUG:colcon.colcon_core.event_handler.log_command:Invoked command in '/home/klein/camera_ros2/build/astra_camera' returned '0': CMAKE_PREFIX_PATH=/home/klein/camera_ros2/install/astra_camera_msgs:/home/klein/camera_ros2/install/opencv_use:/home/klein/camera_ros2/install/astra_camera:/home/klein/ros2move_ws/install/pkg01_helloworld_cpp:/home/klein/ros2move_ws/install/cpp01_topic:/home/klein/camera_ros2/install/demo_cv_image:/opt/ros/foxy LD_LIBRARY_PATH=/home/klein/camera_ros2/install/astra_camera_msgs/lib:/home/klein/camera_ros2/install/astra_camera/lib:/usr/local/lib:/usr/local/lib:/opt/ros/foxy/opt/yaml_cpp_vendor/lib:/opt/ros/foxy/opt/rviz_ogre_vendor/lib:/opt/ros/foxy/lib/x86_64-linux-gnu:/opt/ros/foxy/lib PYTHONPATH=/home/klein/camera_ros2/install/astra_camera_msgs/lib/python3.8/site-packages:/home/klein/camera_ros2/install/demo_cv_image/lib/python3.8/site-packages:/opt/ros/foxy/lib/python3.8/site-packages /usr/bin/cmake --install /home/klein/camera_ros2/build/astra_camera
[5.090s] Level 1:colcon.colcon_core.shell:create_environment_hook('astra_camera', 'cmake_prefix_path')
[5.091s] INFO:colcon.colcon_core.shell:Creating environment hook '/home/klein/camera_ros2/install/astra_camera/share/astra_camera/hook/cmake_prefix_path.ps1'
[5.094s] INFO:colcon.colcon_core.shell:Creating environment descriptor '/home/klein/camera_ros2/install/astra_camera/share/astra_camera/hook/cmake_prefix_path.dsv'
[5.096s] INFO:colcon.colcon_core.shell:Creating environment hook '/home/klein/camera_ros2/install/astra_camera/share/astra_camera/hook/cmake_prefix_path.sh'
[5.098s] Level 1:colcon.colcon_core.environment:checking '/home/klein/camera_ros2/install/astra_camera/lib'
[5.098s] Level 1:colcon.colcon_core.shell:create_environment_hook('astra_camera', 'ld_library_path_lib')
[5.099s] INFO:colcon.colcon_core.shell:Creating environment hook '/home/klein/camera_ros2/install/astra_camera/share/astra_camera/hook/ld_library_path_lib.ps1'
[5.101s] INFO:colcon.colcon_core.shell:Creating environment descriptor '/home/klein/camera_ros2/install/astra_camera/share/astra_camera/hook/ld_library_path_lib.dsv'
[5.102s] INFO:colcon.colcon_core.shell:Creating environment hook '/home/klein/camera_ros2/install/astra_camera/share/astra_camera/hook/ld_library_path_lib.sh'
[5.104s] Level 1:colcon.colcon_core.environment:checking '/home/klein/camera_ros2/install/astra_camera/bin'
[5.105s] Level 1:colcon.colcon_core.environment:checking '/home/klein/camera_ros2/install/astra_camera/lib/pkgconfig/astra_camera.pc'
[5.106s] Level 1:colcon.colcon_core.environment:checking '/home/klein/camera_ros2/install/astra_camera/lib/python3.8/site-packages'
[5.106s] Level 1:colcon.colcon_core.environment:checking '/home/klein/camera_ros2/install/astra_camera/bin'
[5.107s] INFO:colcon.colcon_core.shell:Creating package script '/home/klein/camera_ros2/install/astra_camera/share/astra_camera/package.ps1'
[5.109s] INFO:colcon.colcon_core.shell:Creating package descriptor '/home/klein/camera_ros2/install/astra_camera/share/astra_camera/package.dsv'
[5.111s] INFO:colcon.colcon_core.shell:Creating package script '/home/klein/camera_ros2/install/astra_camera/share/astra_camera/package.sh'
[5.112s] INFO:colcon.colcon_core.shell:Creating package script '/home/klein/camera_ros2/install/astra_camera/share/astra_camera/package.bash'
[5.114s] INFO:colcon.colcon_core.shell:Creating package script '/home/klein/camera_ros2/install/astra_camera/share/astra_camera/package.zsh'
[5.115s] Level 1:colcon.colcon_core.environment:create_file_with_runtime_dependencies(/home/klein/camera_ros2/install/astra_camera/share/colcon-core/packages/astra_camera)
[5.306s] Level 1:colcon.colcon_core.environment:create_environment_scripts_only(astra_camera)
[5.307s] Level 1:colcon.colcon_core.environment:checking '/home/klein/camera_ros2/install/astra_camera' for CMake module files
[5.310s] Level 1:colcon.colcon_core.environment:checking '/home/klein/camera_ros2/install/astra_camera' for CMake config files
[5.312s] Level 1:colcon.colcon_core.shell:create_environment_hook('astra_camera', 'cmake_prefix_path')
[5.314s] INFO:colcon.colcon_core.shell:Creating environment hook '/home/klein/camera_ros2/install/astra_camera/share/astra_camera/hook/cmake_prefix_path.ps1'
[5.317s] INFO:colcon.colcon_core.shell:Creating environment descriptor '/home/klein/camera_ros2/install/astra_camera/share/astra_camera/hook/cmake_prefix_path.dsv'
[5.318s] INFO:colcon.colcon_core.shell:Creating environment hook '/home/klein/camera_ros2/install/astra_camera/share/astra_camera/hook/cmake_prefix_path.sh'
[5.321s] Level 1:colcon.colcon_core.environment:checking '/home/klein/camera_ros2/install/astra_camera/lib'
[5.321s] Level 1:colcon.colcon_core.shell:create_environment_hook('astra_camera', 'ld_library_path_lib')
[5.322s] INFO:colcon.colcon_core.shell:Creating environment hook '/home/klein/camera_ros2/install/astra_camera/share/astra_camera/hook/ld_library_path_lib.ps1'
[5.324s] INFO:colcon.colcon_core.shell:Creating environment descriptor '/home/klein/camera_ros2/install/astra_camera/share/astra_camera/hook/ld_library_path_lib.dsv'
[5.325s] INFO:colcon.colcon_core.shell:Creating environment hook '/home/klein/camera_ros2/install/astra_camera/share/astra_camera/hook/ld_library_path_lib.sh'
[5.327s] Level 1:colcon.colcon_core.environment:checking '/home/klein/camera_ros2/install/astra_camera/bin'
[5.328s] Level 1:colcon.colcon_core.environment:checking '/home/klein/camera_ros2/install/astra_camera/lib/pkgconfig/astra_camera.pc'
[5.329s] Level 1:colcon.colcon_core.environment:checking '/home/klein/camera_ros2/install/astra_camera/lib/python3.8/site-packages'
[5.329s] Level 1:colcon.colcon_core.environment:checking '/home/klein/camera_ros2/install/astra_camera/bin'
[5.330s] INFO:colcon.colcon_core.shell:Creating package script '/home/klein/camera_ros2/install/astra_camera/share/astra_camera/package.ps1'
[5.331s] INFO:colcon.colcon_core.shell:Creating package descriptor '/home/klein/camera_ros2/install/astra_camera/share/astra_camera/package.dsv'
[5.333s] INFO:colcon.colcon_core.shell:Creating package script '/home/klein/camera_ros2/install/astra_camera/share/astra_camera/package.sh'
[5.335s] INFO:colcon.colcon_core.shell:Creating package script '/home/klein/camera_ros2/install/astra_camera/share/astra_camera/package.bash'
[5.336s] INFO:colcon.colcon_core.shell:Creating package script '/home/klein/camera_ros2/install/astra_camera/share/astra_camera/package.zsh'
[5.338s] Level 1:colcon.colcon_core.environment:create_file_with_runtime_dependencies(/home/klein/camera_ros2/install/astra_camera/share/colcon-core/packages/astra_camera)
[17.073s] DEBUG:colcon.colcon_core.event_handler.log_command:Invoked command in '/home/klein/camera_ros2/build/opencv_use' returned '2': CMAKE_PREFIX_PATH=${CMAKE_PREFIX_PATH}:/home/klein/camera_ros2/install/demo_cv_image:/opt/ros/foxy /usr/bin/cmake --build /home/klein/camera_ros2/build/opencv_use -- -j4 -l4
[17.180s] Level 1:colcon.colcon_core.environment:create_environment_scripts_only(opencv_use)
[17.181s] Level 1:colcon.colcon_core.environment:checking '/home/klein/camera_ros2/install/opencv_use' for CMake module files
[17.184s] Level 1:colcon.colcon_core.environment:checking '/home/klein/camera_ros2/install/opencv_use' for CMake config files
[17.185s] Level 1:colcon.colcon_core.shell:create_environment_hook('opencv_use', 'cmake_prefix_path')
[17.186s] INFO:colcon.colcon_core.shell:Creating environment hook '/home/klein/camera_ros2/install/opencv_use/share/opencv_use/hook/cmake_prefix_path.ps1'
[17.191s] INFO:colcon.colcon_core.shell:Creating environment descriptor '/home/klein/camera_ros2/install/opencv_use/share/opencv_use/hook/cmake_prefix_path.dsv'
[17.195s] INFO:colcon.colcon_core.shell:Creating environment hook '/home/klein/camera_ros2/install/opencv_use/share/opencv_use/hook/cmake_prefix_path.sh'
[17.199s] Level 1:colcon.colcon_core.environment:checking '/home/klein/camera_ros2/install/opencv_use/lib'
[17.199s] Level 1:colcon.colcon_core.environment:checking '/home/klein/camera_ros2/install/opencv_use/bin'
[17.200s] Level 1:colcon.colcon_core.environment:checking '/home/klein/camera_ros2/install/opencv_use/lib/pkgconfig/opencv_use.pc'
[17.202s] Level 1:colcon.colcon_core.environment:checking '/home/klein/camera_ros2/install/opencv_use/lib/python3.8/site-packages'
[17.203s] Level 1:colcon.colcon_core.environment:checking '/home/klein/camera_ros2/install/opencv_use/bin'
[17.204s] INFO:colcon.colcon_core.shell:Creating package script '/home/klein/camera_ros2/install/opencv_use/share/opencv_use/package.ps1'
[17.208s] INFO:colcon.colcon_core.shell:Creating package descriptor '/home/klein/camera_ros2/install/opencv_use/share/opencv_use/package.dsv'
[17.212s] INFO:colcon.colcon_core.shell:Creating package script '/home/klein/camera_ros2/install/opencv_use/share/opencv_use/package.sh'
[17.215s] INFO:colcon.colcon_core.shell:Creating package script '/home/klein/camera_ros2/install/opencv_use/share/opencv_use/package.bash'
[17.218s] INFO:colcon.colcon_core.shell:Creating package script '/home/klein/camera_ros2/install/opencv_use/share/opencv_use/package.zsh'
[17.221s] Level 1:colcon.colcon_core.environment:create_file_with_runtime_dependencies(/home/klein/camera_ros2/install/opencv_use/share/colcon-core/packages/opencv_use)
[17.234s] DEBUG:colcon.colcon_parallel_executor.executor.parallel:closing loop
[17.235s] DEBUG:colcon.colcon_parallel_executor.executor.parallel:loop closed
[17.235s] DEBUG:colcon.colcon_parallel_executor.executor.parallel:run_until_complete finished with '2'
[17.235s] DEBUG:colcon.colcon_core.event_reactor:joining thread
[17.261s] INFO:colcon.colcon_core.plugin_system:Skipping extension 'colcon_notification.desktop_notification.terminal_notifier': Not used on non-Darwin systems
[17.262s] INFO:colcon.colcon_core.plugin_system:Skipping extension 'colcon_notification.desktop_notification.win32': Not used on non-Windows systems
[17.263s] INFO:colcon.colcon_notification.desktop_notification:Sending desktop notification using 'notify2'
[17.330s] DEBUG:colcon.colcon_core.event_reactor:joined thread
[17.331s] INFO:colcon.colcon_core.shell:Creating prefix script '/home/klein/camera_ros2/install/local_setup.ps1'
[17.335s] INFO:colcon.colcon_core.shell:Creating prefix util module '/home/klein/camera_ros2/install/_local_setup_util_ps1.py'
[17.338s] INFO:colcon.colcon_core.shell:Creating prefix chain script '/home/klein/camera_ros2/install/setup.ps1'
[17.343s] INFO:colcon.colcon_core.shell:Creating prefix script '/home/klein/camera_ros2/install/local_setup.sh'
[17.344s] INFO:colcon.colcon_core.shell:Creating prefix util module '/home/klein/camera_ros2/install/_local_setup_util_sh.py'
[17.347s] INFO:colcon.colcon_core.shell:Creating prefix chain script '/home/klein/camera_ros2/install/setup.sh'
[17.351s] INFO:colcon.colcon_core.shell:Creating prefix script '/home/klein/camera_ros2/install/local_setup.bash'
[17.353s] INFO:colcon.colcon_core.shell:Creating prefix chain script '/home/klein/camera_ros2/install/setup.bash'
[17.357s] INFO:colcon.colcon_core.shell:Creating prefix script '/home/klein/camera_ros2/install/local_setup.zsh'
[17.359s] INFO:colcon.colcon_core.shell:Creating prefix chain script '/home/klein/camera_ros2/install/setup.zsh'
