[0.056s] Invoking command in '/home/klein/camera_ros2/build/astra_camera': CMAKE_PREFIX_PATH=/home/klein/camera_ros2/install/astra_camera_msgs:/home/klein/camera_ros2/install/opencv_use:/home/klein/camera_ros2/install/astra_camera:/home/klein/ros2move_ws/install/pkg01_helloworld_cpp:/home/klein/ros2move_ws/install/cpp01_topic:/opt/ros/foxy LD_LIBRARY_PATH=/home/klein/camera_ros2/install/astra_camera_msgs/lib:/home/klein/camera_ros2/install/astra_camera/lib:/usr/local/lib:/opt/ros/foxy/opt/yaml_cpp_vendor/lib:/opt/ros/foxy/opt/rviz_ogre_vendor/lib:/opt/ros/foxy/lib/x86_64-linux-gnu:/opt/ros/foxy/lib /usr/bin/cmake --build /home/klein/camera_ros2/build/astra_camera -- -j4 -l4
[0.757s] [ 87%] Built target astra_camera
[0.894s] [100%] Built target list_devices_node
[0.943s] Invoked command in '/home/klein/camera_ros2/build/astra_camera' returned '0': CMAKE_PREFIX_PATH=/home/klein/camera_ros2/install/astra_camera_msgs:/home/klein/camera_ros2/install/opencv_use:/home/klein/camera_ros2/install/astra_camera:/home/klein/ros2move_ws/install/pkg01_helloworld_cpp:/home/klein/ros2move_ws/install/cpp01_topic:/opt/ros/foxy LD_LIBRARY_PATH=/home/klein/camera_ros2/install/astra_camera_msgs/lib:/home/klein/camera_ros2/install/astra_camera/lib:/usr/local/lib:/opt/ros/foxy/opt/yaml_cpp_vendor/lib:/opt/ros/foxy/opt/rviz_ogre_vendor/lib:/opt/ros/foxy/lib/x86_64-linux-gnu:/opt/ros/foxy/lib /usr/bin/cmake --build /home/klein/camera_ros2/build/astra_camera -- -j4 -l4
[1.222s] Invoking command in '/home/klein/camera_ros2/build/astra_camera': CMAKE_PREFIX_PATH=/home/klein/camera_ros2/install/astra_camera_msgs:/home/klein/camera_ros2/install/opencv_use:/home/klein/camera_ros2/install/astra_camera:/home/klein/ros2move_ws/install/pkg01_helloworld_cpp:/home/klein/ros2move_ws/install/cpp01_topic:/opt/ros/foxy LD_LIBRARY_PATH=/home/klein/camera_ros2/install/astra_camera_msgs/lib:/home/klein/camera_ros2/install/astra_camera/lib:/usr/local/lib:/opt/ros/foxy/opt/yaml_cpp_vendor/lib:/opt/ros/foxy/opt/rviz_ogre_vendor/lib:/opt/ros/foxy/lib/x86_64-linux-gnu:/opt/ros/foxy/lib /usr/bin/cmake --install /home/klein/camera_ros2/build/astra_camera
[1.264s] -- Install configuration: "Debug"
[1.265s] -- Up-to-date: /home/klein/camera_ros2/install/astra_camera/lib/libastra_camera.so
[1.268s] -- Up-to-date: /home/klein/camera_ros2/install/astra_camera/lib/libOpenNI2.so
[1.286s] -- Up-to-date: /home/klein/camera_ros2/install/astra_camera/lib//OpenNI2
[1.286s] -- Up-to-date: /home/klein/camera_ros2/install/astra_camera/lib//OpenNI2/Drivers
[1.286s] -- Up-to-date: /home/klein/camera_ros2/install/astra_camera/lib//OpenNI2/Drivers/orbbec.ini
[1.287s] -- Up-to-date: /home/klein/camera_ros2/install/astra_camera/lib//OpenNI2/Drivers/liborbbec.so
[1.287s] -- Up-to-date: /home/klein/camera_ros2/install/astra_camera/lib//OpenNI2/Drivers/libOniFile.so
[1.287s] -- Up-to-date: /home/klein/camera_ros2/install/astra_camera/lib//OpenNI2/Drivers/OniFile.ini
[1.287s] -- Up-to-date: /home/klein/camera_ros2/install/astra_camera/lib/astra_camera/list_devices_node
[1.287s] -- Up-to-date: /home/klein/camera_ros2/install/astra_camera/include
[1.288s] -- Up-to-date: /home/klein/camera_ros2/install/astra_camera/include/astra_camera
[1.288s] -- Up-to-date: /home/klein/camera_ros2/install/astra_camera/include/astra_camera/uvc_camera_driver.h
[1.288s] -- Up-to-date: /home/klein/camera_ros2/install/astra_camera/include/astra_camera/dynamic_params.h
[1.288s] -- Up-to-date: /home/klein/camera_ros2/install/astra_camera/include/astra_camera/device_listener.h
[1.288s] -- Up-to-date: /home/klein/camera_ros2/install/astra_camera/include/astra_camera/ob_timer_filter.h
[1.288s] -- Up-to-date: /home/klein/camera_ros2/install/astra_camera/include/astra_camera/point_cloud_proc
[1.289s] -- Up-to-date: /home/klein/camera_ros2/install/astra_camera/include/astra_camera/point_cloud_proc/point_cloud_xyzrgb.h
[1.289s] -- Up-to-date: /home/klein/camera_ros2/install/astra_camera/include/astra_camera/point_cloud_proc/depth_traits.h
[1.289s] -- Up-to-date: /home/klein/camera_ros2/install/astra_camera/include/astra_camera/point_cloud_proc/point_cloud_xyz.h
[1.289s] -- Up-to-date: /home/klein/camera_ros2/install/astra_camera/include/astra_camera/ob_frame_listener.h
[1.290s] -- Up-to-date: /home/klein/camera_ros2/install/astra_camera/include/astra_camera/ob_camera_node.h
[1.290s] -- Up-to-date: /home/klein/camera_ros2/install/astra_camera/include/astra_camera/utils.h
[1.298s] -- Up-to-date: /home/klein/camera_ros2/install/astra_camera/include/astra_camera/ob_camera_node_factory.h
[1.298s] -- Up-to-date: /home/klein/camera_ros2/install/astra_camera/include/astra_camera/ros_param_backend.h
[1.299s] -- Up-to-date: /home/klein/camera_ros2/install/astra_camera/include/astra_camera/types.h
[1.299s] -- Up-to-date: /home/klein/camera_ros2/install/astra_camera/include/astra_camera/constants.h
[1.299s] -- Up-to-date: /home/klein/camera_ros2/install/astra_camera/include/openni2
[1.299s] -- Up-to-date: /home/klein/camera_ros2/install/astra_camera/include/openni2/Linux-Arm
[1.299s] -- Up-to-date: /home/klein/camera_ros2/install/astra_camera/include/openni2/Linux-Arm/OniPlatformLinux-Arm.h
[1.300s] -- Up-to-date: /home/klein/camera_ros2/install/astra_camera/include/openni2/OniProperties.h
[1.300s] -- Up-to-date: /home/klein/camera_ros2/install/astra_camera/include/openni2/Driver
[1.300s] -- Up-to-date: /home/klein/camera_ros2/install/astra_camera/include/openni2/Driver/OniDriverAPI.h
[1.301s] -- Up-to-date: /home/klein/camera_ros2/install/astra_camera/include/openni2/Driver/OniDriverTypes.h
[1.306s] -- Up-to-date: /home/klein/camera_ros2/install/astra_camera/include/openni2/OniTest.h
[1.306s] -- Up-to-date: /home/klein/camera_ros2/install/astra_camera/include/openni2/KinectProperties.h
[1.312s] -- Up-to-date: /home/klein/camera_ros2/install/astra_camera/include/openni2/PrimeSense.h
[1.312s] -- Up-to-date: /home/klein/camera_ros2/install/astra_camera/include/openni2/MacOSX
[1.312s] -- Up-to-date: /home/klein/camera_ros2/install/astra_camera/include/openni2/MacOSX/OniPlatformMacOSX.h
[1.312s] -- Up-to-date: /home/klein/camera_ros2/install/astra_camera/include/openni2/OniVersion.h
[1.312s] -- Up-to-date: /home/klein/camera_ros2/install/astra_camera/include/openni2/PSLink.h
[1.312s] -- Up-to-date: /home/klein/camera_ros2/install/astra_camera/include/openni2/OpenNI.h
[1.313s] -- Up-to-date: /home/klein/camera_ros2/install/astra_camera/include/openni2/OniCEnums.h
[1.313s] -- Up-to-date: /home/klein/camera_ros2/install/astra_camera/include/openni2/OniCProperties.h
[1.313s] -- Up-to-date: /home/klein/camera_ros2/install/astra_camera/include/openni2/OniCAPI.h
[1.313s] -- Up-to-date: /home/klein/camera_ros2/install/astra_camera/include/openni2/OniCTypes.h
[1.313s] -- Up-to-date: /home/klein/camera_ros2/install/astra_camera/include/openni2/Android-Arm
[1.313s] -- Up-to-date: /home/klein/camera_ros2/install/astra_camera/include/openni2/Android-Arm/OniPlatformAndroid-Arm.h
[1.313s] -- Up-to-date: /home/klein/camera_ros2/install/astra_camera/include/openni2/OniEnums.h
[1.314s] -- Up-to-date: /home/klein/camera_ros2/install/astra_camera/include/openni2/PS1080.h
[1.314s] -- Up-to-date: /home/klein/camera_ros2/install/astra_camera/include/openni2/OniPlatform.h
[1.314s] -- Up-to-date: /home/klein/camera_ros2/install/astra_camera/include/openni2/Linux-x86
[1.314s] -- Up-to-date: /home/klein/camera_ros2/install/astra_camera/include/openni2/Linux-x86/OniPlatformLinux-x86.h
[1.314s] -- Up-to-date: /home/klein/camera_ros2/install/astra_camera/include/openni2/openni2_redist
[1.314s] -- Up-to-date: /home/klein/camera_ros2/install/astra_camera/include/openni2/openni2_redist/x64
[1.315s] -- Up-to-date: /home/klein/camera_ros2/install/astra_camera/include/openni2/openni2_redist/x64/libOpenNI2.so
[1.315s] -- Up-to-date: /home/klein/camera_ros2/install/astra_camera/include/openni2/openni2_redist/x64/OpenNI.ini
[1.315s] -- Up-to-date: /home/klein/camera_ros2/install/astra_camera/include/openni2/openni2_redist/x64/OpenNI2
[1.321s] -- Up-to-date: /home/klein/camera_ros2/install/astra_camera/include/openni2/openni2_redist/x64/OpenNI2/Drivers
[1.321s] -- Up-to-date: /home/klein/camera_ros2/install/astra_camera/include/openni2/openni2_redist/x64/OpenNI2/Drivers/orbbec.ini
[1.321s] -- Up-to-date: /home/klein/camera_ros2/install/astra_camera/include/openni2/openni2_redist/x64/OpenNI2/Drivers/liborbbec.so
[1.325s] -- Up-to-date: /home/klein/camera_ros2/install/astra_camera/include/openni2/openni2_redist/x64/OpenNI2/Drivers/libOniFile.so
[1.333s] -- Up-to-date: /home/klein/camera_ros2/install/astra_camera/include/openni2/openni2_redist/x64/OpenNI2/Drivers/OniFile.ini
[1.333s] -- Up-to-date: /home/klein/camera_ros2/install/astra_camera/include/openni2/openni2_redist/arm
[1.333s] -- Up-to-date: /home/klein/camera_ros2/install/astra_camera/include/openni2/openni2_redist/arm/libOpenNI2.so
[1.333s] -- Up-to-date: /home/klein/camera_ros2/install/astra_camera/include/openni2/openni2_redist/arm/NiViewer
[1.333s] -- Up-to-date: /home/klein/camera_ros2/install/astra_camera/include/openni2/openni2_redist/arm/libDepthUtils.a
[1.333s] -- Up-to-date: /home/klein/camera_ros2/install/astra_camera/include/openni2/openni2_redist/arm/PS1080Console
[1.333s] -- Up-to-date: /home/klein/camera_ros2/install/astra_camera/include/openni2/openni2_redist/arm/SimpleRead
[1.334s] -- Up-to-date: /home/klein/camera_ros2/install/astra_camera/include/openni2/openni2_redist/arm/OpenNI.ini
[1.334s] -- Up-to-date: /home/klein/camera_ros2/install/astra_camera/include/openni2/openni2_redist/arm/OpenNI2
[1.334s] -- Up-to-date: /home/klein/camera_ros2/install/astra_camera/include/openni2/openni2_redist/arm/OpenNI2/Drivers
[1.334s] -- Up-to-date: /home/klein/camera_ros2/install/astra_camera/include/openni2/openni2_redist/arm/OpenNI2/Drivers/orbbec.ini
[1.334s] -- Up-to-date: /home/klein/camera_ros2/install/astra_camera/include/openni2/openni2_redist/arm/OpenNI2/Drivers/liborbbec.so
[1.334s] -- Up-to-date: /home/klein/camera_ros2/install/astra_camera/include/openni2/openni2_redist/arm/OpenNI2/Drivers/libOniFile.so
[1.335s] -- Up-to-date: /home/klein/camera_ros2/install/astra_camera/include/openni2/openni2_redist/arm/OpenNI2/Drivers/OniFile.ini
[1.335s] -- Up-to-date: /home/klein/camera_ros2/install/astra_camera/include/openni2/openni2_redist/arm64
[1.335s] -- Up-to-date: /home/klein/camera_ros2/install/astra_camera/include/openni2/openni2_redist/arm64/libOpenNI2.so
[1.335s] -- Up-to-date: /home/klein/camera_ros2/install/astra_camera/include/openni2/openni2_redist/arm64/NiViewer
[1.336s] -- Up-to-date: /home/klein/camera_ros2/install/astra_camera/include/openni2/openni2_redist/arm64/libDepthUtils.a
[1.336s] -- Up-to-date: /home/klein/camera_ros2/install/astra_camera/include/openni2/openni2_redist/arm64/PS1080Console
[1.336s] -- Up-to-date: /home/klein/camera_ros2/install/astra_camera/include/openni2/openni2_redist/arm64/SimpleRead
[1.336s] -- Up-to-date: /home/klein/camera_ros2/install/astra_camera/include/openni2/openni2_redist/arm64/OpenNI.ini
[1.336s] -- Up-to-date: /home/klein/camera_ros2/install/astra_camera/include/openni2/openni2_redist/arm64/OpenNI2
[1.337s] -- Up-to-date: /home/klein/camera_ros2/install/astra_camera/include/openni2/openni2_redist/arm64/OpenNI2/Drivers
[1.337s] -- Up-to-date: /home/klein/camera_ros2/install/astra_camera/include/openni2/openni2_redist/arm64/OpenNI2/Drivers/orbbec.ini
[1.337s] -- Up-to-date: /home/klein/camera_ros2/install/astra_camera/include/openni2/openni2_redist/arm64/OpenNI2/Drivers/liborbbec.so
[1.337s] -- Up-to-date: /home/klein/camera_ros2/install/astra_camera/include/openni2/openni2_redist/arm64/OpenNI2/Drivers/libOniFile.so
[1.337s] -- Up-to-date: /home/klein/camera_ros2/install/astra_camera/include/openni2/openni2_redist/arm64/OpenNI2/Drivers/OniFile.ini
[1.337s] -- Up-to-date: /home/klein/camera_ros2/install/astra_camera/include/openni2/SonixCamera.h
[1.338s] -- Up-to-date: /home/klein/camera_ros2/install/astra_camera/include/openni2/Win32
[1.338s] -- Up-to-date: /home/klein/camera_ros2/install/astra_camera/include/openni2/Win32/OniPlatformWin32.h
[1.338s] -- Up-to-date: /home/klein/camera_ros2/install/astra_camera/include/openni2/util.h
[1.338s] -- Up-to-date: /home/klein/camera_ros2/install/astra_camera/share/astra_camera//launch
[1.338s] -- Up-to-date: /home/klein/camera_ros2/install/astra_camera/share/astra_camera//launch/multi_dabai_pro.launch.py
[1.338s] -- Up-to-date: /home/klein/camera_ros2/install/astra_camera/share/astra_camera//launch/multi_dabai.launch.py
[1.338s] -- Up-to-date: /home/klein/camera_ros2/install/astra_camera/share/astra_camera//launch/dabai_pro.launch.py
[1.339s] -- Up-to-date: /home/klein/camera_ros2/install/astra_camera/share/astra_camera//launch/.gitkeep
[1.339s] -- Up-to-date: /home/klein/camera_ros2/install/astra_camera/share/astra_camera//launch/multi_dabai_dw.launch.py
[1.378s] -- Up-to-date: /home/klein/camera_ros2/install/astra_camera/share/astra_camera//launch/multi_astra_mini.launch.py
[1.379s] -- Up-to-date: /home/klein/camera_ros2/install/astra_camera/share/astra_camera//launch/dabai_dcw.launch.py
[1.379s] -- Up-to-date: /home/klein/camera_ros2/install/astra_camera/share/astra_camera//launch/dabai_dw.launch.py
[1.379s] -- Up-to-date: /home/klein/camera_ros2/install/astra_camera/share/astra_camera//launch/dabai.launch.py
[1.379s] -- Up-to-date: /home/klein/camera_ros2/install/astra_camera/share/astra_camera//launch/astra_mini.launch.py
[1.380s] -- Up-to-date: /home/klein/camera_ros2/install/astra_camera/share/astra_camera//launch/multi_dabai_dcw.launch.py
[1.380s] -- Up-to-date: /home/klein/camera_ros2/install/astra_camera/share/astra_camera//config
[1.380s] -- Up-to-date: /home/klein/camera_ros2/install/astra_camera/share/astra_camera//config/.gitkeep
[1.388s] -- Up-to-date: /home/klein/camera_ros2/install/astra_camera/share/astra_camera//params
[1.388s] -- Up-to-date: /home/klein/camera_ros2/install/astra_camera/share/astra_camera//params/.gitkeep
[1.388s] -- Up-to-date: /home/klein/camera_ros2/install/astra_camera/share/astra_camera//params/astra_mini_params.yaml
[1.389s] -- Up-to-date: /home/klein/camera_ros2/install/astra_camera/share/astra_camera//params/dabai_dw_params.yaml
[1.389s] -- Up-to-date: /home/klein/camera_ros2/install/astra_camera/share/astra_camera//params/dabai_pro_params.yaml
[1.389s] -- Up-to-date: /home/klein/camera_ros2/install/astra_camera/share/astra_camera//params/camera_params_template.yaml
[1.389s] -- Up-to-date: /home/klein/camera_ros2/install/astra_camera/share/astra_camera//params/dabai_params.yaml
[1.389s] -- Up-to-date: /home/klein/camera_ros2/install/astra_camera/share/astra_camera//params/dabai_dcw_params.yaml
[1.389s] -- Up-to-date: /home/klein/camera_ros2/install/astra_camera/share/astra_camera//rviz
[1.389s] -- Up-to-date: /home/klein/camera_ros2/install/astra_camera/share/astra_camera//rviz/.gitkeep
[1.389s] -- Up-to-date: /home/klein/camera_ros2/install/astra_camera/share/astra_camera//rviz/pointcloud.rviz
[1.389s] -- Up-to-date: /home/klein/camera_ros2/install/astra_camera/share/astra_camera//rviz/multi_camera.rviz
[1.390s] -- Up-to-date: /home/klein/camera_ros2/install/astra_camera/share/astra_camera/environment/library_path.sh
[1.390s] -- Up-to-date: /home/klein/camera_ros2/install/astra_camera/share/astra_camera/environment/library_path.dsv
[1.390s] -- Up-to-date: /home/klein/camera_ros2/install/astra_camera/share/ament_index/resource_index/package_run_dependencies/astra_camera
[1.390s] -- Up-to-date: /home/klein/camera_ros2/install/astra_camera/share/ament_index/resource_index/parent_prefix_path/astra_camera
[1.390s] -- Up-to-date: /home/klein/camera_ros2/install/astra_camera/share/astra_camera/environment/ament_prefix_path.sh
[1.390s] -- Up-to-date: /home/klein/camera_ros2/install/astra_camera/share/astra_camera/environment/ament_prefix_path.dsv
[1.391s] -- Up-to-date: /home/klein/camera_ros2/install/astra_camera/share/astra_camera/environment/path.sh
[1.391s] -- Up-to-date: /home/klein/camera_ros2/install/astra_camera/share/astra_camera/environment/path.dsv
[1.391s] -- Up-to-date: /home/klein/camera_ros2/install/astra_camera/share/astra_camera/local_setup.bash
[1.391s] -- Up-to-date: /home/klein/camera_ros2/install/astra_camera/share/astra_camera/local_setup.sh
[1.391s] -- Up-to-date: /home/klein/camera_ros2/install/astra_camera/share/astra_camera/local_setup.zsh
[1.391s] -- Up-to-date: /home/klein/camera_ros2/install/astra_camera/share/astra_camera/local_setup.dsv
[1.392s] -- Installing: /home/klein/camera_ros2/install/astra_camera/share/astra_camera/package.dsv
[1.392s] -- Up-to-date: /home/klein/camera_ros2/install/astra_camera/share/ament_index/resource_index/packages/astra_camera
[1.392s] -- Up-to-date: /home/klein/camera_ros2/install/astra_camera/share/ament_index/resource_index/rclcpp_components/astra_camera
[1.392s] -- Up-to-date: /home/klein/camera_ros2/install/astra_camera/share/astra_camera/cmake/ament_cmake_export_include_directories-extras.cmake
[1.392s] -- Up-to-date: /home/klein/camera_ros2/install/astra_camera/share/astra_camera/cmake/ament_cmake_export_libraries-extras.cmake
[1.393s] -- Up-to-date: /home/klein/camera_ros2/install/astra_camera/share/astra_camera/cmake/ament_cmake_export_dependencies-extras.cmake
[1.393s] -- Up-to-date: /home/klein/camera_ros2/install/astra_camera/share/astra_camera/cmake/astra_cameraConfig.cmake
[1.393s] -- Up-to-date: /home/klein/camera_ros2/install/astra_camera/share/astra_camera/cmake/astra_cameraConfig-version.cmake
[1.393s] -- Up-to-date: /home/klein/camera_ros2/install/astra_camera/share/astra_camera/package.xml
[1.394s] Invoked command in '/home/klein/camera_ros2/build/astra_camera' returned '0': CMAKE_PREFIX_PATH=/home/klein/camera_ros2/install/astra_camera_msgs:/home/klein/camera_ros2/install/opencv_use:/home/klein/camera_ros2/install/astra_camera:/home/klein/ros2move_ws/install/pkg01_helloworld_cpp:/home/klein/ros2move_ws/install/cpp01_topic:/opt/ros/foxy LD_LIBRARY_PATH=/home/klein/camera_ros2/install/astra_camera_msgs/lib:/home/klein/camera_ros2/install/astra_camera/lib:/usr/local/lib:/opt/ros/foxy/opt/yaml_cpp_vendor/lib:/opt/ros/foxy/opt/rviz_ogre_vendor/lib:/opt/ros/foxy/lib/x86_64-linux-gnu:/opt/ros/foxy/lib /usr/bin/cmake --install /home/klein/camera_ros2/build/astra_camera
