[0.077s] Invoking command in '/home/klein/camera_ros2/build/astra_camera_msgs': CMAKE_PREFIX_PATH=${CMAKE_PREFIX_PATH}:/home/klein/camera_ros2/install/demo_cv_image:/opt/ros/foxy /usr/bin/cmake --build /home/klein/camera_ros2/build/astra_camera_msgs -- -j4 -l4
[0.284s] [  1%] Built target astra_camera_msgs__cpp
[0.290s] [ 12%] Built target astra_camera_msgs__rosidl_generator_c
[0.410s] [ 24%] Built target astra_camera_msgs__rosidl_typesupport_introspection_cpp
[0.433s] [ 35%] Built target astra_camera_msgs__rosidl_typesupport_fastrtps_cpp
[0.478s] [ 47%] Built target astra_camera_msgs__rosidl_typesupport_cpp
[0.551s] [ 58%] Built target astra_camera_msgs__rosidl_typesupport_c
[0.581s] [ 72%] Built target astra_camera_msgs__rosidl_typesupport_introspection_c
[0.581s] [ 82%] Built target astra_camera_msgs__rosidl_typesupport_fastrtps_c
[0.658s] [ 82%] Built target astra_camera_msgs
[0.726s] [ 83%] Built target astra_camera_msgs__py
[0.830s] [ 93%] Built target astra_camera_msgs__python
[0.929s] [ 95%] Built target astra_camera_msgs__rosidl_typesupport_c__pyext
[0.954s] [ 97%] Built target astra_camera_msgs__rosidl_typesupport_fastrtps_c__pyext
[0.964s] [100%] Built target astra_camera_msgs__rosidl_typesupport_introspection_c__pyext
[1.001s] Invoked command in '/home/klein/camera_ros2/build/astra_camera_msgs' returned '0': CMAKE_PREFIX_PATH=${CMAKE_PREFIX_PATH}:/home/klein/camera_ros2/install/demo_cv_image:/opt/ros/foxy /usr/bin/cmake --build /home/klein/camera_ros2/build/astra_camera_msgs -- -j4 -l4
[1.596s] Invoking command in '/home/klein/camera_ros2/build/astra_camera_msgs': CMAKE_PREFIX_PATH=${CMAKE_PREFIX_PATH}:/home/klein/camera_ros2/install/demo_cv_image:/opt/ros/foxy /usr/bin/cmake --install /home/klein/camera_ros2/build/astra_camera_msgs
[1.624s] -- Install configuration: ""
[1.625s] -- Up-to-date: /home/klein/camera_ros2/install/astra_camera_msgs/share/ament_index/resource_index/rosidl_interfaces/astra_camera_msgs
[1.626s] -- Up-to-date: /home/klein/camera_ros2/install/astra_camera_msgs/include/astra_camera_msgs
[1.626s] -- Up-to-date: /home/klein/camera_ros2/install/astra_camera_msgs/include/astra_camera_msgs/srv
[1.627s] -- Up-to-date: /home/klein/camera_ros2/install/astra_camera_msgs/include/astra_camera_msgs/srv/detail
[1.628s] -- Up-to-date: /home/klein/camera_ros2/install/astra_camera_msgs/include/astra_camera_msgs/srv/detail/get_camera_info__struct.h
[1.628s] -- Up-to-date: /home/klein/camera_ros2/install/astra_camera_msgs/include/astra_camera_msgs/srv/detail/get_device_info__functions.c
[1.629s] -- Up-to-date: /home/klein/camera_ros2/install/astra_camera_msgs/include/astra_camera_msgs/srv/detail/get_camera_info__functions.c
[1.629s] -- Up-to-date: /home/klein/camera_ros2/install/astra_camera_msgs/include/astra_camera_msgs/srv/detail/get_camera_params__functions.c
[1.629s] -- Up-to-date: /home/klein/camera_ros2/install/astra_camera_msgs/include/astra_camera_msgs/srv/detail/get_string__struct.h
[1.630s] -- Up-to-date: /home/klein/camera_ros2/install/astra_camera_msgs/include/astra_camera_msgs/srv/detail/get_int32__type_support.h
[1.630s] -- Up-to-date: /home/klein/camera_ros2/install/astra_camera_msgs/include/astra_camera_msgs/srv/detail/get_camera_info__type_support.h
[1.630s] -- Up-to-date: /home/klein/camera_ros2/install/astra_camera_msgs/include/astra_camera_msgs/srv/detail/set_int32__struct.h
[1.631s] -- Up-to-date: /home/klein/camera_ros2/install/astra_camera_msgs/include/astra_camera_msgs/srv/detail/get_string__type_support.h
[1.631s] -- Up-to-date: /home/klein/camera_ros2/install/astra_camera_msgs/include/astra_camera_msgs/srv/detail/get_camera_params__struct.h
[1.631s] -- Up-to-date: /home/klein/camera_ros2/install/astra_camera_msgs/include/astra_camera_msgs/srv/detail/get_device_info__struct.h
[1.631s] -- Up-to-date: /home/klein/camera_ros2/install/astra_camera_msgs/include/astra_camera_msgs/srv/detail/get_int32__functions.c
[1.631s] -- Up-to-date: /home/klein/camera_ros2/install/astra_camera_msgs/include/astra_camera_msgs/srv/detail/get_device_info__functions.h
[1.636s] -- Up-to-date: /home/klein/camera_ros2/install/astra_camera_msgs/include/astra_camera_msgs/srv/detail/set_int32__functions.c
[1.638s] -- Up-to-date: /home/klein/camera_ros2/install/astra_camera_msgs/include/astra_camera_msgs/srv/detail/get_camera_info__functions.h
[1.643s] -- Up-to-date: /home/klein/camera_ros2/install/astra_camera_msgs/include/astra_camera_msgs/srv/detail/get_int32__struct.h
[1.644s] -- Up-to-date: /home/klein/camera_ros2/install/astra_camera_msgs/include/astra_camera_msgs/srv/detail/get_int32__functions.h
[1.645s] -- Up-to-date: /home/klein/camera_ros2/install/astra_camera_msgs/include/astra_camera_msgs/srv/detail/get_camera_params__functions.h
[1.646s] -- Up-to-date: /home/klein/camera_ros2/install/astra_camera_msgs/include/astra_camera_msgs/srv/detail/set_int32__type_support.h
[1.647s] -- Up-to-date: /home/klein/camera_ros2/install/astra_camera_msgs/include/astra_camera_msgs/srv/detail/get_device_info__type_support.h
[1.647s] -- Up-to-date: /home/klein/camera_ros2/install/astra_camera_msgs/include/astra_camera_msgs/srv/detail/get_camera_params__type_support.h
[1.651s] -- Up-to-date: /home/klein/camera_ros2/install/astra_camera_msgs/include/astra_camera_msgs/srv/detail/set_int32__functions.h
[1.652s] -- Up-to-date: /home/klein/camera_ros2/install/astra_camera_msgs/include/astra_camera_msgs/srv/detail/get_string__functions.h
[1.652s] -- Up-to-date: /home/klein/camera_ros2/install/astra_camera_msgs/include/astra_camera_msgs/srv/detail/get_string__functions.c
[1.652s] -- Up-to-date: /home/klein/camera_ros2/install/astra_camera_msgs/include/astra_camera_msgs/srv/set_int32.h
[1.653s] -- Up-to-date: /home/klein/camera_ros2/install/astra_camera_msgs/include/astra_camera_msgs/srv/get_camera_params.h
[1.653s] -- Up-to-date: /home/klein/camera_ros2/install/astra_camera_msgs/include/astra_camera_msgs/srv/get_string.h
[1.653s] -- Up-to-date: /home/klein/camera_ros2/install/astra_camera_msgs/include/astra_camera_msgs/srv/get_device_info.h
[1.653s] -- Up-to-date: /home/klein/camera_ros2/install/astra_camera_msgs/include/astra_camera_msgs/srv/get_int32.h
[1.654s] -- Up-to-date: /home/klein/camera_ros2/install/astra_camera_msgs/include/astra_camera_msgs/srv/get_camera_info.h
[1.654s] -- Up-to-date: /home/klein/camera_ros2/install/astra_camera_msgs/include/astra_camera_msgs/msg
[1.654s] -- Up-to-date: /home/klein/camera_ros2/install/astra_camera_msgs/include/astra_camera_msgs/msg/detail
[1.654s] -- Up-to-date: /home/klein/camera_ros2/install/astra_camera_msgs/include/astra_camera_msgs/msg/detail/extrinsics__functions.h
[1.654s] -- Up-to-date: /home/klein/camera_ros2/install/astra_camera_msgs/include/astra_camera_msgs/msg/detail/metadata__functions.c
[1.655s] -- Up-to-date: /home/klein/camera_ros2/install/astra_camera_msgs/include/astra_camera_msgs/msg/detail/device_info__functions.h
[1.655s] -- Up-to-date: /home/klein/camera_ros2/install/astra_camera_msgs/include/astra_camera_msgs/msg/detail/device_info__type_support.h
[1.655s] -- Up-to-date: /home/klein/camera_ros2/install/astra_camera_msgs/include/astra_camera_msgs/msg/detail/extrinsics__struct.h
[1.655s] -- Up-to-date: /home/klein/camera_ros2/install/astra_camera_msgs/include/astra_camera_msgs/msg/detail/metadata__struct.h
[1.655s] -- Up-to-date: /home/klein/camera_ros2/install/astra_camera_msgs/include/astra_camera_msgs/msg/detail/device_info__struct.h
[1.655s] -- Up-to-date: /home/klein/camera_ros2/install/astra_camera_msgs/include/astra_camera_msgs/msg/detail/metadata__type_support.h
[1.656s] -- Up-to-date: /home/klein/camera_ros2/install/astra_camera_msgs/include/astra_camera_msgs/msg/detail/device_info__functions.c
[1.656s] -- Up-to-date: /home/klein/camera_ros2/install/astra_camera_msgs/include/astra_camera_msgs/msg/detail/extrinsics__functions.c
[1.656s] -- Up-to-date: /home/klein/camera_ros2/install/astra_camera_msgs/include/astra_camera_msgs/msg/detail/metadata__functions.h
[1.656s] -- Up-to-date: /home/klein/camera_ros2/install/astra_camera_msgs/include/astra_camera_msgs/msg/detail/extrinsics__type_support.h
[1.656s] -- Up-to-date: /home/klein/camera_ros2/install/astra_camera_msgs/include/astra_camera_msgs/msg/device_info.h
[1.657s] -- Up-to-date: /home/klein/camera_ros2/install/astra_camera_msgs/include/astra_camera_msgs/msg/extrinsics.h
[1.657s] -- Up-to-date: /home/klein/camera_ros2/install/astra_camera_msgs/include/astra_camera_msgs/msg/rosidl_generator_c__visibility_control.h
[1.657s] -- Up-to-date: /home/klein/camera_ros2/install/astra_camera_msgs/include/astra_camera_msgs/msg/metadata.h
[1.657s] -- Up-to-date: /home/klein/camera_ros2/install/astra_camera_msgs/share/astra_camera_msgs/environment/library_path.sh
[1.657s] -- Up-to-date: /home/klein/camera_ros2/install/astra_camera_msgs/share/astra_camera_msgs/environment/library_path.dsv
[1.658s] -- Up-to-date: /home/klein/camera_ros2/install/astra_camera_msgs/lib/libastra_camera_msgs__rosidl_generator_c.so
[1.658s] -- Up-to-date: /home/klein/camera_ros2/install/astra_camera_msgs/include/astra_camera_msgs
[1.658s] -- Up-to-date: /home/klein/camera_ros2/install/astra_camera_msgs/include/astra_camera_msgs/srv
[1.659s] -- Up-to-date: /home/klein/camera_ros2/install/astra_camera_msgs/include/astra_camera_msgs/srv/detail
[1.659s] -- Up-to-date: /home/klein/camera_ros2/install/astra_camera_msgs/include/astra_camera_msgs/srv/detail/get_camera_info__rosidl_typesupport_fastrtps_c.h
[1.659s] -- Up-to-date: /home/klein/camera_ros2/install/astra_camera_msgs/include/astra_camera_msgs/srv/detail/set_int32__rosidl_typesupport_fastrtps_c.h
[1.659s] -- Up-to-date: /home/klein/camera_ros2/install/astra_camera_msgs/include/astra_camera_msgs/srv/detail/get_camera_params__rosidl_typesupport_fastrtps_c.h
[1.659s] -- Up-to-date: /home/klein/camera_ros2/install/astra_camera_msgs/include/astra_camera_msgs/srv/detail/get_device_info__rosidl_typesupport_fastrtps_c.h
[1.662s] -- Up-to-date: /home/klein/camera_ros2/install/astra_camera_msgs/include/astra_camera_msgs/srv/detail/get_int32__rosidl_typesupport_fastrtps_c.h
[1.668s] -- Up-to-date: /home/klein/camera_ros2/install/astra_camera_msgs/include/astra_camera_msgs/srv/detail/get_string__rosidl_typesupport_fastrtps_c.h
[1.668s] -- Up-to-date: /home/klein/camera_ros2/install/astra_camera_msgs/include/astra_camera_msgs/msg
[1.668s] -- Up-to-date: /home/klein/camera_ros2/install/astra_camera_msgs/include/astra_camera_msgs/msg/detail
[1.669s] -- Up-to-date: /home/klein/camera_ros2/install/astra_camera_msgs/include/astra_camera_msgs/msg/detail/metadata__rosidl_typesupport_fastrtps_c.h
[1.669s] -- Up-to-date: /home/klein/camera_ros2/install/astra_camera_msgs/include/astra_camera_msgs/msg/detail/device_info__rosidl_typesupport_fastrtps_c.h
[1.669s] -- Up-to-date: /home/klein/camera_ros2/install/astra_camera_msgs/include/astra_camera_msgs/msg/detail/extrinsics__rosidl_typesupport_fastrtps_c.h
[1.669s] -- Up-to-date: /home/klein/camera_ros2/install/astra_camera_msgs/include/astra_camera_msgs/msg/rosidl_typesupport_fastrtps_c__visibility_control.h
[1.670s] -- Up-to-date: /home/klein/camera_ros2/install/astra_camera_msgs/lib/libastra_camera_msgs__rosidl_typesupport_fastrtps_c.so
[1.670s] -- Up-to-date: /home/klein/camera_ros2/install/astra_camera_msgs/include/astra_camera_msgs
[1.670s] -- Up-to-date: /home/klein/camera_ros2/install/astra_camera_msgs/include/astra_camera_msgs/srv
[1.670s] -- Up-to-date: /home/klein/camera_ros2/install/astra_camera_msgs/include/astra_camera_msgs/srv/detail
[1.670s] -- Up-to-date: /home/klein/camera_ros2/install/astra_camera_msgs/include/astra_camera_msgs/srv/detail/get_string__rosidl_typesupport_fastrtps_cpp.hpp
[1.671s] -- Up-to-date: /home/klein/camera_ros2/install/astra_camera_msgs/include/astra_camera_msgs/srv/detail/get_camera_params__rosidl_typesupport_fastrtps_cpp.hpp
[1.671s] -- Up-to-date: /home/klein/camera_ros2/install/astra_camera_msgs/include/astra_camera_msgs/srv/detail/get_camera_info__rosidl_typesupport_fastrtps_cpp.hpp
[1.671s] -- Up-to-date: /home/klein/camera_ros2/install/astra_camera_msgs/include/astra_camera_msgs/srv/detail/get_int32__rosidl_typesupport_fastrtps_cpp.hpp
[1.671s] -- Up-to-date: /home/klein/camera_ros2/install/astra_camera_msgs/include/astra_camera_msgs/srv/detail/dds_fastrtps
[1.671s] -- Up-to-date: /home/klein/camera_ros2/install/astra_camera_msgs/include/astra_camera_msgs/srv/detail/set_int32__rosidl_typesupport_fastrtps_cpp.hpp
[1.672s] -- Up-to-date: /home/klein/camera_ros2/install/astra_camera_msgs/include/astra_camera_msgs/srv/detail/get_device_info__rosidl_typesupport_fastrtps_cpp.hpp
[1.672s] -- Up-to-date: /home/klein/camera_ros2/install/astra_camera_msgs/include/astra_camera_msgs/msg
[1.672s] -- Up-to-date: /home/klein/camera_ros2/install/astra_camera_msgs/include/astra_camera_msgs/msg/detail
[1.672s] -- Up-to-date: /home/klein/camera_ros2/install/astra_camera_msgs/include/astra_camera_msgs/msg/detail/metadata__rosidl_typesupport_fastrtps_cpp.hpp
[1.673s] -- Up-to-date: /home/klein/camera_ros2/install/astra_camera_msgs/include/astra_camera_msgs/msg/detail/device_info__rosidl_typesupport_fastrtps_cpp.hpp
[1.673s] -- Up-to-date: /home/klein/camera_ros2/install/astra_camera_msgs/include/astra_camera_msgs/msg/detail/dds_fastrtps
[1.673s] -- Up-to-date: /home/klein/camera_ros2/install/astra_camera_msgs/include/astra_camera_msgs/msg/detail/extrinsics__rosidl_typesupport_fastrtps_cpp.hpp
[1.673s] -- Up-to-date: /home/klein/camera_ros2/install/astra_camera_msgs/include/astra_camera_msgs/msg/rosidl_typesupport_fastrtps_cpp__visibility_control.h
[1.673s] -- Up-to-date: /home/klein/camera_ros2/install/astra_camera_msgs/lib/libastra_camera_msgs__rosidl_typesupport_fastrtps_cpp.so
[1.674s] -- Up-to-date: /home/klein/camera_ros2/install/astra_camera_msgs/include/astra_camera_msgs
[1.674s] -- Up-to-date: /home/klein/camera_ros2/install/astra_camera_msgs/include/astra_camera_msgs/srv
[1.674s] -- Up-to-date: /home/klein/camera_ros2/install/astra_camera_msgs/include/astra_camera_msgs/srv/detail
[1.674s] -- Up-to-date: /home/klein/camera_ros2/install/astra_camera_msgs/include/astra_camera_msgs/srv/detail/get_device_info__type_support.c
[1.675s] -- Up-to-date: /home/klein/camera_ros2/install/astra_camera_msgs/include/astra_camera_msgs/srv/detail/get_int32__rosidl_typesupport_introspection_c.h
[1.676s] -- Up-to-date: /home/klein/camera_ros2/install/astra_camera_msgs/include/astra_camera_msgs/srv/detail/get_camera_info__rosidl_typesupport_introspection_c.h
[1.676s] -- Up-to-date: /home/klein/camera_ros2/install/astra_camera_msgs/include/astra_camera_msgs/srv/detail/get_string__rosidl_typesupport_introspection_c.h
[1.677s] -- Up-to-date: /home/klein/camera_ros2/install/astra_camera_msgs/include/astra_camera_msgs/srv/detail/get_int32__type_support.c
[1.677s] -- Up-to-date: /home/klein/camera_ros2/install/astra_camera_msgs/include/astra_camera_msgs/srv/detail/get_string__type_support.c
[1.677s] -- Up-to-date: /home/klein/camera_ros2/install/astra_camera_msgs/include/astra_camera_msgs/srv/detail/get_camera_info__type_support.c
[1.677s] -- Up-to-date: /home/klein/camera_ros2/install/astra_camera_msgs/include/astra_camera_msgs/srv/detail/get_device_info__rosidl_typesupport_introspection_c.h
[1.677s] -- Up-to-date: /home/klein/camera_ros2/install/astra_camera_msgs/include/astra_camera_msgs/srv/detail/set_int32__rosidl_typesupport_introspection_c.h
[1.678s] -- Up-to-date: /home/klein/camera_ros2/install/astra_camera_msgs/include/astra_camera_msgs/srv/detail/set_int32__type_support.c
[1.678s] -- Up-to-date: /home/klein/camera_ros2/install/astra_camera_msgs/include/astra_camera_msgs/srv/detail/get_camera_params__type_support.c
[1.678s] -- Up-to-date: /home/klein/camera_ros2/install/astra_camera_msgs/include/astra_camera_msgs/srv/detail/get_camera_params__rosidl_typesupport_introspection_c.h
[1.678s] -- Up-to-date: /home/klein/camera_ros2/install/astra_camera_msgs/include/astra_camera_msgs/msg
[1.678s] -- Up-to-date: /home/klein/camera_ros2/install/astra_camera_msgs/include/astra_camera_msgs/msg/rosidl_typesupport_introspection_c__visibility_control.h
[1.678s] -- Up-to-date: /home/klein/camera_ros2/install/astra_camera_msgs/include/astra_camera_msgs/msg/detail
[1.679s] -- Up-to-date: /home/klein/camera_ros2/install/astra_camera_msgs/include/astra_camera_msgs/msg/detail/metadata__type_support.c
[1.679s] -- Up-to-date: /home/klein/camera_ros2/install/astra_camera_msgs/include/astra_camera_msgs/msg/detail/extrinsics__rosidl_typesupport_introspection_c.h
[1.679s] -- Up-to-date: /home/klein/camera_ros2/install/astra_camera_msgs/include/astra_camera_msgs/msg/detail/metadata__rosidl_typesupport_introspection_c.h
[1.679s] -- Up-to-date: /home/klein/camera_ros2/install/astra_camera_msgs/include/astra_camera_msgs/msg/detail/extrinsics__type_support.c
[1.680s] -- Up-to-date: /home/klein/camera_ros2/install/astra_camera_msgs/include/astra_camera_msgs/msg/detail/device_info__type_support.c
[1.680s] -- Up-to-date: /home/klein/camera_ros2/install/astra_camera_msgs/include/astra_camera_msgs/msg/detail/device_info__rosidl_typesupport_introspection_c.h
[1.680s] -- Up-to-date: /home/klein/camera_ros2/install/astra_camera_msgs/lib/libastra_camera_msgs__rosidl_typesupport_introspection_c.so
[1.680s] -- Up-to-date: /home/klein/camera_ros2/install/astra_camera_msgs/lib/libastra_camera_msgs__rosidl_typesupport_c.so
[1.680s] -- Up-to-date: /home/klein/camera_ros2/install/astra_camera_msgs/include/astra_camera_msgs
[1.680s] -- Up-to-date: /home/klein/camera_ros2/install/astra_camera_msgs/include/astra_camera_msgs/srv
[1.681s] -- Up-to-date: /home/klein/camera_ros2/install/astra_camera_msgs/include/astra_camera_msgs/srv/get_camera_params.hpp
[1.681s] -- Up-to-date: /home/klein/camera_ros2/install/astra_camera_msgs/include/astra_camera_msgs/srv/detail
[1.681s] -- Up-to-date: /home/klein/camera_ros2/install/astra_camera_msgs/include/astra_camera_msgs/srv/detail/set_int32__type_support.hpp
[1.681s] -- Up-to-date: /home/klein/camera_ros2/install/astra_camera_msgs/include/astra_camera_msgs/srv/detail/get_string__builder.hpp
[1.681s] -- Up-to-date: /home/klein/camera_ros2/install/astra_camera_msgs/include/astra_camera_msgs/srv/detail/set_int32__struct.hpp
[1.681s] -- Up-to-date: /home/klein/camera_ros2/install/astra_camera_msgs/include/astra_camera_msgs/srv/detail/set_int32__traits.hpp
[1.682s] -- Up-to-date: /home/klein/camera_ros2/install/astra_camera_msgs/include/astra_camera_msgs/srv/detail/get_camera_params__traits.hpp
[1.682s] -- Up-to-date: /home/klein/camera_ros2/install/astra_camera_msgs/include/astra_camera_msgs/srv/detail/get_string__type_support.hpp
[1.682s] -- Up-to-date: /home/klein/camera_ros2/install/astra_camera_msgs/include/astra_camera_msgs/srv/detail/get_camera_info__traits.hpp
[1.682s] -- Up-to-date: /home/klein/camera_ros2/install/astra_camera_msgs/include/astra_camera_msgs/srv/detail/get_camera_params__struct.hpp
[1.683s] -- Up-to-date: /home/klein/camera_ros2/install/astra_camera_msgs/include/astra_camera_msgs/srv/detail/get_camera_info__type_support.hpp
[1.683s] -- Up-to-date: /home/klein/camera_ros2/install/astra_camera_msgs/include/astra_camera_msgs/srv/detail/get_camera_info__struct.hpp
[1.683s] -- Up-to-date: /home/klein/camera_ros2/install/astra_camera_msgs/include/astra_camera_msgs/srv/detail/get_device_info__builder.hpp
[1.683s] -- Up-to-date: /home/klein/camera_ros2/install/astra_camera_msgs/include/astra_camera_msgs/srv/detail/get_device_info__traits.hpp
[1.684s] -- Up-to-date: /home/klein/camera_ros2/install/astra_camera_msgs/include/astra_camera_msgs/srv/detail/set_int32__builder.hpp
[1.684s] -- Up-to-date: /home/klein/camera_ros2/install/astra_camera_msgs/include/astra_camera_msgs/srv/detail/get_int32__builder.hpp
[1.684s] -- Up-to-date: /home/klein/camera_ros2/install/astra_camera_msgs/include/astra_camera_msgs/srv/detail/get_device_info__struct.hpp
[1.685s] -- Up-to-date: /home/klein/camera_ros2/install/astra_camera_msgs/include/astra_camera_msgs/srv/detail/get_string__traits.hpp
[1.685s] -- Up-to-date: /home/klein/camera_ros2/install/astra_camera_msgs/include/astra_camera_msgs/srv/detail/get_device_info__type_support.hpp
[1.685s] -- Up-to-date: /home/klein/camera_ros2/install/astra_camera_msgs/include/astra_camera_msgs/srv/detail/get_camera_info__builder.hpp
[1.686s] -- Up-to-date: /home/klein/camera_ros2/install/astra_camera_msgs/include/astra_camera_msgs/srv/detail/get_camera_params__type_support.hpp
[1.686s] -- Up-to-date: /home/klein/camera_ros2/install/astra_camera_msgs/include/astra_camera_msgs/srv/detail/get_string__struct.hpp
[1.687s] -- Up-to-date: /home/klein/camera_ros2/install/astra_camera_msgs/include/astra_camera_msgs/srv/detail/get_int32__struct.hpp
[1.687s] -- Up-to-date: /home/klein/camera_ros2/install/astra_camera_msgs/include/astra_camera_msgs/srv/detail/get_int32__type_support.hpp
[1.687s] -- Up-to-date: /home/klein/camera_ros2/install/astra_camera_msgs/include/astra_camera_msgs/srv/detail/get_camera_params__builder.hpp
[1.687s] -- Up-to-date: /home/klein/camera_ros2/install/astra_camera_msgs/include/astra_camera_msgs/srv/detail/get_int32__traits.hpp
[1.687s] -- Up-to-date: /home/klein/camera_ros2/install/astra_camera_msgs/include/astra_camera_msgs/srv/get_device_info.hpp
[1.687s] -- Up-to-date: /home/klein/camera_ros2/install/astra_camera_msgs/include/astra_camera_msgs/srv/set_int32.hpp
[1.688s] -- Up-to-date: /home/klein/camera_ros2/install/astra_camera_msgs/include/astra_camera_msgs/srv/get_string.hpp
[1.688s] -- Up-to-date: /home/klein/camera_ros2/install/astra_camera_msgs/include/astra_camera_msgs/srv/get_camera_info.hpp
[1.688s] -- Up-to-date: /home/klein/camera_ros2/install/astra_camera_msgs/include/astra_camera_msgs/srv/get_int32.hpp
[1.688s] -- Up-to-date: /home/klein/camera_ros2/install/astra_camera_msgs/include/astra_camera_msgs/msg
[1.688s] -- Up-to-date: /home/klein/camera_ros2/install/astra_camera_msgs/include/astra_camera_msgs/msg/device_info.hpp
[1.689s] -- Up-to-date: /home/klein/camera_ros2/install/astra_camera_msgs/include/astra_camera_msgs/msg/detail
[1.689s] -- Up-to-date: /home/klein/camera_ros2/install/astra_camera_msgs/include/astra_camera_msgs/msg/detail/metadata__type_support.hpp
[1.689s] -- Up-to-date: /home/klein/camera_ros2/install/astra_camera_msgs/include/astra_camera_msgs/msg/detail/extrinsics__type_support.hpp
[1.689s] -- Up-to-date: /home/klein/camera_ros2/install/astra_camera_msgs/include/astra_camera_msgs/msg/detail/extrinsics__struct.hpp
[1.690s] -- Up-to-date: /home/klein/camera_ros2/install/astra_camera_msgs/include/astra_camera_msgs/msg/detail/metadata__struct.hpp
[1.690s] -- Up-to-date: /home/klein/camera_ros2/install/astra_camera_msgs/include/astra_camera_msgs/msg/detail/metadata__traits.hpp
[1.690s] -- Up-to-date: /home/klein/camera_ros2/install/astra_camera_msgs/include/astra_camera_msgs/msg/detail/device_info__type_support.hpp
[1.691s] -- Up-to-date: /home/klein/camera_ros2/install/astra_camera_msgs/include/astra_camera_msgs/msg/detail/extrinsics__builder.hpp
[1.691s] -- Up-to-date: /home/klein/camera_ros2/install/astra_camera_msgs/include/astra_camera_msgs/msg/detail/device_info__struct.hpp
[1.691s] -- Up-to-date: /home/klein/camera_ros2/install/astra_camera_msgs/include/astra_camera_msgs/msg/detail/metadata__builder.hpp
[1.691s] -- Up-to-date: /home/klein/camera_ros2/install/astra_camera_msgs/include/astra_camera_msgs/msg/detail/device_info__builder.hpp
[1.691s] -- Up-to-date: /home/klein/camera_ros2/install/astra_camera_msgs/include/astra_camera_msgs/msg/detail/device_info__traits.hpp
[1.692s] -- Up-to-date: /home/klein/camera_ros2/install/astra_camera_msgs/include/astra_camera_msgs/msg/detail/extrinsics__traits.hpp
[1.692s] -- Up-to-date: /home/klein/camera_ros2/install/astra_camera_msgs/include/astra_camera_msgs/msg/rosidl_generator_cpp__visibility_control.hpp
[1.693s] -- Up-to-date: /home/klein/camera_ros2/install/astra_camera_msgs/include/astra_camera_msgs/msg/metadata.hpp
[1.694s] -- Up-to-date: /home/klein/camera_ros2/install/astra_camera_msgs/include/astra_camera_msgs/msg/extrinsics.hpp
[1.694s] -- Up-to-date: /home/klein/camera_ros2/install/astra_camera_msgs/include/astra_camera_msgs
[1.694s] -- Up-to-date: /home/klein/camera_ros2/install/astra_camera_msgs/include/astra_camera_msgs/srv
[1.694s] -- Up-to-date: /home/klein/camera_ros2/install/astra_camera_msgs/include/astra_camera_msgs/srv/detail
[1.695s] -- Up-to-date: /home/klein/camera_ros2/install/astra_camera_msgs/include/astra_camera_msgs/srv/detail/get_camera_params__type_support.cpp
[1.695s] -- Up-to-date: /home/klein/camera_ros2/install/astra_camera_msgs/include/astra_camera_msgs/srv/detail/set_int32__type_support.cpp
[1.695s] -- Up-to-date: /home/klein/camera_ros2/install/astra_camera_msgs/include/astra_camera_msgs/srv/detail/get_int32__rosidl_typesupport_introspection_cpp.hpp
[1.695s] -- Up-to-date: /home/klein/camera_ros2/install/astra_camera_msgs/include/astra_camera_msgs/srv/detail/get_string__rosidl_typesupport_introspection_cpp.hpp
[1.695s] -- Up-to-date: /home/klein/camera_ros2/install/astra_camera_msgs/include/astra_camera_msgs/srv/detail/set_int32__rosidl_typesupport_introspection_cpp.hpp
[1.696s] -- Up-to-date: /home/klein/camera_ros2/install/astra_camera_msgs/include/astra_camera_msgs/srv/detail/get_string__type_support.cpp
[1.696s] -- Up-to-date: /home/klein/camera_ros2/install/astra_camera_msgs/include/astra_camera_msgs/srv/detail/get_camera_info__rosidl_typesupport_introspection_cpp.hpp
[1.697s] -- Up-to-date: /home/klein/camera_ros2/install/astra_camera_msgs/include/astra_camera_msgs/srv/detail/get_camera_params__rosidl_typesupport_introspection_cpp.hpp
[1.697s] -- Up-to-date: /home/klein/camera_ros2/install/astra_camera_msgs/include/astra_camera_msgs/srv/detail/get_int32__type_support.cpp
[1.697s] -- Up-to-date: /home/klein/camera_ros2/install/astra_camera_msgs/include/astra_camera_msgs/srv/detail/get_device_info__type_support.cpp
[1.697s] -- Up-to-date: /home/klein/camera_ros2/install/astra_camera_msgs/include/astra_camera_msgs/srv/detail/get_camera_info__type_support.cpp
[1.698s] -- Up-to-date: /home/klein/camera_ros2/install/astra_camera_msgs/include/astra_camera_msgs/srv/detail/get_device_info__rosidl_typesupport_introspection_cpp.hpp
[1.698s] -- Up-to-date: /home/klein/camera_ros2/install/astra_camera_msgs/include/astra_camera_msgs/msg
[1.698s] -- Up-to-date: /home/klein/camera_ros2/install/astra_camera_msgs/include/astra_camera_msgs/msg/detail
[1.698s] -- Up-to-date: /home/klein/camera_ros2/install/astra_camera_msgs/include/astra_camera_msgs/msg/detail/metadata__rosidl_typesupport_introspection_cpp.hpp
[1.698s] -- Up-to-date: /home/klein/camera_ros2/install/astra_camera_msgs/include/astra_camera_msgs/msg/detail/extrinsics__rosidl_typesupport_introspection_cpp.hpp
[1.699s] -- Up-to-date: /home/klein/camera_ros2/install/astra_camera_msgs/include/astra_camera_msgs/msg/detail/device_info__rosidl_typesupport_introspection_cpp.hpp
[1.699s] -- Up-to-date: /home/klein/camera_ros2/install/astra_camera_msgs/include/astra_camera_msgs/msg/detail/metadata__type_support.cpp
[1.699s] -- Up-to-date: /home/klein/camera_ros2/install/astra_camera_msgs/include/astra_camera_msgs/msg/detail/extrinsics__type_support.cpp
[1.699s] -- Up-to-date: /home/klein/camera_ros2/install/astra_camera_msgs/include/astra_camera_msgs/msg/detail/device_info__type_support.cpp
[1.699s] -- Up-to-date: /home/klein/camera_ros2/install/astra_camera_msgs/lib/libastra_camera_msgs__rosidl_typesupport_introspection_cpp.so
[1.700s] -- Up-to-date: /home/klein/camera_ros2/install/astra_camera_msgs/lib/libastra_camera_msgs__rosidl_typesupport_cpp.so
[1.700s] -- Up-to-date: /home/klein/camera_ros2/install/astra_camera_msgs/share/astra_camera_msgs/environment/pythonpath.sh
[1.700s] -- Up-to-date: /home/klein/camera_ros2/install/astra_camera_msgs/share/astra_camera_msgs/environment/pythonpath.dsv
[1.700s] -- Up-to-date: /home/klein/camera_ros2/install/astra_camera_msgs/lib/python3.8/site-packages/astra_camera_msgs/__init__.py
[1.802s] -- Up-to-date: /home/klein/camera_ros2/install/astra_camera_msgs/lib/python3.8/site-packages/astra_camera_msgs/msg
[1.803s] -- Up-to-date: /home/klein/camera_ros2/install/astra_camera_msgs/lib/python3.8/site-packages/astra_camera_msgs/msg/__init__.py
[1.803s] -- Up-to-date: /home/klein/camera_ros2/install/astra_camera_msgs/lib/python3.8/site-packages/astra_camera_msgs/msg/_extrinsics_s.c
[1.803s] -- Up-to-date: /home/klein/camera_ros2/install/astra_camera_msgs/lib/python3.8/site-packages/astra_camera_msgs/msg/_device_info_s.c
[1.803s] -- Up-to-date: /home/klein/camera_ros2/install/astra_camera_msgs/lib/python3.8/site-packages/astra_camera_msgs/msg/_metadata.py
[1.803s] -- Up-to-date: /home/klein/camera_ros2/install/astra_camera_msgs/lib/python3.8/site-packages/astra_camera_msgs/msg/_metadata_s.c
[1.804s] -- Up-to-date: /home/klein/camera_ros2/install/astra_camera_msgs/lib/python3.8/site-packages/astra_camera_msgs/msg/_extrinsics.py
[1.804s] -- Up-to-date: /home/klein/camera_ros2/install/astra_camera_msgs/lib/python3.8/site-packages/astra_camera_msgs/msg/_device_info.py
[1.804s] -- Up-to-date: /home/klein/camera_ros2/install/astra_camera_msgs/lib/python3.8/site-packages/astra_camera_msgs/srv
[1.804s] -- Up-to-date: /home/klein/camera_ros2/install/astra_camera_msgs/lib/python3.8/site-packages/astra_camera_msgs/srv/_get_int32_s.c
[1.804s] -- Up-to-date: /home/klein/camera_ros2/install/astra_camera_msgs/lib/python3.8/site-packages/astra_camera_msgs/srv/_get_camera_params_s.c
[1.804s] -- Up-to-date: /home/klein/camera_ros2/install/astra_camera_msgs/lib/python3.8/site-packages/astra_camera_msgs/srv/__init__.py
[1.814s] -- Up-to-date: /home/klein/camera_ros2/install/astra_camera_msgs/lib/python3.8/site-packages/astra_camera_msgs/srv/_set_int32.py
[1.815s] -- Up-to-date: /home/klein/camera_ros2/install/astra_camera_msgs/lib/python3.8/site-packages/astra_camera_msgs/srv/_get_camera_params.py
[1.816s] -- Up-to-date: /home/klein/camera_ros2/install/astra_camera_msgs/lib/python3.8/site-packages/astra_camera_msgs/srv/_get_int32.py
[1.816s] -- Up-to-date: /home/klein/camera_ros2/install/astra_camera_msgs/lib/python3.8/site-packages/astra_camera_msgs/srv/_get_camera_info.py
[1.816s] -- Up-to-date: /home/klein/camera_ros2/install/astra_camera_msgs/lib/python3.8/site-packages/astra_camera_msgs/srv/_set_int32_s.c
[1.816s] -- Up-to-date: /home/klein/camera_ros2/install/astra_camera_msgs/lib/python3.8/site-packages/astra_camera_msgs/srv/_get_camera_info_s.c
[1.817s] -- Up-to-date: /home/klein/camera_ros2/install/astra_camera_msgs/lib/python3.8/site-packages/astra_camera_msgs/srv/_get_device_info.py
[1.817s] -- Up-to-date: /home/klein/camera_ros2/install/astra_camera_msgs/lib/python3.8/site-packages/astra_camera_msgs/srv/_get_string.py
[1.818s] -- Up-to-date: /home/klein/camera_ros2/install/astra_camera_msgs/lib/python3.8/site-packages/astra_camera_msgs/srv/_get_string_s.c
[1.818s] -- Up-to-date: /home/klein/camera_ros2/install/astra_camera_msgs/lib/python3.8/site-packages/astra_camera_msgs/srv/_get_device_info_s.c
[1.819s] -- Up-to-date: /home/klein/camera_ros2/install/astra_camera_msgs/lib/python3.8/site-packages/astra_camera_msgs/astra_camera_msgs_s__rosidl_typesupport_fastrtps_c.cpython-38-x86_64-linux-gnu.so
[1.819s] -- Up-to-date: /home/klein/camera_ros2/install/astra_camera_msgs/lib/python3.8/site-packages/astra_camera_msgs/astra_camera_msgs_s__rosidl_typesupport_introspection_c.cpython-38-x86_64-linux-gnu.so
[1.820s] -- Up-to-date: /home/klein/camera_ros2/install/astra_camera_msgs/lib/python3.8/site-packages/astra_camera_msgs/astra_camera_msgs_s__rosidl_typesupport_c.cpython-38-x86_64-linux-gnu.so
[1.820s] -- Up-to-date: /home/klein/camera_ros2/install/astra_camera_msgs/lib/libastra_camera_msgs__python.so
[1.821s] -- Up-to-date: /home/klein/camera_ros2/install/astra_camera_msgs/share/astra_camera_msgs/msg/DeviceInfo.idl
[1.822s] -- Up-to-date: /home/klein/camera_ros2/install/astra_camera_msgs/share/astra_camera_msgs/msg/Extrinsics.idl
[1.831s] -- Up-to-date: /home/klein/camera_ros2/install/astra_camera_msgs/share/astra_camera_msgs/msg/Metadata.idl
[1.831s] -- Up-to-date: /home/klein/camera_ros2/install/astra_camera_msgs/share/astra_camera_msgs/srv/GetDeviceInfo.idl
[1.832s] -- Up-to-date: /home/klein/camera_ros2/install/astra_camera_msgs/share/astra_camera_msgs/srv/GetCameraInfo.idl
[1.832s] -- Up-to-date: /home/klein/camera_ros2/install/astra_camera_msgs/share/astra_camera_msgs/srv/GetCameraParams.idl
[1.832s] -- Up-to-date: /home/klein/camera_ros2/install/astra_camera_msgs/share/astra_camera_msgs/srv/GetInt32.idl
[1.832s] -- Up-to-date: /home/klein/camera_ros2/install/astra_camera_msgs/share/astra_camera_msgs/srv/GetString.idl
[1.832s] -- Up-to-date: /home/klein/camera_ros2/install/astra_camera_msgs/share/astra_camera_msgs/srv/SetInt32.idl
[1.832s] -- Up-to-date: /home/klein/camera_ros2/install/astra_camera_msgs/share/astra_camera_msgs/msg/DeviceInfo.msg
[1.833s] -- Up-to-date: /home/klein/camera_ros2/install/astra_camera_msgs/share/astra_camera_msgs/msg/Extrinsics.msg
[1.833s] -- Up-to-date: /home/klein/camera_ros2/install/astra_camera_msgs/share/astra_camera_msgs/msg/Metadata.msg
[1.833s] -- Up-to-date: /home/klein/camera_ros2/install/astra_camera_msgs/share/astra_camera_msgs/srv/GetDeviceInfo.srv
[1.833s] -- Up-to-date: /home/klein/camera_ros2/install/astra_camera_msgs/share/astra_camera_msgs/srv/GetDeviceInfo_Request.msg
[1.833s] -- Up-to-date: /home/klein/camera_ros2/install/astra_camera_msgs/share/astra_camera_msgs/srv/GetDeviceInfo_Response.msg
[1.833s] -- Up-to-date: /home/klein/camera_ros2/install/astra_camera_msgs/share/astra_camera_msgs/srv/GetCameraInfo.srv
[1.834s] -- Up-to-date: /home/klein/camera_ros2/install/astra_camera_msgs/share/astra_camera_msgs/srv/GetCameraInfo_Request.msg
[1.834s] -- Up-to-date: /home/klein/camera_ros2/install/astra_camera_msgs/share/astra_camera_msgs/srv/GetCameraInfo_Response.msg
[1.834s] -- Up-to-date: /home/klein/camera_ros2/install/astra_camera_msgs/share/astra_camera_msgs/srv/GetCameraParams.srv
[1.834s] -- Up-to-date: /home/klein/camera_ros2/install/astra_camera_msgs/share/astra_camera_msgs/srv/GetCameraParams_Request.msg
[1.834s] -- Up-to-date: /home/klein/camera_ros2/install/astra_camera_msgs/share/astra_camera_msgs/srv/GetCameraParams_Response.msg
[1.834s] -- Up-to-date: /home/klein/camera_ros2/install/astra_camera_msgs/share/astra_camera_msgs/srv/GetInt32.srv
[1.835s] -- Up-to-date: /home/klein/camera_ros2/install/astra_camera_msgs/share/astra_camera_msgs/srv/GetInt32_Request.msg
[1.835s] -- Up-to-date: /home/klein/camera_ros2/install/astra_camera_msgs/share/astra_camera_msgs/srv/GetInt32_Response.msg
[1.835s] -- Up-to-date: /home/klein/camera_ros2/install/astra_camera_msgs/share/astra_camera_msgs/srv/GetString.srv
[1.835s] -- Up-to-date: /home/klein/camera_ros2/install/astra_camera_msgs/share/astra_camera_msgs/srv/GetString_Request.msg
[1.835s] -- Up-to-date: /home/klein/camera_ros2/install/astra_camera_msgs/share/astra_camera_msgs/srv/GetString_Response.msg
[1.835s] -- Up-to-date: /home/klein/camera_ros2/install/astra_camera_msgs/share/astra_camera_msgs/srv/SetInt32.srv
[1.835s] -- Up-to-date: /home/klein/camera_ros2/install/astra_camera_msgs/share/astra_camera_msgs/srv/SetInt32_Request.msg
[1.835s] -- Up-to-date: /home/klein/camera_ros2/install/astra_camera_msgs/share/astra_camera_msgs/srv/SetInt32_Response.msg
[1.836s] -- Up-to-date: /home/klein/camera_ros2/install/astra_camera_msgs/share/ament_index/resource_index/package_run_dependencies/astra_camera_msgs
[1.836s] -- Up-to-date: /home/klein/camera_ros2/install/astra_camera_msgs/share/ament_index/resource_index/parent_prefix_path/astra_camera_msgs
[1.836s] -- Up-to-date: /home/klein/camera_ros2/install/astra_camera_msgs/share/astra_camera_msgs/environment/ament_prefix_path.sh
[1.836s] -- Up-to-date: /home/klein/camera_ros2/install/astra_camera_msgs/share/astra_camera_msgs/environment/ament_prefix_path.dsv
[1.836s] -- Up-to-date: /home/klein/camera_ros2/install/astra_camera_msgs/share/astra_camera_msgs/environment/path.sh
[1.837s] -- Up-to-date: /home/klein/camera_ros2/install/astra_camera_msgs/share/astra_camera_msgs/environment/path.dsv
[1.850s] -- Up-to-date: /home/klein/camera_ros2/install/astra_camera_msgs/share/astra_camera_msgs/local_setup.bash
[1.850s] -- Up-to-date: /home/klein/camera_ros2/install/astra_camera_msgs/share/astra_camera_msgs/local_setup.sh
[1.850s] -- Up-to-date: /home/klein/camera_ros2/install/astra_camera_msgs/share/astra_camera_msgs/local_setup.zsh
[1.851s] -- Up-to-date: /home/klein/camera_ros2/install/astra_camera_msgs/share/astra_camera_msgs/local_setup.dsv
[1.851s] -- Installing: /home/klein/camera_ros2/install/astra_camera_msgs/share/astra_camera_msgs/package.dsv
[1.851s] -- Up-to-date: /home/klein/camera_ros2/install/astra_camera_msgs/share/ament_index/resource_index/packages/astra_camera_msgs
[1.852s] -- Up-to-date: /home/klein/camera_ros2/install/astra_camera_msgs/share/astra_camera_msgs/cmake/astra_camera_msgs__rosidl_generator_cExport.cmake
[1.852s] -- Up-to-date: /home/klein/camera_ros2/install/astra_camera_msgs/share/astra_camera_msgs/cmake/astra_camera_msgs__rosidl_generator_cExport-noconfig.cmake
[1.852s] -- Up-to-date: /home/klein/camera_ros2/install/astra_camera_msgs/share/astra_camera_msgs/cmake/astra_camera_msgs__rosidl_typesupport_introspection_cExport.cmake
[1.852s] -- Up-to-date: /home/klein/camera_ros2/install/astra_camera_msgs/share/astra_camera_msgs/cmake/astra_camera_msgs__rosidl_typesupport_introspection_cExport-noconfig.cmake
[1.852s] -- Up-to-date: /home/klein/camera_ros2/install/astra_camera_msgs/share/astra_camera_msgs/cmake/astra_camera_msgs__rosidl_typesupport_cExport.cmake
[1.853s] -- Up-to-date: /home/klein/camera_ros2/install/astra_camera_msgs/share/astra_camera_msgs/cmake/astra_camera_msgs__rosidl_typesupport_cExport-noconfig.cmake
[1.853s] -- Up-to-date: /home/klein/camera_ros2/install/astra_camera_msgs/share/astra_camera_msgs/cmake/astra_camera_msgs__rosidl_generator_cppExport.cmake
[1.853s] -- Up-to-date: /home/klein/camera_ros2/install/astra_camera_msgs/share/astra_camera_msgs/cmake/astra_camera_msgs__rosidl_typesupport_introspection_cppExport.cmake
[1.853s] -- Up-to-date: /home/klein/camera_ros2/install/astra_camera_msgs/share/astra_camera_msgs/cmake/astra_camera_msgs__rosidl_typesupport_introspection_cppExport-noconfig.cmake
[1.853s] -- Up-to-date: /home/klein/camera_ros2/install/astra_camera_msgs/share/astra_camera_msgs/cmake/astra_camera_msgs__rosidl_typesupport_cppExport.cmake
[1.853s] -- Up-to-date: /home/klein/camera_ros2/install/astra_camera_msgs/share/astra_camera_msgs/cmake/astra_camera_msgs__rosidl_typesupport_cppExport-noconfig.cmake
[1.854s] -- Up-to-date: /home/klein/camera_ros2/install/astra_camera_msgs/share/astra_camera_msgs/cmake/rosidl_cmake-extras.cmake
[1.854s] -- Up-to-date: /home/klein/camera_ros2/install/astra_camera_msgs/share/astra_camera_msgs/cmake/ament_cmake_export_dependencies-extras.cmake
[1.854s] -- Up-to-date: /home/klein/camera_ros2/install/astra_camera_msgs/share/astra_camera_msgs/cmake/ament_cmake_export_libraries-extras.cmake
[1.854s] -- Up-to-date: /home/klein/camera_ros2/install/astra_camera_msgs/share/astra_camera_msgs/cmake/ament_cmake_export_targets-extras.cmake
[1.854s] -- Up-to-date: /home/klein/camera_ros2/install/astra_camera_msgs/share/astra_camera_msgs/cmake/ament_cmake_export_include_directories-extras.cmake
[1.854s] -- Up-to-date: /home/klein/camera_ros2/install/astra_camera_msgs/share/astra_camera_msgs/cmake/rosidl_cmake_export_typesupport_libraries-extras.cmake
[1.855s] -- Up-to-date: /home/klein/camera_ros2/install/astra_camera_msgs/share/astra_camera_msgs/cmake/rosidl_cmake_export_typesupport_targets-extras.cmake
[1.855s] -- Up-to-date: /home/klein/camera_ros2/install/astra_camera_msgs/share/astra_camera_msgs/cmake/astra_camera_msgsConfig.cmake
[1.855s] -- Up-to-date: /home/klein/camera_ros2/install/astra_camera_msgs/share/astra_camera_msgs/cmake/astra_camera_msgsConfig-version.cmake
[1.855s] -- Up-to-date: /home/klein/camera_ros2/install/astra_camera_msgs/share/astra_camera_msgs/package.xml
[1.863s] Invoked command in '/home/klein/camera_ros2/build/astra_camera_msgs' returned '0': CMAKE_PREFIX_PATH=${CMAKE_PREFIX_PATH}:/home/klein/camera_ros2/install/demo_cv_image:/opt/ros/foxy /usr/bin/cmake --install /home/klein/camera_ros2/build/astra_camera_msgs
