[0.085s] Invoking command in '/home/klein/camera_ros2/build/astra_camera_msgs': CMAKE_PREFIX_PATH=${CMAKE_PREFIX_PATH}:/opt/ros/foxy /usr/bin/cmake --build /home/klein/camera_ros2/build/astra_camera_msgs -- -j4 -l4
[0.282s] [  1%] Built target astra_camera_msgs__cpp
[0.355s] [ 12%] Built target astra_camera_msgs__rosidl_generator_c
[0.513s] [ 24%] Built target astra_camera_msgs__rosidl_typesupport_cpp
[0.548s] [ 35%] Built target astra_camera_msgs__rosidl_typesupport_introspection_cpp
[0.637s] [ 47%] Built target astra_camera_msgs__rosidl_typesupport_introspection_c
[0.650s] [ 58%] Built target astra_camera_msgs__rosidl_typesupport_fastrtps_cpp
[0.683s] [ 70%] Built target astra_camera_msgs__rosidl_typesupport_c
[0.829s] [ 82%] Built target astra_camera_msgs__rosidl_typesupport_fastrtps_c
[0.951s] [ 82%] Built target astra_camera_msgs
[1.125s] [ 83%] Built target astra_camera_msgs__py
[1.295s] [ 93%] Built target astra_camera_msgs__python
[1.452s] [ 95%] Built target astra_camera_msgs__rosidl_typesupport_fastrtps_c__pyext
[1.514s] [ 97%] Built target astra_camera_msgs__rosidl_typesupport_introspection_c__pyext
[1.535s] [100%] Built target astra_camera_msgs__rosidl_typesupport_c__pyext
[1.600s] Invoked command in '/home/klein/camera_ros2/build/astra_camera_msgs' returned '0': CMAKE_PREFIX_PATH=${CMAKE_PREFIX_PATH}:/opt/ros/foxy /usr/bin/cmake --build /home/klein/camera_ros2/build/astra_camera_msgs -- -j4 -l4
[2.506s] Invoking command in '/home/klein/camera_ros2/build/astra_camera_msgs': CMAKE_PREFIX_PATH=${CMAKE_PREFIX_PATH}:/opt/ros/foxy /usr/bin/cmake --install /home/klein/camera_ros2/build/astra_camera_msgs
[2.539s] -- Install configuration: ""
[2.540s] -- Up-to-date: /home/klein/camera_ros2/install/astra_camera_msgs/share/ament_index/resource_index/rosidl_interfaces/astra_camera_msgs
[2.540s] -- Up-to-date: /home/klein/camera_ros2/install/astra_camera_msgs/include/astra_camera_msgs
[2.540s] -- Up-to-date: /home/klein/camera_ros2/install/astra_camera_msgs/include/astra_camera_msgs/srv
[2.540s] -- Up-to-date: /home/klein/camera_ros2/install/astra_camera_msgs/include/astra_camera_msgs/srv/detail
[2.540s] -- Up-to-date: /home/klein/camera_ros2/install/astra_camera_msgs/include/astra_camera_msgs/srv/detail/get_camera_info__struct.h
[2.540s] -- Up-to-date: /home/klein/camera_ros2/install/astra_camera_msgs/include/astra_camera_msgs/srv/detail/get_device_info__functions.c
[2.540s] -- Up-to-date: /home/klein/camera_ros2/install/astra_camera_msgs/include/astra_camera_msgs/srv/detail/get_camera_info__functions.c
[2.541s] -- Up-to-date: /home/klein/camera_ros2/install/astra_camera_msgs/include/astra_camera_msgs/srv/detail/get_camera_params__functions.c
[2.541s] -- Up-to-date: /home/klein/camera_ros2/install/astra_camera_msgs/include/astra_camera_msgs/srv/detail/get_string__struct.h
[2.541s] -- Up-to-date: /home/klein/camera_ros2/install/astra_camera_msgs/include/astra_camera_msgs/srv/detail/get_int32__type_support.h
[2.542s] -- Up-to-date: /home/klein/camera_ros2/install/astra_camera_msgs/include/astra_camera_msgs/srv/detail/get_camera_info__type_support.h
[2.542s] -- Up-to-date: /home/klein/camera_ros2/install/astra_camera_msgs/include/astra_camera_msgs/srv/detail/set_int32__struct.h
[2.542s] -- Up-to-date: /home/klein/camera_ros2/install/astra_camera_msgs/include/astra_camera_msgs/srv/detail/get_string__type_support.h
[2.543s] -- Up-to-date: /home/klein/camera_ros2/install/astra_camera_msgs/include/astra_camera_msgs/srv/detail/get_camera_params__struct.h
[2.543s] -- Up-to-date: /home/klein/camera_ros2/install/astra_camera_msgs/include/astra_camera_msgs/srv/detail/get_device_info__struct.h
[2.544s] -- Up-to-date: /home/klein/camera_ros2/install/astra_camera_msgs/include/astra_camera_msgs/srv/detail/get_int32__functions.c
[2.545s] -- Up-to-date: /home/klein/camera_ros2/install/astra_camera_msgs/include/astra_camera_msgs/srv/detail/get_device_info__functions.h
[2.545s] -- Up-to-date: /home/klein/camera_ros2/install/astra_camera_msgs/include/astra_camera_msgs/srv/detail/set_int32__functions.c
[2.545s] -- Up-to-date: /home/klein/camera_ros2/install/astra_camera_msgs/include/astra_camera_msgs/srv/detail/get_camera_info__functions.h
[2.545s] -- Up-to-date: /home/klein/camera_ros2/install/astra_camera_msgs/include/astra_camera_msgs/srv/detail/get_int32__struct.h
[2.546s] -- Up-to-date: /home/klein/camera_ros2/install/astra_camera_msgs/include/astra_camera_msgs/srv/detail/get_int32__functions.h
[2.546s] -- Up-to-date: /home/klein/camera_ros2/install/astra_camera_msgs/include/astra_camera_msgs/srv/detail/get_camera_params__functions.h
[2.547s] -- Up-to-date: /home/klein/camera_ros2/install/astra_camera_msgs/include/astra_camera_msgs/srv/detail/set_int32__type_support.h
[2.547s] -- Up-to-date: /home/klein/camera_ros2/install/astra_camera_msgs/include/astra_camera_msgs/srv/detail/get_device_info__type_support.h
[2.547s] -- Up-to-date: /home/klein/camera_ros2/install/astra_camera_msgs/include/astra_camera_msgs/srv/detail/get_camera_params__type_support.h
[2.547s] -- Up-to-date: /home/klein/camera_ros2/install/astra_camera_msgs/include/astra_camera_msgs/srv/detail/set_int32__functions.h
[2.547s] -- Up-to-date: /home/klein/camera_ros2/install/astra_camera_msgs/include/astra_camera_msgs/srv/detail/get_string__functions.h
[2.548s] -- Up-to-date: /home/klein/camera_ros2/install/astra_camera_msgs/include/astra_camera_msgs/srv/detail/get_string__functions.c
[2.548s] -- Up-to-date: /home/klein/camera_ros2/install/astra_camera_msgs/include/astra_camera_msgs/srv/set_int32.h
[2.548s] -- Up-to-date: /home/klein/camera_ros2/install/astra_camera_msgs/include/astra_camera_msgs/srv/get_camera_params.h
[2.549s] -- Up-to-date: /home/klein/camera_ros2/install/astra_camera_msgs/include/astra_camera_msgs/srv/get_string.h
[2.549s] -- Up-to-date: /home/klein/camera_ros2/install/astra_camera_msgs/include/astra_camera_msgs/srv/get_device_info.h
[2.549s] -- Up-to-date: /home/klein/camera_ros2/install/astra_camera_msgs/include/astra_camera_msgs/srv/get_int32.h
[2.550s] -- Up-to-date: /home/klein/camera_ros2/install/astra_camera_msgs/include/astra_camera_msgs/srv/get_camera_info.h
[2.550s] -- Up-to-date: /home/klein/camera_ros2/install/astra_camera_msgs/include/astra_camera_msgs/msg
[2.550s] -- Up-to-date: /home/klein/camera_ros2/install/astra_camera_msgs/include/astra_camera_msgs/msg/detail
[2.551s] -- Up-to-date: /home/klein/camera_ros2/install/astra_camera_msgs/include/astra_camera_msgs/msg/detail/extrinsics__functions.h
[2.551s] -- Up-to-date: /home/klein/camera_ros2/install/astra_camera_msgs/include/astra_camera_msgs/msg/detail/metadata__functions.c
[2.563s] -- Up-to-date: /home/klein/camera_ros2/install/astra_camera_msgs/include/astra_camera_msgs/msg/detail/device_info__functions.h
[2.563s] -- Up-to-date: /home/klein/camera_ros2/install/astra_camera_msgs/include/astra_camera_msgs/msg/detail/device_info__type_support.h
[2.563s] -- Up-to-date: /home/klein/camera_ros2/install/astra_camera_msgs/include/astra_camera_msgs/msg/detail/extrinsics__struct.h
[2.563s] -- Up-to-date: /home/klein/camera_ros2/install/astra_camera_msgs/include/astra_camera_msgs/msg/detail/metadata__struct.h
[2.564s] -- Up-to-date: /home/klein/camera_ros2/install/astra_camera_msgs/include/astra_camera_msgs/msg/detail/device_info__struct.h
[2.565s] -- Up-to-date: /home/klein/camera_ros2/install/astra_camera_msgs/include/astra_camera_msgs/msg/detail/metadata__type_support.h
[2.565s] -- Up-to-date: /home/klein/camera_ros2/install/astra_camera_msgs/include/astra_camera_msgs/msg/detail/device_info__functions.c
[2.565s] -- Up-to-date: /home/klein/camera_ros2/install/astra_camera_msgs/include/astra_camera_msgs/msg/detail/extrinsics__functions.c
[2.566s] -- Up-to-date: /home/klein/camera_ros2/install/astra_camera_msgs/include/astra_camera_msgs/msg/detail/metadata__functions.h
[2.566s] -- Up-to-date: /home/klein/camera_ros2/install/astra_camera_msgs/include/astra_camera_msgs/msg/detail/extrinsics__type_support.h
[2.566s] -- Up-to-date: /home/klein/camera_ros2/install/astra_camera_msgs/include/astra_camera_msgs/msg/device_info.h
[2.566s] -- Up-to-date: /home/klein/camera_ros2/install/astra_camera_msgs/include/astra_camera_msgs/msg/extrinsics.h
[2.566s] -- Up-to-date: /home/klein/camera_ros2/install/astra_camera_msgs/include/astra_camera_msgs/msg/rosidl_generator_c__visibility_control.h
[2.566s] -- Up-to-date: /home/klein/camera_ros2/install/astra_camera_msgs/include/astra_camera_msgs/msg/metadata.h
[2.567s] -- Up-to-date: /home/klein/camera_ros2/install/astra_camera_msgs/share/astra_camera_msgs/environment/library_path.sh
[2.567s] -- Up-to-date: /home/klein/camera_ros2/install/astra_camera_msgs/share/astra_camera_msgs/environment/library_path.dsv
[2.567s] -- Up-to-date: /home/klein/camera_ros2/install/astra_camera_msgs/lib/libastra_camera_msgs__rosidl_generator_c.so
[2.567s] -- Up-to-date: /home/klein/camera_ros2/install/astra_camera_msgs/include/astra_camera_msgs
[2.567s] -- Up-to-date: /home/klein/camera_ros2/install/astra_camera_msgs/include/astra_camera_msgs/srv
[2.567s] -- Up-to-date: /home/klein/camera_ros2/install/astra_camera_msgs/include/astra_camera_msgs/srv/detail
[2.568s] -- Up-to-date: /home/klein/camera_ros2/install/astra_camera_msgs/include/astra_camera_msgs/srv/detail/get_camera_info__rosidl_typesupport_fastrtps_c.h
[2.568s] -- Up-to-date: /home/klein/camera_ros2/install/astra_camera_msgs/include/astra_camera_msgs/srv/detail/set_int32__rosidl_typesupport_fastrtps_c.h
[2.568s] -- Up-to-date: /home/klein/camera_ros2/install/astra_camera_msgs/include/astra_camera_msgs/srv/detail/get_camera_params__rosidl_typesupport_fastrtps_c.h
[2.568s] -- Up-to-date: /home/klein/camera_ros2/install/astra_camera_msgs/include/astra_camera_msgs/srv/detail/get_device_info__rosidl_typesupport_fastrtps_c.h
[2.569s] -- Up-to-date: /home/klein/camera_ros2/install/astra_camera_msgs/include/astra_camera_msgs/srv/detail/get_int32__rosidl_typesupport_fastrtps_c.h
[2.569s] -- Up-to-date: /home/klein/camera_ros2/install/astra_camera_msgs/include/astra_camera_msgs/srv/detail/get_string__rosidl_typesupport_fastrtps_c.h
[2.569s] -- Up-to-date: /home/klein/camera_ros2/install/astra_camera_msgs/include/astra_camera_msgs/msg
[2.569s] -- Up-to-date: /home/klein/camera_ros2/install/astra_camera_msgs/include/astra_camera_msgs/msg/detail
[2.569s] -- Up-to-date: /home/klein/camera_ros2/install/astra_camera_msgs/include/astra_camera_msgs/msg/detail/metadata__rosidl_typesupport_fastrtps_c.h
[2.569s] -- Up-to-date: /home/klein/camera_ros2/install/astra_camera_msgs/include/astra_camera_msgs/msg/detail/device_info__rosidl_typesupport_fastrtps_c.h
[2.569s] -- Up-to-date: /home/klein/camera_ros2/install/astra_camera_msgs/include/astra_camera_msgs/msg/detail/extrinsics__rosidl_typesupport_fastrtps_c.h
[2.569s] -- Up-to-date: /home/klein/camera_ros2/install/astra_camera_msgs/include/astra_camera_msgs/msg/rosidl_typesupport_fastrtps_c__visibility_control.h
[2.569s] -- Up-to-date: /home/klein/camera_ros2/install/astra_camera_msgs/lib/libastra_camera_msgs__rosidl_typesupport_fastrtps_c.so
[2.569s] -- Up-to-date: /home/klein/camera_ros2/install/astra_camera_msgs/include/astra_camera_msgs
[2.570s] -- Up-to-date: /home/klein/camera_ros2/install/astra_camera_msgs/include/astra_camera_msgs/srv
[2.570s] -- Up-to-date: /home/klein/camera_ros2/install/astra_camera_msgs/include/astra_camera_msgs/srv/detail
[2.570s] -- Up-to-date: /home/klein/camera_ros2/install/astra_camera_msgs/include/astra_camera_msgs/srv/detail/get_string__rosidl_typesupport_fastrtps_cpp.hpp
[2.571s] -- Up-to-date: /home/klein/camera_ros2/install/astra_camera_msgs/include/astra_camera_msgs/srv/detail/get_camera_params__rosidl_typesupport_fastrtps_cpp.hpp
[2.571s] -- Up-to-date: /home/klein/camera_ros2/install/astra_camera_msgs/include/astra_camera_msgs/srv/detail/get_camera_info__rosidl_typesupport_fastrtps_cpp.hpp
[2.571s] -- Up-to-date: /home/klein/camera_ros2/install/astra_camera_msgs/include/astra_camera_msgs/srv/detail/get_int32__rosidl_typesupport_fastrtps_cpp.hpp
[2.572s] -- Up-to-date: /home/klein/camera_ros2/install/astra_camera_msgs/include/astra_camera_msgs/srv/detail/dds_fastrtps
[2.572s] -- Up-to-date: /home/klein/camera_ros2/install/astra_camera_msgs/include/astra_camera_msgs/srv/detail/set_int32__rosidl_typesupport_fastrtps_cpp.hpp
[2.574s] -- Up-to-date: /home/klein/camera_ros2/install/astra_camera_msgs/include/astra_camera_msgs/srv/detail/get_device_info__rosidl_typesupport_fastrtps_cpp.hpp
[2.575s] -- Up-to-date: /home/klein/camera_ros2/install/astra_camera_msgs/include/astra_camera_msgs/msg
[2.575s] -- Up-to-date: /home/klein/camera_ros2/install/astra_camera_msgs/include/astra_camera_msgs/msg/detail
[2.576s] -- Up-to-date: /home/klein/camera_ros2/install/astra_camera_msgs/include/astra_camera_msgs/msg/detail/metadata__rosidl_typesupport_fastrtps_cpp.hpp
[2.577s] -- Up-to-date: /home/klein/camera_ros2/install/astra_camera_msgs/include/astra_camera_msgs/msg/detail/device_info__rosidl_typesupport_fastrtps_cpp.hpp
[2.579s] -- Up-to-date: /home/klein/camera_ros2/install/astra_camera_msgs/include/astra_camera_msgs/msg/detail/dds_fastrtps
[2.579s] -- Up-to-date: /home/klein/camera_ros2/install/astra_camera_msgs/include/astra_camera_msgs/msg/detail/extrinsics__rosidl_typesupport_fastrtps_cpp.hpp
[2.579s] -- Up-to-date: /home/klein/camera_ros2/install/astra_camera_msgs/include/astra_camera_msgs/msg/rosidl_typesupport_fastrtps_cpp__visibility_control.h
[2.580s] -- Up-to-date: /home/klein/camera_ros2/install/astra_camera_msgs/lib/libastra_camera_msgs__rosidl_typesupport_fastrtps_cpp.so
[2.581s] -- Up-to-date: /home/klein/camera_ros2/install/astra_camera_msgs/include/astra_camera_msgs
[2.581s] -- Up-to-date: /home/klein/camera_ros2/install/astra_camera_msgs/include/astra_camera_msgs/srv
[2.582s] -- Up-to-date: /home/klein/camera_ros2/install/astra_camera_msgs/include/astra_camera_msgs/srv/detail
[2.582s] -- Up-to-date: /home/klein/camera_ros2/install/astra_camera_msgs/include/astra_camera_msgs/srv/detail/get_device_info__type_support.c
[2.582s] -- Up-to-date: /home/klein/camera_ros2/install/astra_camera_msgs/include/astra_camera_msgs/srv/detail/get_int32__rosidl_typesupport_introspection_c.h
[2.582s] -- Up-to-date: /home/klein/camera_ros2/install/astra_camera_msgs/include/astra_camera_msgs/srv/detail/get_camera_info__rosidl_typesupport_introspection_c.h
[2.582s] -- Up-to-date: /home/klein/camera_ros2/install/astra_camera_msgs/include/astra_camera_msgs/srv/detail/get_string__rosidl_typesupport_introspection_c.h
[2.583s] -- Up-to-date: /home/klein/camera_ros2/install/astra_camera_msgs/include/astra_camera_msgs/srv/detail/get_int32__type_support.c
[2.583s] -- Up-to-date: /home/klein/camera_ros2/install/astra_camera_msgs/include/astra_camera_msgs/srv/detail/get_string__type_support.c
[2.584s] -- Up-to-date: /home/klein/camera_ros2/install/astra_camera_msgs/include/astra_camera_msgs/srv/detail/get_camera_info__type_support.c
[2.585s] -- Up-to-date: /home/klein/camera_ros2/install/astra_camera_msgs/include/astra_camera_msgs/srv/detail/get_device_info__rosidl_typesupport_introspection_c.h
[2.585s] -- Up-to-date: /home/klein/camera_ros2/install/astra_camera_msgs/include/astra_camera_msgs/srv/detail/set_int32__rosidl_typesupport_introspection_c.h
[2.595s] -- Up-to-date: /home/klein/camera_ros2/install/astra_camera_msgs/include/astra_camera_msgs/srv/detail/set_int32__type_support.c
[2.596s] -- Up-to-date: /home/klein/camera_ros2/install/astra_camera_msgs/include/astra_camera_msgs/srv/detail/get_camera_params__type_support.c
[2.596s] -- Up-to-date: /home/klein/camera_ros2/install/astra_camera_msgs/include/astra_camera_msgs/srv/detail/get_camera_params__rosidl_typesupport_introspection_c.h
[2.596s] -- Up-to-date: /home/klein/camera_ros2/install/astra_camera_msgs/include/astra_camera_msgs/msg
[2.596s] -- Up-to-date: /home/klein/camera_ros2/install/astra_camera_msgs/include/astra_camera_msgs/msg/rosidl_typesupport_introspection_c__visibility_control.h
[2.599s] -- Up-to-date: /home/klein/camera_ros2/install/astra_camera_msgs/include/astra_camera_msgs/msg/detail
[2.599s] -- Up-to-date: /home/klein/camera_ros2/install/astra_camera_msgs/include/astra_camera_msgs/msg/detail/metadata__type_support.c
[2.601s] -- Up-to-date: /home/klein/camera_ros2/install/astra_camera_msgs/include/astra_camera_msgs/msg/detail/extrinsics__rosidl_typesupport_introspection_c.h
[2.602s] -- Up-to-date: /home/klein/camera_ros2/install/astra_camera_msgs/include/astra_camera_msgs/msg/detail/metadata__rosidl_typesupport_introspection_c.h
[2.602s] -- Up-to-date: /home/klein/camera_ros2/install/astra_camera_msgs/include/astra_camera_msgs/msg/detail/extrinsics__type_support.c
[2.603s] -- Up-to-date: /home/klein/camera_ros2/install/astra_camera_msgs/include/astra_camera_msgs/msg/detail/device_info__type_support.c
[2.603s] -- Up-to-date: /home/klein/camera_ros2/install/astra_camera_msgs/include/astra_camera_msgs/msg/detail/device_info__rosidl_typesupport_introspection_c.h
[2.603s] -- Up-to-date: /home/klein/camera_ros2/install/astra_camera_msgs/lib/libastra_camera_msgs__rosidl_typesupport_introspection_c.so
[2.603s] -- Up-to-date: /home/klein/camera_ros2/install/astra_camera_msgs/lib/libastra_camera_msgs__rosidl_typesupport_c.so
[2.603s] -- Up-to-date: /home/klein/camera_ros2/install/astra_camera_msgs/include/astra_camera_msgs
[2.604s] -- Up-to-date: /home/klein/camera_ros2/install/astra_camera_msgs/include/astra_camera_msgs/srv
[2.604s] -- Up-to-date: /home/klein/camera_ros2/install/astra_camera_msgs/include/astra_camera_msgs/srv/get_camera_params.hpp
[2.605s] -- Up-to-date: /home/klein/camera_ros2/install/astra_camera_msgs/include/astra_camera_msgs/srv/detail
[2.605s] -- Up-to-date: /home/klein/camera_ros2/install/astra_camera_msgs/include/astra_camera_msgs/srv/detail/set_int32__type_support.hpp
[2.605s] -- Up-to-date: /home/klein/camera_ros2/install/astra_camera_msgs/include/astra_camera_msgs/srv/detail/get_string__builder.hpp
[2.606s] -- Up-to-date: /home/klein/camera_ros2/install/astra_camera_msgs/include/astra_camera_msgs/srv/detail/set_int32__struct.hpp
[2.606s] -- Up-to-date: /home/klein/camera_ros2/install/astra_camera_msgs/include/astra_camera_msgs/srv/detail/set_int32__traits.hpp
[2.606s] -- Up-to-date: /home/klein/camera_ros2/install/astra_camera_msgs/include/astra_camera_msgs/srv/detail/get_camera_params__traits.hpp
[2.606s] -- Up-to-date: /home/klein/camera_ros2/install/astra_camera_msgs/include/astra_camera_msgs/srv/detail/get_string__type_support.hpp
[2.606s] -- Up-to-date: /home/klein/camera_ros2/install/astra_camera_msgs/include/astra_camera_msgs/srv/detail/get_camera_info__traits.hpp
[2.606s] -- Up-to-date: /home/klein/camera_ros2/install/astra_camera_msgs/include/astra_camera_msgs/srv/detail/get_camera_params__struct.hpp
[2.607s] -- Up-to-date: /home/klein/camera_ros2/install/astra_camera_msgs/include/astra_camera_msgs/srv/detail/get_camera_info__type_support.hpp
[2.607s] -- Up-to-date: /home/klein/camera_ros2/install/astra_camera_msgs/include/astra_camera_msgs/srv/detail/get_camera_info__struct.hpp
[2.607s] -- Up-to-date: /home/klein/camera_ros2/install/astra_camera_msgs/include/astra_camera_msgs/srv/detail/get_device_info__builder.hpp
[2.607s] -- Up-to-date: /home/klein/camera_ros2/install/astra_camera_msgs/include/astra_camera_msgs/srv/detail/get_device_info__traits.hpp
[2.607s] -- Up-to-date: /home/klein/camera_ros2/install/astra_camera_msgs/include/astra_camera_msgs/srv/detail/set_int32__builder.hpp
[2.607s] -- Up-to-date: /home/klein/camera_ros2/install/astra_camera_msgs/include/astra_camera_msgs/srv/detail/get_int32__builder.hpp
[2.608s] -- Up-to-date: /home/klein/camera_ros2/install/astra_camera_msgs/include/astra_camera_msgs/srv/detail/get_device_info__struct.hpp
[2.608s] -- Up-to-date: /home/klein/camera_ros2/install/astra_camera_msgs/include/astra_camera_msgs/srv/detail/get_string__traits.hpp
[2.608s] -- Up-to-date: /home/klein/camera_ros2/install/astra_camera_msgs/include/astra_camera_msgs/srv/detail/get_device_info__type_support.hpp
[2.609s] -- Up-to-date: /home/klein/camera_ros2/install/astra_camera_msgs/include/astra_camera_msgs/srv/detail/get_camera_info__builder.hpp
[2.609s] -- Up-to-date: /home/klein/camera_ros2/install/astra_camera_msgs/include/astra_camera_msgs/srv/detail/get_camera_params__type_support.hpp
[2.609s] -- Up-to-date: /home/klein/camera_ros2/install/astra_camera_msgs/include/astra_camera_msgs/srv/detail/get_string__struct.hpp
[2.609s] -- Up-to-date: /home/klein/camera_ros2/install/astra_camera_msgs/include/astra_camera_msgs/srv/detail/get_int32__struct.hpp
[2.609s] -- Up-to-date: /home/klein/camera_ros2/install/astra_camera_msgs/include/astra_camera_msgs/srv/detail/get_int32__type_support.hpp
[2.610s] -- Up-to-date: /home/klein/camera_ros2/install/astra_camera_msgs/include/astra_camera_msgs/srv/detail/get_camera_params__builder.hpp
[2.610s] -- Up-to-date: /home/klein/camera_ros2/install/astra_camera_msgs/include/astra_camera_msgs/srv/detail/get_int32__traits.hpp
[2.610s] -- Up-to-date: /home/klein/camera_ros2/install/astra_camera_msgs/include/astra_camera_msgs/srv/get_device_info.hpp
[2.610s] -- Up-to-date: /home/klein/camera_ros2/install/astra_camera_msgs/include/astra_camera_msgs/srv/set_int32.hpp
[2.610s] -- Up-to-date: /home/klein/camera_ros2/install/astra_camera_msgs/include/astra_camera_msgs/srv/get_string.hpp
[2.610s] -- Up-to-date: /home/klein/camera_ros2/install/astra_camera_msgs/include/astra_camera_msgs/srv/get_camera_info.hpp
[2.611s] -- Up-to-date: /home/klein/camera_ros2/install/astra_camera_msgs/include/astra_camera_msgs/srv/get_int32.hpp
[2.611s] -- Up-to-date: /home/klein/camera_ros2/install/astra_camera_msgs/include/astra_camera_msgs/msg
[2.611s] -- Up-to-date: /home/klein/camera_ros2/install/astra_camera_msgs/include/astra_camera_msgs/msg/device_info.hpp
[2.611s] -- Up-to-date: /home/klein/camera_ros2/install/astra_camera_msgs/include/astra_camera_msgs/msg/detail
[2.611s] -- Up-to-date: /home/klein/camera_ros2/install/astra_camera_msgs/include/astra_camera_msgs/msg/detail/metadata__type_support.hpp
[2.611s] -- Up-to-date: /home/klein/camera_ros2/install/astra_camera_msgs/include/astra_camera_msgs/msg/detail/extrinsics__type_support.hpp
[2.612s] -- Up-to-date: /home/klein/camera_ros2/install/astra_camera_msgs/include/astra_camera_msgs/msg/detail/extrinsics__struct.hpp
[2.612s] -- Up-to-date: /home/klein/camera_ros2/install/astra_camera_msgs/include/astra_camera_msgs/msg/detail/metadata__struct.hpp
[2.612s] -- Up-to-date: /home/klein/camera_ros2/install/astra_camera_msgs/include/astra_camera_msgs/msg/detail/metadata__traits.hpp
[2.613s] -- Up-to-date: /home/klein/camera_ros2/install/astra_camera_msgs/include/astra_camera_msgs/msg/detail/device_info__type_support.hpp
[2.613s] -- Up-to-date: /home/klein/camera_ros2/install/astra_camera_msgs/include/astra_camera_msgs/msg/detail/extrinsics__builder.hpp
[2.614s] -- Up-to-date: /home/klein/camera_ros2/install/astra_camera_msgs/include/astra_camera_msgs/msg/detail/device_info__struct.hpp
[2.614s] -- Up-to-date: /home/klein/camera_ros2/install/astra_camera_msgs/include/astra_camera_msgs/msg/detail/metadata__builder.hpp
[2.614s] -- Up-to-date: /home/klein/camera_ros2/install/astra_camera_msgs/include/astra_camera_msgs/msg/detail/device_info__builder.hpp
[2.614s] -- Up-to-date: /home/klein/camera_ros2/install/astra_camera_msgs/include/astra_camera_msgs/msg/detail/device_info__traits.hpp
[2.614s] -- Up-to-date: /home/klein/camera_ros2/install/astra_camera_msgs/include/astra_camera_msgs/msg/detail/extrinsics__traits.hpp
[2.614s] -- Up-to-date: /home/klein/camera_ros2/install/astra_camera_msgs/include/astra_camera_msgs/msg/rosidl_generator_cpp__visibility_control.hpp
[2.615s] -- Up-to-date: /home/klein/camera_ros2/install/astra_camera_msgs/include/astra_camera_msgs/msg/metadata.hpp
[2.615s] -- Up-to-date: /home/klein/camera_ros2/install/astra_camera_msgs/include/astra_camera_msgs/msg/extrinsics.hpp
[2.615s] -- Up-to-date: /home/klein/camera_ros2/install/astra_camera_msgs/include/astra_camera_msgs
[2.615s] -- Up-to-date: /home/klein/camera_ros2/install/astra_camera_msgs/include/astra_camera_msgs/srv
[2.615s] -- Up-to-date: /home/klein/camera_ros2/install/astra_camera_msgs/include/astra_camera_msgs/srv/detail
[2.616s] -- Up-to-date: /home/klein/camera_ros2/install/astra_camera_msgs/include/astra_camera_msgs/srv/detail/get_camera_params__type_support.cpp
[2.616s] -- Up-to-date: /home/klein/camera_ros2/install/astra_camera_msgs/include/astra_camera_msgs/srv/detail/set_int32__type_support.cpp
[2.616s] -- Up-to-date: /home/klein/camera_ros2/install/astra_camera_msgs/include/astra_camera_msgs/srv/detail/get_int32__rosidl_typesupport_introspection_cpp.hpp
[2.617s] -- Up-to-date: /home/klein/camera_ros2/install/astra_camera_msgs/include/astra_camera_msgs/srv/detail/get_string__rosidl_typesupport_introspection_cpp.hpp
[2.617s] -- Up-to-date: /home/klein/camera_ros2/install/astra_camera_msgs/include/astra_camera_msgs/srv/detail/set_int32__rosidl_typesupport_introspection_cpp.hpp
[2.617s] -- Up-to-date: /home/klein/camera_ros2/install/astra_camera_msgs/include/astra_camera_msgs/srv/detail/get_string__type_support.cpp
[2.617s] -- Up-to-date: /home/klein/camera_ros2/install/astra_camera_msgs/include/astra_camera_msgs/srv/detail/get_camera_info__rosidl_typesupport_introspection_cpp.hpp
[2.617s] -- Up-to-date: /home/klein/camera_ros2/install/astra_camera_msgs/include/astra_camera_msgs/srv/detail/get_camera_params__rosidl_typesupport_introspection_cpp.hpp
[2.618s] -- Up-to-date: /home/klein/camera_ros2/install/astra_camera_msgs/include/astra_camera_msgs/srv/detail/get_int32__type_support.cpp
[2.618s] -- Up-to-date: /home/klein/camera_ros2/install/astra_camera_msgs/include/astra_camera_msgs/srv/detail/get_device_info__type_support.cpp
[2.618s] -- Up-to-date: /home/klein/camera_ros2/install/astra_camera_msgs/include/astra_camera_msgs/srv/detail/get_camera_info__type_support.cpp
[2.618s] -- Up-to-date: /home/klein/camera_ros2/install/astra_camera_msgs/include/astra_camera_msgs/srv/detail/get_device_info__rosidl_typesupport_introspection_cpp.hpp
[2.618s] -- Up-to-date: /home/klein/camera_ros2/install/astra_camera_msgs/include/astra_camera_msgs/msg
[2.618s] -- Up-to-date: /home/klein/camera_ros2/install/astra_camera_msgs/include/astra_camera_msgs/msg/detail
[2.618s] -- Up-to-date: /home/klein/camera_ros2/install/astra_camera_msgs/include/astra_camera_msgs/msg/detail/metadata__rosidl_typesupport_introspection_cpp.hpp
[2.620s] -- Up-to-date: /home/klein/camera_ros2/install/astra_camera_msgs/include/astra_camera_msgs/msg/detail/extrinsics__rosidl_typesupport_introspection_cpp.hpp
[2.620s] -- Up-to-date: /home/klein/camera_ros2/install/astra_camera_msgs/include/astra_camera_msgs/msg/detail/device_info__rosidl_typesupport_introspection_cpp.hpp
[2.620s] -- Up-to-date: /home/klein/camera_ros2/install/astra_camera_msgs/include/astra_camera_msgs/msg/detail/metadata__type_support.cpp
[2.621s] -- Up-to-date: /home/klein/camera_ros2/install/astra_camera_msgs/include/astra_camera_msgs/msg/detail/extrinsics__type_support.cpp
[2.621s] -- Up-to-date: /home/klein/camera_ros2/install/astra_camera_msgs/include/astra_camera_msgs/msg/detail/device_info__type_support.cpp
[2.621s] -- Up-to-date: /home/klein/camera_ros2/install/astra_camera_msgs/lib/libastra_camera_msgs__rosidl_typesupport_introspection_cpp.so
[2.621s] -- Up-to-date: /home/klein/camera_ros2/install/astra_camera_msgs/lib/libastra_camera_msgs__rosidl_typesupport_cpp.so
[2.621s] -- Up-to-date: /home/klein/camera_ros2/install/astra_camera_msgs/share/astra_camera_msgs/environment/pythonpath.sh
[2.621s] -- Up-to-date: /home/klein/camera_ros2/install/astra_camera_msgs/share/astra_camera_msgs/environment/pythonpath.dsv
[2.622s] -- Up-to-date: /home/klein/camera_ros2/install/astra_camera_msgs/lib/python3.8/site-packages/astra_camera_msgs/__init__.py
[2.756s] -- Up-to-date: /home/klein/camera_ros2/install/astra_camera_msgs/lib/python3.8/site-packages/astra_camera_msgs/msg
[2.757s] -- Up-to-date: /home/klein/camera_ros2/install/astra_camera_msgs/lib/python3.8/site-packages/astra_camera_msgs/msg/__init__.py
[2.757s] -- Up-to-date: /home/klein/camera_ros2/install/astra_camera_msgs/lib/python3.8/site-packages/astra_camera_msgs/msg/_extrinsics_s.c
[2.757s] -- Up-to-date: /home/klein/camera_ros2/install/astra_camera_msgs/lib/python3.8/site-packages/astra_camera_msgs/msg/_device_info_s.c
[2.757s] -- Up-to-date: /home/klein/camera_ros2/install/astra_camera_msgs/lib/python3.8/site-packages/astra_camera_msgs/msg/_metadata.py
[2.757s] -- Up-to-date: /home/klein/camera_ros2/install/astra_camera_msgs/lib/python3.8/site-packages/astra_camera_msgs/msg/_metadata_s.c
[2.758s] -- Up-to-date: /home/klein/camera_ros2/install/astra_camera_msgs/lib/python3.8/site-packages/astra_camera_msgs/msg/_extrinsics.py
[2.758s] -- Up-to-date: /home/klein/camera_ros2/install/astra_camera_msgs/lib/python3.8/site-packages/astra_camera_msgs/msg/_device_info.py
[2.758s] -- Up-to-date: /home/klein/camera_ros2/install/astra_camera_msgs/lib/python3.8/site-packages/astra_camera_msgs/srv
[2.758s] -- Up-to-date: /home/klein/camera_ros2/install/astra_camera_msgs/lib/python3.8/site-packages/astra_camera_msgs/srv/_get_int32_s.c
[2.758s] -- Up-to-date: /home/klein/camera_ros2/install/astra_camera_msgs/lib/python3.8/site-packages/astra_camera_msgs/srv/_get_camera_params_s.c
[2.758s] -- Up-to-date: /home/klein/camera_ros2/install/astra_camera_msgs/lib/python3.8/site-packages/astra_camera_msgs/srv/__init__.py
[2.758s] -- Up-to-date: /home/klein/camera_ros2/install/astra_camera_msgs/lib/python3.8/site-packages/astra_camera_msgs/srv/_set_int32.py
[2.758s] -- Up-to-date: /home/klein/camera_ros2/install/astra_camera_msgs/lib/python3.8/site-packages/astra_camera_msgs/srv/_get_camera_params.py
[2.758s] -- Up-to-date: /home/klein/camera_ros2/install/astra_camera_msgs/lib/python3.8/site-packages/astra_camera_msgs/srv/_get_int32.py
[2.758s] -- Up-to-date: /home/klein/camera_ros2/install/astra_camera_msgs/lib/python3.8/site-packages/astra_camera_msgs/srv/_get_camera_info.py
[2.759s] -- Up-to-date: /home/klein/camera_ros2/install/astra_camera_msgs/lib/python3.8/site-packages/astra_camera_msgs/srv/_set_int32_s.c
[2.759s] -- Up-to-date: /home/klein/camera_ros2/install/astra_camera_msgs/lib/python3.8/site-packages/astra_camera_msgs/srv/_get_camera_info_s.c
[2.759s] -- Up-to-date: /home/klein/camera_ros2/install/astra_camera_msgs/lib/python3.8/site-packages/astra_camera_msgs/srv/_get_device_info.py
[2.759s] -- Up-to-date: /home/klein/camera_ros2/install/astra_camera_msgs/lib/python3.8/site-packages/astra_camera_msgs/srv/_get_string.py
[2.759s] -- Up-to-date: /home/klein/camera_ros2/install/astra_camera_msgs/lib/python3.8/site-packages/astra_camera_msgs/srv/_get_string_s.c
[2.759s] -- Up-to-date: /home/klein/camera_ros2/install/astra_camera_msgs/lib/python3.8/site-packages/astra_camera_msgs/srv/_get_device_info_s.c
[2.770s] -- Up-to-date: /home/klein/camera_ros2/install/astra_camera_msgs/lib/python3.8/site-packages/astra_camera_msgs/astra_camera_msgs_s__rosidl_typesupport_fastrtps_c.cpython-38-x86_64-linux-gnu.so
[2.770s] -- Up-to-date: /home/klein/camera_ros2/install/astra_camera_msgs/lib/python3.8/site-packages/astra_camera_msgs/astra_camera_msgs_s__rosidl_typesupport_introspection_c.cpython-38-x86_64-linux-gnu.so
[2.770s] -- Up-to-date: /home/klein/camera_ros2/install/astra_camera_msgs/lib/python3.8/site-packages/astra_camera_msgs/astra_camera_msgs_s__rosidl_typesupport_c.cpython-38-x86_64-linux-gnu.so
[2.770s] -- Up-to-date: /home/klein/camera_ros2/install/astra_camera_msgs/lib/libastra_camera_msgs__python.so
[2.771s] -- Up-to-date: /home/klein/camera_ros2/install/astra_camera_msgs/share/astra_camera_msgs/msg/DeviceInfo.idl
[2.771s] -- Up-to-date: /home/klein/camera_ros2/install/astra_camera_msgs/share/astra_camera_msgs/msg/Extrinsics.idl
[2.771s] -- Up-to-date: /home/klein/camera_ros2/install/astra_camera_msgs/share/astra_camera_msgs/msg/Metadata.idl
[2.772s] -- Up-to-date: /home/klein/camera_ros2/install/astra_camera_msgs/share/astra_camera_msgs/srv/GetDeviceInfo.idl
[2.772s] -- Up-to-date: /home/klein/camera_ros2/install/astra_camera_msgs/share/astra_camera_msgs/srv/GetCameraInfo.idl
[2.772s] -- Up-to-date: /home/klein/camera_ros2/install/astra_camera_msgs/share/astra_camera_msgs/srv/GetCameraParams.idl
[2.779s] -- Up-to-date: /home/klein/camera_ros2/install/astra_camera_msgs/share/astra_camera_msgs/srv/GetInt32.idl
[2.779s] -- Up-to-date: /home/klein/camera_ros2/install/astra_camera_msgs/share/astra_camera_msgs/srv/GetString.idl
[2.782s] -- Up-to-date: /home/klein/camera_ros2/install/astra_camera_msgs/share/astra_camera_msgs/srv/SetInt32.idl
[2.783s] -- Up-to-date: /home/klein/camera_ros2/install/astra_camera_msgs/share/astra_camera_msgs/msg/DeviceInfo.msg
[2.783s] -- Up-to-date: /home/klein/camera_ros2/install/astra_camera_msgs/share/astra_camera_msgs/msg/Extrinsics.msg
[2.783s] -- Up-to-date: /home/klein/camera_ros2/install/astra_camera_msgs/share/astra_camera_msgs/msg/Metadata.msg
[2.784s] -- Up-to-date: /home/klein/camera_ros2/install/astra_camera_msgs/share/astra_camera_msgs/srv/GetDeviceInfo.srv
[2.784s] -- Up-to-date: /home/klein/camera_ros2/install/astra_camera_msgs/share/astra_camera_msgs/srv/GetDeviceInfo_Request.msg
[2.785s] -- Up-to-date: /home/klein/camera_ros2/install/astra_camera_msgs/share/astra_camera_msgs/srv/GetDeviceInfo_Response.msg
[2.785s] -- Up-to-date: /home/klein/camera_ros2/install/astra_camera_msgs/share/astra_camera_msgs/srv/GetCameraInfo.srv
[2.785s] -- Up-to-date: /home/klein/camera_ros2/install/astra_camera_msgs/share/astra_camera_msgs/srv/GetCameraInfo_Request.msg
[2.786s] -- Up-to-date: /home/klein/camera_ros2/install/astra_camera_msgs/share/astra_camera_msgs/srv/GetCameraInfo_Response.msg
[2.786s] -- Up-to-date: /home/klein/camera_ros2/install/astra_camera_msgs/share/astra_camera_msgs/srv/GetCameraParams.srv
[2.786s] -- Up-to-date: /home/klein/camera_ros2/install/astra_camera_msgs/share/astra_camera_msgs/srv/GetCameraParams_Request.msg
[2.787s] -- Up-to-date: /home/klein/camera_ros2/install/astra_camera_msgs/share/astra_camera_msgs/srv/GetCameraParams_Response.msg
[2.787s] -- Up-to-date: /home/klein/camera_ros2/install/astra_camera_msgs/share/astra_camera_msgs/srv/GetInt32.srv
[2.787s] -- Up-to-date: /home/klein/camera_ros2/install/astra_camera_msgs/share/astra_camera_msgs/srv/GetInt32_Request.msg
[2.787s] -- Up-to-date: /home/klein/camera_ros2/install/astra_camera_msgs/share/astra_camera_msgs/srv/GetInt32_Response.msg
[2.788s] -- Up-to-date: /home/klein/camera_ros2/install/astra_camera_msgs/share/astra_camera_msgs/srv/GetString.srv
[2.788s] -- Up-to-date: /home/klein/camera_ros2/install/astra_camera_msgs/share/astra_camera_msgs/srv/GetString_Request.msg
[2.788s] -- Up-to-date: /home/klein/camera_ros2/install/astra_camera_msgs/share/astra_camera_msgs/srv/GetString_Response.msg
[2.788s] -- Up-to-date: /home/klein/camera_ros2/install/astra_camera_msgs/share/astra_camera_msgs/srv/SetInt32.srv
[2.788s] -- Up-to-date: /home/klein/camera_ros2/install/astra_camera_msgs/share/astra_camera_msgs/srv/SetInt32_Request.msg
[2.788s] -- Up-to-date: /home/klein/camera_ros2/install/astra_camera_msgs/share/astra_camera_msgs/srv/SetInt32_Response.msg
[2.788s] -- Up-to-date: /home/klein/camera_ros2/install/astra_camera_msgs/share/ament_index/resource_index/package_run_dependencies/astra_camera_msgs
[2.788s] -- Up-to-date: /home/klein/camera_ros2/install/astra_camera_msgs/share/ament_index/resource_index/parent_prefix_path/astra_camera_msgs
[2.789s] -- Up-to-date: /home/klein/camera_ros2/install/astra_camera_msgs/share/astra_camera_msgs/environment/ament_prefix_path.sh
[2.789s] -- Up-to-date: /home/klein/camera_ros2/install/astra_camera_msgs/share/astra_camera_msgs/environment/ament_prefix_path.dsv
[2.789s] -- Up-to-date: /home/klein/camera_ros2/install/astra_camera_msgs/share/astra_camera_msgs/environment/path.sh
[2.789s] -- Up-to-date: /home/klein/camera_ros2/install/astra_camera_msgs/share/astra_camera_msgs/environment/path.dsv
[2.789s] -- Up-to-date: /home/klein/camera_ros2/install/astra_camera_msgs/share/astra_camera_msgs/local_setup.bash
[2.789s] -- Up-to-date: /home/klein/camera_ros2/install/astra_camera_msgs/share/astra_camera_msgs/local_setup.sh
[2.789s] -- Up-to-date: /home/klein/camera_ros2/install/astra_camera_msgs/share/astra_camera_msgs/local_setup.zsh
[2.789s] -- Up-to-date: /home/klein/camera_ros2/install/astra_camera_msgs/share/astra_camera_msgs/local_setup.dsv
[2.789s] -- Installing: /home/klein/camera_ros2/install/astra_camera_msgs/share/astra_camera_msgs/package.dsv
[2.804s] -- Up-to-date: /home/klein/camera_ros2/install/astra_camera_msgs/share/ament_index/resource_index/packages/astra_camera_msgs
[2.804s] -- Up-to-date: /home/klein/camera_ros2/install/astra_camera_msgs/share/astra_camera_msgs/cmake/astra_camera_msgs__rosidl_generator_cExport.cmake
[2.805s] -- Up-to-date: /home/klein/camera_ros2/install/astra_camera_msgs/share/astra_camera_msgs/cmake/astra_camera_msgs__rosidl_generator_cExport-noconfig.cmake
[2.806s] -- Up-to-date: /home/klein/camera_ros2/install/astra_camera_msgs/share/astra_camera_msgs/cmake/astra_camera_msgs__rosidl_typesupport_introspection_cExport.cmake
[2.806s] -- Up-to-date: /home/klein/camera_ros2/install/astra_camera_msgs/share/astra_camera_msgs/cmake/astra_camera_msgs__rosidl_typesupport_introspection_cExport-noconfig.cmake
[2.809s] -- Up-to-date: /home/klein/camera_ros2/install/astra_camera_msgs/share/astra_camera_msgs/cmake/astra_camera_msgs__rosidl_typesupport_cExport.cmake
[2.810s] -- Up-to-date: /home/klein/camera_ros2/install/astra_camera_msgs/share/astra_camera_msgs/cmake/astra_camera_msgs__rosidl_typesupport_cExport-noconfig.cmake
[2.815s] -- Up-to-date: /home/klein/camera_ros2/install/astra_camera_msgs/share/astra_camera_msgs/cmake/astra_camera_msgs__rosidl_generator_cppExport.cmake
[2.819s] -- Up-to-date: /home/klein/camera_ros2/install/astra_camera_msgs/share/astra_camera_msgs/cmake/astra_camera_msgs__rosidl_typesupport_introspection_cppExport.cmake
[2.823s] -- Up-to-date: /home/klein/camera_ros2/install/astra_camera_msgs/share/astra_camera_msgs/cmake/astra_camera_msgs__rosidl_typesupport_introspection_cppExport-noconfig.cmake
[2.823s] -- Up-to-date: /home/klein/camera_ros2/install/astra_camera_msgs/share/astra_camera_msgs/cmake/astra_camera_msgs__rosidl_typesupport_cppExport.cmake
[2.824s] -- Up-to-date: /home/klein/camera_ros2/install/astra_camera_msgs/share/astra_camera_msgs/cmake/astra_camera_msgs__rosidl_typesupport_cppExport-noconfig.cmake
[2.824s] -- Up-to-date: /home/klein/camera_ros2/install/astra_camera_msgs/share/astra_camera_msgs/cmake/rosidl_cmake-extras.cmake
[2.824s] -- Up-to-date: /home/klein/camera_ros2/install/astra_camera_msgs/share/astra_camera_msgs/cmake/ament_cmake_export_dependencies-extras.cmake
[2.825s] -- Up-to-date: /home/klein/camera_ros2/install/astra_camera_msgs/share/astra_camera_msgs/cmake/ament_cmake_export_libraries-extras.cmake
[2.826s] -- Up-to-date: /home/klein/camera_ros2/install/astra_camera_msgs/share/astra_camera_msgs/cmake/ament_cmake_export_targets-extras.cmake
[2.826s] -- Up-to-date: /home/klein/camera_ros2/install/astra_camera_msgs/share/astra_camera_msgs/cmake/ament_cmake_export_include_directories-extras.cmake
[2.826s] -- Up-to-date: /home/klein/camera_ros2/install/astra_camera_msgs/share/astra_camera_msgs/cmake/rosidl_cmake_export_typesupport_libraries-extras.cmake
[2.826s] -- Up-to-date: /home/klein/camera_ros2/install/astra_camera_msgs/share/astra_camera_msgs/cmake/rosidl_cmake_export_typesupport_targets-extras.cmake
[2.826s] -- Up-to-date: /home/klein/camera_ros2/install/astra_camera_msgs/share/astra_camera_msgs/cmake/astra_camera_msgsConfig.cmake
[2.826s] -- Up-to-date: /home/klein/camera_ros2/install/astra_camera_msgs/share/astra_camera_msgs/cmake/astra_camera_msgsConfig-version.cmake
[2.831s] -- Up-to-date: /home/klein/camera_ros2/install/astra_camera_msgs/share/astra_camera_msgs/package.xml
[2.841s] Invoked command in '/home/klein/camera_ros2/build/astra_camera_msgs' returned '0': CMAKE_PREFIX_PATH=${CMAKE_PREFIX_PATH}:/opt/ros/foxy /usr/bin/cmake --install /home/klein/camera_ros2/build/astra_camera_msgs
