[0.061s] Invoking command in '/home/klein/camera_ros2/build/astra_camera_msgs': CMAKE_PREFIX_PATH=${CMAKE_PREFIX_PATH}:/opt/ros/foxy /usr/bin/cmake --build /home/klein/camera_ros2/build/astra_camera_msgs -- -j4 -l4
[0.225s] [  1%] Built target astra_camera_msgs__cpp
[0.239s] [ 12%] Built target astra_camera_msgs__rosidl_generator_c
[0.383s] [ 24%] Built target astra_camera_msgs__rosidl_typesupport_introspection_cpp
[0.419s] [ 35%] Built target astra_camera_msgs__rosidl_typesupport_cpp
[0.420s] [ 47%] Built target astra_camera_msgs__rosidl_typesupport_introspection_c
[0.430s] [ 58%] Built target astra_camera_msgs__rosidl_typesupport_fastrtps_cpp
[0.477s] [ 70%] Built target astra_camera_msgs__rosidl_typesupport_c
[0.522s] [ 82%] Built target astra_camera_msgs__rosidl_typesupport_fastrtps_c
[0.583s] [ 82%] Built target astra_camera_msgs
[0.647s] [ 83%] Built target astra_camera_msgs__py
[0.750s] [ 93%] Built target astra_camera_msgs__python
[0.891s] [ 95%] Built target astra_camera_msgs__rosidl_typesupport_fastrtps_c__pyext
[0.907s] [ 97%] Built target astra_camera_msgs__rosidl_typesupport_c__pyext
[0.916s] [100%] Built target astra_camera_msgs__rosidl_typesupport_introspection_c__pyext
[0.958s] Invoked command in '/home/klein/camera_ros2/build/astra_camera_msgs' returned '0': CMAKE_PREFIX_PATH=${CMAKE_PREFIX_PATH}:/opt/ros/foxy /usr/bin/cmake --build /home/klein/camera_ros2/build/astra_camera_msgs -- -j4 -l4
[1.561s] Invoking command in '/home/klein/camera_ros2/build/astra_camera_msgs': CMAKE_PREFIX_PATH=${CMAKE_PREFIX_PATH}:/opt/ros/foxy /usr/bin/cmake --install /home/klein/camera_ros2/build/astra_camera_msgs
[1.595s] -- Install configuration: ""
[1.597s] -- Up-to-date: /home/klein/camera_ros2/install/astra_camera_msgs/share/ament_index/resource_index/rosidl_interfaces/astra_camera_msgs
[1.598s] -- Up-to-date: /home/klein/camera_ros2/install/astra_camera_msgs/include/astra_camera_msgs
[1.600s] -- Up-to-date: /home/klein/camera_ros2/install/astra_camera_msgs/include/astra_camera_msgs/srv
[1.600s] -- Up-to-date: /home/klein/camera_ros2/install/astra_camera_msgs/include/astra_camera_msgs/srv/detail
[1.601s] -- Up-to-date: /home/klein/camera_ros2/install/astra_camera_msgs/include/astra_camera_msgs/srv/detail/get_camera_info__struct.h
[1.601s] -- Up-to-date: /home/klein/camera_ros2/install/astra_camera_msgs/include/astra_camera_msgs/srv/detail/get_device_info__functions.c
[1.601s] -- Up-to-date: /home/klein/camera_ros2/install/astra_camera_msgs/include/astra_camera_msgs/srv/detail/get_camera_info__functions.c
[1.602s] -- Up-to-date: /home/klein/camera_ros2/install/astra_camera_msgs/include/astra_camera_msgs/srv/detail/get_camera_params__functions.c
[1.602s] -- Up-to-date: /home/klein/camera_ros2/install/astra_camera_msgs/include/astra_camera_msgs/srv/detail/get_string__struct.h
[1.602s] -- Up-to-date: /home/klein/camera_ros2/install/astra_camera_msgs/include/astra_camera_msgs/srv/detail/get_int32__type_support.h
[1.603s] -- Up-to-date: /home/klein/camera_ros2/install/astra_camera_msgs/include/astra_camera_msgs/srv/detail/get_camera_info__type_support.h
[1.604s] -- Up-to-date: /home/klein/camera_ros2/install/astra_camera_msgs/include/astra_camera_msgs/srv/detail/set_int32__struct.h
[1.605s] -- Up-to-date: /home/klein/camera_ros2/install/astra_camera_msgs/include/astra_camera_msgs/srv/detail/get_string__type_support.h
[1.605s] -- Up-to-date: /home/klein/camera_ros2/install/astra_camera_msgs/include/astra_camera_msgs/srv/detail/get_camera_params__struct.h
[1.606s] -- Up-to-date: /home/klein/camera_ros2/install/astra_camera_msgs/include/astra_camera_msgs/srv/detail/get_device_info__struct.h
[1.606s] -- Up-to-date: /home/klein/camera_ros2/install/astra_camera_msgs/include/astra_camera_msgs/srv/detail/get_int32__functions.c
[1.606s] -- Up-to-date: /home/klein/camera_ros2/install/astra_camera_msgs/include/astra_camera_msgs/srv/detail/get_device_info__functions.h
[1.606s] -- Up-to-date: /home/klein/camera_ros2/install/astra_camera_msgs/include/astra_camera_msgs/srv/detail/set_int32__functions.c
[1.607s] -- Up-to-date: /home/klein/camera_ros2/install/astra_camera_msgs/include/astra_camera_msgs/srv/detail/get_camera_info__functions.h
[1.608s] -- Up-to-date: /home/klein/camera_ros2/install/astra_camera_msgs/include/astra_camera_msgs/srv/detail/get_int32__struct.h
[1.609s] -- Up-to-date: /home/klein/camera_ros2/install/astra_camera_msgs/include/astra_camera_msgs/srv/detail/get_int32__functions.h
[1.609s] -- Up-to-date: /home/klein/camera_ros2/install/astra_camera_msgs/include/astra_camera_msgs/srv/detail/get_camera_params__functions.h
[1.609s] -- Up-to-date: /home/klein/camera_ros2/install/astra_camera_msgs/include/astra_camera_msgs/srv/detail/set_int32__type_support.h
[1.609s] -- Up-to-date: /home/klein/camera_ros2/install/astra_camera_msgs/include/astra_camera_msgs/srv/detail/get_device_info__type_support.h
[1.610s] -- Up-to-date: /home/klein/camera_ros2/install/astra_camera_msgs/include/astra_camera_msgs/srv/detail/get_camera_params__type_support.h
[1.610s] -- Up-to-date: /home/klein/camera_ros2/install/astra_camera_msgs/include/astra_camera_msgs/srv/detail/set_int32__functions.h
[1.610s] -- Up-to-date: /home/klein/camera_ros2/install/astra_camera_msgs/include/astra_camera_msgs/srv/detail/get_string__functions.h
[1.610s] -- Up-to-date: /home/klein/camera_ros2/install/astra_camera_msgs/include/astra_camera_msgs/srv/detail/get_string__functions.c
[1.611s] -- Up-to-date: /home/klein/camera_ros2/install/astra_camera_msgs/include/astra_camera_msgs/srv/set_int32.h
[1.613s] -- Up-to-date: /home/klein/camera_ros2/install/astra_camera_msgs/include/astra_camera_msgs/srv/get_camera_params.h
[1.615s] -- Up-to-date: /home/klein/camera_ros2/install/astra_camera_msgs/include/astra_camera_msgs/srv/get_string.h
[1.615s] -- Up-to-date: /home/klein/camera_ros2/install/astra_camera_msgs/include/astra_camera_msgs/srv/get_device_info.h
[1.616s] -- Up-to-date: /home/klein/camera_ros2/install/astra_camera_msgs/include/astra_camera_msgs/srv/get_int32.h
[1.616s] -- Up-to-date: /home/klein/camera_ros2/install/astra_camera_msgs/include/astra_camera_msgs/srv/get_camera_info.h
[1.617s] -- Up-to-date: /home/klein/camera_ros2/install/astra_camera_msgs/include/astra_camera_msgs/msg
[1.617s] -- Up-to-date: /home/klein/camera_ros2/install/astra_camera_msgs/include/astra_camera_msgs/msg/detail
[1.617s] -- Up-to-date: /home/klein/camera_ros2/install/astra_camera_msgs/include/astra_camera_msgs/msg/detail/extrinsics__functions.h
[1.617s] -- Up-to-date: /home/klein/camera_ros2/install/astra_camera_msgs/include/astra_camera_msgs/msg/detail/metadata__functions.c
[1.618s] -- Up-to-date: /home/klein/camera_ros2/install/astra_camera_msgs/include/astra_camera_msgs/msg/detail/device_info__functions.h
[1.618s] -- Up-to-date: /home/klein/camera_ros2/install/astra_camera_msgs/include/astra_camera_msgs/msg/detail/device_info__type_support.h
[1.618s] -- Up-to-date: /home/klein/camera_ros2/install/astra_camera_msgs/include/astra_camera_msgs/msg/detail/extrinsics__struct.h
[1.618s] -- Up-to-date: /home/klein/camera_ros2/install/astra_camera_msgs/include/astra_camera_msgs/msg/detail/metadata__struct.h
[1.618s] -- Up-to-date: /home/klein/camera_ros2/install/astra_camera_msgs/include/astra_camera_msgs/msg/detail/device_info__struct.h
[1.618s] -- Up-to-date: /home/klein/camera_ros2/install/astra_camera_msgs/include/astra_camera_msgs/msg/detail/metadata__type_support.h
[1.619s] -- Up-to-date: /home/klein/camera_ros2/install/astra_camera_msgs/include/astra_camera_msgs/msg/detail/device_info__functions.c
[1.619s] -- Up-to-date: /home/klein/camera_ros2/install/astra_camera_msgs/include/astra_camera_msgs/msg/detail/extrinsics__functions.c
[1.619s] -- Up-to-date: /home/klein/camera_ros2/install/astra_camera_msgs/include/astra_camera_msgs/msg/detail/metadata__functions.h
[1.619s] -- Up-to-date: /home/klein/camera_ros2/install/astra_camera_msgs/include/astra_camera_msgs/msg/detail/extrinsics__type_support.h
[1.619s] -- Up-to-date: /home/klein/camera_ros2/install/astra_camera_msgs/include/astra_camera_msgs/msg/device_info.h
[1.619s] -- Up-to-date: /home/klein/camera_ros2/install/astra_camera_msgs/include/astra_camera_msgs/msg/extrinsics.h
[1.620s] -- Up-to-date: /home/klein/camera_ros2/install/astra_camera_msgs/include/astra_camera_msgs/msg/rosidl_generator_c__visibility_control.h
[1.620s] -- Up-to-date: /home/klein/camera_ros2/install/astra_camera_msgs/include/astra_camera_msgs/msg/metadata.h
[1.620s] -- Up-to-date: /home/klein/camera_ros2/install/astra_camera_msgs/share/astra_camera_msgs/environment/library_path.sh
[1.620s] -- Up-to-date: /home/klein/camera_ros2/install/astra_camera_msgs/share/astra_camera_msgs/environment/library_path.dsv
[1.620s] -- Up-to-date: /home/klein/camera_ros2/install/astra_camera_msgs/lib/libastra_camera_msgs__rosidl_generator_c.so
[1.620s] -- Up-to-date: /home/klein/camera_ros2/install/astra_camera_msgs/include/astra_camera_msgs
[1.620s] -- Up-to-date: /home/klein/camera_ros2/install/astra_camera_msgs/include/astra_camera_msgs/srv
[1.621s] -- Up-to-date: /home/klein/camera_ros2/install/astra_camera_msgs/include/astra_camera_msgs/srv/detail
[1.621s] -- Up-to-date: /home/klein/camera_ros2/install/astra_camera_msgs/include/astra_camera_msgs/srv/detail/get_camera_info__rosidl_typesupport_fastrtps_c.h
[1.621s] -- Up-to-date: /home/klein/camera_ros2/install/astra_camera_msgs/include/astra_camera_msgs/srv/detail/set_int32__rosidl_typesupport_fastrtps_c.h
[1.621s] -- Up-to-date: /home/klein/camera_ros2/install/astra_camera_msgs/include/astra_camera_msgs/srv/detail/get_camera_params__rosidl_typesupport_fastrtps_c.h
[1.621s] -- Up-to-date: /home/klein/camera_ros2/install/astra_camera_msgs/include/astra_camera_msgs/srv/detail/get_device_info__rosidl_typesupport_fastrtps_c.h
[1.621s] -- Up-to-date: /home/klein/camera_ros2/install/astra_camera_msgs/include/astra_camera_msgs/srv/detail/get_int32__rosidl_typesupport_fastrtps_c.h
[1.622s] -- Up-to-date: /home/klein/camera_ros2/install/astra_camera_msgs/include/astra_camera_msgs/srv/detail/get_string__rosidl_typesupport_fastrtps_c.h
[1.622s] -- Up-to-date: /home/klein/camera_ros2/install/astra_camera_msgs/include/astra_camera_msgs/msg
[1.622s] -- Up-to-date: /home/klein/camera_ros2/install/astra_camera_msgs/include/astra_camera_msgs/msg/detail
[1.622s] -- Up-to-date: /home/klein/camera_ros2/install/astra_camera_msgs/include/astra_camera_msgs/msg/detail/metadata__rosidl_typesupport_fastrtps_c.h
[1.622s] -- Up-to-date: /home/klein/camera_ros2/install/astra_camera_msgs/include/astra_camera_msgs/msg/detail/device_info__rosidl_typesupport_fastrtps_c.h
[1.622s] -- Up-to-date: /home/klein/camera_ros2/install/astra_camera_msgs/include/astra_camera_msgs/msg/detail/extrinsics__rosidl_typesupport_fastrtps_c.h
[1.622s] -- Up-to-date: /home/klein/camera_ros2/install/astra_camera_msgs/include/astra_camera_msgs/msg/rosidl_typesupport_fastrtps_c__visibility_control.h
[1.622s] -- Up-to-date: /home/klein/camera_ros2/install/astra_camera_msgs/lib/libastra_camera_msgs__rosidl_typesupport_fastrtps_c.so
[1.622s] -- Up-to-date: /home/klein/camera_ros2/install/astra_camera_msgs/include/astra_camera_msgs
[1.622s] -- Up-to-date: /home/klein/camera_ros2/install/astra_camera_msgs/include/astra_camera_msgs/srv
[1.622s] -- Up-to-date: /home/klein/camera_ros2/install/astra_camera_msgs/include/astra_camera_msgs/srv/detail
[1.622s] -- Up-to-date: /home/klein/camera_ros2/install/astra_camera_msgs/include/astra_camera_msgs/srv/detail/get_string__rosidl_typesupport_fastrtps_cpp.hpp
[1.623s] -- Up-to-date: /home/klein/camera_ros2/install/astra_camera_msgs/include/astra_camera_msgs/srv/detail/get_camera_params__rosidl_typesupport_fastrtps_cpp.hpp
[1.623s] -- Up-to-date: /home/klein/camera_ros2/install/astra_camera_msgs/include/astra_camera_msgs/srv/detail/get_camera_info__rosidl_typesupport_fastrtps_cpp.hpp
[1.623s] -- Up-to-date: /home/klein/camera_ros2/install/astra_camera_msgs/include/astra_camera_msgs/srv/detail/get_int32__rosidl_typesupport_fastrtps_cpp.hpp
[1.623s] -- Up-to-date: /home/klein/camera_ros2/install/astra_camera_msgs/include/astra_camera_msgs/srv/detail/dds_fastrtps
[1.623s] -- Up-to-date: /home/klein/camera_ros2/install/astra_camera_msgs/include/astra_camera_msgs/srv/detail/set_int32__rosidl_typesupport_fastrtps_cpp.hpp
[1.623s] -- Up-to-date: /home/klein/camera_ros2/install/astra_camera_msgs/include/astra_camera_msgs/srv/detail/get_device_info__rosidl_typesupport_fastrtps_cpp.hpp
[1.623s] -- Up-to-date: /home/klein/camera_ros2/install/astra_camera_msgs/include/astra_camera_msgs/msg
[1.623s] -- Up-to-date: /home/klein/camera_ros2/install/astra_camera_msgs/include/astra_camera_msgs/msg/detail
[1.624s] -- Up-to-date: /home/klein/camera_ros2/install/astra_camera_msgs/include/astra_camera_msgs/msg/detail/metadata__rosidl_typesupport_fastrtps_cpp.hpp
[1.624s] -- Up-to-date: /home/klein/camera_ros2/install/astra_camera_msgs/include/astra_camera_msgs/msg/detail/device_info__rosidl_typesupport_fastrtps_cpp.hpp
[1.624s] -- Up-to-date: /home/klein/camera_ros2/install/astra_camera_msgs/include/astra_camera_msgs/msg/detail/dds_fastrtps
[1.624s] -- Up-to-date: /home/klein/camera_ros2/install/astra_camera_msgs/include/astra_camera_msgs/msg/detail/extrinsics__rosidl_typesupport_fastrtps_cpp.hpp
[1.624s] -- Up-to-date: /home/klein/camera_ros2/install/astra_camera_msgs/include/astra_camera_msgs/msg/rosidl_typesupport_fastrtps_cpp__visibility_control.h
[1.624s] -- Up-to-date: /home/klein/camera_ros2/install/astra_camera_msgs/lib/libastra_camera_msgs__rosidl_typesupport_fastrtps_cpp.so
[1.625s] -- Up-to-date: /home/klein/camera_ros2/install/astra_camera_msgs/include/astra_camera_msgs
[1.625s] -- Up-to-date: /home/klein/camera_ros2/install/astra_camera_msgs/include/astra_camera_msgs/srv
[1.625s] -- Up-to-date: /home/klein/camera_ros2/install/astra_camera_msgs/include/astra_camera_msgs/srv/detail
[1.625s] -- Up-to-date: /home/klein/camera_ros2/install/astra_camera_msgs/include/astra_camera_msgs/srv/detail/get_device_info__type_support.c
[1.625s] -- Up-to-date: /home/klein/camera_ros2/install/astra_camera_msgs/include/astra_camera_msgs/srv/detail/get_int32__rosidl_typesupport_introspection_c.h
[1.625s] -- Up-to-date: /home/klein/camera_ros2/install/astra_camera_msgs/include/astra_camera_msgs/srv/detail/get_camera_info__rosidl_typesupport_introspection_c.h
[1.626s] -- Up-to-date: /home/klein/camera_ros2/install/astra_camera_msgs/include/astra_camera_msgs/srv/detail/get_string__rosidl_typesupport_introspection_c.h
[1.626s] -- Up-to-date: /home/klein/camera_ros2/install/astra_camera_msgs/include/astra_camera_msgs/srv/detail/get_int32__type_support.c
[1.626s] -- Up-to-date: /home/klein/camera_ros2/install/astra_camera_msgs/include/astra_camera_msgs/srv/detail/get_string__type_support.c
[1.626s] -- Up-to-date: /home/klein/camera_ros2/install/astra_camera_msgs/include/astra_camera_msgs/srv/detail/get_camera_info__type_support.c
[1.626s] -- Up-to-date: /home/klein/camera_ros2/install/astra_camera_msgs/include/astra_camera_msgs/srv/detail/get_device_info__rosidl_typesupport_introspection_c.h
[1.627s] -- Up-to-date: /home/klein/camera_ros2/install/astra_camera_msgs/include/astra_camera_msgs/srv/detail/set_int32__rosidl_typesupport_introspection_c.h
[1.627s] -- Up-to-date: /home/klein/camera_ros2/install/astra_camera_msgs/include/astra_camera_msgs/srv/detail/set_int32__type_support.c
[1.627s] -- Up-to-date: /home/klein/camera_ros2/install/astra_camera_msgs/include/astra_camera_msgs/srv/detail/get_camera_params__type_support.c
[1.627s] -- Up-to-date: /home/klein/camera_ros2/install/astra_camera_msgs/include/astra_camera_msgs/srv/detail/get_camera_params__rosidl_typesupport_introspection_c.h
[1.627s] -- Up-to-date: /home/klein/camera_ros2/install/astra_camera_msgs/include/astra_camera_msgs/msg
[1.628s] -- Up-to-date: /home/klein/camera_ros2/install/astra_camera_msgs/include/astra_camera_msgs/msg/rosidl_typesupport_introspection_c__visibility_control.h
[1.628s] -- Up-to-date: /home/klein/camera_ros2/install/astra_camera_msgs/include/astra_camera_msgs/msg/detail
[1.628s] -- Up-to-date: /home/klein/camera_ros2/install/astra_camera_msgs/include/astra_camera_msgs/msg/detail/metadata__type_support.c
[1.628s] -- Up-to-date: /home/klein/camera_ros2/install/astra_camera_msgs/include/astra_camera_msgs/msg/detail/extrinsics__rosidl_typesupport_introspection_c.h
[1.628s] -- Up-to-date: /home/klein/camera_ros2/install/astra_camera_msgs/include/astra_camera_msgs/msg/detail/metadata__rosidl_typesupport_introspection_c.h
[1.629s] -- Up-to-date: /home/klein/camera_ros2/install/astra_camera_msgs/include/astra_camera_msgs/msg/detail/extrinsics__type_support.c
[1.629s] -- Up-to-date: /home/klein/camera_ros2/install/astra_camera_msgs/include/astra_camera_msgs/msg/detail/device_info__type_support.c
[1.629s] -- Up-to-date: /home/klein/camera_ros2/install/astra_camera_msgs/include/astra_camera_msgs/msg/detail/device_info__rosidl_typesupport_introspection_c.h
[1.629s] -- Up-to-date: /home/klein/camera_ros2/install/astra_camera_msgs/lib/libastra_camera_msgs__rosidl_typesupport_introspection_c.so
[1.629s] -- Up-to-date: /home/klein/camera_ros2/install/astra_camera_msgs/lib/libastra_camera_msgs__rosidl_typesupport_c.so
[1.629s] -- Up-to-date: /home/klein/camera_ros2/install/astra_camera_msgs/include/astra_camera_msgs
[1.629s] -- Up-to-date: /home/klein/camera_ros2/install/astra_camera_msgs/include/astra_camera_msgs/srv
[1.629s] -- Up-to-date: /home/klein/camera_ros2/install/astra_camera_msgs/include/astra_camera_msgs/srv/get_camera_params.hpp
[1.629s] -- Up-to-date: /home/klein/camera_ros2/install/astra_camera_msgs/include/astra_camera_msgs/srv/detail
[1.630s] -- Up-to-date: /home/klein/camera_ros2/install/astra_camera_msgs/include/astra_camera_msgs/srv/detail/set_int32__type_support.hpp
[1.630s] -- Up-to-date: /home/klein/camera_ros2/install/astra_camera_msgs/include/astra_camera_msgs/srv/detail/get_string__builder.hpp
[1.630s] -- Up-to-date: /home/klein/camera_ros2/install/astra_camera_msgs/include/astra_camera_msgs/srv/detail/set_int32__struct.hpp
[1.630s] -- Up-to-date: /home/klein/camera_ros2/install/astra_camera_msgs/include/astra_camera_msgs/srv/detail/set_int32__traits.hpp
[1.630s] -- Up-to-date: /home/klein/camera_ros2/install/astra_camera_msgs/include/astra_camera_msgs/srv/detail/get_camera_params__traits.hpp
[1.630s] -- Up-to-date: /home/klein/camera_ros2/install/astra_camera_msgs/include/astra_camera_msgs/srv/detail/get_string__type_support.hpp
[1.630s] -- Up-to-date: /home/klein/camera_ros2/install/astra_camera_msgs/include/astra_camera_msgs/srv/detail/get_camera_info__traits.hpp
[1.630s] -- Up-to-date: /home/klein/camera_ros2/install/astra_camera_msgs/include/astra_camera_msgs/srv/detail/get_camera_params__struct.hpp
[1.630s] -- Up-to-date: /home/klein/camera_ros2/install/astra_camera_msgs/include/astra_camera_msgs/srv/detail/get_camera_info__type_support.hpp
[1.630s] -- Up-to-date: /home/klein/camera_ros2/install/astra_camera_msgs/include/astra_camera_msgs/srv/detail/get_camera_info__struct.hpp
[1.630s] -- Up-to-date: /home/klein/camera_ros2/install/astra_camera_msgs/include/astra_camera_msgs/srv/detail/get_device_info__builder.hpp
[1.631s] -- Up-to-date: /home/klein/camera_ros2/install/astra_camera_msgs/include/astra_camera_msgs/srv/detail/get_device_info__traits.hpp
[1.631s] -- Up-to-date: /home/klein/camera_ros2/install/astra_camera_msgs/include/astra_camera_msgs/srv/detail/set_int32__builder.hpp
[1.631s] -- Up-to-date: /home/klein/camera_ros2/install/astra_camera_msgs/include/astra_camera_msgs/srv/detail/get_int32__builder.hpp
[1.631s] -- Up-to-date: /home/klein/camera_ros2/install/astra_camera_msgs/include/astra_camera_msgs/srv/detail/get_device_info__struct.hpp
[1.631s] -- Up-to-date: /home/klein/camera_ros2/install/astra_camera_msgs/include/astra_camera_msgs/srv/detail/get_string__traits.hpp
[1.631s] -- Up-to-date: /home/klein/camera_ros2/install/astra_camera_msgs/include/astra_camera_msgs/srv/detail/get_device_info__type_support.hpp
[1.632s] -- Up-to-date: /home/klein/camera_ros2/install/astra_camera_msgs/include/astra_camera_msgs/srv/detail/get_camera_info__builder.hpp
[1.632s] -- Up-to-date: /home/klein/camera_ros2/install/astra_camera_msgs/include/astra_camera_msgs/srv/detail/get_camera_params__type_support.hpp
[1.644s] -- Up-to-date: /home/klein/camera_ros2/install/astra_camera_msgs/include/astra_camera_msgs/srv/detail/get_string__struct.hpp
[1.644s] -- Up-to-date: /home/klein/camera_ros2/install/astra_camera_msgs/include/astra_camera_msgs/srv/detail/get_int32__struct.hpp
[1.644s] -- Up-to-date: /home/klein/camera_ros2/install/astra_camera_msgs/include/astra_camera_msgs/srv/detail/get_int32__type_support.hpp
[1.645s] -- Up-to-date: /home/klein/camera_ros2/install/astra_camera_msgs/include/astra_camera_msgs/srv/detail/get_camera_params__builder.hpp
[1.645s] -- Up-to-date: /home/klein/camera_ros2/install/astra_camera_msgs/include/astra_camera_msgs/srv/detail/get_int32__traits.hpp
[1.645s] -- Up-to-date: /home/klein/camera_ros2/install/astra_camera_msgs/include/astra_camera_msgs/srv/get_device_info.hpp
[1.645s] -- Up-to-date: /home/klein/camera_ros2/install/astra_camera_msgs/include/astra_camera_msgs/srv/set_int32.hpp
[1.645s] -- Up-to-date: /home/klein/camera_ros2/install/astra_camera_msgs/include/astra_camera_msgs/srv/get_string.hpp
[1.645s] -- Up-to-date: /home/klein/camera_ros2/install/astra_camera_msgs/include/astra_camera_msgs/srv/get_camera_info.hpp
[1.646s] -- Up-to-date: /home/klein/camera_ros2/install/astra_camera_msgs/include/astra_camera_msgs/srv/get_int32.hpp
[1.646s] -- Up-to-date: /home/klein/camera_ros2/install/astra_camera_msgs/include/astra_camera_msgs/msg
[1.646s] -- Up-to-date: /home/klein/camera_ros2/install/astra_camera_msgs/include/astra_camera_msgs/msg/device_info.hpp
[1.646s] -- Up-to-date: /home/klein/camera_ros2/install/astra_camera_msgs/include/astra_camera_msgs/msg/detail
[1.646s] -- Up-to-date: /home/klein/camera_ros2/install/astra_camera_msgs/include/astra_camera_msgs/msg/detail/metadata__type_support.hpp
[1.646s] -- Up-to-date: /home/klein/camera_ros2/install/astra_camera_msgs/include/astra_camera_msgs/msg/detail/extrinsics__type_support.hpp
[1.647s] -- Up-to-date: /home/klein/camera_ros2/install/astra_camera_msgs/include/astra_camera_msgs/msg/detail/extrinsics__struct.hpp
[1.647s] -- Up-to-date: /home/klein/camera_ros2/install/astra_camera_msgs/include/astra_camera_msgs/msg/detail/metadata__struct.hpp
[1.647s] -- Up-to-date: /home/klein/camera_ros2/install/astra_camera_msgs/include/astra_camera_msgs/msg/detail/metadata__traits.hpp
[1.647s] -- Up-to-date: /home/klein/camera_ros2/install/astra_camera_msgs/include/astra_camera_msgs/msg/detail/device_info__type_support.hpp
[1.648s] -- Up-to-date: /home/klein/camera_ros2/install/astra_camera_msgs/include/astra_camera_msgs/msg/detail/extrinsics__builder.hpp
[1.648s] -- Up-to-date: /home/klein/camera_ros2/install/astra_camera_msgs/include/astra_camera_msgs/msg/detail/device_info__struct.hpp
[1.648s] -- Up-to-date: /home/klein/camera_ros2/install/astra_camera_msgs/include/astra_camera_msgs/msg/detail/metadata__builder.hpp
[1.648s] -- Up-to-date: /home/klein/camera_ros2/install/astra_camera_msgs/include/astra_camera_msgs/msg/detail/device_info__builder.hpp
[1.649s] -- Up-to-date: /home/klein/camera_ros2/install/astra_camera_msgs/include/astra_camera_msgs/msg/detail/device_info__traits.hpp
[1.649s] -- Up-to-date: /home/klein/camera_ros2/install/astra_camera_msgs/include/astra_camera_msgs/msg/detail/extrinsics__traits.hpp
[1.649s] -- Up-to-date: /home/klein/camera_ros2/install/astra_camera_msgs/include/astra_camera_msgs/msg/rosidl_generator_cpp__visibility_control.hpp
[1.649s] -- Up-to-date: /home/klein/camera_ros2/install/astra_camera_msgs/include/astra_camera_msgs/msg/metadata.hpp
[1.650s] -- Up-to-date: /home/klein/camera_ros2/install/astra_camera_msgs/include/astra_camera_msgs/msg/extrinsics.hpp
[1.650s] -- Up-to-date: /home/klein/camera_ros2/install/astra_camera_msgs/include/astra_camera_msgs
[1.650s] -- Up-to-date: /home/klein/camera_ros2/install/astra_camera_msgs/include/astra_camera_msgs/srv
[1.650s] -- Up-to-date: /home/klein/camera_ros2/install/astra_camera_msgs/include/astra_camera_msgs/srv/detail
[1.650s] -- Up-to-date: /home/klein/camera_ros2/install/astra_camera_msgs/include/astra_camera_msgs/srv/detail/get_camera_params__type_support.cpp
[1.650s] -- Up-to-date: /home/klein/camera_ros2/install/astra_camera_msgs/include/astra_camera_msgs/srv/detail/set_int32__type_support.cpp
[1.650s] -- Up-to-date: /home/klein/camera_ros2/install/astra_camera_msgs/include/astra_camera_msgs/srv/detail/get_int32__rosidl_typesupport_introspection_cpp.hpp
[1.651s] -- Up-to-date: /home/klein/camera_ros2/install/astra_camera_msgs/include/astra_camera_msgs/srv/detail/get_string__rosidl_typesupport_introspection_cpp.hpp
[1.651s] -- Up-to-date: /home/klein/camera_ros2/install/astra_camera_msgs/include/astra_camera_msgs/srv/detail/set_int32__rosidl_typesupport_introspection_cpp.hpp
[1.651s] -- Up-to-date: /home/klein/camera_ros2/install/astra_camera_msgs/include/astra_camera_msgs/srv/detail/get_string__type_support.cpp
[1.651s] -- Up-to-date: /home/klein/camera_ros2/install/astra_camera_msgs/include/astra_camera_msgs/srv/detail/get_camera_info__rosidl_typesupport_introspection_cpp.hpp
[1.651s] -- Up-to-date: /home/klein/camera_ros2/install/astra_camera_msgs/include/astra_camera_msgs/srv/detail/get_camera_params__rosidl_typesupport_introspection_cpp.hpp
[1.651s] -- Up-to-date: /home/klein/camera_ros2/install/astra_camera_msgs/include/astra_camera_msgs/srv/detail/get_int32__type_support.cpp
[1.651s] -- Up-to-date: /home/klein/camera_ros2/install/astra_camera_msgs/include/astra_camera_msgs/srv/detail/get_device_info__type_support.cpp
[1.651s] -- Up-to-date: /home/klein/camera_ros2/install/astra_camera_msgs/include/astra_camera_msgs/srv/detail/get_camera_info__type_support.cpp
[1.651s] -- Up-to-date: /home/klein/camera_ros2/install/astra_camera_msgs/include/astra_camera_msgs/srv/detail/get_device_info__rosidl_typesupport_introspection_cpp.hpp
[1.651s] -- Up-to-date: /home/klein/camera_ros2/install/astra_camera_msgs/include/astra_camera_msgs/msg
[1.651s] -- Up-to-date: /home/klein/camera_ros2/install/astra_camera_msgs/include/astra_camera_msgs/msg/detail
[1.651s] -- Up-to-date: /home/klein/camera_ros2/install/astra_camera_msgs/include/astra_camera_msgs/msg/detail/metadata__rosidl_typesupport_introspection_cpp.hpp
[1.652s] -- Up-to-date: /home/klein/camera_ros2/install/astra_camera_msgs/include/astra_camera_msgs/msg/detail/extrinsics__rosidl_typesupport_introspection_cpp.hpp
[1.652s] -- Up-to-date: /home/klein/camera_ros2/install/astra_camera_msgs/include/astra_camera_msgs/msg/detail/device_info__rosidl_typesupport_introspection_cpp.hpp
[1.652s] -- Up-to-date: /home/klein/camera_ros2/install/astra_camera_msgs/include/astra_camera_msgs/msg/detail/metadata__type_support.cpp
[1.652s] -- Up-to-date: /home/klein/camera_ros2/install/astra_camera_msgs/include/astra_camera_msgs/msg/detail/extrinsics__type_support.cpp
[1.652s] -- Up-to-date: /home/klein/camera_ros2/install/astra_camera_msgs/include/astra_camera_msgs/msg/detail/device_info__type_support.cpp
[1.652s] -- Up-to-date: /home/klein/camera_ros2/install/astra_camera_msgs/lib/libastra_camera_msgs__rosidl_typesupport_introspection_cpp.so
[1.652s] -- Up-to-date: /home/klein/camera_ros2/install/astra_camera_msgs/lib/libastra_camera_msgs__rosidl_typesupport_cpp.so
[1.653s] -- Up-to-date: /home/klein/camera_ros2/install/astra_camera_msgs/share/astra_camera_msgs/environment/pythonpath.sh
[1.653s] -- Up-to-date: /home/klein/camera_ros2/install/astra_camera_msgs/share/astra_camera_msgs/environment/pythonpath.dsv
[1.653s] -- Up-to-date: /home/klein/camera_ros2/install/astra_camera_msgs/lib/python3.8/site-packages/astra_camera_msgs/__init__.py
[1.735s] -- Up-to-date: /home/klein/camera_ros2/install/astra_camera_msgs/lib/python3.8/site-packages/astra_camera_msgs/msg
[1.735s] -- Up-to-date: /home/klein/camera_ros2/install/astra_camera_msgs/lib/python3.8/site-packages/astra_camera_msgs/msg/__init__.py
[1.736s] -- Up-to-date: /home/klein/camera_ros2/install/astra_camera_msgs/lib/python3.8/site-packages/astra_camera_msgs/msg/_extrinsics_s.c
[1.736s] -- Up-to-date: /home/klein/camera_ros2/install/astra_camera_msgs/lib/python3.8/site-packages/astra_camera_msgs/msg/_device_info_s.c
[1.736s] -- Up-to-date: /home/klein/camera_ros2/install/astra_camera_msgs/lib/python3.8/site-packages/astra_camera_msgs/msg/_metadata.py
[1.739s] -- Up-to-date: /home/klein/camera_ros2/install/astra_camera_msgs/lib/python3.8/site-packages/astra_camera_msgs/msg/_metadata_s.c
[1.739s] -- Up-to-date: /home/klein/camera_ros2/install/astra_camera_msgs/lib/python3.8/site-packages/astra_camera_msgs/msg/_extrinsics.py
[1.739s] -- Up-to-date: /home/klein/camera_ros2/install/astra_camera_msgs/lib/python3.8/site-packages/astra_camera_msgs/msg/_device_info.py
[1.740s] -- Up-to-date: /home/klein/camera_ros2/install/astra_camera_msgs/lib/python3.8/site-packages/astra_camera_msgs/srv
[1.741s] -- Up-to-date: /home/klein/camera_ros2/install/astra_camera_msgs/lib/python3.8/site-packages/astra_camera_msgs/srv/_get_int32_s.c
[1.741s] -- Up-to-date: /home/klein/camera_ros2/install/astra_camera_msgs/lib/python3.8/site-packages/astra_camera_msgs/srv/_get_camera_params_s.c
[1.742s] -- Up-to-date: /home/klein/camera_ros2/install/astra_camera_msgs/lib/python3.8/site-packages/astra_camera_msgs/srv/__init__.py
[1.743s] -- Up-to-date: /home/klein/camera_ros2/install/astra_camera_msgs/lib/python3.8/site-packages/astra_camera_msgs/srv/_set_int32.py
[1.745s] -- Up-to-date: /home/klein/camera_ros2/install/astra_camera_msgs/lib/python3.8/site-packages/astra_camera_msgs/srv/_get_camera_params.py
[1.751s] -- Up-to-date: /home/klein/camera_ros2/install/astra_camera_msgs/lib/python3.8/site-packages/astra_camera_msgs/srv/_get_int32.py
[1.751s] -- Up-to-date: /home/klein/camera_ros2/install/astra_camera_msgs/lib/python3.8/site-packages/astra_camera_msgs/srv/_get_camera_info.py
[1.751s] -- Up-to-date: /home/klein/camera_ros2/install/astra_camera_msgs/lib/python3.8/site-packages/astra_camera_msgs/srv/_set_int32_s.c
[1.751s] -- Up-to-date: /home/klein/camera_ros2/install/astra_camera_msgs/lib/python3.8/site-packages/astra_camera_msgs/srv/_get_camera_info_s.c
[1.752s] -- Up-to-date: /home/klein/camera_ros2/install/astra_camera_msgs/lib/python3.8/site-packages/astra_camera_msgs/srv/_get_device_info.py
[1.752s] -- Up-to-date: /home/klein/camera_ros2/install/astra_camera_msgs/lib/python3.8/site-packages/astra_camera_msgs/srv/_get_string.py
[1.752s] -- Up-to-date: /home/klein/camera_ros2/install/astra_camera_msgs/lib/python3.8/site-packages/astra_camera_msgs/srv/_get_string_s.c
[1.752s] -- Up-to-date: /home/klein/camera_ros2/install/astra_camera_msgs/lib/python3.8/site-packages/astra_camera_msgs/srv/_get_device_info_s.c
[1.752s] -- Up-to-date: /home/klein/camera_ros2/install/astra_camera_msgs/lib/python3.8/site-packages/astra_camera_msgs/astra_camera_msgs_s__rosidl_typesupport_fastrtps_c.cpython-38-x86_64-linux-gnu.so
[1.753s] -- Up-to-date: /home/klein/camera_ros2/install/astra_camera_msgs/lib/python3.8/site-packages/astra_camera_msgs/astra_camera_msgs_s__rosidl_typesupport_introspection_c.cpython-38-x86_64-linux-gnu.so
[1.756s] -- Up-to-date: /home/klein/camera_ros2/install/astra_camera_msgs/lib/python3.8/site-packages/astra_camera_msgs/astra_camera_msgs_s__rosidl_typesupport_c.cpython-38-x86_64-linux-gnu.so
[1.758s] -- Up-to-date: /home/klein/camera_ros2/install/astra_camera_msgs/lib/libastra_camera_msgs__python.so
[1.763s] -- Up-to-date: /home/klein/camera_ros2/install/astra_camera_msgs/share/astra_camera_msgs/msg/DeviceInfo.idl
[1.764s] -- Up-to-date: /home/klein/camera_ros2/install/astra_camera_msgs/share/astra_camera_msgs/msg/Extrinsics.idl
[1.764s] -- Up-to-date: /home/klein/camera_ros2/install/astra_camera_msgs/share/astra_camera_msgs/msg/Metadata.idl
[1.764s] -- Up-to-date: /home/klein/camera_ros2/install/astra_camera_msgs/share/astra_camera_msgs/srv/GetDeviceInfo.idl
[1.764s] -- Up-to-date: /home/klein/camera_ros2/install/astra_camera_msgs/share/astra_camera_msgs/srv/GetCameraInfo.idl
[1.764s] -- Up-to-date: /home/klein/camera_ros2/install/astra_camera_msgs/share/astra_camera_msgs/srv/GetCameraParams.idl
[1.764s] -- Up-to-date: /home/klein/camera_ros2/install/astra_camera_msgs/share/astra_camera_msgs/srv/GetInt32.idl
[1.765s] -- Up-to-date: /home/klein/camera_ros2/install/astra_camera_msgs/share/astra_camera_msgs/srv/GetString.idl
[1.765s] -- Up-to-date: /home/klein/camera_ros2/install/astra_camera_msgs/share/astra_camera_msgs/srv/SetInt32.idl
[1.765s] -- Up-to-date: /home/klein/camera_ros2/install/astra_camera_msgs/share/astra_camera_msgs/msg/DeviceInfo.msg
[1.765s] -- Up-to-date: /home/klein/camera_ros2/install/astra_camera_msgs/share/astra_camera_msgs/msg/Extrinsics.msg
[1.765s] -- Up-to-date: /home/klein/camera_ros2/install/astra_camera_msgs/share/astra_camera_msgs/msg/Metadata.msg
[1.765s] -- Up-to-date: /home/klein/camera_ros2/install/astra_camera_msgs/share/astra_camera_msgs/srv/GetDeviceInfo.srv
[1.765s] -- Up-to-date: /home/klein/camera_ros2/install/astra_camera_msgs/share/astra_camera_msgs/srv/GetDeviceInfo_Request.msg
[1.765s] -- Up-to-date: /home/klein/camera_ros2/install/astra_camera_msgs/share/astra_camera_msgs/srv/GetDeviceInfo_Response.msg
[1.766s] -- Up-to-date: /home/klein/camera_ros2/install/astra_camera_msgs/share/astra_camera_msgs/srv/GetCameraInfo.srv
[1.766s] -- Up-to-date: /home/klein/camera_ros2/install/astra_camera_msgs/share/astra_camera_msgs/srv/GetCameraInfo_Request.msg
[1.766s] -- Up-to-date: /home/klein/camera_ros2/install/astra_camera_msgs/share/astra_camera_msgs/srv/GetCameraInfo_Response.msg
[1.767s] -- Up-to-date: /home/klein/camera_ros2/install/astra_camera_msgs/share/astra_camera_msgs/srv/GetCameraParams.srv
[1.767s] -- Up-to-date: /home/klein/camera_ros2/install/astra_camera_msgs/share/astra_camera_msgs/srv/GetCameraParams_Request.msg
[1.767s] -- Up-to-date: /home/klein/camera_ros2/install/astra_camera_msgs/share/astra_camera_msgs/srv/GetCameraParams_Response.msg
[1.767s] -- Up-to-date: /home/klein/camera_ros2/install/astra_camera_msgs/share/astra_camera_msgs/srv/GetInt32.srv
[1.767s] -- Up-to-date: /home/klein/camera_ros2/install/astra_camera_msgs/share/astra_camera_msgs/srv/GetInt32_Request.msg
[1.767s] -- Up-to-date: /home/klein/camera_ros2/install/astra_camera_msgs/share/astra_camera_msgs/srv/GetInt32_Response.msg
[1.768s] -- Up-to-date: /home/klein/camera_ros2/install/astra_camera_msgs/share/astra_camera_msgs/srv/GetString.srv
[1.768s] -- Up-to-date: /home/klein/camera_ros2/install/astra_camera_msgs/share/astra_camera_msgs/srv/GetString_Request.msg
[1.768s] -- Up-to-date: /home/klein/camera_ros2/install/astra_camera_msgs/share/astra_camera_msgs/srv/GetString_Response.msg
[1.768s] -- Up-to-date: /home/klein/camera_ros2/install/astra_camera_msgs/share/astra_camera_msgs/srv/SetInt32.srv
[1.768s] -- Up-to-date: /home/klein/camera_ros2/install/astra_camera_msgs/share/astra_camera_msgs/srv/SetInt32_Request.msg
[1.768s] -- Up-to-date: /home/klein/camera_ros2/install/astra_camera_msgs/share/astra_camera_msgs/srv/SetInt32_Response.msg
[1.768s] -- Up-to-date: /home/klein/camera_ros2/install/astra_camera_msgs/share/ament_index/resource_index/package_run_dependencies/astra_camera_msgs
[1.769s] -- Up-to-date: /home/klein/camera_ros2/install/astra_camera_msgs/share/ament_index/resource_index/parent_prefix_path/astra_camera_msgs
[1.769s] -- Up-to-date: /home/klein/camera_ros2/install/astra_camera_msgs/share/astra_camera_msgs/environment/ament_prefix_path.sh
[1.769s] -- Up-to-date: /home/klein/camera_ros2/install/astra_camera_msgs/share/astra_camera_msgs/environment/ament_prefix_path.dsv
[1.769s] -- Up-to-date: /home/klein/camera_ros2/install/astra_camera_msgs/share/astra_camera_msgs/environment/path.sh
[1.769s] -- Up-to-date: /home/klein/camera_ros2/install/astra_camera_msgs/share/astra_camera_msgs/environment/path.dsv
[1.769s] -- Up-to-date: /home/klein/camera_ros2/install/astra_camera_msgs/share/astra_camera_msgs/local_setup.bash
[1.769s] -- Up-to-date: /home/klein/camera_ros2/install/astra_camera_msgs/share/astra_camera_msgs/local_setup.sh
[1.769s] -- Up-to-date: /home/klein/camera_ros2/install/astra_camera_msgs/share/astra_camera_msgs/local_setup.zsh
[1.769s] -- Up-to-date: /home/klein/camera_ros2/install/astra_camera_msgs/share/astra_camera_msgs/local_setup.dsv
[1.770s] -- Installing: /home/klein/camera_ros2/install/astra_camera_msgs/share/astra_camera_msgs/package.dsv
[1.770s] -- Up-to-date: /home/klein/camera_ros2/install/astra_camera_msgs/share/ament_index/resource_index/packages/astra_camera_msgs
[1.770s] -- Up-to-date: /home/klein/camera_ros2/install/astra_camera_msgs/share/astra_camera_msgs/cmake/astra_camera_msgs__rosidl_generator_cExport.cmake
[1.770s] -- Up-to-date: /home/klein/camera_ros2/install/astra_camera_msgs/share/astra_camera_msgs/cmake/astra_camera_msgs__rosidl_generator_cExport-noconfig.cmake
[1.770s] -- Up-to-date: /home/klein/camera_ros2/install/astra_camera_msgs/share/astra_camera_msgs/cmake/astra_camera_msgs__rosidl_typesupport_introspection_cExport.cmake
[1.770s] -- Up-to-date: /home/klein/camera_ros2/install/astra_camera_msgs/share/astra_camera_msgs/cmake/astra_camera_msgs__rosidl_typesupport_introspection_cExport-noconfig.cmake
[1.770s] -- Up-to-date: /home/klein/camera_ros2/install/astra_camera_msgs/share/astra_camera_msgs/cmake/astra_camera_msgs__rosidl_typesupport_cExport.cmake
[1.770s] -- Up-to-date: /home/klein/camera_ros2/install/astra_camera_msgs/share/astra_camera_msgs/cmake/astra_camera_msgs__rosidl_typesupport_cExport-noconfig.cmake
[1.770s] -- Up-to-date: /home/klein/camera_ros2/install/astra_camera_msgs/share/astra_camera_msgs/cmake/astra_camera_msgs__rosidl_generator_cppExport.cmake
[1.770s] -- Up-to-date: /home/klein/camera_ros2/install/astra_camera_msgs/share/astra_camera_msgs/cmake/astra_camera_msgs__rosidl_typesupport_introspection_cppExport.cmake
[1.770s] -- Up-to-date: /home/klein/camera_ros2/install/astra_camera_msgs/share/astra_camera_msgs/cmake/astra_camera_msgs__rosidl_typesupport_introspection_cppExport-noconfig.cmake
[1.770s] -- Up-to-date: /home/klein/camera_ros2/install/astra_camera_msgs/share/astra_camera_msgs/cmake/astra_camera_msgs__rosidl_typesupport_cppExport.cmake
[1.770s] -- Up-to-date: /home/klein/camera_ros2/install/astra_camera_msgs/share/astra_camera_msgs/cmake/astra_camera_msgs__rosidl_typesupport_cppExport-noconfig.cmake
[1.771s] -- Up-to-date: /home/klein/camera_ros2/install/astra_camera_msgs/share/astra_camera_msgs/cmake/rosidl_cmake-extras.cmake
[1.771s] -- Up-to-date: /home/klein/camera_ros2/install/astra_camera_msgs/share/astra_camera_msgs/cmake/ament_cmake_export_dependencies-extras.cmake
[1.771s] -- Up-to-date: /home/klein/camera_ros2/install/astra_camera_msgs/share/astra_camera_msgs/cmake/ament_cmake_export_libraries-extras.cmake
[1.771s] -- Up-to-date: /home/klein/camera_ros2/install/astra_camera_msgs/share/astra_camera_msgs/cmake/ament_cmake_export_targets-extras.cmake
[1.771s] -- Up-to-date: /home/klein/camera_ros2/install/astra_camera_msgs/share/astra_camera_msgs/cmake/ament_cmake_export_include_directories-extras.cmake
[1.771s] -- Up-to-date: /home/klein/camera_ros2/install/astra_camera_msgs/share/astra_camera_msgs/cmake/rosidl_cmake_export_typesupport_libraries-extras.cmake
[1.771s] -- Up-to-date: /home/klein/camera_ros2/install/astra_camera_msgs/share/astra_camera_msgs/cmake/rosidl_cmake_export_typesupport_targets-extras.cmake
[1.771s] -- Up-to-date: /home/klein/camera_ros2/install/astra_camera_msgs/share/astra_camera_msgs/cmake/astra_camera_msgsConfig.cmake
[1.771s] -- Up-to-date: /home/klein/camera_ros2/install/astra_camera_msgs/share/astra_camera_msgs/cmake/astra_camera_msgsConfig-version.cmake
[1.771s] -- Up-to-date: /home/klein/camera_ros2/install/astra_camera_msgs/share/astra_camera_msgs/package.xml
[1.789s] Invoked command in '/home/klein/camera_ros2/build/astra_camera_msgs' returned '0': CMAKE_PREFIX_PATH=${CMAKE_PREFIX_PATH}:/opt/ros/foxy /usr/bin/cmake --install /home/klein/camera_ros2/build/astra_camera_msgs
