[0.877s] DEBUG:colcon:Command line arguments: ['/usr/bin/colcon', 'build']
[0.877s] DEBUG:colcon:Parsed command line arguments: Namespace(allow_overriding=[], ament_cmake_args=None, base_paths=['.'], build_base='build', catkin_cmake_args=None, catkin_skip_building_tests=False, cmake_args=None, cmake_clean_cache=False, cmake_clean_first=False, cmake_force_configure=False, cmake_target=None, cmake_target_skip_unavailable=False, continue_on_error=False, event_handlers=None, executor='parallel', ignore_user_meta=False, install_base='install', log_base=None, log_level=None, main=<bound method BuildVerb.main of <colcon_core.verb.build.BuildVerb object at 0x7f2360d65040>>, merge_install=False, metas=['./colcon.meta'], packages_above=None, packages_above_and_dependencies=None, packages_above_depth=None, packages_end=None, packages_ignore=None, packages_ignore_regex=None, packages_select=None, packages_select_build_failed=False, packages_select_by_dep=None, packages_select_regex=None, packages_select_test_failures=False, packages_skip=None, packages_skip_build_finished=False, packages_skip_by_dep=None, packages_skip_regex=None, packages_skip_test_passed=False, packages_skip_up_to=None, packages_start=None, packages_up_to=None, packages_up_to_regex=None, parallel_workers=4, paths=None, symlink_install=False, test_result_base=None, verb_extension=<colcon_core.verb.build.BuildVerb object at 0x7f2360d65040>, verb_name='build', verb_parser=<colcon_defaults.argument_parser.defaults.DefaultArgumentsDecorator object at 0x7f2360d65670>)
[1.452s] Level 1:colcon.colcon_core.package_discovery:discover_packages(colcon_meta) check parameters
[1.453s] Level 1:colcon.colcon_core.package_discovery:discover_packages(recursive) check parameters
[1.453s] Level 1:colcon.colcon_core.package_discovery:discover_packages(ignore) check parameters
[1.453s] Level 1:colcon.colcon_core.package_discovery:discover_packages(path) check parameters
[1.453s] Level 1:colcon.colcon_core.package_discovery:discover_packages(colcon_meta) discover
[1.453s] Level 1:colcon.colcon_core.package_discovery:discover_packages(recursive) discover
[1.454s] INFO:colcon.colcon_core.package_discovery:Crawling recursively for packages in '/home/klein/camera_ros2'
[1.454s] Level 1:colcon.colcon_core.package_identification:_identify(.) by extensions ['ignore', 'ignore_ament_install']
[1.454s] Level 1:colcon.colcon_core.package_identification:_identify(.) by extension 'ignore'
[1.455s] Level 1:colcon.colcon_core.package_identification:_identify(.) by extension 'ignore_ament_install'
[1.455s] Level 1:colcon.colcon_core.package_identification:_identify(.) by extensions ['colcon_pkg']
[1.455s] Level 1:colcon.colcon_core.package_identification:_identify(.) by extension 'colcon_pkg'
[1.455s] Level 1:colcon.colcon_core.package_identification:_identify(.) by extensions ['colcon_meta']
[1.455s] Level 1:colcon.colcon_core.package_identification:_identify(.) by extension 'colcon_meta'
[1.455s] Level 1:colcon.colcon_core.package_identification:_identify(.) by extensions ['ros']
[1.456s] Level 1:colcon.colcon_core.package_identification:_identify(.) by extension 'ros'
[1.513s] Level 1:colcon.colcon_core.package_identification:_identify(.) by extensions ['cmake', 'python']
[1.513s] Level 1:colcon.colcon_core.package_identification:_identify(.) by extension 'cmake'
[1.513s] Level 1:colcon.colcon_core.package_identification:_identify(.) by extension 'python'
[1.514s] Level 1:colcon.colcon_core.package_identification:_identify(.) by extensions ['python_setup_py']
[1.514s] Level 1:colcon.colcon_core.package_identification:_identify(.) by extension 'python_setup_py'
[1.514s] Level 1:colcon.colcon_core.package_identification:_identify(build) by extensions ['ignore', 'ignore_ament_install']
[1.514s] Level 1:colcon.colcon_core.package_identification:_identify(build) by extension 'ignore'
[1.515s] Level 1:colcon.colcon_core.package_identification:_identify(build) ignored
[1.515s] Level 1:colcon.colcon_core.package_identification:_identify(install) by extensions ['ignore', 'ignore_ament_install']
[1.515s] Level 1:colcon.colcon_core.package_identification:_identify(install) by extension 'ignore'
[1.516s] Level 1:colcon.colcon_core.package_identification:_identify(install) ignored
[1.516s] Level 1:colcon.colcon_core.package_identification:_identify(log) by extensions ['ignore', 'ignore_ament_install']
[1.516s] Level 1:colcon.colcon_core.package_identification:_identify(log) by extension 'ignore'
[1.516s] Level 1:colcon.colcon_core.package_identification:_identify(log) ignored
[1.516s] Level 1:colcon.colcon_core.package_identification:_identify(src) by extensions ['ignore', 'ignore_ament_install']
[1.516s] Level 1:colcon.colcon_core.package_identification:_identify(src) by extension 'ignore'
[1.516s] Level 1:colcon.colcon_core.package_identification:_identify(src) by extension 'ignore_ament_install'
[1.517s] Level 1:colcon.colcon_core.package_identification:_identify(src) by extensions ['colcon_pkg']
[1.517s] Level 1:colcon.colcon_core.package_identification:_identify(src) by extension 'colcon_pkg'
[1.517s] Level 1:colcon.colcon_core.package_identification:_identify(src) by extensions ['colcon_meta']
[1.517s] Level 1:colcon.colcon_core.package_identification:_identify(src) by extension 'colcon_meta'
[1.517s] Level 1:colcon.colcon_core.package_identification:_identify(src) by extensions ['ros']
[1.517s] Level 1:colcon.colcon_core.package_identification:_identify(src) by extension 'ros'
[1.517s] Level 1:colcon.colcon_core.package_identification:_identify(src) by extensions ['cmake', 'python']
[1.517s] Level 1:colcon.colcon_core.package_identification:_identify(src) by extension 'cmake'
[1.517s] Level 1:colcon.colcon_core.package_identification:_identify(src) by extension 'python'
[1.518s] Level 1:colcon.colcon_core.package_identification:_identify(src) by extensions ['python_setup_py']
[1.518s] Level 1:colcon.colcon_core.package_identification:_identify(src) by extension 'python_setup_py'
[1.518s] Level 1:colcon.colcon_core.package_identification:_identify(src/opencv_use) by extensions ['ignore', 'ignore_ament_install']
[1.518s] Level 1:colcon.colcon_core.package_identification:_identify(src/opencv_use) by extension 'ignore'
[1.518s] Level 1:colcon.colcon_core.package_identification:_identify(src/opencv_use) by extension 'ignore_ament_install'
[1.519s] Level 1:colcon.colcon_core.package_identification:_identify(src/opencv_use) by extensions ['colcon_pkg']
[1.519s] Level 1:colcon.colcon_core.package_identification:_identify(src/opencv_use) by extension 'colcon_pkg'
[1.519s] Level 1:colcon.colcon_core.package_identification:_identify(src/opencv_use) by extensions ['colcon_meta']
[1.519s] Level 1:colcon.colcon_core.package_identification:_identify(src/opencv_use) by extension 'colcon_meta'
[1.519s] Level 1:colcon.colcon_core.package_identification:_identify(src/opencv_use) by extensions ['ros']
[1.519s] Level 1:colcon.colcon_core.package_identification:_identify(src/opencv_use) by extension 'ros'
[1.530s] DEBUG:colcon.colcon_core.package_identification:Package 'src/opencv_use' with type 'ros.ament_cmake' and name 'opencv_use'
[1.531s] Level 1:colcon.colcon_core.package_identification:_identify(src/ros2_astra_camera) by extensions ['ignore', 'ignore_ament_install']
[1.531s] Level 1:colcon.colcon_core.package_identification:_identify(src/ros2_astra_camera) by extension 'ignore'
[1.531s] Level 1:colcon.colcon_core.package_identification:_identify(src/ros2_astra_camera) by extension 'ignore_ament_install'
[1.531s] Level 1:colcon.colcon_core.package_identification:_identify(src/ros2_astra_camera) by extensions ['colcon_pkg']
[1.532s] Level 1:colcon.colcon_core.package_identification:_identify(src/ros2_astra_camera) by extension 'colcon_pkg'
[1.532s] Level 1:colcon.colcon_core.package_identification:_identify(src/ros2_astra_camera) by extensions ['colcon_meta']
[1.532s] Level 1:colcon.colcon_core.package_identification:_identify(src/ros2_astra_camera) by extension 'colcon_meta'
[1.532s] Level 1:colcon.colcon_core.package_identification:_identify(src/ros2_astra_camera) by extensions ['ros']
[1.532s] Level 1:colcon.colcon_core.package_identification:_identify(src/ros2_astra_camera) by extension 'ros'
[1.532s] Level 1:colcon.colcon_core.package_identification:_identify(src/ros2_astra_camera) by extensions ['cmake', 'python']
[1.532s] Level 1:colcon.colcon_core.package_identification:_identify(src/ros2_astra_camera) by extension 'cmake'
[1.533s] Level 1:colcon.colcon_core.package_identification:_identify(src/ros2_astra_camera) by extension 'python'
[1.533s] Level 1:colcon.colcon_core.package_identification:_identify(src/ros2_astra_camera) by extensions ['python_setup_py']
[1.533s] Level 1:colcon.colcon_core.package_identification:_identify(src/ros2_astra_camera) by extension 'python_setup_py'
[1.533s] Level 1:colcon.colcon_core.package_identification:_identify(src/ros2_astra_camera/astra_camera) by extensions ['ignore', 'ignore_ament_install']
[1.533s] Level 1:colcon.colcon_core.package_identification:_identify(src/ros2_astra_camera/astra_camera) by extension 'ignore'
[1.533s] Level 1:colcon.colcon_core.package_identification:_identify(src/ros2_astra_camera/astra_camera) by extension 'ignore_ament_install'
[1.534s] Level 1:colcon.colcon_core.package_identification:_identify(src/ros2_astra_camera/astra_camera) by extensions ['colcon_pkg']
[1.534s] Level 1:colcon.colcon_core.package_identification:_identify(src/ros2_astra_camera/astra_camera) by extension 'colcon_pkg'
[1.534s] Level 1:colcon.colcon_core.package_identification:_identify(src/ros2_astra_camera/astra_camera) by extensions ['colcon_meta']
[1.534s] Level 1:colcon.colcon_core.package_identification:_identify(src/ros2_astra_camera/astra_camera) by extension 'colcon_meta'
[1.534s] Level 1:colcon.colcon_core.package_identification:_identify(src/ros2_astra_camera/astra_camera) by extensions ['ros']
[1.534s] Level 1:colcon.colcon_core.package_identification:_identify(src/ros2_astra_camera/astra_camera) by extension 'ros'
[1.545s] DEBUG:colcon.colcon_core.package_identification:Package 'src/ros2_astra_camera/astra_camera' with type 'ros.ament_cmake' and name 'astra_camera'
[1.547s] Level 1:colcon.colcon_core.package_identification:_identify(src/ros2_astra_camera/astra_camera_msgs) by extensions ['ignore', 'ignore_ament_install']
[1.547s] Level 1:colcon.colcon_core.package_identification:_identify(src/ros2_astra_camera/astra_camera_msgs) by extension 'ignore'
[1.547s] Level 1:colcon.colcon_core.package_identification:_identify(src/ros2_astra_camera/astra_camera_msgs) by extension 'ignore_ament_install'
[1.547s] Level 1:colcon.colcon_core.package_identification:_identify(src/ros2_astra_camera/astra_camera_msgs) by extensions ['colcon_pkg']
[1.547s] Level 1:colcon.colcon_core.package_identification:_identify(src/ros2_astra_camera/astra_camera_msgs) by extension 'colcon_pkg'
[1.547s] Level 1:colcon.colcon_core.package_identification:_identify(src/ros2_astra_camera/astra_camera_msgs) by extensions ['colcon_meta']
[1.547s] Level 1:colcon.colcon_core.package_identification:_identify(src/ros2_astra_camera/astra_camera_msgs) by extension 'colcon_meta'
[1.547s] Level 1:colcon.colcon_core.package_identification:_identify(src/ros2_astra_camera/astra_camera_msgs) by extensions ['ros']
[1.547s] Level 1:colcon.colcon_core.package_identification:_identify(src/ros2_astra_camera/astra_camera_msgs) by extension 'ros'
[1.549s] DEBUG:colcon.colcon_core.package_identification:Package 'src/ros2_astra_camera/astra_camera_msgs' with type 'ros.ament_cmake' and name 'astra_camera_msgs'
[1.549s] Level 1:colcon.colcon_core.package_discovery:discover_packages(recursive) using defaults
[1.550s] Level 1:colcon.colcon_core.package_discovery:discover_packages(ignore) discover
[1.550s] Level 1:colcon.colcon_core.package_discovery:discover_packages(ignore) using defaults
[1.550s] Level 1:colcon.colcon_core.package_discovery:discover_packages(path) discover
[1.550s] Level 1:colcon.colcon_core.package_discovery:discover_packages(path) using defaults
[1.634s] Level 1:colcon.colcon_core.package_discovery:discover_packages(prefix_path) check parameters
[1.634s] Level 1:colcon.colcon_core.package_discovery:discover_packages(prefix_path) discover
[1.651s] WARNING:colcon.colcon_ros.prefix_path.ament:The path '/home/klein/camera_ros2/install/demo_cv_image' in the environment variable AMENT_PREFIX_PATH doesn't exist
[1.658s] DEBUG:colcon.colcon_installed_package_information.package_discovery:Found 3 installed packages in /home/klein/camera_ros2/install
[1.660s] DEBUG:colcon.colcon_installed_package_information.package_discovery:Found 2 installed packages in /home/klein/ros2move_ws/install
[1.665s] DEBUG:colcon.colcon_installed_package_information.package_discovery:Found 269 installed packages in /opt/ros/foxy
[1.671s] Level 1:colcon.colcon_core.package_discovery:discover_packages(prefix_path) using defaults
[1.909s] Level 5:colcon.colcon_core.verb:set package 'astra_camera_msgs' build argument 'cmake_args' from command line to 'None'
[1.909s] Level 5:colcon.colcon_core.verb:set package 'astra_camera_msgs' build argument 'cmake_target' from command line to 'None'
[1.909s] Level 5:colcon.colcon_core.verb:set package 'astra_camera_msgs' build argument 'cmake_target_skip_unavailable' from command line to 'False'
[1.909s] Level 5:colcon.colcon_core.verb:set package 'astra_camera_msgs' build argument 'cmake_clean_cache' from command line to 'False'
[1.909s] Level 5:colcon.colcon_core.verb:set package 'astra_camera_msgs' build argument 'cmake_clean_first' from command line to 'False'
[1.909s] Level 5:colcon.colcon_core.verb:set package 'astra_camera_msgs' build argument 'cmake_force_configure' from command line to 'False'
[1.910s] Level 5:colcon.colcon_core.verb:set package 'astra_camera_msgs' build argument 'ament_cmake_args' from command line to 'None'
[1.910s] Level 5:colcon.colcon_core.verb:set package 'astra_camera_msgs' build argument 'catkin_cmake_args' from command line to 'None'
[1.910s] Level 5:colcon.colcon_core.verb:set package 'astra_camera_msgs' build argument 'catkin_skip_building_tests' from command line to 'False'
[1.910s] DEBUG:colcon.colcon_core.verb:Building package 'astra_camera_msgs' with the following arguments: {'ament_cmake_args': None, 'build_base': '/home/klein/camera_ros2/build/astra_camera_msgs', 'catkin_cmake_args': None, 'catkin_skip_building_tests': False, 'cmake_args': None, 'cmake_clean_cache': False, 'cmake_clean_first': False, 'cmake_force_configure': False, 'cmake_target': None, 'cmake_target_skip_unavailable': False, 'install_base': '/home/klein/camera_ros2/install/astra_camera_msgs', 'merge_install': False, 'path': '/home/klein/camera_ros2/src/ros2_astra_camera/astra_camera_msgs', 'symlink_install': False, 'test_result_base': None}
[1.911s] Level 5:colcon.colcon_core.verb:set package 'opencv_use' build argument 'cmake_args' from command line to 'None'
[1.911s] Level 5:colcon.colcon_core.verb:set package 'opencv_use' build argument 'cmake_target' from command line to 'None'
[1.912s] Level 5:colcon.colcon_core.verb:set package 'opencv_use' build argument 'cmake_target_skip_unavailable' from command line to 'False'
[1.912s] Level 5:colcon.colcon_core.verb:set package 'opencv_use' build argument 'cmake_clean_cache' from command line to 'False'
[1.912s] Level 5:colcon.colcon_core.verb:set package 'opencv_use' build argument 'cmake_clean_first' from command line to 'False'
[1.913s] Level 5:colcon.colcon_core.verb:set package 'opencv_use' build argument 'cmake_force_configure' from command line to 'False'
[1.913s] Level 5:colcon.colcon_core.verb:set package 'opencv_use' build argument 'ament_cmake_args' from command line to 'None'
[1.913s] Level 5:colcon.colcon_core.verb:set package 'opencv_use' build argument 'catkin_cmake_args' from command line to 'None'
[1.913s] Level 5:colcon.colcon_core.verb:set package 'opencv_use' build argument 'catkin_skip_building_tests' from command line to 'False'
[1.913s] DEBUG:colcon.colcon_core.verb:Building package 'opencv_use' with the following arguments: {'ament_cmake_args': None, 'build_base': '/home/klein/camera_ros2/build/opencv_use', 'catkin_cmake_args': None, 'catkin_skip_building_tests': False, 'cmake_args': None, 'cmake_clean_cache': False, 'cmake_clean_first': False, 'cmake_force_configure': False, 'cmake_target': None, 'cmake_target_skip_unavailable': False, 'install_base': '/home/klein/camera_ros2/install/opencv_use', 'merge_install': False, 'path': '/home/klein/camera_ros2/src/opencv_use', 'symlink_install': False, 'test_result_base': None}
[1.914s] Level 5:colcon.colcon_core.verb:set package 'astra_camera' build argument 'cmake_args' from command line to 'None'
[1.915s] Level 5:colcon.colcon_core.verb:set package 'astra_camera' build argument 'cmake_target' from command line to 'None'
[1.916s] Level 5:colcon.colcon_core.verb:set package 'astra_camera' build argument 'cmake_target_skip_unavailable' from command line to 'False'
[1.916s] Level 5:colcon.colcon_core.verb:set package 'astra_camera' build argument 'cmake_clean_cache' from command line to 'False'
[1.917s] Level 5:colcon.colcon_core.verb:set package 'astra_camera' build argument 'cmake_clean_first' from command line to 'False'
[1.917s] Level 5:colcon.colcon_core.verb:set package 'astra_camera' build argument 'cmake_force_configure' from command line to 'False'
[1.917s] Level 5:colcon.colcon_core.verb:set package 'astra_camera' build argument 'ament_cmake_args' from command line to 'None'
[1.918s] Level 5:colcon.colcon_core.verb:set package 'astra_camera' build argument 'catkin_cmake_args' from command line to 'None'
[1.919s] Level 5:colcon.colcon_core.verb:set package 'astra_camera' build argument 'catkin_skip_building_tests' from command line to 'False'
[1.920s] DEBUG:colcon.colcon_core.verb:Building package 'astra_camera' with the following arguments: {'ament_cmake_args': None, 'build_base': '/home/klein/camera_ros2/build/astra_camera', 'catkin_cmake_args': None, 'catkin_skip_building_tests': False, 'cmake_args': None, 'cmake_clean_cache': False, 'cmake_clean_first': False, 'cmake_force_configure': False, 'cmake_target': None, 'cmake_target_skip_unavailable': False, 'install_base': '/home/klein/camera_ros2/install/astra_camera', 'merge_install': False, 'path': '/home/klein/camera_ros2/src/ros2_astra_camera/astra_camera', 'symlink_install': False, 'test_result_base': None}
[1.922s] INFO:colcon.colcon_core.executor:Executing jobs using 'parallel' executor
[1.926s] DEBUG:colcon.colcon_parallel_executor.executor.parallel:run_until_complete
[1.928s] INFO:colcon.colcon_ros.task.ament_cmake.build:Building ROS package in '/home/klein/camera_ros2/src/ros2_astra_camera/astra_camera_msgs' with build type 'ament_cmake'
[1.928s] INFO:colcon.colcon_cmake.task.cmake.build:Building CMake package in '/home/klein/camera_ros2/src/ros2_astra_camera/astra_camera_msgs'
[1.949s] INFO:colcon.colcon_core.plugin_system:Skipping extension 'colcon_core.shell.bat': Not used on non-Windows systems
[1.949s] INFO:colcon.colcon_core.shell:Skip shell extension 'powershell' for command environment: Not usable outside of PowerShell
[1.949s] DEBUG:colcon.colcon_core.shell:Skip shell extension 'dsv' for command environment
[1.963s] INFO:colcon.colcon_ros.task.ament_cmake.build:Building ROS package in '/home/klein/camera_ros2/src/opencv_use' with build type 'ament_cmake'
[1.964s] INFO:colcon.colcon_cmake.task.cmake.build:Building CMake package in '/home/klein/camera_ros2/src/opencv_use'
[1.965s] INFO:colcon.colcon_core.shell:Skip shell extension 'powershell' for command environment: Not usable outside of PowerShell
[1.965s] DEBUG:colcon.colcon_core.shell:Skip shell extension 'dsv' for command environment
[2.013s] DEBUG:colcon.colcon_core.event_handler.log_command:Invoking command in '/home/klein/camera_ros2/build/astra_camera_msgs': CMAKE_PREFIX_PATH=${CMAKE_PREFIX_PATH}:/home/klein/camera_ros2/install/demo_cv_image:/opt/ros/foxy /usr/bin/cmake --build /home/klein/camera_ros2/build/astra_camera_msgs -- -j4 -l4
[2.031s] DEBUG:colcon.colcon_core.event_handler.log_command:Invoking command in '/home/klein/camera_ros2/build/opencv_use': CMAKE_PREFIX_PATH=${CMAKE_PREFIX_PATH}:/home/klein/camera_ros2/install/demo_cv_image:/opt/ros/foxy /usr/bin/cmake --build /home/klein/camera_ros2/build/opencv_use -- -j4 -l4
[3.182s] DEBUG:colcon.colcon_core.event_handler.log_command:Invoked command in '/home/klein/camera_ros2/build/astra_camera_msgs' returned '0': CMAKE_PREFIX_PATH=${CMAKE_PREFIX_PATH}:/home/klein/camera_ros2/install/demo_cv_image:/opt/ros/foxy /usr/bin/cmake --build /home/klein/camera_ros2/build/astra_camera_msgs -- -j4 -l4
[3.849s] DEBUG:colcon.colcon_core.event_handler.log_command:Invoking command in '/home/klein/camera_ros2/build/astra_camera_msgs': CMAKE_PREFIX_PATH=${CMAKE_PREFIX_PATH}:/home/klein/camera_ros2/install/demo_cv_image:/opt/ros/foxy /usr/bin/cmake --install /home/klein/camera_ros2/build/astra_camera_msgs
[4.090s] Level 1:colcon.colcon_core.environment:create_environment_scripts_only(astra_camera_msgs)
[4.092s] DEBUG:colcon.colcon_core.event_handler.log_command:Invoked command in '/home/klein/camera_ros2/build/astra_camera_msgs' returned '0': CMAKE_PREFIX_PATH=${CMAKE_PREFIX_PATH}:/home/klein/camera_ros2/install/demo_cv_image:/opt/ros/foxy /usr/bin/cmake --install /home/klein/camera_ros2/build/astra_camera_msgs
[4.114s] Level 1:colcon.colcon_core.environment:checking '/home/klein/camera_ros2/install/astra_camera_msgs' for CMake module files
[4.117s] Level 1:colcon.colcon_core.environment:checking '/home/klein/camera_ros2/install/astra_camera_msgs' for CMake config files
[4.122s] Level 1:colcon.colcon_core.shell:create_environment_hook('astra_camera_msgs', 'cmake_prefix_path')
[4.123s] INFO:colcon.colcon_core.shell:Creating environment hook '/home/klein/camera_ros2/install/astra_camera_msgs/share/astra_camera_msgs/hook/cmake_prefix_path.ps1'
[4.127s] INFO:colcon.colcon_core.shell:Creating environment descriptor '/home/klein/camera_ros2/install/astra_camera_msgs/share/astra_camera_msgs/hook/cmake_prefix_path.dsv'
[4.129s] INFO:colcon.colcon_core.shell:Creating environment hook '/home/klein/camera_ros2/install/astra_camera_msgs/share/astra_camera_msgs/hook/cmake_prefix_path.sh'
[4.134s] Level 1:colcon.colcon_core.environment:checking '/home/klein/camera_ros2/install/astra_camera_msgs/lib'
[4.135s] Level 1:colcon.colcon_core.shell:create_environment_hook('astra_camera_msgs', 'ld_library_path_lib')
[4.136s] INFO:colcon.colcon_core.shell:Creating environment hook '/home/klein/camera_ros2/install/astra_camera_msgs/share/astra_camera_msgs/hook/ld_library_path_lib.ps1'
[4.138s] INFO:colcon.colcon_core.shell:Creating environment descriptor '/home/klein/camera_ros2/install/astra_camera_msgs/share/astra_camera_msgs/hook/ld_library_path_lib.dsv'
[4.140s] INFO:colcon.colcon_core.shell:Creating environment hook '/home/klein/camera_ros2/install/astra_camera_msgs/share/astra_camera_msgs/hook/ld_library_path_lib.sh'
[4.142s] Level 1:colcon.colcon_core.environment:checking '/home/klein/camera_ros2/install/astra_camera_msgs/bin'
[4.142s] Level 1:colcon.colcon_core.environment:checking '/home/klein/camera_ros2/install/astra_camera_msgs/lib/pkgconfig/astra_camera_msgs.pc'
[4.143s] Level 1:colcon.colcon_core.environment:checking '/home/klein/camera_ros2/install/astra_camera_msgs/lib/python3.8/site-packages'
[4.143s] Level 1:colcon.colcon_core.shell:create_environment_hook('astra_camera_msgs', 'pythonpath')
[4.144s] INFO:colcon.colcon_core.shell:Creating environment hook '/home/klein/camera_ros2/install/astra_camera_msgs/share/astra_camera_msgs/hook/pythonpath.ps1'
[4.147s] INFO:colcon.colcon_core.shell:Creating environment descriptor '/home/klein/camera_ros2/install/astra_camera_msgs/share/astra_camera_msgs/hook/pythonpath.dsv'
[4.149s] INFO:colcon.colcon_core.shell:Creating environment hook '/home/klein/camera_ros2/install/astra_camera_msgs/share/astra_camera_msgs/hook/pythonpath.sh'
[4.151s] Level 1:colcon.colcon_core.environment:checking '/home/klein/camera_ros2/install/astra_camera_msgs/bin'
[4.153s] INFO:colcon.colcon_core.shell:Creating package script '/home/klein/camera_ros2/install/astra_camera_msgs/share/astra_camera_msgs/package.ps1'
[4.158s] INFO:colcon.colcon_core.shell:Creating package descriptor '/home/klein/camera_ros2/install/astra_camera_msgs/share/astra_camera_msgs/package.dsv'
[4.161s] INFO:colcon.colcon_core.shell:Creating package script '/home/klein/camera_ros2/install/astra_camera_msgs/share/astra_camera_msgs/package.sh'
[4.166s] INFO:colcon.colcon_core.shell:Creating package script '/home/klein/camera_ros2/install/astra_camera_msgs/share/astra_camera_msgs/package.bash'
[4.172s] INFO:colcon.colcon_core.shell:Creating package script '/home/klein/camera_ros2/install/astra_camera_msgs/share/astra_camera_msgs/package.zsh'
[4.176s] Level 1:colcon.colcon_core.environment:create_file_with_runtime_dependencies(/home/klein/camera_ros2/install/astra_camera_msgs/share/colcon-core/packages/astra_camera_msgs)
[4.829s] Level 1:colcon.colcon_core.environment:create_environment_scripts_only(astra_camera_msgs)
[4.830s] Level 1:colcon.colcon_core.environment:checking '/home/klein/camera_ros2/install/astra_camera_msgs' for CMake module files
[4.832s] Level 1:colcon.colcon_core.environment:checking '/home/klein/camera_ros2/install/astra_camera_msgs' for CMake config files
[4.834s] Level 1:colcon.colcon_core.shell:create_environment_hook('astra_camera_msgs', 'cmake_prefix_path')
[4.835s] INFO:colcon.colcon_core.shell:Creating environment hook '/home/klein/camera_ros2/install/astra_camera_msgs/share/astra_camera_msgs/hook/cmake_prefix_path.ps1'
[4.837s] INFO:colcon.colcon_core.shell:Creating environment descriptor '/home/klein/camera_ros2/install/astra_camera_msgs/share/astra_camera_msgs/hook/cmake_prefix_path.dsv'
[4.838s] INFO:colcon.colcon_core.shell:Creating environment hook '/home/klein/camera_ros2/install/astra_camera_msgs/share/astra_camera_msgs/hook/cmake_prefix_path.sh'
[4.840s] Level 1:colcon.colcon_core.environment:checking '/home/klein/camera_ros2/install/astra_camera_msgs/lib'
[4.840s] Level 1:colcon.colcon_core.shell:create_environment_hook('astra_camera_msgs', 'ld_library_path_lib')
[4.841s] INFO:colcon.colcon_core.shell:Creating environment hook '/home/klein/camera_ros2/install/astra_camera_msgs/share/astra_camera_msgs/hook/ld_library_path_lib.ps1'
[4.843s] INFO:colcon.colcon_core.shell:Creating environment descriptor '/home/klein/camera_ros2/install/astra_camera_msgs/share/astra_camera_msgs/hook/ld_library_path_lib.dsv'
[4.845s] INFO:colcon.colcon_core.shell:Creating environment hook '/home/klein/camera_ros2/install/astra_camera_msgs/share/astra_camera_msgs/hook/ld_library_path_lib.sh'
[4.847s] Level 1:colcon.colcon_core.environment:checking '/home/klein/camera_ros2/install/astra_camera_msgs/bin'
[4.847s] Level 1:colcon.colcon_core.environment:checking '/home/klein/camera_ros2/install/astra_camera_msgs/lib/pkgconfig/astra_camera_msgs.pc'
[4.848s] Level 1:colcon.colcon_core.environment:checking '/home/klein/camera_ros2/install/astra_camera_msgs/lib/python3.8/site-packages'
[4.848s] Level 1:colcon.colcon_core.shell:create_environment_hook('astra_camera_msgs', 'pythonpath')
[4.849s] INFO:colcon.colcon_core.shell:Creating environment hook '/home/klein/camera_ros2/install/astra_camera_msgs/share/astra_camera_msgs/hook/pythonpath.ps1'
[4.850s] INFO:colcon.colcon_core.shell:Creating environment descriptor '/home/klein/camera_ros2/install/astra_camera_msgs/share/astra_camera_msgs/hook/pythonpath.dsv'
[4.852s] INFO:colcon.colcon_core.shell:Creating environment hook '/home/klein/camera_ros2/install/astra_camera_msgs/share/astra_camera_msgs/hook/pythonpath.sh'
[4.856s] Level 1:colcon.colcon_core.environment:checking '/home/klein/camera_ros2/install/astra_camera_msgs/bin'
[4.857s] INFO:colcon.colcon_core.shell:Creating package script '/home/klein/camera_ros2/install/astra_camera_msgs/share/astra_camera_msgs/package.ps1'
[4.859s] INFO:colcon.colcon_core.shell:Creating package descriptor '/home/klein/camera_ros2/install/astra_camera_msgs/share/astra_camera_msgs/package.dsv'
[4.860s] INFO:colcon.colcon_core.shell:Creating package script '/home/klein/camera_ros2/install/astra_camera_msgs/share/astra_camera_msgs/package.sh'
[4.862s] INFO:colcon.colcon_core.shell:Creating package script '/home/klein/camera_ros2/install/astra_camera_msgs/share/astra_camera_msgs/package.bash'
[4.864s] INFO:colcon.colcon_core.shell:Creating package script '/home/klein/camera_ros2/install/astra_camera_msgs/share/astra_camera_msgs/package.zsh'
[4.868s] Level 1:colcon.colcon_core.environment:create_file_with_runtime_dependencies(/home/klein/camera_ros2/install/astra_camera_msgs/share/colcon-core/packages/astra_camera_msgs)
[4.872s] INFO:colcon.colcon_ros.task.ament_cmake.build:Building ROS package in '/home/klein/camera_ros2/src/ros2_astra_camera/astra_camera' with build type 'ament_cmake'
[4.874s] INFO:colcon.colcon_cmake.task.cmake.build:Building CMake package in '/home/klein/camera_ros2/src/ros2_astra_camera/astra_camera'
[4.875s] INFO:colcon.colcon_core.shell:Skip shell extension 'powershell' for command environment: Not usable outside of PowerShell
[4.875s] DEBUG:colcon.colcon_core.shell:Skip shell extension 'dsv' for command environment
[4.941s] DEBUG:colcon.colcon_core.event_handler.log_command:Invoking command in '/home/klein/camera_ros2/build/astra_camera': CMAKE_PREFIX_PATH=/home/klein/camera_ros2/install/astra_camera_msgs:/home/klein/camera_ros2/install/opencv_use:/home/klein/camera_ros2/install/astra_camera:/home/klein/ros2move_ws/install/pkg01_helloworld_cpp:/home/klein/ros2move_ws/install/cpp01_topic:/home/klein/camera_ros2/install/demo_cv_image:/opt/ros/foxy LD_LIBRARY_PATH=/home/klein/camera_ros2/install/astra_camera_msgs/lib:/home/klein/camera_ros2/install/astra_camera/lib:/usr/local/lib:/opt/ros/foxy/opt/yaml_cpp_vendor/lib:/opt/ros/foxy/opt/rviz_ogre_vendor/lib:/opt/ros/foxy/lib/x86_64-linux-gnu:/opt/ros/foxy/lib PYTHONPATH=/home/klein/camera_ros2/install/astra_camera_msgs/lib/python3.8/site-packages:/home/klein/camera_ros2/install/demo_cv_image/lib/python3.8/site-packages:/opt/ros/foxy/lib/python3.8/site-packages /usr/bin/cmake --build /home/klein/camera_ros2/build/astra_camera -- -j4 -l4
[5.475s] DEBUG:colcon.colcon_core.event_handler.log_command:Invoked command in '/home/klein/camera_ros2/build/astra_camera' returned '0': CMAKE_PREFIX_PATH=/home/klein/camera_ros2/install/astra_camera_msgs:/home/klein/camera_ros2/install/opencv_use:/home/klein/camera_ros2/install/astra_camera:/home/klein/ros2move_ws/install/pkg01_helloworld_cpp:/home/klein/ros2move_ws/install/cpp01_topic:/home/klein/camera_ros2/install/demo_cv_image:/opt/ros/foxy LD_LIBRARY_PATH=/home/klein/camera_ros2/install/astra_camera_msgs/lib:/home/klein/camera_ros2/install/astra_camera/lib:/usr/local/lib:/opt/ros/foxy/opt/yaml_cpp_vendor/lib:/opt/ros/foxy/opt/rviz_ogre_vendor/lib:/opt/ros/foxy/lib/x86_64-linux-gnu:/opt/ros/foxy/lib PYTHONPATH=/home/klein/camera_ros2/install/astra_camera_msgs/lib/python3.8/site-packages:/home/klein/camera_ros2/install/demo_cv_image/lib/python3.8/site-packages:/opt/ros/foxy/lib/python3.8/site-packages /usr/bin/cmake --build /home/klein/camera_ros2/build/astra_camera -- -j4 -l4
[5.665s] DEBUG:colcon.colcon_core.event_handler.log_command:Invoking command in '/home/klein/camera_ros2/build/astra_camera': CMAKE_PREFIX_PATH=/home/klein/camera_ros2/install/astra_camera_msgs:/home/klein/camera_ros2/install/opencv_use:/home/klein/camera_ros2/install/astra_camera:/home/klein/ros2move_ws/install/pkg01_helloworld_cpp:/home/klein/ros2move_ws/install/cpp01_topic:/home/klein/camera_ros2/install/demo_cv_image:/opt/ros/foxy LD_LIBRARY_PATH=/home/klein/camera_ros2/install/astra_camera_msgs/lib:/home/klein/camera_ros2/install/astra_camera/lib:/usr/local/lib:/opt/ros/foxy/opt/yaml_cpp_vendor/lib:/opt/ros/foxy/opt/rviz_ogre_vendor/lib:/opt/ros/foxy/lib/x86_64-linux-gnu:/opt/ros/foxy/lib PYTHONPATH=/home/klein/camera_ros2/install/astra_camera_msgs/lib/python3.8/site-packages:/home/klein/camera_ros2/install/demo_cv_image/lib/python3.8/site-packages:/opt/ros/foxy/lib/python3.8/site-packages /usr/bin/cmake --install /home/klein/camera_ros2/build/astra_camera
[5.765s] Level 1:colcon.colcon_core.environment:create_environment_scripts_only(astra_camera)
[5.766s] Level 1:colcon.colcon_core.environment:checking '/home/klein/camera_ros2/install/astra_camera' for CMake module files
[5.768s] Level 1:colcon.colcon_core.environment:checking '/home/klein/camera_ros2/install/astra_camera' for CMake config files
[5.770s] Level 1:colcon.colcon_core.shell:create_environment_hook('astra_camera', 'cmake_prefix_path')
[5.771s] INFO:colcon.colcon_core.shell:Creating environment hook '/home/klein/camera_ros2/install/astra_camera/share/astra_camera/hook/cmake_prefix_path.ps1'
[5.773s] INFO:colcon.colcon_core.shell:Creating environment descriptor '/home/klein/camera_ros2/install/astra_camera/share/astra_camera/hook/cmake_prefix_path.dsv'
[5.775s] INFO:colcon.colcon_core.shell:Creating environment hook '/home/klein/camera_ros2/install/astra_camera/share/astra_camera/hook/cmake_prefix_path.sh'
[5.795s] Level 1:colcon.colcon_core.environment:checking '/home/klein/camera_ros2/install/astra_camera/lib'
[5.795s] Level 1:colcon.colcon_core.shell:create_environment_hook('astra_camera', 'ld_library_path_lib')
[5.796s] INFO:colcon.colcon_core.shell:Creating environment hook '/home/klein/camera_ros2/install/astra_camera/share/astra_camera/hook/ld_library_path_lib.ps1'
[5.798s] INFO:colcon.colcon_core.shell:Creating environment descriptor '/home/klein/camera_ros2/install/astra_camera/share/astra_camera/hook/ld_library_path_lib.dsv'
[5.799s] INFO:colcon.colcon_core.shell:Creating environment hook '/home/klein/camera_ros2/install/astra_camera/share/astra_camera/hook/ld_library_path_lib.sh'
[5.801s] Level 1:colcon.colcon_core.environment:checking '/home/klein/camera_ros2/install/astra_camera/bin'
[5.801s] Level 1:colcon.colcon_core.environment:checking '/home/klein/camera_ros2/install/astra_camera/lib/pkgconfig/astra_camera.pc'
[5.802s] Level 1:colcon.colcon_core.environment:checking '/home/klein/camera_ros2/install/astra_camera/lib/python3.8/site-packages'
[5.803s] Level 1:colcon.colcon_core.environment:checking '/home/klein/camera_ros2/install/astra_camera/bin'
[5.812s] INFO:colcon.colcon_core.shell:Creating package script '/home/klein/camera_ros2/install/astra_camera/share/astra_camera/package.ps1'
[5.810s] DEBUG:colcon.colcon_core.event_handler.log_command:Invoked command in '/home/klein/camera_ros2/build/astra_camera' returned '0': CMAKE_PREFIX_PATH=/home/klein/camera_ros2/install/astra_camera_msgs:/home/klein/camera_ros2/install/opencv_use:/home/klein/camera_ros2/install/astra_camera:/home/klein/ros2move_ws/install/pkg01_helloworld_cpp:/home/klein/ros2move_ws/install/cpp01_topic:/home/klein/camera_ros2/install/demo_cv_image:/opt/ros/foxy LD_LIBRARY_PATH=/home/klein/camera_ros2/install/astra_camera_msgs/lib:/home/klein/camera_ros2/install/astra_camera/lib:/usr/local/lib:/opt/ros/foxy/opt/yaml_cpp_vendor/lib:/opt/ros/foxy/opt/rviz_ogre_vendor/lib:/opt/ros/foxy/lib/x86_64-linux-gnu:/opt/ros/foxy/lib PYTHONPATH=/home/klein/camera_ros2/install/astra_camera_msgs/lib/python3.8/site-packages:/home/klein/camera_ros2/install/demo_cv_image/lib/python3.8/site-packages:/opt/ros/foxy/lib/python3.8/site-packages /usr/bin/cmake --install /home/klein/camera_ros2/build/astra_camera
[5.814s] INFO:colcon.colcon_core.shell:Creating package descriptor '/home/klein/camera_ros2/install/astra_camera/share/astra_camera/package.dsv'
[5.816s] INFO:colcon.colcon_core.shell:Creating package script '/home/klein/camera_ros2/install/astra_camera/share/astra_camera/package.sh'
[5.818s] INFO:colcon.colcon_core.shell:Creating package script '/home/klein/camera_ros2/install/astra_camera/share/astra_camera/package.bash'
[5.820s] INFO:colcon.colcon_core.shell:Creating package script '/home/klein/camera_ros2/install/astra_camera/share/astra_camera/package.zsh'
[5.822s] Level 1:colcon.colcon_core.environment:create_file_with_runtime_dependencies(/home/klein/camera_ros2/install/astra_camera/share/colcon-core/packages/astra_camera)
[6.022s] Level 1:colcon.colcon_core.environment:create_environment_scripts_only(astra_camera)
[6.023s] Level 1:colcon.colcon_core.environment:checking '/home/klein/camera_ros2/install/astra_camera' for CMake module files
[6.025s] Level 1:colcon.colcon_core.environment:checking '/home/klein/camera_ros2/install/astra_camera' for CMake config files
[6.028s] Level 1:colcon.colcon_core.shell:create_environment_hook('astra_camera', 'cmake_prefix_path')
[6.029s] INFO:colcon.colcon_core.shell:Creating environment hook '/home/klein/camera_ros2/install/astra_camera/share/astra_camera/hook/cmake_prefix_path.ps1'
[6.031s] INFO:colcon.colcon_core.shell:Creating environment descriptor '/home/klein/camera_ros2/install/astra_camera/share/astra_camera/hook/cmake_prefix_path.dsv'
[6.034s] INFO:colcon.colcon_core.shell:Creating environment hook '/home/klein/camera_ros2/install/astra_camera/share/astra_camera/hook/cmake_prefix_path.sh'
[6.040s] Level 1:colcon.colcon_core.environment:checking '/home/klein/camera_ros2/install/astra_camera/lib'
[6.040s] Level 1:colcon.colcon_core.shell:create_environment_hook('astra_camera', 'ld_library_path_lib')
[6.041s] INFO:colcon.colcon_core.shell:Creating environment hook '/home/klein/camera_ros2/install/astra_camera/share/astra_camera/hook/ld_library_path_lib.ps1'
[6.044s] INFO:colcon.colcon_core.shell:Creating environment descriptor '/home/klein/camera_ros2/install/astra_camera/share/astra_camera/hook/ld_library_path_lib.dsv'
[6.045s] INFO:colcon.colcon_core.shell:Creating environment hook '/home/klein/camera_ros2/install/astra_camera/share/astra_camera/hook/ld_library_path_lib.sh'
[6.047s] Level 1:colcon.colcon_core.environment:checking '/home/klein/camera_ros2/install/astra_camera/bin'
[6.048s] Level 1:colcon.colcon_core.environment:checking '/home/klein/camera_ros2/install/astra_camera/lib/pkgconfig/astra_camera.pc'
[6.049s] Level 1:colcon.colcon_core.environment:checking '/home/klein/camera_ros2/install/astra_camera/lib/python3.8/site-packages'
[6.049s] Level 1:colcon.colcon_core.environment:checking '/home/klein/camera_ros2/install/astra_camera/bin'
[6.051s] INFO:colcon.colcon_core.shell:Creating package script '/home/klein/camera_ros2/install/astra_camera/share/astra_camera/package.ps1'
[6.053s] INFO:colcon.colcon_core.shell:Creating package descriptor '/home/klein/camera_ros2/install/astra_camera/share/astra_camera/package.dsv'
[6.057s] INFO:colcon.colcon_core.shell:Creating package script '/home/klein/camera_ros2/install/astra_camera/share/astra_camera/package.sh'
[6.059s] INFO:colcon.colcon_core.shell:Creating package script '/home/klein/camera_ros2/install/astra_camera/share/astra_camera/package.bash'
[6.062s] INFO:colcon.colcon_core.shell:Creating package script '/home/klein/camera_ros2/install/astra_camera/share/astra_camera/package.zsh'
[6.064s] Level 1:colcon.colcon_core.environment:create_file_with_runtime_dependencies(/home/klein/camera_ros2/install/astra_camera/share/colcon-core/packages/astra_camera)
[28.862s] DEBUG:colcon.colcon_core.event_handler.log_command:Invoked command in '/home/klein/camera_ros2/build/opencv_use' returned '0': CMAKE_PREFIX_PATH=${CMAKE_PREFIX_PATH}:/home/klein/camera_ros2/install/demo_cv_image:/opt/ros/foxy /usr/bin/cmake --build /home/klein/camera_ros2/build/opencv_use -- -j4 -l4
[28.925s] DEBUG:colcon.colcon_core.event_handler.log_command:Invoking command in '/home/klein/camera_ros2/build/opencv_use': CMAKE_PREFIX_PATH=${CMAKE_PREFIX_PATH}:/home/klein/camera_ros2/install/demo_cv_image:/opt/ros/foxy /usr/bin/cmake --install /home/klein/camera_ros2/build/opencv_use
[28.966s] Level 1:colcon.colcon_core.environment:create_environment_scripts_only(opencv_use)
[28.968s] Level 1:colcon.colcon_core.environment:checking '/home/klein/camera_ros2/install/opencv_use' for CMake module files
[28.968s] DEBUG:colcon.colcon_core.event_handler.log_command:Invoked command in '/home/klein/camera_ros2/build/opencv_use' returned '0': CMAKE_PREFIX_PATH=${CMAKE_PREFIX_PATH}:/home/klein/camera_ros2/install/demo_cv_image:/opt/ros/foxy /usr/bin/cmake --install /home/klein/camera_ros2/build/opencv_use
[28.971s] Level 1:colcon.colcon_core.environment:checking '/home/klein/camera_ros2/install/opencv_use' for CMake config files
[28.972s] Level 1:colcon.colcon_core.shell:create_environment_hook('opencv_use', 'cmake_prefix_path')
[28.973s] INFO:colcon.colcon_core.shell:Creating environment hook '/home/klein/camera_ros2/install/opencv_use/share/opencv_use/hook/cmake_prefix_path.ps1'
[28.979s] INFO:colcon.colcon_core.shell:Creating environment descriptor '/home/klein/camera_ros2/install/opencv_use/share/opencv_use/hook/cmake_prefix_path.dsv'
[28.981s] INFO:colcon.colcon_core.shell:Creating environment hook '/home/klein/camera_ros2/install/opencv_use/share/opencv_use/hook/cmake_prefix_path.sh'
[28.986s] Level 1:colcon.colcon_core.environment:checking '/home/klein/camera_ros2/install/opencv_use/lib'
[28.986s] Level 1:colcon.colcon_core.environment:checking '/home/klein/camera_ros2/install/opencv_use/bin'
[28.987s] Level 1:colcon.colcon_core.environment:checking '/home/klein/camera_ros2/install/opencv_use/lib/pkgconfig/opencv_use.pc'
[28.988s] Level 1:colcon.colcon_core.environment:checking '/home/klein/camera_ros2/install/opencv_use/lib/python3.8/site-packages'
[28.988s] Level 1:colcon.colcon_core.environment:checking '/home/klein/camera_ros2/install/opencv_use/bin'
[28.990s] INFO:colcon.colcon_core.shell:Creating package script '/home/klein/camera_ros2/install/opencv_use/share/opencv_use/package.ps1'
[28.994s] INFO:colcon.colcon_core.shell:Creating package descriptor '/home/klein/camera_ros2/install/opencv_use/share/opencv_use/package.dsv'
[28.995s] INFO:colcon.colcon_core.shell:Creating package script '/home/klein/camera_ros2/install/opencv_use/share/opencv_use/package.sh'
[28.997s] INFO:colcon.colcon_core.shell:Creating package script '/home/klein/camera_ros2/install/opencv_use/share/opencv_use/package.bash'
[28.998s] INFO:colcon.colcon_core.shell:Creating package script '/home/klein/camera_ros2/install/opencv_use/share/opencv_use/package.zsh'
[29.001s] Level 1:colcon.colcon_core.environment:create_file_with_runtime_dependencies(/home/klein/camera_ros2/install/opencv_use/share/colcon-core/packages/opencv_use)
[29.084s] Level 1:colcon.colcon_core.environment:create_environment_scripts_only(opencv_use)
[29.085s] Level 1:colcon.colcon_core.environment:checking '/home/klein/camera_ros2/install/opencv_use' for CMake module files
[29.087s] Level 1:colcon.colcon_core.environment:checking '/home/klein/camera_ros2/install/opencv_use' for CMake config files
[29.088s] Level 1:colcon.colcon_core.shell:create_environment_hook('opencv_use', 'cmake_prefix_path')
[29.088s] INFO:colcon.colcon_core.shell:Creating environment hook '/home/klein/camera_ros2/install/opencv_use/share/opencv_use/hook/cmake_prefix_path.ps1'
[29.091s] INFO:colcon.colcon_core.shell:Creating environment descriptor '/home/klein/camera_ros2/install/opencv_use/share/opencv_use/hook/cmake_prefix_path.dsv'
[29.092s] INFO:colcon.colcon_core.shell:Creating environment hook '/home/klein/camera_ros2/install/opencv_use/share/opencv_use/hook/cmake_prefix_path.sh'
[29.094s] Level 1:colcon.colcon_core.environment:checking '/home/klein/camera_ros2/install/opencv_use/lib'
[29.094s] Level 1:colcon.colcon_core.environment:checking '/home/klein/camera_ros2/install/opencv_use/bin'
[29.095s] Level 1:colcon.colcon_core.environment:checking '/home/klein/camera_ros2/install/opencv_use/lib/pkgconfig/opencv_use.pc'
[29.096s] Level 1:colcon.colcon_core.environment:checking '/home/klein/camera_ros2/install/opencv_use/lib/python3.8/site-packages'
[29.097s] Level 1:colcon.colcon_core.environment:checking '/home/klein/camera_ros2/install/opencv_use/bin'
[29.097s] INFO:colcon.colcon_core.shell:Creating package script '/home/klein/camera_ros2/install/opencv_use/share/opencv_use/package.ps1'
[29.107s] INFO:colcon.colcon_core.shell:Creating package descriptor '/home/klein/camera_ros2/install/opencv_use/share/opencv_use/package.dsv'
[29.117s] INFO:colcon.colcon_core.shell:Creating package script '/home/klein/camera_ros2/install/opencv_use/share/opencv_use/package.sh'
[29.119s] INFO:colcon.colcon_core.shell:Creating package script '/home/klein/camera_ros2/install/opencv_use/share/opencv_use/package.bash'
[29.121s] INFO:colcon.colcon_core.shell:Creating package script '/home/klein/camera_ros2/install/opencv_use/share/opencv_use/package.zsh'
[29.124s] Level 1:colcon.colcon_core.environment:create_file_with_runtime_dependencies(/home/klein/camera_ros2/install/opencv_use/share/colcon-core/packages/opencv_use)
[29.133s] DEBUG:colcon.colcon_parallel_executor.executor.parallel:closing loop
[29.134s] DEBUG:colcon.colcon_parallel_executor.executor.parallel:loop closed
[29.136s] DEBUG:colcon.colcon_parallel_executor.executor.parallel:run_until_complete finished with '0'
[29.136s] DEBUG:colcon.colcon_core.event_reactor:joining thread
[29.166s] INFO:colcon.colcon_core.plugin_system:Skipping extension 'colcon_notification.desktop_notification.terminal_notifier': Not used on non-Darwin systems
[29.167s] INFO:colcon.colcon_core.plugin_system:Skipping extension 'colcon_notification.desktop_notification.win32': Not used on non-Windows systems
[29.167s] INFO:colcon.colcon_notification.desktop_notification:Sending desktop notification using 'notify2'
[29.245s] DEBUG:colcon.colcon_core.event_reactor:joined thread
[29.246s] INFO:colcon.colcon_core.shell:Creating prefix script '/home/klein/camera_ros2/install/local_setup.ps1'
[29.250s] INFO:colcon.colcon_core.shell:Creating prefix util module '/home/klein/camera_ros2/install/_local_setup_util_ps1.py'
[29.258s] INFO:colcon.colcon_core.shell:Creating prefix chain script '/home/klein/camera_ros2/install/setup.ps1'
[29.263s] INFO:colcon.colcon_core.shell:Creating prefix script '/home/klein/camera_ros2/install/local_setup.sh'
[29.266s] INFO:colcon.colcon_core.shell:Creating prefix util module '/home/klein/camera_ros2/install/_local_setup_util_sh.py'
[29.269s] INFO:colcon.colcon_core.shell:Creating prefix chain script '/home/klein/camera_ros2/install/setup.sh'
[29.274s] INFO:colcon.colcon_core.shell:Creating prefix script '/home/klein/camera_ros2/install/local_setup.bash'
[29.278s] INFO:colcon.colcon_core.shell:Creating prefix chain script '/home/klein/camera_ros2/install/setup.bash'
[29.281s] INFO:colcon.colcon_core.shell:Creating prefix script '/home/klein/camera_ros2/install/local_setup.zsh'
[29.286s] INFO:colcon.colcon_core.shell:Creating prefix chain script '/home/klein/camera_ros2/install/setup.zsh'
