[0.069s] Invoking command in '/home/klein/camera_ros2/build/opencv_use': CMAKE_PREFIX_PATH=${CMAKE_PREFIX_PATH}:/opt/ros/foxy /usr/bin/cmake --build /home/klein/camera_ros2/build/opencv_use -- -j4 -l4
[0.204s] [35m[1mScanning dependencies of target my_opencv[0m
[0.321s] [ 50%] [32mBuilding CXX object CMakeFiles/my_opencv.dir/src/my_opencv.cpp.o[0m
[23.947s] [100%] [32m[1mLinking CXX executable my_opencv[0m
[25.742s] [100%] Built target my_opencv
[25.786s] Invoked command in '/home/klein/camera_ros2/build/opencv_use' returned '0': CMAKE_PREFIX_PATH=${CMAKE_PREFIX_PATH}:/opt/ros/foxy /usr/bin/cmake --build /home/klein/camera_ros2/build/opencv_use -- -j4 -l4
[25.910s] Invoking command in '/home/klein/camera_ros2/build/opencv_use': CMAKE_PREFIX_PATH=${CMAKE_PREFIX_PATH}:/opt/ros/foxy /usr/bin/cmake --install /home/klein/camera_ros2/build/opencv_use
[25.933s] -- Install configuration: ""
[25.935s] -- Installing: /home/klein/camera_ros2/install/opencv_use/lib/opencv_use/my_opencv
[25.944s] -- Set runtime path of "/home/klein/camera_ros2/install/opencv_use/lib/opencv_use/my_opencv" to ""
[25.944s] -- Up-to-date: /home/klein/camera_ros2/install/opencv_use/share/ament_index/resource_index/package_run_dependencies/opencv_use
[25.945s] -- Up-to-date: /home/klein/camera_ros2/install/opencv_use/share/ament_index/resource_index/parent_prefix_path/opencv_use
[25.945s] -- Up-to-date: /home/klein/camera_ros2/install/opencv_use/share/opencv_use/environment/ament_prefix_path.sh
[25.946s] -- Up-to-date: /home/klein/camera_ros2/install/opencv_use/share/opencv_use/environment/ament_prefix_path.dsv
[25.946s] -- Up-to-date: /home/klein/camera_ros2/install/opencv_use/share/opencv_use/environment/path.sh
[25.946s] -- Up-to-date: /home/klein/camera_ros2/install/opencv_use/share/opencv_use/environment/path.dsv
[25.946s] -- Up-to-date: /home/klein/camera_ros2/install/opencv_use/share/opencv_use/local_setup.bash
[25.946s] -- Up-to-date: /home/klein/camera_ros2/install/opencv_use/share/opencv_use/local_setup.sh
[25.947s] -- Up-to-date: /home/klein/camera_ros2/install/opencv_use/share/opencv_use/local_setup.zsh
[25.948s] -- Up-to-date: /home/klein/camera_ros2/install/opencv_use/share/opencv_use/local_setup.dsv
[25.948s] -- Installing: /home/klein/camera_ros2/install/opencv_use/share/opencv_use/package.dsv
[25.949s] -- Up-to-date: /home/klein/camera_ros2/install/opencv_use/share/ament_index/resource_index/packages/opencv_use
[25.950s] -- Up-to-date: /home/klein/camera_ros2/install/opencv_use/share/opencv_use/cmake/opencv_useConfig.cmake
[25.950s] -- Up-to-date: /home/klein/camera_ros2/install/opencv_use/share/opencv_use/cmake/opencv_useConfig-version.cmake
[25.950s] -- Up-to-date: /home/klein/camera_ros2/install/opencv_use/share/opencv_use/package.xml
[25.956s] Invoked command in '/home/klein/camera_ros2/build/opencv_use' returned '0': CMAKE_PREFIX_PATH=${CMAKE_PREFIX_PATH}:/opt/ros/foxy /usr/bin/cmake --install /home/klein/camera_ros2/build/opencv_use
