[0.082s] Invoking command in '/home/klein/camera_ros2/build/astra_camera_msgs': CMAKE_PREFIX_PATH=${CMAKE_PREFIX_PATH}:/home/klein/camera_ros2/install/demo_cv_image:/opt/ros/foxy /usr/bin/cmake --build /home/klein/camera_ros2/build/astra_camera_msgs -- -j4 -l4
[0.431s] [  1%] Built target astra_camera_msgs__cpp
[0.458s] [ 12%] Built target astra_camera_msgs__rosidl_generator_c
[0.556s] [ 24%] Built target astra_camera_msgs__rosidl_typesupport_cpp
[0.581s] [ 35%] Built target astra_camera_msgs__rosidl_typesupport_introspection_c
[0.604s] [ 47%] Built target astra_camera_msgs__rosidl_typesupport_introspection_cpp
[0.611s] [ 58%] Built target astra_camera_msgs__rosidl_typesupport_fastrtps_cpp
[0.670s] [ 70%] Built target astra_camera_msgs__rosidl_typesupport_c
[0.783s] [ 82%] Built target astra_camera_msgs__rosidl_typesupport_fastrtps_c
[0.857s] [ 82%] Built target astra_camera_msgs
[0.936s] [ 83%] Built target astra_camera_msgs__py
[1.059s] [ 93%] Built target astra_camera_msgs__python
[1.145s] [ 95%] Built target astra_camera_msgs__rosidl_typesupport_fastrtps_c__pyext
[1.158s] [ 97%] Built target astra_camera_msgs__rosidl_typesupport_c__pyext
[1.212s] [100%] Built target astra_camera_msgs__rosidl_typesupport_introspection_c__pyext
[1.252s] Invoked command in '/home/klein/camera_ros2/build/astra_camera_msgs' returned '0': CMAKE_PREFIX_PATH=${CMAKE_PREFIX_PATH}:/home/klein/camera_ros2/install/demo_cv_image:/opt/ros/foxy /usr/bin/cmake --build /home/klein/camera_ros2/build/astra_camera_msgs -- -j4 -l4
[1.919s] Invoking command in '/home/klein/camera_ros2/build/astra_camera_msgs': CMAKE_PREFIX_PATH=${CMAKE_PREFIX_PATH}:/home/klein/camera_ros2/install/demo_cv_image:/opt/ros/foxy /usr/bin/cmake --install /home/klein/camera_ros2/build/astra_camera_msgs
[1.954s] -- Install configuration: ""
[1.955s] -- Up-to-date: /home/klein/camera_ros2/install/astra_camera_msgs/share/ament_index/resource_index/rosidl_interfaces/astra_camera_msgs
[1.955s] -- Up-to-date: /home/klein/camera_ros2/install/astra_camera_msgs/include/astra_camera_msgs
[1.955s] -- Up-to-date: /home/klein/camera_ros2/install/astra_camera_msgs/include/astra_camera_msgs/srv
[1.955s] -- Up-to-date: /home/klein/camera_ros2/install/astra_camera_msgs/include/astra_camera_msgs/srv/detail
[1.955s] -- Up-to-date: /home/klein/camera_ros2/install/astra_camera_msgs/include/astra_camera_msgs/srv/detail/get_camera_info__struct.h
[1.956s] -- Up-to-date: /home/klein/camera_ros2/install/astra_camera_msgs/include/astra_camera_msgs/srv/detail/get_device_info__functions.c
[1.956s] -- Up-to-date: /home/klein/camera_ros2/install/astra_camera_msgs/include/astra_camera_msgs/srv/detail/get_camera_info__functions.c
[1.956s] -- Up-to-date: /home/klein/camera_ros2/install/astra_camera_msgs/include/astra_camera_msgs/srv/detail/get_camera_params__functions.c
[1.956s] -- Up-to-date: /home/klein/camera_ros2/install/astra_camera_msgs/include/astra_camera_msgs/srv/detail/get_string__struct.h
[1.957s] -- Up-to-date: /home/klein/camera_ros2/install/astra_camera_msgs/include/astra_camera_msgs/srv/detail/get_int32__type_support.h
[1.957s] -- Up-to-date: /home/klein/camera_ros2/install/astra_camera_msgs/include/astra_camera_msgs/srv/detail/get_camera_info__type_support.h
[1.957s] -- Up-to-date: /home/klein/camera_ros2/install/astra_camera_msgs/include/astra_camera_msgs/srv/detail/set_int32__struct.h
[1.957s] -- Up-to-date: /home/klein/camera_ros2/install/astra_camera_msgs/include/astra_camera_msgs/srv/detail/get_string__type_support.h
[1.958s] -- Up-to-date: /home/klein/camera_ros2/install/astra_camera_msgs/include/astra_camera_msgs/srv/detail/get_camera_params__struct.h
[1.958s] -- Up-to-date: /home/klein/camera_ros2/install/astra_camera_msgs/include/astra_camera_msgs/srv/detail/get_device_info__struct.h
[1.958s] -- Up-to-date: /home/klein/camera_ros2/install/astra_camera_msgs/include/astra_camera_msgs/srv/detail/get_int32__functions.c
[1.958s] -- Up-to-date: /home/klein/camera_ros2/install/astra_camera_msgs/include/astra_camera_msgs/srv/detail/get_device_info__functions.h
[1.958s] -- Up-to-date: /home/klein/camera_ros2/install/astra_camera_msgs/include/astra_camera_msgs/srv/detail/set_int32__functions.c
[1.959s] -- Up-to-date: /home/klein/camera_ros2/install/astra_camera_msgs/include/astra_camera_msgs/srv/detail/get_camera_info__functions.h
[1.959s] -- Up-to-date: /home/klein/camera_ros2/install/astra_camera_msgs/include/astra_camera_msgs/srv/detail/get_int32__struct.h
[1.959s] -- Up-to-date: /home/klein/camera_ros2/install/astra_camera_msgs/include/astra_camera_msgs/srv/detail/get_int32__functions.h
[1.959s] -- Up-to-date: /home/klein/camera_ros2/install/astra_camera_msgs/include/astra_camera_msgs/srv/detail/get_camera_params__functions.h
[1.959s] -- Up-to-date: /home/klein/camera_ros2/install/astra_camera_msgs/include/astra_camera_msgs/srv/detail/set_int32__type_support.h
[1.960s] -- Up-to-date: /home/klein/camera_ros2/install/astra_camera_msgs/include/astra_camera_msgs/srv/detail/get_device_info__type_support.h
[1.960s] -- Up-to-date: /home/klein/camera_ros2/install/astra_camera_msgs/include/astra_camera_msgs/srv/detail/get_camera_params__type_support.h
[1.961s] -- Up-to-date: /home/klein/camera_ros2/install/astra_camera_msgs/include/astra_camera_msgs/srv/detail/set_int32__functions.h
[1.961s] -- Up-to-date: /home/klein/camera_ros2/install/astra_camera_msgs/include/astra_camera_msgs/srv/detail/get_string__functions.h
[1.962s] -- Up-to-date: /home/klein/camera_ros2/install/astra_camera_msgs/include/astra_camera_msgs/srv/detail/get_string__functions.c
[1.962s] -- Up-to-date: /home/klein/camera_ros2/install/astra_camera_msgs/include/astra_camera_msgs/srv/set_int32.h
[1.963s] -- Up-to-date: /home/klein/camera_ros2/install/astra_camera_msgs/include/astra_camera_msgs/srv/get_camera_params.h
[1.964s] -- Up-to-date: /home/klein/camera_ros2/install/astra_camera_msgs/include/astra_camera_msgs/srv/get_string.h
[1.965s] -- Up-to-date: /home/klein/camera_ros2/install/astra_camera_msgs/include/astra_camera_msgs/srv/get_device_info.h
[1.965s] -- Up-to-date: /home/klein/camera_ros2/install/astra_camera_msgs/include/astra_camera_msgs/srv/get_int32.h
[1.965s] -- Up-to-date: /home/klein/camera_ros2/install/astra_camera_msgs/include/astra_camera_msgs/srv/get_camera_info.h
[1.965s] -- Up-to-date: /home/klein/camera_ros2/install/astra_camera_msgs/include/astra_camera_msgs/msg
[1.966s] -- Up-to-date: /home/klein/camera_ros2/install/astra_camera_msgs/include/astra_camera_msgs/msg/detail
[1.966s] -- Up-to-date: /home/klein/camera_ros2/install/astra_camera_msgs/include/astra_camera_msgs/msg/detail/extrinsics__functions.h
[1.966s] -- Up-to-date: /home/klein/camera_ros2/install/astra_camera_msgs/include/astra_camera_msgs/msg/detail/metadata__functions.c
[1.966s] -- Up-to-date: /home/klein/camera_ros2/install/astra_camera_msgs/include/astra_camera_msgs/msg/detail/device_info__functions.h
[1.967s] -- Up-to-date: /home/klein/camera_ros2/install/astra_camera_msgs/include/astra_camera_msgs/msg/detail/device_info__type_support.h
[1.967s] -- Up-to-date: /home/klein/camera_ros2/install/astra_camera_msgs/include/astra_camera_msgs/msg/detail/extrinsics__struct.h
[1.967s] -- Up-to-date: /home/klein/camera_ros2/install/astra_camera_msgs/include/astra_camera_msgs/msg/detail/metadata__struct.h
[1.967s] -- Up-to-date: /home/klein/camera_ros2/install/astra_camera_msgs/include/astra_camera_msgs/msg/detail/device_info__struct.h
[1.967s] -- Up-to-date: /home/klein/camera_ros2/install/astra_camera_msgs/include/astra_camera_msgs/msg/detail/metadata__type_support.h
[1.968s] -- Up-to-date: /home/klein/camera_ros2/install/astra_camera_msgs/include/astra_camera_msgs/msg/detail/device_info__functions.c
[1.968s] -- Up-to-date: /home/klein/camera_ros2/install/astra_camera_msgs/include/astra_camera_msgs/msg/detail/extrinsics__functions.c
[1.968s] -- Up-to-date: /home/klein/camera_ros2/install/astra_camera_msgs/include/astra_camera_msgs/msg/detail/metadata__functions.h
[1.969s] -- Up-to-date: /home/klein/camera_ros2/install/astra_camera_msgs/include/astra_camera_msgs/msg/detail/extrinsics__type_support.h
[1.970s] -- Up-to-date: /home/klein/camera_ros2/install/astra_camera_msgs/include/astra_camera_msgs/msg/device_info.h
[1.970s] -- Up-to-date: /home/klein/camera_ros2/install/astra_camera_msgs/include/astra_camera_msgs/msg/extrinsics.h
[1.971s] -- Up-to-date: /home/klein/camera_ros2/install/astra_camera_msgs/include/astra_camera_msgs/msg/rosidl_generator_c__visibility_control.h
[1.971s] -- Up-to-date: /home/klein/camera_ros2/install/astra_camera_msgs/include/astra_camera_msgs/msg/metadata.h
[1.971s] -- Up-to-date: /home/klein/camera_ros2/install/astra_camera_msgs/share/astra_camera_msgs/environment/library_path.sh
[1.972s] -- Up-to-date: /home/klein/camera_ros2/install/astra_camera_msgs/share/astra_camera_msgs/environment/library_path.dsv
[1.972s] -- Up-to-date: /home/klein/camera_ros2/install/astra_camera_msgs/lib/libastra_camera_msgs__rosidl_generator_c.so
[1.972s] -- Up-to-date: /home/klein/camera_ros2/install/astra_camera_msgs/include/astra_camera_msgs
[1.973s] -- Up-to-date: /home/klein/camera_ros2/install/astra_camera_msgs/include/astra_camera_msgs/srv
[1.974s] -- Up-to-date: /home/klein/camera_ros2/install/astra_camera_msgs/include/astra_camera_msgs/srv/detail
[1.975s] -- Up-to-date: /home/klein/camera_ros2/install/astra_camera_msgs/include/astra_camera_msgs/srv/detail/get_camera_info__rosidl_typesupport_fastrtps_c.h
[1.975s] -- Up-to-date: /home/klein/camera_ros2/install/astra_camera_msgs/include/astra_camera_msgs/srv/detail/set_int32__rosidl_typesupport_fastrtps_c.h
[1.976s] -- Up-to-date: /home/klein/camera_ros2/install/astra_camera_msgs/include/astra_camera_msgs/srv/detail/get_camera_params__rosidl_typesupport_fastrtps_c.h
[1.976s] -- Up-to-date: /home/klein/camera_ros2/install/astra_camera_msgs/include/astra_camera_msgs/srv/detail/get_device_info__rosidl_typesupport_fastrtps_c.h
[1.976s] -- Up-to-date: /home/klein/camera_ros2/install/astra_camera_msgs/include/astra_camera_msgs/srv/detail/get_int32__rosidl_typesupport_fastrtps_c.h
[1.977s] -- Up-to-date: /home/klein/camera_ros2/install/astra_camera_msgs/include/astra_camera_msgs/srv/detail/get_string__rosidl_typesupport_fastrtps_c.h
[1.977s] -- Up-to-date: /home/klein/camera_ros2/install/astra_camera_msgs/include/astra_camera_msgs/msg
[1.977s] -- Up-to-date: /home/klein/camera_ros2/install/astra_camera_msgs/include/astra_camera_msgs/msg/detail
[1.978s] -- Up-to-date: /home/klein/camera_ros2/install/astra_camera_msgs/include/astra_camera_msgs/msg/detail/metadata__rosidl_typesupport_fastrtps_c.h
[1.978s] -- Up-to-date: /home/klein/camera_ros2/install/astra_camera_msgs/include/astra_camera_msgs/msg/detail/device_info__rosidl_typesupport_fastrtps_c.h
[1.978s] -- Up-to-date: /home/klein/camera_ros2/install/astra_camera_msgs/include/astra_camera_msgs/msg/detail/extrinsics__rosidl_typesupport_fastrtps_c.h
[1.979s] -- Up-to-date: /home/klein/camera_ros2/install/astra_camera_msgs/include/astra_camera_msgs/msg/rosidl_typesupport_fastrtps_c__visibility_control.h
[1.979s] -- Up-to-date: /home/klein/camera_ros2/install/astra_camera_msgs/lib/libastra_camera_msgs__rosidl_typesupport_fastrtps_c.so
[1.980s] -- Up-to-date: /home/klein/camera_ros2/install/astra_camera_msgs/include/astra_camera_msgs
[1.980s] -- Up-to-date: /home/klein/camera_ros2/install/astra_camera_msgs/include/astra_camera_msgs/srv
[1.981s] -- Up-to-date: /home/klein/camera_ros2/install/astra_camera_msgs/include/astra_camera_msgs/srv/detail
[1.982s] -- Up-to-date: /home/klein/camera_ros2/install/astra_camera_msgs/include/astra_camera_msgs/srv/detail/get_string__rosidl_typesupport_fastrtps_cpp.hpp
[1.983s] -- Up-to-date: /home/klein/camera_ros2/install/astra_camera_msgs/include/astra_camera_msgs/srv/detail/get_camera_params__rosidl_typesupport_fastrtps_cpp.hpp
[1.984s] -- Up-to-date: /home/klein/camera_ros2/install/astra_camera_msgs/include/astra_camera_msgs/srv/detail/get_camera_info__rosidl_typesupport_fastrtps_cpp.hpp
[1.985s] -- Up-to-date: /home/klein/camera_ros2/install/astra_camera_msgs/include/astra_camera_msgs/srv/detail/get_int32__rosidl_typesupport_fastrtps_cpp.hpp
[1.985s] -- Up-to-date: /home/klein/camera_ros2/install/astra_camera_msgs/include/astra_camera_msgs/srv/detail/dds_fastrtps
[1.987s] -- Up-to-date: /home/klein/camera_ros2/install/astra_camera_msgs/include/astra_camera_msgs/srv/detail/set_int32__rosidl_typesupport_fastrtps_cpp.hpp
[1.987s] -- Up-to-date: /home/klein/camera_ros2/install/astra_camera_msgs/include/astra_camera_msgs/srv/detail/get_device_info__rosidl_typesupport_fastrtps_cpp.hpp
[1.987s] -- Up-to-date: /home/klein/camera_ros2/install/astra_camera_msgs/include/astra_camera_msgs/msg
[1.988s] -- Up-to-date: /home/klein/camera_ros2/install/astra_camera_msgs/include/astra_camera_msgs/msg/detail
[1.988s] -- Up-to-date: /home/klein/camera_ros2/install/astra_camera_msgs/include/astra_camera_msgs/msg/detail/metadata__rosidl_typesupport_fastrtps_cpp.hpp
[1.988s] -- Up-to-date: /home/klein/camera_ros2/install/astra_camera_msgs/include/astra_camera_msgs/msg/detail/device_info__rosidl_typesupport_fastrtps_cpp.hpp
[1.989s] -- Up-to-date: /home/klein/camera_ros2/install/astra_camera_msgs/include/astra_camera_msgs/msg/detail/dds_fastrtps
[1.990s] -- Up-to-date: /home/klein/camera_ros2/install/astra_camera_msgs/include/astra_camera_msgs/msg/detail/extrinsics__rosidl_typesupport_fastrtps_cpp.hpp
[1.990s] -- Up-to-date: /home/klein/camera_ros2/install/astra_camera_msgs/include/astra_camera_msgs/msg/rosidl_typesupport_fastrtps_cpp__visibility_control.h
[1.990s] -- Up-to-date: /home/klein/camera_ros2/install/astra_camera_msgs/lib/libastra_camera_msgs__rosidl_typesupport_fastrtps_cpp.so
[1.991s] -- Up-to-date: /home/klein/camera_ros2/install/astra_camera_msgs/include/astra_camera_msgs
[1.991s] -- Up-to-date: /home/klein/camera_ros2/install/astra_camera_msgs/include/astra_camera_msgs/srv
[1.991s] -- Up-to-date: /home/klein/camera_ros2/install/astra_camera_msgs/include/astra_camera_msgs/srv/detail
[1.991s] -- Up-to-date: /home/klein/camera_ros2/install/astra_camera_msgs/include/astra_camera_msgs/srv/detail/get_device_info__type_support.c
[1.992s] -- Up-to-date: /home/klein/camera_ros2/install/astra_camera_msgs/include/astra_camera_msgs/srv/detail/get_int32__rosidl_typesupport_introspection_c.h
[1.992s] -- Up-to-date: /home/klein/camera_ros2/install/astra_camera_msgs/include/astra_camera_msgs/srv/detail/get_camera_info__rosidl_typesupport_introspection_c.h
[1.992s] -- Up-to-date: /home/klein/camera_ros2/install/astra_camera_msgs/include/astra_camera_msgs/srv/detail/get_string__rosidl_typesupport_introspection_c.h
[1.992s] -- Up-to-date: /home/klein/camera_ros2/install/astra_camera_msgs/include/astra_camera_msgs/srv/detail/get_int32__type_support.c
[1.993s] -- Up-to-date: /home/klein/camera_ros2/install/astra_camera_msgs/include/astra_camera_msgs/srv/detail/get_string__type_support.c
[1.993s] -- Up-to-date: /home/klein/camera_ros2/install/astra_camera_msgs/include/astra_camera_msgs/srv/detail/get_camera_info__type_support.c
[1.993s] -- Up-to-date: /home/klein/camera_ros2/install/astra_camera_msgs/include/astra_camera_msgs/srv/detail/get_device_info__rosidl_typesupport_introspection_c.h
[1.993s] -- Up-to-date: /home/klein/camera_ros2/install/astra_camera_msgs/include/astra_camera_msgs/srv/detail/set_int32__rosidl_typesupport_introspection_c.h
[1.993s] -- Up-to-date: /home/klein/camera_ros2/install/astra_camera_msgs/include/astra_camera_msgs/srv/detail/set_int32__type_support.c
[1.994s] -- Up-to-date: /home/klein/camera_ros2/install/astra_camera_msgs/include/astra_camera_msgs/srv/detail/get_camera_params__type_support.c
[1.994s] -- Up-to-date: /home/klein/camera_ros2/install/astra_camera_msgs/include/astra_camera_msgs/srv/detail/get_camera_params__rosidl_typesupport_introspection_c.h
[1.995s] -- Up-to-date: /home/klein/camera_ros2/install/astra_camera_msgs/include/astra_camera_msgs/msg
[1.995s] -- Up-to-date: /home/klein/camera_ros2/install/astra_camera_msgs/include/astra_camera_msgs/msg/rosidl_typesupport_introspection_c__visibility_control.h
[1.995s] -- Up-to-date: /home/klein/camera_ros2/install/astra_camera_msgs/include/astra_camera_msgs/msg/detail
[1.995s] -- Up-to-date: /home/klein/camera_ros2/install/astra_camera_msgs/include/astra_camera_msgs/msg/detail/metadata__type_support.c
[1.995s] -- Up-to-date: /home/klein/camera_ros2/install/astra_camera_msgs/include/astra_camera_msgs/msg/detail/extrinsics__rosidl_typesupport_introspection_c.h
[1.996s] -- Up-to-date: /home/klein/camera_ros2/install/astra_camera_msgs/include/astra_camera_msgs/msg/detail/metadata__rosidl_typesupport_introspection_c.h
[1.996s] -- Up-to-date: /home/klein/camera_ros2/install/astra_camera_msgs/include/astra_camera_msgs/msg/detail/extrinsics__type_support.c
[1.996s] -- Up-to-date: /home/klein/camera_ros2/install/astra_camera_msgs/include/astra_camera_msgs/msg/detail/device_info__type_support.c
[1.996s] -- Up-to-date: /home/klein/camera_ros2/install/astra_camera_msgs/include/astra_camera_msgs/msg/detail/device_info__rosidl_typesupport_introspection_c.h
[1.996s] -- Up-to-date: /home/klein/camera_ros2/install/astra_camera_msgs/lib/libastra_camera_msgs__rosidl_typesupport_introspection_c.so
[1.997s] -- Up-to-date: /home/klein/camera_ros2/install/astra_camera_msgs/lib/libastra_camera_msgs__rosidl_typesupport_c.so
[1.997s] -- Up-to-date: /home/klein/camera_ros2/install/astra_camera_msgs/include/astra_camera_msgs
[1.997s] -- Up-to-date: /home/klein/camera_ros2/install/astra_camera_msgs/include/astra_camera_msgs/srv
[1.997s] -- Up-to-date: /home/klein/camera_ros2/install/astra_camera_msgs/include/astra_camera_msgs/srv/get_camera_params.hpp
[1.998s] -- Up-to-date: /home/klein/camera_ros2/install/astra_camera_msgs/include/astra_camera_msgs/srv/detail
[1.998s] -- Up-to-date: /home/klein/camera_ros2/install/astra_camera_msgs/include/astra_camera_msgs/srv/detail/set_int32__type_support.hpp
[1.999s] -- Up-to-date: /home/klein/camera_ros2/install/astra_camera_msgs/include/astra_camera_msgs/srv/detail/get_string__builder.hpp
[1.999s] -- Up-to-date: /home/klein/camera_ros2/install/astra_camera_msgs/include/astra_camera_msgs/srv/detail/set_int32__struct.hpp
[1.999s] -- Up-to-date: /home/klein/camera_ros2/install/astra_camera_msgs/include/astra_camera_msgs/srv/detail/set_int32__traits.hpp
[2.000s] -- Up-to-date: /home/klein/camera_ros2/install/astra_camera_msgs/include/astra_camera_msgs/srv/detail/get_camera_params__traits.hpp
[2.000s] -- Up-to-date: /home/klein/camera_ros2/install/astra_camera_msgs/include/astra_camera_msgs/srv/detail/get_string__type_support.hpp
[2.000s] -- Up-to-date: /home/klein/camera_ros2/install/astra_camera_msgs/include/astra_camera_msgs/srv/detail/get_camera_info__traits.hpp
[2.001s] -- Up-to-date: /home/klein/camera_ros2/install/astra_camera_msgs/include/astra_camera_msgs/srv/detail/get_camera_params__struct.hpp
[2.001s] -- Up-to-date: /home/klein/camera_ros2/install/astra_camera_msgs/include/astra_camera_msgs/srv/detail/get_camera_info__type_support.hpp
[2.001s] -- Up-to-date: /home/klein/camera_ros2/install/astra_camera_msgs/include/astra_camera_msgs/srv/detail/get_camera_info__struct.hpp
[2.001s] -- Up-to-date: /home/klein/camera_ros2/install/astra_camera_msgs/include/astra_camera_msgs/srv/detail/get_device_info__builder.hpp
[2.001s] -- Up-to-date: /home/klein/camera_ros2/install/astra_camera_msgs/include/astra_camera_msgs/srv/detail/get_device_info__traits.hpp
[2.002s] -- Up-to-date: /home/klein/camera_ros2/install/astra_camera_msgs/include/astra_camera_msgs/srv/detail/set_int32__builder.hpp
[2.002s] -- Up-to-date: /home/klein/camera_ros2/install/astra_camera_msgs/include/astra_camera_msgs/srv/detail/get_int32__builder.hpp
[2.002s] -- Up-to-date: /home/klein/camera_ros2/install/astra_camera_msgs/include/astra_camera_msgs/srv/detail/get_device_info__struct.hpp
[2.003s] -- Up-to-date: /home/klein/camera_ros2/install/astra_camera_msgs/include/astra_camera_msgs/srv/detail/get_string__traits.hpp
[2.003s] -- Up-to-date: /home/klein/camera_ros2/install/astra_camera_msgs/include/astra_camera_msgs/srv/detail/get_device_info__type_support.hpp
[2.003s] -- Up-to-date: /home/klein/camera_ros2/install/astra_camera_msgs/include/astra_camera_msgs/srv/detail/get_camera_info__builder.hpp
[2.003s] -- Up-to-date: /home/klein/camera_ros2/install/astra_camera_msgs/include/astra_camera_msgs/srv/detail/get_camera_params__type_support.hpp
[2.003s] -- Up-to-date: /home/klein/camera_ros2/install/astra_camera_msgs/include/astra_camera_msgs/srv/detail/get_string__struct.hpp
[2.003s] -- Up-to-date: /home/klein/camera_ros2/install/astra_camera_msgs/include/astra_camera_msgs/srv/detail/get_int32__struct.hpp
[2.004s] -- Up-to-date: /home/klein/camera_ros2/install/astra_camera_msgs/include/astra_camera_msgs/srv/detail/get_int32__type_support.hpp
[2.004s] -- Up-to-date: /home/klein/camera_ros2/install/astra_camera_msgs/include/astra_camera_msgs/srv/detail/get_camera_params__builder.hpp
[2.004s] -- Up-to-date: /home/klein/camera_ros2/install/astra_camera_msgs/include/astra_camera_msgs/srv/detail/get_int32__traits.hpp
[2.004s] -- Up-to-date: /home/klein/camera_ros2/install/astra_camera_msgs/include/astra_camera_msgs/srv/get_device_info.hpp
[2.004s] -- Up-to-date: /home/klein/camera_ros2/install/astra_camera_msgs/include/astra_camera_msgs/srv/set_int32.hpp
[2.004s] -- Up-to-date: /home/klein/camera_ros2/install/astra_camera_msgs/include/astra_camera_msgs/srv/get_string.hpp
[2.005s] -- Up-to-date: /home/klein/camera_ros2/install/astra_camera_msgs/include/astra_camera_msgs/srv/get_camera_info.hpp
[2.005s] -- Up-to-date: /home/klein/camera_ros2/install/astra_camera_msgs/include/astra_camera_msgs/srv/get_int32.hpp
[2.005s] -- Up-to-date: /home/klein/camera_ros2/install/astra_camera_msgs/include/astra_camera_msgs/msg
[2.005s] -- Up-to-date: /home/klein/camera_ros2/install/astra_camera_msgs/include/astra_camera_msgs/msg/device_info.hpp
[2.005s] -- Up-to-date: /home/klein/camera_ros2/install/astra_camera_msgs/include/astra_camera_msgs/msg/detail
[2.005s] -- Up-to-date: /home/klein/camera_ros2/install/astra_camera_msgs/include/astra_camera_msgs/msg/detail/metadata__type_support.hpp
[2.006s] -- Up-to-date: /home/klein/camera_ros2/install/astra_camera_msgs/include/astra_camera_msgs/msg/detail/extrinsics__type_support.hpp
[2.006s] -- Up-to-date: /home/klein/camera_ros2/install/astra_camera_msgs/include/astra_camera_msgs/msg/detail/extrinsics__struct.hpp
[2.006s] -- Up-to-date: /home/klein/camera_ros2/install/astra_camera_msgs/include/astra_camera_msgs/msg/detail/metadata__struct.hpp
[2.006s] -- Up-to-date: /home/klein/camera_ros2/install/astra_camera_msgs/include/astra_camera_msgs/msg/detail/metadata__traits.hpp
[2.006s] -- Up-to-date: /home/klein/camera_ros2/install/astra_camera_msgs/include/astra_camera_msgs/msg/detail/device_info__type_support.hpp
[2.006s] -- Up-to-date: /home/klein/camera_ros2/install/astra_camera_msgs/include/astra_camera_msgs/msg/detail/extrinsics__builder.hpp
[2.007s] -- Up-to-date: /home/klein/camera_ros2/install/astra_camera_msgs/include/astra_camera_msgs/msg/detail/device_info__struct.hpp
[2.007s] -- Up-to-date: /home/klein/camera_ros2/install/astra_camera_msgs/include/astra_camera_msgs/msg/detail/metadata__builder.hpp
[2.007s] -- Up-to-date: /home/klein/camera_ros2/install/astra_camera_msgs/include/astra_camera_msgs/msg/detail/device_info__builder.hpp
[2.007s] -- Up-to-date: /home/klein/camera_ros2/install/astra_camera_msgs/include/astra_camera_msgs/msg/detail/device_info__traits.hpp
[2.007s] -- Up-to-date: /home/klein/camera_ros2/install/astra_camera_msgs/include/astra_camera_msgs/msg/detail/extrinsics__traits.hpp
[2.007s] -- Up-to-date: /home/klein/camera_ros2/install/astra_camera_msgs/include/astra_camera_msgs/msg/rosidl_generator_cpp__visibility_control.hpp
[2.008s] -- Up-to-date: /home/klein/camera_ros2/install/astra_camera_msgs/include/astra_camera_msgs/msg/metadata.hpp
[2.008s] -- Up-to-date: /home/klein/camera_ros2/install/astra_camera_msgs/include/astra_camera_msgs/msg/extrinsics.hpp
[2.008s] -- Up-to-date: /home/klein/camera_ros2/install/astra_camera_msgs/include/astra_camera_msgs
[2.008s] -- Up-to-date: /home/klein/camera_ros2/install/astra_camera_msgs/include/astra_camera_msgs/srv
[2.008s] -- Up-to-date: /home/klein/camera_ros2/install/astra_camera_msgs/include/astra_camera_msgs/srv/detail
[2.008s] -- Up-to-date: /home/klein/camera_ros2/install/astra_camera_msgs/include/astra_camera_msgs/srv/detail/get_camera_params__type_support.cpp
[2.009s] -- Up-to-date: /home/klein/camera_ros2/install/astra_camera_msgs/include/astra_camera_msgs/srv/detail/set_int32__type_support.cpp
[2.009s] -- Up-to-date: /home/klein/camera_ros2/install/astra_camera_msgs/include/astra_camera_msgs/srv/detail/get_int32__rosidl_typesupport_introspection_cpp.hpp
[2.009s] -- Up-to-date: /home/klein/camera_ros2/install/astra_camera_msgs/include/astra_camera_msgs/srv/detail/get_string__rosidl_typesupport_introspection_cpp.hpp
[2.009s] -- Up-to-date: /home/klein/camera_ros2/install/astra_camera_msgs/include/astra_camera_msgs/srv/detail/set_int32__rosidl_typesupport_introspection_cpp.hpp
[2.009s] -- Up-to-date: /home/klein/camera_ros2/install/astra_camera_msgs/include/astra_camera_msgs/srv/detail/get_string__type_support.cpp
[2.009s] -- Up-to-date: /home/klein/camera_ros2/install/astra_camera_msgs/include/astra_camera_msgs/srv/detail/get_camera_info__rosidl_typesupport_introspection_cpp.hpp
[2.009s] -- Up-to-date: /home/klein/camera_ros2/install/astra_camera_msgs/include/astra_camera_msgs/srv/detail/get_camera_params__rosidl_typesupport_introspection_cpp.hpp
[2.010s] -- Up-to-date: /home/klein/camera_ros2/install/astra_camera_msgs/include/astra_camera_msgs/srv/detail/get_int32__type_support.cpp
[2.010s] -- Up-to-date: /home/klein/camera_ros2/install/astra_camera_msgs/include/astra_camera_msgs/srv/detail/get_device_info__type_support.cpp
[2.010s] -- Up-to-date: /home/klein/camera_ros2/install/astra_camera_msgs/include/astra_camera_msgs/srv/detail/get_camera_info__type_support.cpp
[2.010s] -- Up-to-date: /home/klein/camera_ros2/install/astra_camera_msgs/include/astra_camera_msgs/srv/detail/get_device_info__rosidl_typesupport_introspection_cpp.hpp
[2.010s] -- Up-to-date: /home/klein/camera_ros2/install/astra_camera_msgs/include/astra_camera_msgs/msg
[2.010s] -- Up-to-date: /home/klein/camera_ros2/install/astra_camera_msgs/include/astra_camera_msgs/msg/detail
[2.011s] -- Up-to-date: /home/klein/camera_ros2/install/astra_camera_msgs/include/astra_camera_msgs/msg/detail/metadata__rosidl_typesupport_introspection_cpp.hpp
[2.011s] -- Up-to-date: /home/klein/camera_ros2/install/astra_camera_msgs/include/astra_camera_msgs/msg/detail/extrinsics__rosidl_typesupport_introspection_cpp.hpp
[2.011s] -- Up-to-date: /home/klein/camera_ros2/install/astra_camera_msgs/include/astra_camera_msgs/msg/detail/device_info__rosidl_typesupport_introspection_cpp.hpp
[2.011s] -- Up-to-date: /home/klein/camera_ros2/install/astra_camera_msgs/include/astra_camera_msgs/msg/detail/metadata__type_support.cpp
[2.011s] -- Up-to-date: /home/klein/camera_ros2/install/astra_camera_msgs/include/astra_camera_msgs/msg/detail/extrinsics__type_support.cpp
[2.012s] -- Up-to-date: /home/klein/camera_ros2/install/astra_camera_msgs/include/astra_camera_msgs/msg/detail/device_info__type_support.cpp
[2.012s] -- Up-to-date: /home/klein/camera_ros2/install/astra_camera_msgs/lib/libastra_camera_msgs__rosidl_typesupport_introspection_cpp.so
[2.012s] -- Up-to-date: /home/klein/camera_ros2/install/astra_camera_msgs/lib/libastra_camera_msgs__rosidl_typesupport_cpp.so
[2.012s] -- Up-to-date: /home/klein/camera_ros2/install/astra_camera_msgs/share/astra_camera_msgs/environment/pythonpath.sh
[2.012s] -- Up-to-date: /home/klein/camera_ros2/install/astra_camera_msgs/share/astra_camera_msgs/environment/pythonpath.dsv
[2.013s] -- Up-to-date: /home/klein/camera_ros2/install/astra_camera_msgs/lib/python3.8/site-packages/astra_camera_msgs/__init__.py
[2.087s] -- Up-to-date: /home/klein/camera_ros2/install/astra_camera_msgs/lib/python3.8/site-packages/astra_camera_msgs/msg
[2.087s] -- Up-to-date: /home/klein/camera_ros2/install/astra_camera_msgs/lib/python3.8/site-packages/astra_camera_msgs/msg/__init__.py
[2.087s] -- Up-to-date: /home/klein/camera_ros2/install/astra_camera_msgs/lib/python3.8/site-packages/astra_camera_msgs/msg/_extrinsics_s.c
[2.088s] -- Up-to-date: /home/klein/camera_ros2/install/astra_camera_msgs/lib/python3.8/site-packages/astra_camera_msgs/msg/_device_info_s.c
[2.088s] -- Up-to-date: /home/klein/camera_ros2/install/astra_camera_msgs/lib/python3.8/site-packages/astra_camera_msgs/msg/_metadata.py
[2.088s] -- Up-to-date: /home/klein/camera_ros2/install/astra_camera_msgs/lib/python3.8/site-packages/astra_camera_msgs/msg/_metadata_s.c
[2.088s] -- Up-to-date: /home/klein/camera_ros2/install/astra_camera_msgs/lib/python3.8/site-packages/astra_camera_msgs/msg/_extrinsics.py
[2.088s] -- Up-to-date: /home/klein/camera_ros2/install/astra_camera_msgs/lib/python3.8/site-packages/astra_camera_msgs/msg/_device_info.py
[2.089s] -- Up-to-date: /home/klein/camera_ros2/install/astra_camera_msgs/lib/python3.8/site-packages/astra_camera_msgs/srv
[2.089s] -- Up-to-date: /home/klein/camera_ros2/install/astra_camera_msgs/lib/python3.8/site-packages/astra_camera_msgs/srv/_get_int32_s.c
[2.089s] -- Up-to-date: /home/klein/camera_ros2/install/astra_camera_msgs/lib/python3.8/site-packages/astra_camera_msgs/srv/_get_camera_params_s.c
[2.090s] -- Up-to-date: /home/klein/camera_ros2/install/astra_camera_msgs/lib/python3.8/site-packages/astra_camera_msgs/srv/__init__.py
[2.090s] -- Up-to-date: /home/klein/camera_ros2/install/astra_camera_msgs/lib/python3.8/site-packages/astra_camera_msgs/srv/_set_int32.py
[2.090s] -- Up-to-date: /home/klein/camera_ros2/install/astra_camera_msgs/lib/python3.8/site-packages/astra_camera_msgs/srv/_get_camera_params.py
[2.091s] -- Up-to-date: /home/klein/camera_ros2/install/astra_camera_msgs/lib/python3.8/site-packages/astra_camera_msgs/srv/_get_int32.py
[2.091s] -- Up-to-date: /home/klein/camera_ros2/install/astra_camera_msgs/lib/python3.8/site-packages/astra_camera_msgs/srv/_get_camera_info.py
[2.091s] -- Up-to-date: /home/klein/camera_ros2/install/astra_camera_msgs/lib/python3.8/site-packages/astra_camera_msgs/srv/_set_int32_s.c
[2.092s] -- Up-to-date: /home/klein/camera_ros2/install/astra_camera_msgs/lib/python3.8/site-packages/astra_camera_msgs/srv/_get_camera_info_s.c
[2.092s] -- Up-to-date: /home/klein/camera_ros2/install/astra_camera_msgs/lib/python3.8/site-packages/astra_camera_msgs/srv/_get_device_info.py
[2.092s] -- Up-to-date: /home/klein/camera_ros2/install/astra_camera_msgs/lib/python3.8/site-packages/astra_camera_msgs/srv/_get_string.py
[2.093s] -- Up-to-date: /home/klein/camera_ros2/install/astra_camera_msgs/lib/python3.8/site-packages/astra_camera_msgs/srv/_get_string_s.c
[2.093s] -- Up-to-date: /home/klein/camera_ros2/install/astra_camera_msgs/lib/python3.8/site-packages/astra_camera_msgs/srv/_get_device_info_s.c
[2.095s] -- Up-to-date: /home/klein/camera_ros2/install/astra_camera_msgs/lib/python3.8/site-packages/astra_camera_msgs/astra_camera_msgs_s__rosidl_typesupport_fastrtps_c.cpython-38-x86_64-linux-gnu.so
[2.098s] -- Up-to-date: /home/klein/camera_ros2/install/astra_camera_msgs/lib/python3.8/site-packages/astra_camera_msgs/astra_camera_msgs_s__rosidl_typesupport_introspection_c.cpython-38-x86_64-linux-gnu.so
[2.104s] -- Up-to-date: /home/klein/camera_ros2/install/astra_camera_msgs/lib/python3.8/site-packages/astra_camera_msgs/astra_camera_msgs_s__rosidl_typesupport_c.cpython-38-x86_64-linux-gnu.so
[2.107s] -- Up-to-date: /home/klein/camera_ros2/install/astra_camera_msgs/lib/libastra_camera_msgs__python.so
[2.109s] -- Up-to-date: /home/klein/camera_ros2/install/astra_camera_msgs/share/astra_camera_msgs/msg/DeviceInfo.idl
[2.110s] -- Up-to-date: /home/klein/camera_ros2/install/astra_camera_msgs/share/astra_camera_msgs/msg/Extrinsics.idl
[2.110s] -- Up-to-date: /home/klein/camera_ros2/install/astra_camera_msgs/share/astra_camera_msgs/msg/Metadata.idl
[2.115s] -- Up-to-date: /home/klein/camera_ros2/install/astra_camera_msgs/share/astra_camera_msgs/srv/GetDeviceInfo.idl
[2.115s] -- Up-to-date: /home/klein/camera_ros2/install/astra_camera_msgs/share/astra_camera_msgs/srv/GetCameraInfo.idl
[2.115s] -- Up-to-date: /home/klein/camera_ros2/install/astra_camera_msgs/share/astra_camera_msgs/srv/GetCameraParams.idl
[2.115s] -- Up-to-date: /home/klein/camera_ros2/install/astra_camera_msgs/share/astra_camera_msgs/srv/GetInt32.idl
[2.116s] -- Up-to-date: /home/klein/camera_ros2/install/astra_camera_msgs/share/astra_camera_msgs/srv/GetString.idl
[2.116s] -- Up-to-date: /home/klein/camera_ros2/install/astra_camera_msgs/share/astra_camera_msgs/srv/SetInt32.idl
[2.116s] -- Up-to-date: /home/klein/camera_ros2/install/astra_camera_msgs/share/astra_camera_msgs/msg/DeviceInfo.msg
[2.116s] -- Up-to-date: /home/klein/camera_ros2/install/astra_camera_msgs/share/astra_camera_msgs/msg/Extrinsics.msg
[2.117s] -- Up-to-date: /home/klein/camera_ros2/install/astra_camera_msgs/share/astra_camera_msgs/msg/Metadata.msg
[2.117s] -- Up-to-date: /home/klein/camera_ros2/install/astra_camera_msgs/share/astra_camera_msgs/srv/GetDeviceInfo.srv
[2.117s] -- Up-to-date: /home/klein/camera_ros2/install/astra_camera_msgs/share/astra_camera_msgs/srv/GetDeviceInfo_Request.msg
[2.117s] -- Up-to-date: /home/klein/camera_ros2/install/astra_camera_msgs/share/astra_camera_msgs/srv/GetDeviceInfo_Response.msg
[2.117s] -- Up-to-date: /home/klein/camera_ros2/install/astra_camera_msgs/share/astra_camera_msgs/srv/GetCameraInfo.srv
[2.117s] -- Up-to-date: /home/klein/camera_ros2/install/astra_camera_msgs/share/astra_camera_msgs/srv/GetCameraInfo_Request.msg
[2.118s] -- Up-to-date: /home/klein/camera_ros2/install/astra_camera_msgs/share/astra_camera_msgs/srv/GetCameraInfo_Response.msg
[2.118s] -- Up-to-date: /home/klein/camera_ros2/install/astra_camera_msgs/share/astra_camera_msgs/srv/GetCameraParams.srv
[2.119s] -- Up-to-date: /home/klein/camera_ros2/install/astra_camera_msgs/share/astra_camera_msgs/srv/GetCameraParams_Request.msg
[2.119s] -- Up-to-date: /home/klein/camera_ros2/install/astra_camera_msgs/share/astra_camera_msgs/srv/GetCameraParams_Response.msg
[2.120s] -- Up-to-date: /home/klein/camera_ros2/install/astra_camera_msgs/share/astra_camera_msgs/srv/GetInt32.srv
[2.120s] -- Up-to-date: /home/klein/camera_ros2/install/astra_camera_msgs/share/astra_camera_msgs/srv/GetInt32_Request.msg
[2.120s] -- Up-to-date: /home/klein/camera_ros2/install/astra_camera_msgs/share/astra_camera_msgs/srv/GetInt32_Response.msg
[2.121s] -- Up-to-date: /home/klein/camera_ros2/install/astra_camera_msgs/share/astra_camera_msgs/srv/GetString.srv
[2.121s] -- Up-to-date: /home/klein/camera_ros2/install/astra_camera_msgs/share/astra_camera_msgs/srv/GetString_Request.msg
[2.121s] -- Up-to-date: /home/klein/camera_ros2/install/astra_camera_msgs/share/astra_camera_msgs/srv/GetString_Response.msg
[2.121s] -- Up-to-date: /home/klein/camera_ros2/install/astra_camera_msgs/share/astra_camera_msgs/srv/SetInt32.srv
[2.122s] -- Up-to-date: /home/klein/camera_ros2/install/astra_camera_msgs/share/astra_camera_msgs/srv/SetInt32_Request.msg
[2.122s] -- Up-to-date: /home/klein/camera_ros2/install/astra_camera_msgs/share/astra_camera_msgs/srv/SetInt32_Response.msg
[2.122s] -- Up-to-date: /home/klein/camera_ros2/install/astra_camera_msgs/share/ament_index/resource_index/package_run_dependencies/astra_camera_msgs
[2.122s] -- Up-to-date: /home/klein/camera_ros2/install/astra_camera_msgs/share/ament_index/resource_index/parent_prefix_path/astra_camera_msgs
[2.123s] -- Up-to-date: /home/klein/camera_ros2/install/astra_camera_msgs/share/astra_camera_msgs/environment/ament_prefix_path.sh
[2.123s] -- Up-to-date: /home/klein/camera_ros2/install/astra_camera_msgs/share/astra_camera_msgs/environment/ament_prefix_path.dsv
[2.123s] -- Up-to-date: /home/klein/camera_ros2/install/astra_camera_msgs/share/astra_camera_msgs/environment/path.sh
[2.125s] -- Up-to-date: /home/klein/camera_ros2/install/astra_camera_msgs/share/astra_camera_msgs/environment/path.dsv
[2.126s] -- Up-to-date: /home/klein/camera_ros2/install/astra_camera_msgs/share/astra_camera_msgs/local_setup.bash
[2.126s] -- Up-to-date: /home/klein/camera_ros2/install/astra_camera_msgs/share/astra_camera_msgs/local_setup.sh
[2.126s] -- Up-to-date: /home/klein/camera_ros2/install/astra_camera_msgs/share/astra_camera_msgs/local_setup.zsh
[2.126s] -- Up-to-date: /home/klein/camera_ros2/install/astra_camera_msgs/share/astra_camera_msgs/local_setup.dsv
[2.127s] -- Installing: /home/klein/camera_ros2/install/astra_camera_msgs/share/astra_camera_msgs/package.dsv
[2.127s] -- Up-to-date: /home/klein/camera_ros2/install/astra_camera_msgs/share/ament_index/resource_index/packages/astra_camera_msgs
[2.134s] -- Up-to-date: /home/klein/camera_ros2/install/astra_camera_msgs/share/astra_camera_msgs/cmake/astra_camera_msgs__rosidl_generator_cExport.cmake
[2.134s] -- Up-to-date: /home/klein/camera_ros2/install/astra_camera_msgs/share/astra_camera_msgs/cmake/astra_camera_msgs__rosidl_generator_cExport-noconfig.cmake
[2.135s] -- Up-to-date: /home/klein/camera_ros2/install/astra_camera_msgs/share/astra_camera_msgs/cmake/astra_camera_msgs__rosidl_typesupport_introspection_cExport.cmake
[2.137s] -- Up-to-date: /home/klein/camera_ros2/install/astra_camera_msgs/share/astra_camera_msgs/cmake/astra_camera_msgs__rosidl_typesupport_introspection_cExport-noconfig.cmake
[2.138s] -- Up-to-date: /home/klein/camera_ros2/install/astra_camera_msgs/share/astra_camera_msgs/cmake/astra_camera_msgs__rosidl_typesupport_cExport.cmake
[2.139s] -- Up-to-date: /home/klein/camera_ros2/install/astra_camera_msgs/share/astra_camera_msgs/cmake/astra_camera_msgs__rosidl_typesupport_cExport-noconfig.cmake
[2.142s] -- Up-to-date: /home/klein/camera_ros2/install/astra_camera_msgs/share/astra_camera_msgs/cmake/astra_camera_msgs__rosidl_generator_cppExport.cmake
[2.144s] -- Up-to-date: /home/klein/camera_ros2/install/astra_camera_msgs/share/astra_camera_msgs/cmake/astra_camera_msgs__rosidl_typesupport_introspection_cppExport.cmake
[2.144s] -- Up-to-date: /home/klein/camera_ros2/install/astra_camera_msgs/share/astra_camera_msgs/cmake/astra_camera_msgs__rosidl_typesupport_introspection_cppExport-noconfig.cmake
[2.146s] -- Up-to-date: /home/klein/camera_ros2/install/astra_camera_msgs/share/astra_camera_msgs/cmake/astra_camera_msgs__rosidl_typesupport_cppExport.cmake
[2.147s] -- Up-to-date: /home/klein/camera_ros2/install/astra_camera_msgs/share/astra_camera_msgs/cmake/astra_camera_msgs__rosidl_typesupport_cppExport-noconfig.cmake
[2.147s] -- Up-to-date: /home/klein/camera_ros2/install/astra_camera_msgs/share/astra_camera_msgs/cmake/rosidl_cmake-extras.cmake
[2.148s] -- Up-to-date: /home/klein/camera_ros2/install/astra_camera_msgs/share/astra_camera_msgs/cmake/ament_cmake_export_dependencies-extras.cmake
[2.149s] -- Up-to-date: /home/klein/camera_ros2/install/astra_camera_msgs/share/astra_camera_msgs/cmake/ament_cmake_export_libraries-extras.cmake
[2.149s] -- Up-to-date: /home/klein/camera_ros2/install/astra_camera_msgs/share/astra_camera_msgs/cmake/ament_cmake_export_targets-extras.cmake
[2.150s] -- Up-to-date: /home/klein/camera_ros2/install/astra_camera_msgs/share/astra_camera_msgs/cmake/ament_cmake_export_include_directories-extras.cmake
[2.150s] -- Up-to-date: /home/klein/camera_ros2/install/astra_camera_msgs/share/astra_camera_msgs/cmake/rosidl_cmake_export_typesupport_libraries-extras.cmake
[2.151s] -- Up-to-date: /home/klein/camera_ros2/install/astra_camera_msgs/share/astra_camera_msgs/cmake/rosidl_cmake_export_typesupport_targets-extras.cmake
[2.152s] -- Up-to-date: /home/klein/camera_ros2/install/astra_camera_msgs/share/astra_camera_msgs/cmake/astra_camera_msgsConfig.cmake
[2.152s] -- Up-to-date: /home/klein/camera_ros2/install/astra_camera_msgs/share/astra_camera_msgs/cmake/astra_camera_msgsConfig-version.cmake
[2.153s] -- Up-to-date: /home/klein/camera_ros2/install/astra_camera_msgs/share/astra_camera_msgs/package.xml
[2.162s] Invoked command in '/home/klein/camera_ros2/build/astra_camera_msgs' returned '0': CMAKE_PREFIX_PATH=${CMAKE_PREFIX_PATH}:/home/klein/camera_ros2/install/demo_cv_image:/opt/ros/foxy /usr/bin/cmake --install /home/klein/camera_ros2/build/astra_camera_msgs
