[0.048s] Invoking command in '/home/klein/camera_ros2/build/astra_camera': CMAKE_PREFIX_PATH=/home/klein/camera_ros2/install/astra_camera_msgs:/home/klein/camera_ros2/install/opencv_use:/home/klein/camera_ros2/install/astra_camera:/home/klein/ros2move_ws/install/pkg01_helloworld_cpp:/home/klein/ros2move_ws/install/cpp01_topic:/home/klein/camera_ros2/install/demo_cv_image:/opt/ros/foxy LD_LIBRARY_PATH=/home/klein/camera_ros2/install/astra_camera_msgs/lib:/home/klein/camera_ros2/install/astra_camera/lib:/usr/local/lib:/usr/local/lib:/opt/ros/foxy/opt/yaml_cpp_vendor/lib:/opt/ros/foxy/opt/rviz_ogre_vendor/lib:/opt/ros/foxy/lib/x86_64-linux-gnu:/opt/ros/foxy/lib PYTHONPATH=/home/klein/camera_ros2/install/astra_camera_msgs/lib/python3.8/site-packages:/home/klein/camera_ros2/install/demo_cv_image/lib/python3.8/site-packages:/opt/ros/foxy/lib/python3.8/site-packages /usr/bin/cmake --build /home/klein/camera_ros2/build/astra_camera -- -j4 -l4
[0.392s] [ 87%] Built target astra_camera
[0.492s] [100%] Built target list_devices_node
[0.528s] Invoked command in '/home/klein/camera_ros2/build/astra_camera' returned '0': CMAKE_PREFIX_PATH=/home/klein/camera_ros2/install/astra_camera_msgs:/home/klein/camera_ros2/install/opencv_use:/home/klein/camera_ros2/install/astra_camera:/home/klein/ros2move_ws/install/pkg01_helloworld_cpp:/home/klein/ros2move_ws/install/cpp01_topic:/home/klein/camera_ros2/install/demo_cv_image:/opt/ros/foxy LD_LIBRARY_PATH=/home/klein/camera_ros2/install/astra_camera_msgs/lib:/home/klein/camera_ros2/install/astra_camera/lib:/usr/local/lib:/usr/local/lib:/opt/ros/foxy/opt/yaml_cpp_vendor/lib:/opt/ros/foxy/opt/rviz_ogre_vendor/lib:/opt/ros/foxy/lib/x86_64-linux-gnu:/opt/ros/foxy/lib PYTHONPATH=/home/klein/camera_ros2/install/astra_camera_msgs/lib/python3.8/site-packages:/home/klein/camera_ros2/install/demo_cv_image/lib/python3.8/site-packages:/opt/ros/foxy/lib/python3.8/site-packages /usr/bin/cmake --build /home/klein/camera_ros2/build/astra_camera -- -j4 -l4
[0.843s] Invoking command in '/home/klein/camera_ros2/build/astra_camera': CMAKE_PREFIX_PATH=/home/klein/camera_ros2/install/astra_camera_msgs:/home/klein/camera_ros2/install/opencv_use:/home/klein/camera_ros2/install/astra_camera:/home/klein/ros2move_ws/install/pkg01_helloworld_cpp:/home/klein/ros2move_ws/install/cpp01_topic:/home/klein/camera_ros2/install/demo_cv_image:/opt/ros/foxy LD_LIBRARY_PATH=/home/klein/camera_ros2/install/astra_camera_msgs/lib:/home/klein/camera_ros2/install/astra_camera/lib:/usr/local/lib:/usr/local/lib:/opt/ros/foxy/opt/yaml_cpp_vendor/lib:/opt/ros/foxy/opt/rviz_ogre_vendor/lib:/opt/ros/foxy/lib/x86_64-linux-gnu:/opt/ros/foxy/lib PYTHONPATH=/home/klein/camera_ros2/install/astra_camera_msgs/lib/python3.8/site-packages:/home/klein/camera_ros2/install/demo_cv_image/lib/python3.8/site-packages:/opt/ros/foxy/lib/python3.8/site-packages /usr/bin/cmake --install /home/klein/camera_ros2/build/astra_camera
[0.875s] -- Install configuration: "Debug"
[0.876s] -- Up-to-date: /home/klein/camera_ros2/install/astra_camera/lib/libastra_camera.so
[0.877s] -- Up-to-date: /home/klein/camera_ros2/install/astra_camera/lib/libOpenNI2.so
[0.877s] -- Up-to-date: /home/klein/camera_ros2/install/astra_camera/lib//OpenNI2
[0.878s] -- Up-to-date: /home/klein/camera_ros2/install/astra_camera/lib//OpenNI2/Drivers
[0.878s] -- Up-to-date: /home/klein/camera_ros2/install/astra_camera/lib//OpenNI2/Drivers/orbbec.ini
[0.878s] -- Up-to-date: /home/klein/camera_ros2/install/astra_camera/lib//OpenNI2/Drivers/liborbbec.so
[0.878s] -- Up-to-date: /home/klein/camera_ros2/install/astra_camera/lib//OpenNI2/Drivers/libOniFile.so
[0.879s] -- Up-to-date: /home/klein/camera_ros2/install/astra_camera/lib//OpenNI2/Drivers/OniFile.ini
[0.879s] -- Up-to-date: /home/klein/camera_ros2/install/astra_camera/lib/astra_camera/list_devices_node
[0.880s] -- Up-to-date: /home/klein/camera_ros2/install/astra_camera/include
[0.880s] -- Up-to-date: /home/klein/camera_ros2/install/astra_camera/include/astra_camera
[0.881s] -- Up-to-date: /home/klein/camera_ros2/install/astra_camera/include/astra_camera/uvc_camera_driver.h
[0.881s] -- Up-to-date: /home/klein/camera_ros2/install/astra_camera/include/astra_camera/dynamic_params.h
[0.881s] -- Up-to-date: /home/klein/camera_ros2/install/astra_camera/include/astra_camera/device_listener.h
[0.882s] -- Up-to-date: /home/klein/camera_ros2/install/astra_camera/include/astra_camera/ob_timer_filter.h
[0.882s] -- Up-to-date: /home/klein/camera_ros2/install/astra_camera/include/astra_camera/point_cloud_proc
[0.882s] -- Up-to-date: /home/klein/camera_ros2/install/astra_camera/include/astra_camera/point_cloud_proc/point_cloud_xyzrgb.h
[0.885s] -- Up-to-date: /home/klein/camera_ros2/install/astra_camera/include/astra_camera/point_cloud_proc/depth_traits.h
[0.885s] -- Up-to-date: /home/klein/camera_ros2/install/astra_camera/include/astra_camera/point_cloud_proc/point_cloud_xyz.h
[0.886s] -- Up-to-date: /home/klein/camera_ros2/install/astra_camera/include/astra_camera/ob_frame_listener.h
[0.886s] -- Up-to-date: /home/klein/camera_ros2/install/astra_camera/include/astra_camera/ob_camera_node.h
[0.886s] -- Up-to-date: /home/klein/camera_ros2/install/astra_camera/include/astra_camera/utils.h
[0.887s] -- Up-to-date: /home/klein/camera_ros2/install/astra_camera/include/astra_camera/ob_camera_node_factory.h
[0.887s] -- Up-to-date: /home/klein/camera_ros2/install/astra_camera/include/astra_camera/ros_param_backend.h
[0.888s] -- Up-to-date: /home/klein/camera_ros2/install/astra_camera/include/astra_camera/types.h
[0.888s] -- Up-to-date: /home/klein/camera_ros2/install/astra_camera/include/astra_camera/constants.h
[0.889s] -- Up-to-date: /home/klein/camera_ros2/install/astra_camera/include/openni2
[0.889s] -- Up-to-date: /home/klein/camera_ros2/install/astra_camera/include/openni2/Linux-Arm
[0.890s] -- Up-to-date: /home/klein/camera_ros2/install/astra_camera/include/openni2/Linux-Arm/OniPlatformLinux-Arm.h
[0.890s] -- Up-to-date: /home/klein/camera_ros2/install/astra_camera/include/openni2/OniProperties.h
[0.891s] -- Up-to-date: /home/klein/camera_ros2/install/astra_camera/include/openni2/Driver
[0.891s] -- Up-to-date: /home/klein/camera_ros2/install/astra_camera/include/openni2/Driver/OniDriverAPI.h
[0.891s] -- Up-to-date: /home/klein/camera_ros2/install/astra_camera/include/openni2/Driver/OniDriverTypes.h
[0.891s] -- Up-to-date: /home/klein/camera_ros2/install/astra_camera/include/openni2/OniTest.h
[0.892s] -- Up-to-date: /home/klein/camera_ros2/install/astra_camera/include/openni2/KinectProperties.h
[0.892s] -- Up-to-date: /home/klein/camera_ros2/install/astra_camera/include/openni2/PrimeSense.h
[0.892s] -- Up-to-date: /home/klein/camera_ros2/install/astra_camera/include/openni2/MacOSX
[0.892s] -- Up-to-date: /home/klein/camera_ros2/install/astra_camera/include/openni2/MacOSX/OniPlatformMacOSX.h
[0.892s] -- Up-to-date: /home/klein/camera_ros2/install/astra_camera/include/openni2/OniVersion.h
[0.892s] -- Up-to-date: /home/klein/camera_ros2/install/astra_camera/include/openni2/PSLink.h
[0.892s] -- Up-to-date: /home/klein/camera_ros2/install/astra_camera/include/openni2/OpenNI.h
[0.892s] -- Up-to-date: /home/klein/camera_ros2/install/astra_camera/include/openni2/OniCEnums.h
[0.892s] -- Up-to-date: /home/klein/camera_ros2/install/astra_camera/include/openni2/OniCProperties.h
[0.893s] -- Up-to-date: /home/klein/camera_ros2/install/astra_camera/include/openni2/OniCAPI.h
[0.893s] -- Up-to-date: /home/klein/camera_ros2/install/astra_camera/include/openni2/OniCTypes.h
[0.893s] -- Up-to-date: /home/klein/camera_ros2/install/astra_camera/include/openni2/Android-Arm
[0.893s] -- Up-to-date: /home/klein/camera_ros2/install/astra_camera/include/openni2/Android-Arm/OniPlatformAndroid-Arm.h
[0.893s] -- Up-to-date: /home/klein/camera_ros2/install/astra_camera/include/openni2/OniEnums.h
[0.893s] -- Up-to-date: /home/klein/camera_ros2/install/astra_camera/include/openni2/PS1080.h
[0.894s] -- Up-to-date: /home/klein/camera_ros2/install/astra_camera/include/openni2/OniPlatform.h
[0.894s] -- Up-to-date: /home/klein/camera_ros2/install/astra_camera/include/openni2/Linux-x86
[0.894s] -- Up-to-date: /home/klein/camera_ros2/install/astra_camera/include/openni2/Linux-x86/OniPlatformLinux-x86.h
[0.894s] -- Up-to-date: /home/klein/camera_ros2/install/astra_camera/include/openni2/openni2_redist
[0.894s] -- Up-to-date: /home/klein/camera_ros2/install/astra_camera/include/openni2/openni2_redist/x64
[0.895s] -- Up-to-date: /home/klein/camera_ros2/install/astra_camera/include/openni2/openni2_redist/x64/libOpenNI2.so
[0.895s] -- Up-to-date: /home/klein/camera_ros2/install/astra_camera/include/openni2/openni2_redist/x64/OpenNI.ini
[0.895s] -- Up-to-date: /home/klein/camera_ros2/install/astra_camera/include/openni2/openni2_redist/x64/OpenNI2
[0.895s] -- Up-to-date: /home/klein/camera_ros2/install/astra_camera/include/openni2/openni2_redist/x64/OpenNI2/Drivers
[0.895s] -- Up-to-date: /home/klein/camera_ros2/install/astra_camera/include/openni2/openni2_redist/x64/OpenNI2/Drivers/orbbec.ini
[0.895s] -- Up-to-date: /home/klein/camera_ros2/install/astra_camera/include/openni2/openni2_redist/x64/OpenNI2/Drivers/liborbbec.so
[0.896s] -- Up-to-date: /home/klein/camera_ros2/install/astra_camera/include/openni2/openni2_redist/x64/OpenNI2/Drivers/libOniFile.so
[0.896s] -- Up-to-date: /home/klein/camera_ros2/install/astra_camera/include/openni2/openni2_redist/x64/OpenNI2/Drivers/OniFile.ini
[0.896s] -- Up-to-date: /home/klein/camera_ros2/install/astra_camera/include/openni2/openni2_redist/arm
[0.896s] -- Up-to-date: /home/klein/camera_ros2/install/astra_camera/include/openni2/openni2_redist/arm/libOpenNI2.so
[0.896s] -- Up-to-date: /home/klein/camera_ros2/install/astra_camera/include/openni2/openni2_redist/arm/NiViewer
[0.896s] -- Up-to-date: /home/klein/camera_ros2/install/astra_camera/include/openni2/openni2_redist/arm/libDepthUtils.a
[0.897s] -- Up-to-date: /home/klein/camera_ros2/install/astra_camera/include/openni2/openni2_redist/arm/PS1080Console
[0.897s] -- Up-to-date: /home/klein/camera_ros2/install/astra_camera/include/openni2/openni2_redist/arm/SimpleRead
[0.897s] -- Up-to-date: /home/klein/camera_ros2/install/astra_camera/include/openni2/openni2_redist/arm/OpenNI.ini
[0.897s] -- Up-to-date: /home/klein/camera_ros2/install/astra_camera/include/openni2/openni2_redist/arm/OpenNI2
[0.897s] -- Up-to-date: /home/klein/camera_ros2/install/astra_camera/include/openni2/openni2_redist/arm/OpenNI2/Drivers
[0.898s] -- Up-to-date: /home/klein/camera_ros2/install/astra_camera/include/openni2/openni2_redist/arm/OpenNI2/Drivers/orbbec.ini
[0.899s] -- Up-to-date: /home/klein/camera_ros2/install/astra_camera/include/openni2/openni2_redist/arm/OpenNI2/Drivers/liborbbec.so
[0.899s] -- Up-to-date: /home/klein/camera_ros2/install/astra_camera/include/openni2/openni2_redist/arm/OpenNI2/Drivers/libOniFile.so
[0.899s] -- Up-to-date: /home/klein/camera_ros2/install/astra_camera/include/openni2/openni2_redist/arm/OpenNI2/Drivers/OniFile.ini
[0.900s] -- Up-to-date: /home/klein/camera_ros2/install/astra_camera/include/openni2/openni2_redist/arm64
[0.900s] -- Up-to-date: /home/klein/camera_ros2/install/astra_camera/include/openni2/openni2_redist/arm64/libOpenNI2.so
[0.901s] -- Up-to-date: /home/klein/camera_ros2/install/astra_camera/include/openni2/openni2_redist/arm64/NiViewer
[0.902s] -- Up-to-date: /home/klein/camera_ros2/install/astra_camera/include/openni2/openni2_redist/arm64/libDepthUtils.a
[0.902s] -- Up-to-date: /home/klein/camera_ros2/install/astra_camera/include/openni2/openni2_redist/arm64/PS1080Console
[0.902s] -- Up-to-date: /home/klein/camera_ros2/install/astra_camera/include/openni2/openni2_redist/arm64/SimpleRead
[0.903s] -- Up-to-date: /home/klein/camera_ros2/install/astra_camera/include/openni2/openni2_redist/arm64/OpenNI.ini
[0.903s] -- Up-to-date: /home/klein/camera_ros2/install/astra_camera/include/openni2/openni2_redist/arm64/OpenNI2
[0.903s] -- Up-to-date: /home/klein/camera_ros2/install/astra_camera/include/openni2/openni2_redist/arm64/OpenNI2/Drivers
[0.904s] -- Up-to-date: /home/klein/camera_ros2/install/astra_camera/include/openni2/openni2_redist/arm64/OpenNI2/Drivers/orbbec.ini
[0.904s] -- Up-to-date: /home/klein/camera_ros2/install/astra_camera/include/openni2/openni2_redist/arm64/OpenNI2/Drivers/liborbbec.so
[0.904s] -- Up-to-date: /home/klein/camera_ros2/install/astra_camera/include/openni2/openni2_redist/arm64/OpenNI2/Drivers/libOniFile.so
[0.904s] -- Up-to-date: /home/klein/camera_ros2/install/astra_camera/include/openni2/openni2_redist/arm64/OpenNI2/Drivers/OniFile.ini
[0.905s] -- Up-to-date: /home/klein/camera_ros2/install/astra_camera/include/openni2/SonixCamera.h
[0.906s] -- Up-to-date: /home/klein/camera_ros2/install/astra_camera/include/openni2/Win32
[0.906s] -- Up-to-date: /home/klein/camera_ros2/install/astra_camera/include/openni2/Win32/OniPlatformWin32.h
[0.907s] -- Up-to-date: /home/klein/camera_ros2/install/astra_camera/include/openni2/util.h
[0.907s] -- Up-to-date: /home/klein/camera_ros2/install/astra_camera/share/astra_camera//launch
[0.907s] -- Up-to-date: /home/klein/camera_ros2/install/astra_camera/share/astra_camera//launch/multi_dabai_pro.launch.py
[0.908s] -- Up-to-date: /home/klein/camera_ros2/install/astra_camera/share/astra_camera//launch/multi_dabai.launch.py
[0.908s] -- Up-to-date: /home/klein/camera_ros2/install/astra_camera/share/astra_camera//launch/dabai_pro.launch.py
[0.909s] -- Up-to-date: /home/klein/camera_ros2/install/astra_camera/share/astra_camera//launch/.gitkeep
[0.910s] -- Up-to-date: /home/klein/camera_ros2/install/astra_camera/share/astra_camera//launch/multi_dabai_dw.launch.py
[0.910s] -- Up-to-date: /home/klein/camera_ros2/install/astra_camera/share/astra_camera//launch/multi_astra_mini.launch.py
[0.910s] -- Up-to-date: /home/klein/camera_ros2/install/astra_camera/share/astra_camera//launch/dabai_dcw.launch.py
[0.911s] -- Up-to-date: /home/klein/camera_ros2/install/astra_camera/share/astra_camera//launch/dabai_dw.launch.py
[0.911s] -- Up-to-date: /home/klein/camera_ros2/install/astra_camera/share/astra_camera//launch/dabai.launch.py
[0.912s] -- Up-to-date: /home/klein/camera_ros2/install/astra_camera/share/astra_camera//launch/astra_mini.launch.py
[0.912s] -- Up-to-date: /home/klein/camera_ros2/install/astra_camera/share/astra_camera//launch/multi_dabai_dcw.launch.py
[0.912s] -- Up-to-date: /home/klein/camera_ros2/install/astra_camera/share/astra_camera//config
[0.912s] -- Up-to-date: /home/klein/camera_ros2/install/astra_camera/share/astra_camera//config/.gitkeep
[0.913s] -- Up-to-date: /home/klein/camera_ros2/install/astra_camera/share/astra_camera//params
[0.913s] -- Up-to-date: /home/klein/camera_ros2/install/astra_camera/share/astra_camera//params/.gitkeep
[0.914s] -- Up-to-date: /home/klein/camera_ros2/install/astra_camera/share/astra_camera//params/astra_mini_params.yaml
[0.915s] -- Up-to-date: /home/klein/camera_ros2/install/astra_camera/share/astra_camera//params/dabai_dw_params.yaml
[0.915s] -- Up-to-date: /home/klein/camera_ros2/install/astra_camera/share/astra_camera//params/dabai_pro_params.yaml
[0.915s] -- Up-to-date: /home/klein/camera_ros2/install/astra_camera/share/astra_camera//params/camera_params_template.yaml
[0.915s] -- Up-to-date: /home/klein/camera_ros2/install/astra_camera/share/astra_camera//params/dabai_params.yaml
[0.915s] -- Up-to-date: /home/klein/camera_ros2/install/astra_camera/share/astra_camera//params/dabai_dcw_params.yaml
[0.915s] -- Up-to-date: /home/klein/camera_ros2/install/astra_camera/share/astra_camera//rviz
[0.916s] -- Up-to-date: /home/klein/camera_ros2/install/astra_camera/share/astra_camera//rviz/.gitkeep
[0.916s] -- Up-to-date: /home/klein/camera_ros2/install/astra_camera/share/astra_camera//rviz/pointcloud.rviz
[0.916s] -- Up-to-date: /home/klein/camera_ros2/install/astra_camera/share/astra_camera//rviz/multi_camera.rviz
[0.916s] -- Up-to-date: /home/klein/camera_ros2/install/astra_camera/share/astra_camera/environment/library_path.sh
[0.916s] -- Up-to-date: /home/klein/camera_ros2/install/astra_camera/share/astra_camera/environment/library_path.dsv
[0.917s] -- Up-to-date: /home/klein/camera_ros2/install/astra_camera/share/ament_index/resource_index/package_run_dependencies/astra_camera
[0.917s] -- Up-to-date: /home/klein/camera_ros2/install/astra_camera/share/ament_index/resource_index/parent_prefix_path/astra_camera
[0.917s] -- Up-to-date: /home/klein/camera_ros2/install/astra_camera/share/astra_camera/environment/ament_prefix_path.sh
[0.917s] -- Up-to-date: /home/klein/camera_ros2/install/astra_camera/share/astra_camera/environment/ament_prefix_path.dsv
[0.917s] -- Up-to-date: /home/klein/camera_ros2/install/astra_camera/share/astra_camera/environment/path.sh
[0.917s] -- Up-to-date: /home/klein/camera_ros2/install/astra_camera/share/astra_camera/environment/path.dsv
[0.918s] -- Up-to-date: /home/klein/camera_ros2/install/astra_camera/share/astra_camera/local_setup.bash
[0.918s] -- Up-to-date: /home/klein/camera_ros2/install/astra_camera/share/astra_camera/local_setup.sh
[0.919s] -- Up-to-date: /home/klein/camera_ros2/install/astra_camera/share/astra_camera/local_setup.zsh
[0.919s] -- Up-to-date: /home/klein/camera_ros2/install/astra_camera/share/astra_camera/local_setup.dsv
[0.920s] -- Installing: /home/klein/camera_ros2/install/astra_camera/share/astra_camera/package.dsv
[0.920s] -- Up-to-date: /home/klein/camera_ros2/install/astra_camera/share/ament_index/resource_index/packages/astra_camera
[0.920s] -- Up-to-date: /home/klein/camera_ros2/install/astra_camera/share/ament_index/resource_index/rclcpp_components/astra_camera
[0.932s] -- Up-to-date: /home/klein/camera_ros2/install/astra_camera/share/astra_camera/cmake/ament_cmake_export_include_directories-extras.cmake
[0.932s] -- Up-to-date: /home/klein/camera_ros2/install/astra_camera/share/astra_camera/cmake/ament_cmake_export_libraries-extras.cmake
[0.933s] -- Up-to-date: /home/klein/camera_ros2/install/astra_camera/share/astra_camera/cmake/ament_cmake_export_dependencies-extras.cmake
[0.933s] -- Up-to-date: /home/klein/camera_ros2/install/astra_camera/share/astra_camera/cmake/astra_cameraConfig.cmake
[0.933s] -- Up-to-date: /home/klein/camera_ros2/install/astra_camera/share/astra_camera/cmake/astra_cameraConfig-version.cmake
[0.933s] -- Up-to-date: /home/klein/camera_ros2/install/astra_camera/share/astra_camera/package.xml
[0.934s] Invoked command in '/home/klein/camera_ros2/build/astra_camera' returned '0': CMAKE_PREFIX_PATH=/home/klein/camera_ros2/install/astra_camera_msgs:/home/klein/camera_ros2/install/opencv_use:/home/klein/camera_ros2/install/astra_camera:/home/klein/ros2move_ws/install/pkg01_helloworld_cpp:/home/klein/ros2move_ws/install/cpp01_topic:/home/klein/camera_ros2/install/demo_cv_image:/opt/ros/foxy LD_LIBRARY_PATH=/home/klein/camera_ros2/install/astra_camera_msgs/lib:/home/klein/camera_ros2/install/astra_camera/lib:/usr/local/lib:/usr/local/lib:/opt/ros/foxy/opt/yaml_cpp_vendor/lib:/opt/ros/foxy/opt/rviz_ogre_vendor/lib:/opt/ros/foxy/lib/x86_64-linux-gnu:/opt/ros/foxy/lib PYTHONPATH=/home/klein/camera_ros2/install/astra_camera_msgs/lib/python3.8/site-packages:/home/klein/camera_ros2/install/demo_cv_image/lib/python3.8/site-packages:/opt/ros/foxy/lib/python3.8/site-packages /usr/bin/cmake --install /home/klein/camera_ros2/build/astra_camera
