[0.051s] Invoking command in '/home/klein/camera_ros2/build/astra_camera': CMAKE_PREFIX_PATH=/home/klein/camera_ros2/install/astra_camera_msgs:/home/klein/camera_ros2/install/opencv_use:/home/klein/camera_ros2/install/astra_camera:/home/klein/ros2move_ws/install/pkg01_helloworld_cpp:/home/klein/ros2move_ws/install/cpp01_topic:/home/klein/camera_ros2/install/demo_cv_image:/opt/ros/foxy LD_LIBRARY_PATH=/home/klein/camera_ros2/install/astra_camera_msgs/lib:/home/klein/camera_ros2/install/astra_camera/lib:/usr/local/lib:/usr/local/lib:/opt/ros/foxy/opt/yaml_cpp_vendor/lib:/opt/ros/foxy/opt/rviz_ogre_vendor/lib:/opt/ros/foxy/lib/x86_64-linux-gnu:/opt/ros/foxy/lib PYTHONPATH=/home/klein/camera_ros2/install/astra_camera_msgs/lib/python3.8/site-packages:/home/klein/camera_ros2/install/demo_cv_image/lib/python3.8/site-packages:/opt/ros/foxy/lib/python3.8/site-packages /usr/bin/cmake /home/klein/camera_ros2/src/ros2_astra_camera/astra_camera -DCMAKE_INSTALL_PREFIX=/home/klein/camera_ros2/install/astra_camera
[0.249s] -- The C compiler identification is GNU 9.4.0
[0.448s] -- The CXX compiler identification is GNU 9.4.0
[0.453s] -- Check for working C compiler: /usr/bin/cc
[0.693s] -- Check for working C compiler: /usr/bin/cc -- works
[0.695s] -- Detecting C compiler ABI info
[0.963s] -- Detecting C compiler ABI info - done
[1.007s] -- Detecting C compile features
[1.011s] -- Detecting C compile features - done
[1.022s] -- Check for working CXX compiler: /usr/bin/c++
[1.279s] -- Check for working CXX compiler: /usr/bin/c++ -- works
[1.283s] -- Detecting CXX compiler ABI info
[1.660s] -- Detecting CXX compiler ABI info - done
[1.690s] -- Detecting CXX compile features
[1.692s] -- Detecting CXX compile features - done
[1.699s] -- Found ament_cmake: 0.9.12 (/opt/ros/foxy/share/ament_cmake/cmake)
[1.776s] -- Found PythonInterp: /usr/bin/python3 (found suitable version "3.8.10", minimum required is "3") 
[1.777s] -- Using PYTHON_EXECUTABLE: /usr/bin/python3
[2.369s] -- Found ament_index_cpp: 1.1.0 (/opt/ros/foxy/share/ament_index_cpp/cmake)
[2.378s] -- Found astra_camera_msgs: 1.0.1 (/home/klein/camera_ros2/install/astra_camera_msgs/share/astra_camera_msgs/cmake)
[2.471s] -- Using all available rosidl_typesupport_c: rosidl_typesupport_fastrtps_c;rosidl_typesupport_introspection_c
[2.495s] -- Found rosidl_adapter: 1.3.1 (/opt/ros/foxy/share/rosidl_adapter/cmake)
[2.729s] -- Found OpenSSL: /usr/lib/x86_64-linux-gnu/libcrypto.so (found version "1.1.1f")  
[2.815s] -- Found FastRTPS: /opt/ros/foxy/include  
[3.034s] -- Using all available rosidl_typesupport_cpp: rosidl_typesupport_fastrtps_cpp;rosidl_typesupport_introspection_cpp
[3.816s] -- Found camera_info_manager: 2.4.0 (/opt/ros/foxy/share/camera_info_manager/cmake)
[3.965s] -- Found rmw_implementation_cmake: 1.0.4 (/opt/ros/foxy/share/rmw_implementation_cmake/cmake)
[3.972s] -- Using RMW implementation 'rmw_fastrtps_cpp' as default
[3.974s] -- Looking for pthread.h
[4.221s] -- Looking for pthread.h - found
[4.221s] -- Performing Test CMAKE_HAVE_LIBC_PTHREAD
[4.458s] -- Performing Test CMAKE_HAVE_LIBC_PTHREAD - Failed
[4.458s] -- Looking for pthread_create in pthreads
[4.661s] -- Looking for pthread_create in pthreads - not found
[4.662s] -- Looking for pthread_create in pthread
[4.905s] -- Looking for pthread_create in pthread - found
[4.911s] -- Found Threads: TRUE  
[5.380s] -- Setting yaml-cpp_DIR to: '/opt/ros/foxy/share/yaml_cpp_vendor/cmake/../../../opt/yaml_cpp_vendor/lib/cmake/yaml-cpp'
[5.566s] -- Found class_loader: 2.0.3 (/opt/ros/foxy/share/class_loader/cmake)
[5.580s] -- Found cv_bridge: 3.0.7 (/opt/ros/foxy/share/cv_bridge/cmake)
[5.690s] -- Found image_geometry: 3.0.7 (/opt/ros/foxy/share/image_geometry/cmake)
[5.707s] -- Found image_publisher: 2.3.0 (/opt/ros/foxy/share/image_publisher/cmake)
[6.310s] -- Found JPEG: /usr/lib/x86_64-linux-gnu/libjpeg.so (found version "80") 
[6.312s] -- Found JPEG library using standard module
[6.315s] -- Found JPEG: /usr/lib/x86_64-linux-gnu/libjpeg.so  
[6.326s] -- Found PkgConfig: /usr/bin/pkg-config (found version "0.29.1") 
[6.330s] -- Checking for module 'libusb-1.0'
[6.385s] --   Found libusb-1.0, version 1.0.23
[6.526s] -- libusb-1.0 found using pkgconfig
[6.568s] -- Found OpenCV: /usr (found version "4.2.0") 
[6.576s] -- Found std_srvs: 2.0.5 (/opt/ros/foxy/share/std_srvs/cmake)
[6.638s] -- Found tf2: 0.13.14 (/opt/ros/foxy/share/tf2/cmake)
[6.673s] -- Found tf2_eigen: 0.13.14 (/opt/ros/foxy/share/tf2_eigen/cmake)
[7.501s] -- Found tf2_sensor_msgs: 0.13.14 (/opt/ros/foxy/share/tf2_sensor_msgs/cmake)
[7.557s] -- ORRBEC Machine : x86_64
[7.557s] 
[7.558s] -- ORRBEC Machine Bits : 64
[7.558s] 
[7.558s] -- ORRBEC : x64
[8.896s] -- Found ament_lint_auto: 0.9.8 (/opt/ros/foxy/share/ament_lint_auto/cmake)
[9.100s] -- Configuring done
[9.327s] -- Generating done
[9.332s] -- Build files have been written to: /home/klein/camera_ros2/build/astra_camera
[9.364s] Invoked command in '/home/klein/camera_ros2/build/astra_camera' returned '0': CMAKE_PREFIX_PATH=/home/klein/camera_ros2/install/astra_camera_msgs:/home/klein/camera_ros2/install/opencv_use:/home/klein/camera_ros2/install/astra_camera:/home/klein/ros2move_ws/install/pkg01_helloworld_cpp:/home/klein/ros2move_ws/install/cpp01_topic:/home/klein/camera_ros2/install/demo_cv_image:/opt/ros/foxy LD_LIBRARY_PATH=/home/klein/camera_ros2/install/astra_camera_msgs/lib:/home/klein/camera_ros2/install/astra_camera/lib:/usr/local/lib:/usr/local/lib:/opt/ros/foxy/opt/yaml_cpp_vendor/lib:/opt/ros/foxy/opt/rviz_ogre_vendor/lib:/opt/ros/foxy/lib/x86_64-linux-gnu:/opt/ros/foxy/lib PYTHONPATH=/home/klein/camera_ros2/install/astra_camera_msgs/lib/python3.8/site-packages:/home/klein/camera_ros2/install/demo_cv_image/lib/python3.8/site-packages:/opt/ros/foxy/lib/python3.8/site-packages /usr/bin/cmake /home/klein/camera_ros2/src/ros2_astra_camera/astra_camera -DCMAKE_INSTALL_PREFIX=/home/klein/camera_ros2/install/astra_camera
[9.366s] Invoking command in '/home/klein/camera_ros2/build/astra_camera': CMAKE_PREFIX_PATH=/home/klein/camera_ros2/install/astra_camera_msgs:/home/klein/camera_ros2/install/opencv_use:/home/klein/camera_ros2/install/astra_camera:/home/klein/ros2move_ws/install/pkg01_helloworld_cpp:/home/klein/ros2move_ws/install/cpp01_topic:/home/klein/camera_ros2/install/demo_cv_image:/opt/ros/foxy LD_LIBRARY_PATH=/home/klein/camera_ros2/install/astra_camera_msgs/lib:/home/klein/camera_ros2/install/astra_camera/lib:/usr/local/lib:/usr/local/lib:/opt/ros/foxy/opt/yaml_cpp_vendor/lib:/opt/ros/foxy/opt/rviz_ogre_vendor/lib:/opt/ros/foxy/lib/x86_64-linux-gnu:/opt/ros/foxy/lib PYTHONPATH=/home/klein/camera_ros2/install/astra_camera_msgs/lib/python3.8/site-packages:/home/klein/camera_ros2/install/demo_cv_image/lib/python3.8/site-packages:/opt/ros/foxy/lib/python3.8/site-packages /usr/bin/cmake --build /home/klein/camera_ros2/build/astra_camera -- -j4 -l4
[9.519s] [35m[1mScanning dependencies of target astra_camera[0m
[10.146s] [  6%] [32mBuilding CXX object CMakeFiles/astra_camera.dir/src/point_cloud_proc/point_cloud_xyz.cpp.o[0m
[24.253s] [ 12%] [32mBuilding CXX object CMakeFiles/astra_camera.dir/src/dynamic_params.cpp.o[0m
[33.568s] [ 18%] [32mBuilding CXX object CMakeFiles/astra_camera.dir/src/ob_camera_info.cpp.o[0m
[55.328s] [ 25%] [32mBuilding CXX object CMakeFiles/astra_camera.dir/src/ob_frame_listener.cpp.o[0m
[65.438s] [ 31%] [32mBuilding CXX object CMakeFiles/astra_camera.dir/src/ob_timer_filter.cpp.o[0m
[72.907s] [ 37%] [32mBuilding CXX object CMakeFiles/astra_camera.dir/src/ob_camera_node_factory.cpp.o[0m
[88.977s] [ 43%] [32mBuilding CXX object CMakeFiles/astra_camera.dir/src/ob_camera_node.cpp.o[0m
[91.015s] [ 50%] [32mBuilding CXX object CMakeFiles/astra_camera.dir/src/device_listener.cpp.o[0m
[93.088s] [ 56%] [32mBuilding CXX object CMakeFiles/astra_camera.dir/src/point_cloud_proc/point_cloud_xyzrgb.cpp.o[0m
[131.002s] [ 62%] [32mBuilding CXX object CMakeFiles/astra_camera.dir/src/utils.cpp.o[0m
[142.945s] [ 68%] [32mBuilding CXX object CMakeFiles/astra_camera.dir/src/uvc_camera_driver.cpp.o[0m
[169.671s] [ 75%] [32mBuilding CXX object CMakeFiles/astra_camera.dir/src/ros_service.cpp.o[0m
[169.675s] [ 81%] [32mBuilding CXX object CMakeFiles/astra_camera.dir/src/ros_param_backend.cpp.o[0m
[201.995s] [ 87%] [32m[1mLinking CXX shared library libastra_camera.so[0m
[206.702s] [ 87%] Built target astra_camera
[206.736s] [35m[1mScanning dependencies of target list_devices_node[0m
[206.869s] [ 93%] [32mBuilding CXX object CMakeFiles/list_devices_node.dir/src/list_devices_node.cpp.o[0m
[215.202s] [100%] [32m[1mLinking CXX executable list_devices_node[0m
[217.704s] [100%] Built target list_devices_node
[217.858s] Invoked command in '/home/klein/camera_ros2/build/astra_camera' returned '0': CMAKE_PREFIX_PATH=/home/klein/camera_ros2/install/astra_camera_msgs:/home/klein/camera_ros2/install/opencv_use:/home/klein/camera_ros2/install/astra_camera:/home/klein/ros2move_ws/install/pkg01_helloworld_cpp:/home/klein/ros2move_ws/install/cpp01_topic:/home/klein/camera_ros2/install/demo_cv_image:/opt/ros/foxy LD_LIBRARY_PATH=/home/klein/camera_ros2/install/astra_camera_msgs/lib:/home/klein/camera_ros2/install/astra_camera/lib:/usr/local/lib:/usr/local/lib:/opt/ros/foxy/opt/yaml_cpp_vendor/lib:/opt/ros/foxy/opt/rviz_ogre_vendor/lib:/opt/ros/foxy/lib/x86_64-linux-gnu:/opt/ros/foxy/lib PYTHONPATH=/home/klein/camera_ros2/install/astra_camera_msgs/lib/python3.8/site-packages:/home/klein/camera_ros2/install/demo_cv_image/lib/python3.8/site-packages:/opt/ros/foxy/lib/python3.8/site-packages /usr/bin/cmake --build /home/klein/camera_ros2/build/astra_camera -- -j4 -l4
[218.162s] Invoking command in '/home/klein/camera_ros2/build/astra_camera': CMAKE_PREFIX_PATH=/home/klein/camera_ros2/install/astra_camera_msgs:/home/klein/camera_ros2/install/opencv_use:/home/klein/camera_ros2/install/astra_camera:/home/klein/ros2move_ws/install/pkg01_helloworld_cpp:/home/klein/ros2move_ws/install/cpp01_topic:/home/klein/camera_ros2/install/demo_cv_image:/opt/ros/foxy LD_LIBRARY_PATH=/home/klein/camera_ros2/install/astra_camera_msgs/lib:/home/klein/camera_ros2/install/astra_camera/lib:/usr/local/lib:/usr/local/lib:/opt/ros/foxy/opt/yaml_cpp_vendor/lib:/opt/ros/foxy/opt/rviz_ogre_vendor/lib:/opt/ros/foxy/lib/x86_64-linux-gnu:/opt/ros/foxy/lib PYTHONPATH=/home/klein/camera_ros2/install/astra_camera_msgs/lib/python3.8/site-packages:/home/klein/camera_ros2/install/demo_cv_image/lib/python3.8/site-packages:/opt/ros/foxy/lib/python3.8/site-packages /usr/bin/cmake --install /home/klein/camera_ros2/build/astra_camera
[218.199s] -- Install configuration: "Debug"
[218.200s] -- Installing: /home/klein/camera_ros2/install/astra_camera/lib/libastra_camera.so
[218.292s] -- Set runtime path of "/home/klein/camera_ros2/install/astra_camera/lib/libastra_camera.so" to ""
[218.293s] -- Installing: /home/klein/camera_ros2/install/astra_camera/lib/libOpenNI2.so
[218.297s] -- Installing: /home/klein/camera_ros2/install/astra_camera/lib//OpenNI2
[218.298s] -- Installing: /home/klein/camera_ros2/install/astra_camera/lib//OpenNI2/Drivers
[218.298s] -- Installing: /home/klein/camera_ros2/install/astra_camera/lib//OpenNI2/Drivers/orbbec.ini
[218.298s] -- Installing: /home/klein/camera_ros2/install/astra_camera/lib//OpenNI2/Drivers/liborbbec.so
[218.316s] -- Installing: /home/klein/camera_ros2/install/astra_camera/lib//OpenNI2/Drivers/libOniFile.so
[218.320s] -- Installing: /home/klein/camera_ros2/install/astra_camera/lib//OpenNI2/Drivers/OniFile.ini
[218.322s] -- Installing: /home/klein/camera_ros2/install/astra_camera/lib/astra_camera/list_devices_node
[218.325s] -- Set runtime path of "/home/klein/camera_ros2/install/astra_camera/lib/astra_camera/list_devices_node" to ""
[218.330s] -- Installing: /home/klein/camera_ros2/install/astra_camera/include
[218.330s] -- Installing: /home/klein/camera_ros2/install/astra_camera/include/astra_camera
[218.330s] -- Installing: /home/klein/camera_ros2/install/astra_camera/include/astra_camera/uvc_camera_driver.h
[218.330s] -- Installing: /home/klein/camera_ros2/install/astra_camera/include/astra_camera/dynamic_params.h
[218.331s] -- Installing: /home/klein/camera_ros2/install/astra_camera/include/astra_camera/device_listener.h
[218.331s] -- Installing: /home/klein/camera_ros2/install/astra_camera/include/astra_camera/ob_timer_filter.h
[218.331s] -- Installing: /home/klein/camera_ros2/install/astra_camera/include/astra_camera/point_cloud_proc
[218.331s] -- Installing: /home/klein/camera_ros2/install/astra_camera/include/astra_camera/point_cloud_proc/point_cloud_xyzrgb.h
[218.336s] -- Installing: /home/klein/camera_ros2/install/astra_camera/include/astra_camera/point_cloud_proc/depth_traits.h
[218.337s] -- Installing: /home/klein/camera_ros2/install/astra_camera/include/astra_camera/point_cloud_proc/point_cloud_xyz.h
[218.337s] -- Installing: /home/klein/camera_ros2/install/astra_camera/include/astra_camera/ob_frame_listener.h
[218.337s] -- Installing: /home/klein/camera_ros2/install/astra_camera/include/astra_camera/ob_camera_node.h
[218.337s] -- Installing: /home/klein/camera_ros2/install/astra_camera/include/astra_camera/utils.h
[218.338s] -- Installing: /home/klein/camera_ros2/install/astra_camera/include/astra_camera/ob_camera_node_factory.h
[218.338s] -- Installing: /home/klein/camera_ros2/install/astra_camera/include/astra_camera/ros_param_backend.h
[218.338s] -- Installing: /home/klein/camera_ros2/install/astra_camera/include/astra_camera/types.h
[218.338s] -- Installing: /home/klein/camera_ros2/install/astra_camera/include/astra_camera/constants.h
[218.338s] -- Installing: /home/klein/camera_ros2/install/astra_camera/include/openni2
[218.338s] -- Installing: /home/klein/camera_ros2/install/astra_camera/include/openni2/Linux-Arm
[218.339s] -- Installing: /home/klein/camera_ros2/install/astra_camera/include/openni2/Linux-Arm/OniPlatformLinux-Arm.h
[218.339s] -- Installing: /home/klein/camera_ros2/install/astra_camera/include/openni2/OniProperties.h
[218.339s] -- Installing: /home/klein/camera_ros2/install/astra_camera/include/openni2/Driver
[218.339s] -- Installing: /home/klein/camera_ros2/install/astra_camera/include/openni2/Driver/OniDriverAPI.h
[218.339s] -- Installing: /home/klein/camera_ros2/install/astra_camera/include/openni2/Driver/OniDriverTypes.h
[218.339s] -- Installing: /home/klein/camera_ros2/install/astra_camera/include/openni2/OniTest.h
[218.340s] -- Installing: /home/klein/camera_ros2/install/astra_camera/include/openni2/KinectProperties.h
[218.340s] -- Installing: /home/klein/camera_ros2/install/astra_camera/include/openni2/PrimeSense.h
[218.340s] -- Installing: /home/klein/camera_ros2/install/astra_camera/include/openni2/MacOSX
[218.340s] -- Installing: /home/klein/camera_ros2/install/astra_camera/include/openni2/MacOSX/OniPlatformMacOSX.h
[218.340s] -- Installing: /home/klein/camera_ros2/install/astra_camera/include/openni2/OniVersion.h
[218.340s] -- Installing: /home/klein/camera_ros2/install/astra_camera/include/openni2/PSLink.h
[218.343s] -- Installing: /home/klein/camera_ros2/install/astra_camera/include/openni2/OpenNI.h
[218.344s] -- Installing: /home/klein/camera_ros2/install/astra_camera/include/openni2/OniCEnums.h
[218.344s] -- Installing: /home/klein/camera_ros2/install/astra_camera/include/openni2/OniCProperties.h
[218.345s] -- Installing: /home/klein/camera_ros2/install/astra_camera/include/openni2/OniCAPI.h
[218.346s] -- Installing: /home/klein/camera_ros2/install/astra_camera/include/openni2/OniCTypes.h
[218.346s] -- Installing: /home/klein/camera_ros2/install/astra_camera/include/openni2/Android-Arm
[218.346s] -- Installing: /home/klein/camera_ros2/install/astra_camera/include/openni2/Android-Arm/OniPlatformAndroid-Arm.h
[218.351s] -- Installing: /home/klein/camera_ros2/install/astra_camera/include/openni2/OniEnums.h
[218.351s] -- Installing: /home/klein/camera_ros2/install/astra_camera/include/openni2/PS1080.h
[218.351s] -- Installing: /home/klein/camera_ros2/install/astra_camera/include/openni2/OniPlatform.h
[218.351s] -- Installing: /home/klein/camera_ros2/install/astra_camera/include/openni2/Linux-x86
[218.352s] -- Installing: /home/klein/camera_ros2/install/astra_camera/include/openni2/Linux-x86/OniPlatformLinux-x86.h
[218.352s] -- Installing: /home/klein/camera_ros2/install/astra_camera/include/openni2/openni2_redist
[218.352s] -- Installing: /home/klein/camera_ros2/install/astra_camera/include/openni2/openni2_redist/x64
[218.352s] -- Installing: /home/klein/camera_ros2/install/astra_camera/include/openni2/openni2_redist/x64/libOpenNI2.so
[218.352s] -- Installing: /home/klein/camera_ros2/install/astra_camera/include/openni2/openni2_redist/x64/OpenNI.ini
[218.352s] -- Installing: /home/klein/camera_ros2/install/astra_camera/include/openni2/openni2_redist/x64/OpenNI2
[218.352s] -- Installing: /home/klein/camera_ros2/install/astra_camera/include/openni2/openni2_redist/x64/OpenNI2/Drivers
[218.352s] -- Installing: /home/klein/camera_ros2/install/astra_camera/include/openni2/openni2_redist/x64/OpenNI2/Drivers/orbbec.ini
[218.352s] -- Installing: /home/klein/camera_ros2/install/astra_camera/include/openni2/openni2_redist/x64/OpenNI2/Drivers/liborbbec.so
[218.356s] -- Installing: /home/klein/camera_ros2/install/astra_camera/include/openni2/openni2_redist/x64/OpenNI2/Drivers/libOniFile.so
[218.362s] -- Installing: /home/klein/camera_ros2/install/astra_camera/include/openni2/openni2_redist/x64/OpenNI2/Drivers/OniFile.ini
[218.362s] -- Installing: /home/klein/camera_ros2/install/astra_camera/include/openni2/openni2_redist/arm
[218.368s] -- Installing: /home/klein/camera_ros2/install/astra_camera/include/openni2/openni2_redist/arm/libOpenNI2.so
[218.368s] -- Installing: /home/klein/camera_ros2/install/astra_camera/include/openni2/openni2_redist/arm/NiViewer
[218.372s] -- Installing: /home/klein/camera_ros2/install/astra_camera/include/openni2/openni2_redist/arm/libDepthUtils.a
[218.373s] -- Installing: /home/klein/camera_ros2/install/astra_camera/include/openni2/openni2_redist/arm/PS1080Console
[218.377s] -- Installing: /home/klein/camera_ros2/install/astra_camera/include/openni2/openni2_redist/arm/SimpleRead
[218.377s] -- Installing: /home/klein/camera_ros2/install/astra_camera/include/openni2/openni2_redist/arm/OpenNI.ini
[218.378s] -- Installing: /home/klein/camera_ros2/install/astra_camera/include/openni2/openni2_redist/arm/OpenNI2
[218.378s] -- Installing: /home/klein/camera_ros2/install/astra_camera/include/openni2/openni2_redist/arm/OpenNI2/Drivers
[218.378s] -- Installing: /home/klein/camera_ros2/install/astra_camera/include/openni2/openni2_redist/arm/OpenNI2/Drivers/orbbec.ini
[218.378s] -- Installing: /home/klein/camera_ros2/install/astra_camera/include/openni2/openni2_redist/arm/OpenNI2/Drivers/liborbbec.so
[218.387s] -- Installing: /home/klein/camera_ros2/install/astra_camera/include/openni2/openni2_redist/arm/OpenNI2/Drivers/libOniFile.so
[218.390s] -- Installing: /home/klein/camera_ros2/install/astra_camera/include/openni2/openni2_redist/arm/OpenNI2/Drivers/OniFile.ini
[218.391s] -- Installing: /home/klein/camera_ros2/install/astra_camera/include/openni2/openni2_redist/arm64
[218.391s] -- Installing: /home/klein/camera_ros2/install/astra_camera/include/openni2/openni2_redist/arm64/libOpenNI2.so
[218.395s] -- Installing: /home/klein/camera_ros2/install/astra_camera/include/openni2/openni2_redist/arm64/NiViewer
[218.399s] -- Installing: /home/klein/camera_ros2/install/astra_camera/include/openni2/openni2_redist/arm64/libDepthUtils.a
[218.400s] -- Installing: /home/klein/camera_ros2/install/astra_camera/include/openni2/openni2_redist/arm64/PS1080Console
[218.402s] -- Installing: /home/klein/camera_ros2/install/astra_camera/include/openni2/openni2_redist/arm64/SimpleRead
[218.403s] -- Installing: /home/klein/camera_ros2/install/astra_camera/include/openni2/openni2_redist/arm64/OpenNI.ini
[218.405s] -- Installing: /home/klein/camera_ros2/install/astra_camera/include/openni2/openni2_redist/arm64/OpenNI2
[218.405s] -- Installing: /home/klein/camera_ros2/install/astra_camera/include/openni2/openni2_redist/arm64/OpenNI2/Drivers
[218.405s] -- Installing: /home/klein/camera_ros2/install/astra_camera/include/openni2/openni2_redist/arm64/OpenNI2/Drivers/orbbec.ini
[218.405s] -- Installing: /home/klein/camera_ros2/install/astra_camera/include/openni2/openni2_redist/arm64/OpenNI2/Drivers/liborbbec.so
[218.414s] -- Installing: /home/klein/camera_ros2/install/astra_camera/include/openni2/openni2_redist/arm64/OpenNI2/Drivers/libOniFile.so
[218.419s] -- Installing: /home/klein/camera_ros2/install/astra_camera/include/openni2/openni2_redist/arm64/OpenNI2/Drivers/OniFile.ini
[218.420s] -- Installing: /home/klein/camera_ros2/install/astra_camera/include/openni2/SonixCamera.h
[218.421s] -- Installing: /home/klein/camera_ros2/install/astra_camera/include/openni2/Win32
[218.421s] -- Installing: /home/klein/camera_ros2/install/astra_camera/include/openni2/Win32/OniPlatformWin32.h
[218.421s] -- Installing: /home/klein/camera_ros2/install/astra_camera/include/openni2/util.h
[218.423s] -- Installing: /home/klein/camera_ros2/install/astra_camera/share/astra_camera//launch
[218.423s] -- Installing: /home/klein/camera_ros2/install/astra_camera/share/astra_camera//launch/multi_dabai_pro.launch.py
[218.424s] -- Installing: /home/klein/camera_ros2/install/astra_camera/share/astra_camera//launch/multi_dabai.launch.py
[218.426s] -- Installing: /home/klein/camera_ros2/install/astra_camera/share/astra_camera//launch/dabai_pro.launch.py
[218.427s] -- Installing: /home/klein/camera_ros2/install/astra_camera/share/astra_camera//launch/.gitkeep
[218.427s] -- Installing: /home/klein/camera_ros2/install/astra_camera/share/astra_camera//launch/multi_dabai_dw.launch.py
[218.427s] -- Installing: /home/klein/camera_ros2/install/astra_camera/share/astra_camera//launch/multi_astra_mini.launch.py
[218.428s] -- Installing: /home/klein/camera_ros2/install/astra_camera/share/astra_camera//launch/dabai_dcw.launch.py
[218.431s] -- Installing: /home/klein/camera_ros2/install/astra_camera/share/astra_camera//launch/dabai_dw.launch.py
[218.431s] -- Installing: /home/klein/camera_ros2/install/astra_camera/share/astra_camera//launch/dabai.launch.py
[218.432s] -- Installing: /home/klein/camera_ros2/install/astra_camera/share/astra_camera//launch/astra_mini.launch.py
[218.432s] -- Installing: /home/klein/camera_ros2/install/astra_camera/share/astra_camera//launch/multi_dabai_dcw.launch.py
[218.432s] -- Installing: /home/klein/camera_ros2/install/astra_camera/share/astra_camera//config
[218.433s] -- Installing: /home/klein/camera_ros2/install/astra_camera/share/astra_camera//config/.gitkeep
[218.433s] -- Installing: /home/klein/camera_ros2/install/astra_camera/share/astra_camera//params
[218.433s] -- Installing: /home/klein/camera_ros2/install/astra_camera/share/astra_camera//params/.gitkeep
[218.434s] -- Installing: /home/klein/camera_ros2/install/astra_camera/share/astra_camera//params/astra_mini_params.yaml
[218.434s] -- Installing: /home/klein/camera_ros2/install/astra_camera/share/astra_camera//params/dabai_dw_params.yaml
[218.434s] -- Installing: /home/klein/camera_ros2/install/astra_camera/share/astra_camera//params/dabai_pro_params.yaml
[218.435s] -- Installing: /home/klein/camera_ros2/install/astra_camera/share/astra_camera//params/camera_params_template.yaml
[218.435s] -- Installing: /home/klein/camera_ros2/install/astra_camera/share/astra_camera//params/dabai_params.yaml
[218.435s] -- Installing: /home/klein/camera_ros2/install/astra_camera/share/astra_camera//params/dabai_dcw_params.yaml
[218.436s] -- Installing: /home/klein/camera_ros2/install/astra_camera/share/astra_camera//rviz
[218.436s] -- Installing: /home/klein/camera_ros2/install/astra_camera/share/astra_camera//rviz/.gitkeep
[218.437s] -- Installing: /home/klein/camera_ros2/install/astra_camera/share/astra_camera//rviz/pointcloud.rviz
[218.437s] -- Installing: /home/klein/camera_ros2/install/astra_camera/share/astra_camera//rviz/multi_camera.rviz
[218.438s] -- Installing: /home/klein/camera_ros2/install/astra_camera/share/astra_camera/environment/library_path.sh
[218.438s] -- Installing: /home/klein/camera_ros2/install/astra_camera/share/astra_camera/environment/library_path.dsv
[218.444s] -- Installing: /home/klein/camera_ros2/install/astra_camera/share/ament_index/resource_index/package_run_dependencies/astra_camera
[218.444s] -- Installing: /home/klein/camera_ros2/install/astra_camera/share/ament_index/resource_index/parent_prefix_path/astra_camera
[218.454s] -- Installing: /home/klein/camera_ros2/install/astra_camera/share/astra_camera/environment/ament_prefix_path.sh
[218.456s] -- Installing: /home/klein/camera_ros2/install/astra_camera/share/astra_camera/environment/ament_prefix_path.dsv
[218.458s] -- Installing: /home/klein/camera_ros2/install/astra_camera/share/astra_camera/environment/path.sh
[218.459s] -- Installing: /home/klein/camera_ros2/install/astra_camera/share/astra_camera/environment/path.dsv
[218.460s] -- Installing: /home/klein/camera_ros2/install/astra_camera/share/astra_camera/local_setup.bash
[218.460s] -- Installing: /home/klein/camera_ros2/install/astra_camera/share/astra_camera/local_setup.sh
[218.460s] -- Installing: /home/klein/camera_ros2/install/astra_camera/share/astra_camera/local_setup.zsh
[218.460s] -- Installing: /home/klein/camera_ros2/install/astra_camera/share/astra_camera/local_setup.dsv
[218.461s] -- Installing: /home/klein/camera_ros2/install/astra_camera/share/astra_camera/package.dsv
[218.462s] -- Installing: /home/klein/camera_ros2/install/astra_camera/share/ament_index/resource_index/packages/astra_camera
[218.462s] -- Installing: /home/klein/camera_ros2/install/astra_camera/share/ament_index/resource_index/rclcpp_components/astra_camera
[218.463s] -- Installing: /home/klein/camera_ros2/install/astra_camera/share/astra_camera/cmake/ament_cmake_export_include_directories-extras.cmake
[218.465s] -- Installing: /home/klein/camera_ros2/install/astra_camera/share/astra_camera/cmake/ament_cmake_export_libraries-extras.cmake
[218.465s] -- Installing: /home/klein/camera_ros2/install/astra_camera/share/astra_camera/cmake/ament_cmake_export_dependencies-extras.cmake
[218.465s] -- Installing: /home/klein/camera_ros2/install/astra_camera/share/astra_camera/cmake/astra_cameraConfig.cmake
[218.466s] -- Installing: /home/klein/camera_ros2/install/astra_camera/share/astra_camera/cmake/astra_cameraConfig-version.cmake
[218.467s] -- Installing: /home/klein/camera_ros2/install/astra_camera/share/astra_camera/package.xml
[218.483s] Invoked command in '/home/klein/camera_ros2/build/astra_camera' returned '0': CMAKE_PREFIX_PATH=/home/klein/camera_ros2/install/astra_camera_msgs:/home/klein/camera_ros2/install/opencv_use:/home/klein/camera_ros2/install/astra_camera:/home/klein/ros2move_ws/install/pkg01_helloworld_cpp:/home/klein/ros2move_ws/install/cpp01_topic:/home/klein/camera_ros2/install/demo_cv_image:/opt/ros/foxy LD_LIBRARY_PATH=/home/klein/camera_ros2/install/astra_camera_msgs/lib:/home/klein/camera_ros2/install/astra_camera/lib:/usr/local/lib:/usr/local/lib:/opt/ros/foxy/opt/yaml_cpp_vendor/lib:/opt/ros/foxy/opt/rviz_ogre_vendor/lib:/opt/ros/foxy/lib/x86_64-linux-gnu:/opt/ros/foxy/lib PYTHONPATH=/home/klein/camera_ros2/install/astra_camera_msgs/lib/python3.8/site-packages:/home/klein/camera_ros2/install/demo_cv_image/lib/python3.8/site-packages:/opt/ros/foxy/lib/python3.8/site-packages /usr/bin/cmake --install /home/klein/camera_ros2/build/astra_camera
