[0.107s] Invoking command in '/home/klein/camera_ros2/build/astra_camera_msgs': CMAKE_PREFIX_PATH=${CMAKE_PREFIX_PATH}:/home/klein/camera_ros2/install/demo_cv_image:/opt/ros/foxy /usr/bin/cmake --build /home/klein/camera_ros2/build/astra_camera_msgs -- -j4 -l4
[0.545s] [  1%] Built target astra_camera_msgs__cpp
[0.666s] [ 12%] Built target astra_camera_msgs__rosidl_generator_c
[0.781s] [ 24%] Built target astra_camera_msgs__rosidl_typesupport_cpp
[0.859s] [ 35%] Built target astra_camera_msgs__rosidl_typesupport_introspection_cpp
[1.112s] [ 47%] Built target astra_camera_msgs__rosidl_typesupport_introspection_c
[1.163s] [ 58%] Built target astra_camera_msgs__rosidl_typesupport_c
[1.370s] [ 70%] Built target astra_camera_msgs__rosidl_typesupport_fastrtps_cpp
[1.543s] [ 82%] Built target astra_camera_msgs__rosidl_typesupport_fastrtps_c
[1.698s] [ 82%] Built target astra_camera_msgs
[1.846s] [ 83%] Built target astra_camera_msgs__py
[2.130s] [ 93%] Built target astra_camera_msgs__python
[2.399s] [ 95%] Built target astra_camera_msgs__rosidl_typesupport_c__pyext
[2.421s] [ 97%] Built target astra_camera_msgs__rosidl_typesupport_fastrtps_c__pyext
[2.630s] [100%] Built target astra_camera_msgs__rosidl_typesupport_introspection_c__pyext
[2.705s] Invoked command in '/home/klein/camera_ros2/build/astra_camera_msgs' returned '0': CMAKE_PREFIX_PATH=${CMAKE_PREFIX_PATH}:/home/klein/camera_ros2/install/demo_cv_image:/opt/ros/foxy /usr/bin/cmake --build /home/klein/camera_ros2/build/astra_camera_msgs -- -j4 -l4
[4.529s] Invoking command in '/home/klein/camera_ros2/build/astra_camera_msgs': CMAKE_PREFIX_PATH=${CMAKE_PREFIX_PATH}:/home/klein/camera_ros2/install/demo_cv_image:/opt/ros/foxy /usr/bin/cmake --install /home/klein/camera_ros2/build/astra_camera_msgs
[4.574s] -- Install configuration: ""
[4.576s] -- Up-to-date: /home/klein/camera_ros2/install/astra_camera_msgs/share/ament_index/resource_index/rosidl_interfaces/astra_camera_msgs
[4.579s] -- Up-to-date: /home/klein/camera_ros2/install/astra_camera_msgs/include/astra_camera_msgs
[4.582s] -- Up-to-date: /home/klein/camera_ros2/install/astra_camera_msgs/include/astra_camera_msgs/srv
[4.582s] -- Up-to-date: /home/klein/camera_ros2/install/astra_camera_msgs/include/astra_camera_msgs/srv/detail
[4.582s] -- Up-to-date: /home/klein/camera_ros2/install/astra_camera_msgs/include/astra_camera_msgs/srv/detail/get_camera_info__struct.h
[4.583s] -- Up-to-date: /home/klein/camera_ros2/install/astra_camera_msgs/include/astra_camera_msgs/srv/detail/get_device_info__functions.c
[4.583s] -- Up-to-date: /home/klein/camera_ros2/install/astra_camera_msgs/include/astra_camera_msgs/srv/detail/get_camera_info__functions.c
[4.583s] -- Up-to-date: /home/klein/camera_ros2/install/astra_camera_msgs/include/astra_camera_msgs/srv/detail/get_camera_params__functions.c
[4.584s] -- Up-to-date: /home/klein/camera_ros2/install/astra_camera_msgs/include/astra_camera_msgs/srv/detail/get_string__struct.h
[4.584s] -- Up-to-date: /home/klein/camera_ros2/install/astra_camera_msgs/include/astra_camera_msgs/srv/detail/get_int32__type_support.h
[4.584s] -- Up-to-date: /home/klein/camera_ros2/install/astra_camera_msgs/include/astra_camera_msgs/srv/detail/get_camera_info__type_support.h
[4.584s] -- Up-to-date: /home/klein/camera_ros2/install/astra_camera_msgs/include/astra_camera_msgs/srv/detail/set_int32__struct.h
[4.587s] -- Up-to-date: /home/klein/camera_ros2/install/astra_camera_msgs/include/astra_camera_msgs/srv/detail/get_string__type_support.h
[4.587s] -- Up-to-date: /home/klein/camera_ros2/install/astra_camera_msgs/include/astra_camera_msgs/srv/detail/get_camera_params__struct.h
[4.588s] -- Up-to-date: /home/klein/camera_ros2/install/astra_camera_msgs/include/astra_camera_msgs/srv/detail/get_device_info__struct.h
[4.588s] -- Up-to-date: /home/klein/camera_ros2/install/astra_camera_msgs/include/astra_camera_msgs/srv/detail/get_int32__functions.c
[4.588s] -- Up-to-date: /home/klein/camera_ros2/install/astra_camera_msgs/include/astra_camera_msgs/srv/detail/get_device_info__functions.h
[4.589s] -- Up-to-date: /home/klein/camera_ros2/install/astra_camera_msgs/include/astra_camera_msgs/srv/detail/set_int32__functions.c
[4.589s] -- Up-to-date: /home/klein/camera_ros2/install/astra_camera_msgs/include/astra_camera_msgs/srv/detail/get_camera_info__functions.h
[4.589s] -- Up-to-date: /home/klein/camera_ros2/install/astra_camera_msgs/include/astra_camera_msgs/srv/detail/get_int32__struct.h
[4.590s] -- Up-to-date: /home/klein/camera_ros2/install/astra_camera_msgs/include/astra_camera_msgs/srv/detail/get_int32__functions.h
[4.593s] -- Up-to-date: /home/klein/camera_ros2/install/astra_camera_msgs/include/astra_camera_msgs/srv/detail/get_camera_params__functions.h
[4.594s] -- Up-to-date: /home/klein/camera_ros2/install/astra_camera_msgs/include/astra_camera_msgs/srv/detail/set_int32__type_support.h
[4.594s] -- Up-to-date: /home/klein/camera_ros2/install/astra_camera_msgs/include/astra_camera_msgs/srv/detail/get_device_info__type_support.h
[4.594s] -- Up-to-date: /home/klein/camera_ros2/install/astra_camera_msgs/include/astra_camera_msgs/srv/detail/get_camera_params__type_support.h
[4.596s] -- Up-to-date: /home/klein/camera_ros2/install/astra_camera_msgs/include/astra_camera_msgs/srv/detail/set_int32__functions.h
[4.598s] -- Up-to-date: /home/klein/camera_ros2/install/astra_camera_msgs/include/astra_camera_msgs/srv/detail/get_string__functions.h
[4.601s] -- Up-to-date: /home/klein/camera_ros2/install/astra_camera_msgs/include/astra_camera_msgs/srv/detail/get_string__functions.c
[4.602s] -- Up-to-date: /home/klein/camera_ros2/install/astra_camera_msgs/include/astra_camera_msgs/srv/set_int32.h
[4.602s] -- Up-to-date: /home/klein/camera_ros2/install/astra_camera_msgs/include/astra_camera_msgs/srv/get_camera_params.h
[4.602s] -- Up-to-date: /home/klein/camera_ros2/install/astra_camera_msgs/include/astra_camera_msgs/srv/get_string.h
[4.603s] -- Up-to-date: /home/klein/camera_ros2/install/astra_camera_msgs/include/astra_camera_msgs/srv/get_device_info.h
[4.603s] -- Up-to-date: /home/klein/camera_ros2/install/astra_camera_msgs/include/astra_camera_msgs/srv/get_int32.h
[4.603s] -- Up-to-date: /home/klein/camera_ros2/install/astra_camera_msgs/include/astra_camera_msgs/srv/get_camera_info.h
[4.604s] -- Up-to-date: /home/klein/camera_ros2/install/astra_camera_msgs/include/astra_camera_msgs/msg
[4.604s] -- Up-to-date: /home/klein/camera_ros2/install/astra_camera_msgs/include/astra_camera_msgs/msg/detail
[4.605s] -- Up-to-date: /home/klein/camera_ros2/install/astra_camera_msgs/include/astra_camera_msgs/msg/detail/extrinsics__functions.h
[4.606s] -- Up-to-date: /home/klein/camera_ros2/install/astra_camera_msgs/include/astra_camera_msgs/msg/detail/metadata__functions.c
[4.609s] -- Up-to-date: /home/klein/camera_ros2/install/astra_camera_msgs/include/astra_camera_msgs/msg/detail/device_info__functions.h
[4.610s] -- Up-to-date: /home/klein/camera_ros2/install/astra_camera_msgs/include/astra_camera_msgs/msg/detail/device_info__type_support.h
[4.610s] -- Up-to-date: /home/klein/camera_ros2/install/astra_camera_msgs/include/astra_camera_msgs/msg/detail/extrinsics__struct.h
[4.611s] -- Up-to-date: /home/klein/camera_ros2/install/astra_camera_msgs/include/astra_camera_msgs/msg/detail/metadata__struct.h
[4.611s] -- Up-to-date: /home/klein/camera_ros2/install/astra_camera_msgs/include/astra_camera_msgs/msg/detail/device_info__struct.h
[4.612s] -- Up-to-date: /home/klein/camera_ros2/install/astra_camera_msgs/include/astra_camera_msgs/msg/detail/metadata__type_support.h
[4.612s] -- Up-to-date: /home/klein/camera_ros2/install/astra_camera_msgs/include/astra_camera_msgs/msg/detail/device_info__functions.c
[4.614s] -- Up-to-date: /home/klein/camera_ros2/install/astra_camera_msgs/include/astra_camera_msgs/msg/detail/extrinsics__functions.c
[4.618s] -- Up-to-date: /home/klein/camera_ros2/install/astra_camera_msgs/include/astra_camera_msgs/msg/detail/metadata__functions.h
[4.619s] -- Up-to-date: /home/klein/camera_ros2/install/astra_camera_msgs/include/astra_camera_msgs/msg/detail/extrinsics__type_support.h
[4.620s] -- Up-to-date: /home/klein/camera_ros2/install/astra_camera_msgs/include/astra_camera_msgs/msg/device_info.h
[4.621s] -- Up-to-date: /home/klein/camera_ros2/install/astra_camera_msgs/include/astra_camera_msgs/msg/extrinsics.h
[4.623s] -- Up-to-date: /home/klein/camera_ros2/install/astra_camera_msgs/include/astra_camera_msgs/msg/rosidl_generator_c__visibility_control.h
[4.624s] -- Up-to-date: /home/klein/camera_ros2/install/astra_camera_msgs/include/astra_camera_msgs/msg/metadata.h
[4.634s] -- Up-to-date: /home/klein/camera_ros2/install/astra_camera_msgs/share/astra_camera_msgs/environment/library_path.sh
[4.635s] -- Up-to-date: /home/klein/camera_ros2/install/astra_camera_msgs/share/astra_camera_msgs/environment/library_path.dsv
[4.636s] -- Up-to-date: /home/klein/camera_ros2/install/astra_camera_msgs/lib/libastra_camera_msgs__rosidl_generator_c.so
[4.636s] -- Up-to-date: /home/klein/camera_ros2/install/astra_camera_msgs/include/astra_camera_msgs
[4.636s] -- Up-to-date: /home/klein/camera_ros2/install/astra_camera_msgs/include/astra_camera_msgs/srv
[4.637s] -- Up-to-date: /home/klein/camera_ros2/install/astra_camera_msgs/include/astra_camera_msgs/srv/detail
[4.637s] -- Up-to-date: /home/klein/camera_ros2/install/astra_camera_msgs/include/astra_camera_msgs/srv/detail/get_camera_info__rosidl_typesupport_fastrtps_c.h
[4.637s] -- Up-to-date: /home/klein/camera_ros2/install/astra_camera_msgs/include/astra_camera_msgs/srv/detail/set_int32__rosidl_typesupport_fastrtps_c.h
[4.637s] -- Up-to-date: /home/klein/camera_ros2/install/astra_camera_msgs/include/astra_camera_msgs/srv/detail/get_camera_params__rosidl_typesupport_fastrtps_c.h
[4.638s] -- Up-to-date: /home/klein/camera_ros2/install/astra_camera_msgs/include/astra_camera_msgs/srv/detail/get_device_info__rosidl_typesupport_fastrtps_c.h
[4.638s] -- Up-to-date: /home/klein/camera_ros2/install/astra_camera_msgs/include/astra_camera_msgs/srv/detail/get_int32__rosidl_typesupport_fastrtps_c.h
[4.639s] -- Up-to-date: /home/klein/camera_ros2/install/astra_camera_msgs/include/astra_camera_msgs/srv/detail/get_string__rosidl_typesupport_fastrtps_c.h
[4.639s] -- Up-to-date: /home/klein/camera_ros2/install/astra_camera_msgs/include/astra_camera_msgs/msg
[4.639s] -- Up-to-date: /home/klein/camera_ros2/install/astra_camera_msgs/include/astra_camera_msgs/msg/detail
[4.639s] -- Up-to-date: /home/klein/camera_ros2/install/astra_camera_msgs/include/astra_camera_msgs/msg/detail/metadata__rosidl_typesupport_fastrtps_c.h
[4.640s] -- Up-to-date: /home/klein/camera_ros2/install/astra_camera_msgs/include/astra_camera_msgs/msg/detail/device_info__rosidl_typesupport_fastrtps_c.h
[4.640s] -- Up-to-date: /home/klein/camera_ros2/install/astra_camera_msgs/include/astra_camera_msgs/msg/detail/extrinsics__rosidl_typesupport_fastrtps_c.h
[4.644s] -- Up-to-date: /home/klein/camera_ros2/install/astra_camera_msgs/include/astra_camera_msgs/msg/rosidl_typesupport_fastrtps_c__visibility_control.h
[4.644s] -- Up-to-date: /home/klein/camera_ros2/install/astra_camera_msgs/lib/libastra_camera_msgs__rosidl_typesupport_fastrtps_c.so
[4.644s] -- Up-to-date: /home/klein/camera_ros2/install/astra_camera_msgs/include/astra_camera_msgs
[4.645s] -- Up-to-date: /home/klein/camera_ros2/install/astra_camera_msgs/include/astra_camera_msgs/srv
[4.654s] -- Up-to-date: /home/klein/camera_ros2/install/astra_camera_msgs/include/astra_camera_msgs/srv/detail
[4.654s] -- Up-to-date: /home/klein/camera_ros2/install/astra_camera_msgs/include/astra_camera_msgs/srv/detail/get_string__rosidl_typesupport_fastrtps_cpp.hpp
[4.655s] -- Up-to-date: /home/klein/camera_ros2/install/astra_camera_msgs/include/astra_camera_msgs/srv/detail/get_camera_params__rosidl_typesupport_fastrtps_cpp.hpp
[4.655s] -- Up-to-date: /home/klein/camera_ros2/install/astra_camera_msgs/include/astra_camera_msgs/srv/detail/get_camera_info__rosidl_typesupport_fastrtps_cpp.hpp
[4.655s] -- Up-to-date: /home/klein/camera_ros2/install/astra_camera_msgs/include/astra_camera_msgs/srv/detail/get_int32__rosidl_typesupport_fastrtps_cpp.hpp
[4.655s] -- Up-to-date: /home/klein/camera_ros2/install/astra_camera_msgs/include/astra_camera_msgs/srv/detail/dds_fastrtps
[4.656s] -- Up-to-date: /home/klein/camera_ros2/install/astra_camera_msgs/include/astra_camera_msgs/srv/detail/set_int32__rosidl_typesupport_fastrtps_cpp.hpp
[4.656s] -- Up-to-date: /home/klein/camera_ros2/install/astra_camera_msgs/include/astra_camera_msgs/srv/detail/get_device_info__rosidl_typesupport_fastrtps_cpp.hpp
[4.656s] -- Up-to-date: /home/klein/camera_ros2/install/astra_camera_msgs/include/astra_camera_msgs/msg
[4.659s] -- Up-to-date: /home/klein/camera_ros2/install/astra_camera_msgs/include/astra_camera_msgs/msg/detail
[4.659s] -- Up-to-date: /home/klein/camera_ros2/install/astra_camera_msgs/include/astra_camera_msgs/msg/detail/metadata__rosidl_typesupport_fastrtps_cpp.hpp
[4.661s] -- Up-to-date: /home/klein/camera_ros2/install/astra_camera_msgs/include/astra_camera_msgs/msg/detail/device_info__rosidl_typesupport_fastrtps_cpp.hpp
[4.662s] -- Up-to-date: /home/klein/camera_ros2/install/astra_camera_msgs/include/astra_camera_msgs/msg/detail/dds_fastrtps
[4.663s] -- Up-to-date: /home/klein/camera_ros2/install/astra_camera_msgs/include/astra_camera_msgs/msg/detail/extrinsics__rosidl_typesupport_fastrtps_cpp.hpp
[4.664s] -- Up-to-date: /home/klein/camera_ros2/install/astra_camera_msgs/include/astra_camera_msgs/msg/rosidl_typesupport_fastrtps_cpp__visibility_control.h
[4.670s] -- Up-to-date: /home/klein/camera_ros2/install/astra_camera_msgs/lib/libastra_camera_msgs__rosidl_typesupport_fastrtps_cpp.so
[4.670s] -- Up-to-date: /home/klein/camera_ros2/install/astra_camera_msgs/include/astra_camera_msgs
[4.670s] -- Up-to-date: /home/klein/camera_ros2/install/astra_camera_msgs/include/astra_camera_msgs/srv
[4.671s] -- Up-to-date: /home/klein/camera_ros2/install/astra_camera_msgs/include/astra_camera_msgs/srv/detail
[4.671s] -- Up-to-date: /home/klein/camera_ros2/install/astra_camera_msgs/include/astra_camera_msgs/srv/detail/get_device_info__type_support.c
[4.671s] -- Up-to-date: /home/klein/camera_ros2/install/astra_camera_msgs/include/astra_camera_msgs/srv/detail/get_int32__rosidl_typesupport_introspection_c.h
[4.672s] -- Up-to-date: /home/klein/camera_ros2/install/astra_camera_msgs/include/astra_camera_msgs/srv/detail/get_camera_info__rosidl_typesupport_introspection_c.h
[4.672s] -- Up-to-date: /home/klein/camera_ros2/install/astra_camera_msgs/include/astra_camera_msgs/srv/detail/get_string__rosidl_typesupport_introspection_c.h
[4.672s] -- Up-to-date: /home/klein/camera_ros2/install/astra_camera_msgs/include/astra_camera_msgs/srv/detail/get_int32__type_support.c
[4.672s] -- Up-to-date: /home/klein/camera_ros2/install/astra_camera_msgs/include/astra_camera_msgs/srv/detail/get_string__type_support.c
[4.673s] -- Up-to-date: /home/klein/camera_ros2/install/astra_camera_msgs/include/astra_camera_msgs/srv/detail/get_camera_info__type_support.c
[4.673s] -- Up-to-date: /home/klein/camera_ros2/install/astra_camera_msgs/include/astra_camera_msgs/srv/detail/get_device_info__rosidl_typesupport_introspection_c.h
[4.673s] -- Up-to-date: /home/klein/camera_ros2/install/astra_camera_msgs/include/astra_camera_msgs/srv/detail/set_int32__rosidl_typesupport_introspection_c.h
[4.673s] -- Up-to-date: /home/klein/camera_ros2/install/astra_camera_msgs/include/astra_camera_msgs/srv/detail/set_int32__type_support.c
[4.673s] -- Up-to-date: /home/klein/camera_ros2/install/astra_camera_msgs/include/astra_camera_msgs/srv/detail/get_camera_params__type_support.c
[4.674s] -- Up-to-date: /home/klein/camera_ros2/install/astra_camera_msgs/include/astra_camera_msgs/srv/detail/get_camera_params__rosidl_typesupport_introspection_c.h
[4.674s] -- Up-to-date: /home/klein/camera_ros2/install/astra_camera_msgs/include/astra_camera_msgs/msg
[4.674s] -- Up-to-date: /home/klein/camera_ros2/install/astra_camera_msgs/include/astra_camera_msgs/msg/rosidl_typesupport_introspection_c__visibility_control.h
[4.674s] -- Up-to-date: /home/klein/camera_ros2/install/astra_camera_msgs/include/astra_camera_msgs/msg/detail
[4.674s] -- Up-to-date: /home/klein/camera_ros2/install/astra_camera_msgs/include/astra_camera_msgs/msg/detail/metadata__type_support.c
[4.674s] -- Up-to-date: /home/klein/camera_ros2/install/astra_camera_msgs/include/astra_camera_msgs/msg/detail/extrinsics__rosidl_typesupport_introspection_c.h
[4.675s] -- Up-to-date: /home/klein/camera_ros2/install/astra_camera_msgs/include/astra_camera_msgs/msg/detail/metadata__rosidl_typesupport_introspection_c.h
[4.675s] -- Up-to-date: /home/klein/camera_ros2/install/astra_camera_msgs/include/astra_camera_msgs/msg/detail/extrinsics__type_support.c
[4.675s] -- Up-to-date: /home/klein/camera_ros2/install/astra_camera_msgs/include/astra_camera_msgs/msg/detail/device_info__type_support.c
[4.675s] -- Up-to-date: /home/klein/camera_ros2/install/astra_camera_msgs/include/astra_camera_msgs/msg/detail/device_info__rosidl_typesupport_introspection_c.h
[4.675s] -- Up-to-date: /home/klein/camera_ros2/install/astra_camera_msgs/lib/libastra_camera_msgs__rosidl_typesupport_introspection_c.so
[4.675s] -- Up-to-date: /home/klein/camera_ros2/install/astra_camera_msgs/lib/libastra_camera_msgs__rosidl_typesupport_c.so
[4.685s] -- Up-to-date: /home/klein/camera_ros2/install/astra_camera_msgs/include/astra_camera_msgs
[4.686s] -- Up-to-date: /home/klein/camera_ros2/install/astra_camera_msgs/include/astra_camera_msgs/srv
[4.686s] -- Up-to-date: /home/klein/camera_ros2/install/astra_camera_msgs/include/astra_camera_msgs/srv/get_camera_params.hpp
[4.686s] -- Up-to-date: /home/klein/camera_ros2/install/astra_camera_msgs/include/astra_camera_msgs/srv/detail
[4.687s] -- Up-to-date: /home/klein/camera_ros2/install/astra_camera_msgs/include/astra_camera_msgs/srv/detail/set_int32__type_support.hpp
[4.687s] -- Up-to-date: /home/klein/camera_ros2/install/astra_camera_msgs/include/astra_camera_msgs/srv/detail/get_string__builder.hpp
[4.687s] -- Up-to-date: /home/klein/camera_ros2/install/astra_camera_msgs/include/astra_camera_msgs/srv/detail/set_int32__struct.hpp
[4.687s] -- Up-to-date: /home/klein/camera_ros2/install/astra_camera_msgs/include/astra_camera_msgs/srv/detail/set_int32__traits.hpp
[4.687s] -- Up-to-date: /home/klein/camera_ros2/install/astra_camera_msgs/include/astra_camera_msgs/srv/detail/get_camera_params__traits.hpp
[4.688s] -- Up-to-date: /home/klein/camera_ros2/install/astra_camera_msgs/include/astra_camera_msgs/srv/detail/get_string__type_support.hpp
[4.688s] -- Up-to-date: /home/klein/camera_ros2/install/astra_camera_msgs/include/astra_camera_msgs/srv/detail/get_camera_info__traits.hpp
[4.688s] -- Up-to-date: /home/klein/camera_ros2/install/astra_camera_msgs/include/astra_camera_msgs/srv/detail/get_camera_params__struct.hpp
[4.695s] -- Up-to-date: /home/klein/camera_ros2/install/astra_camera_msgs/include/astra_camera_msgs/srv/detail/get_camera_info__type_support.hpp
[4.695s] -- Up-to-date: /home/klein/camera_ros2/install/astra_camera_msgs/include/astra_camera_msgs/srv/detail/get_camera_info__struct.hpp
[4.695s] -- Up-to-date: /home/klein/camera_ros2/install/astra_camera_msgs/include/astra_camera_msgs/srv/detail/get_device_info__builder.hpp
[4.696s] -- Up-to-date: /home/klein/camera_ros2/install/astra_camera_msgs/include/astra_camera_msgs/srv/detail/get_device_info__traits.hpp
[4.696s] -- Up-to-date: /home/klein/camera_ros2/install/astra_camera_msgs/include/astra_camera_msgs/srv/detail/set_int32__builder.hpp
[4.696s] -- Up-to-date: /home/klein/camera_ros2/install/astra_camera_msgs/include/astra_camera_msgs/srv/detail/get_int32__builder.hpp
[4.696s] -- Up-to-date: /home/klein/camera_ros2/install/astra_camera_msgs/include/astra_camera_msgs/srv/detail/get_device_info__struct.hpp
[4.697s] -- Up-to-date: /home/klein/camera_ros2/install/astra_camera_msgs/include/astra_camera_msgs/srv/detail/get_string__traits.hpp
[4.697s] -- Up-to-date: /home/klein/camera_ros2/install/astra_camera_msgs/include/astra_camera_msgs/srv/detail/get_device_info__type_support.hpp
[4.697s] -- Up-to-date: /home/klein/camera_ros2/install/astra_camera_msgs/include/astra_camera_msgs/srv/detail/get_camera_info__builder.hpp
[4.697s] -- Up-to-date: /home/klein/camera_ros2/install/astra_camera_msgs/include/astra_camera_msgs/srv/detail/get_camera_params__type_support.hpp
[4.697s] -- Up-to-date: /home/klein/camera_ros2/install/astra_camera_msgs/include/astra_camera_msgs/srv/detail/get_string__struct.hpp
[4.698s] -- Up-to-date: /home/klein/camera_ros2/install/astra_camera_msgs/include/astra_camera_msgs/srv/detail/get_int32__struct.hpp
[4.698s] -- Up-to-date: /home/klein/camera_ros2/install/astra_camera_msgs/include/astra_camera_msgs/srv/detail/get_int32__type_support.hpp
[4.698s] -- Up-to-date: /home/klein/camera_ros2/install/astra_camera_msgs/include/astra_camera_msgs/srv/detail/get_camera_params__builder.hpp
[4.698s] -- Up-to-date: /home/klein/camera_ros2/install/astra_camera_msgs/include/astra_camera_msgs/srv/detail/get_int32__traits.hpp
[4.699s] -- Up-to-date: /home/klein/camera_ros2/install/astra_camera_msgs/include/astra_camera_msgs/srv/get_device_info.hpp
[4.699s] -- Up-to-date: /home/klein/camera_ros2/install/astra_camera_msgs/include/astra_camera_msgs/srv/set_int32.hpp
[4.710s] -- Up-to-date: /home/klein/camera_ros2/install/astra_camera_msgs/include/astra_camera_msgs/srv/get_string.hpp
[4.711s] -- Up-to-date: /home/klein/camera_ros2/install/astra_camera_msgs/include/astra_camera_msgs/srv/get_camera_info.hpp
[4.711s] -- Up-to-date: /home/klein/camera_ros2/install/astra_camera_msgs/include/astra_camera_msgs/srv/get_int32.hpp
[4.711s] -- Up-to-date: /home/klein/camera_ros2/install/astra_camera_msgs/include/astra_camera_msgs/msg
[4.711s] -- Up-to-date: /home/klein/camera_ros2/install/astra_camera_msgs/include/astra_camera_msgs/msg/device_info.hpp
[4.711s] -- Up-to-date: /home/klein/camera_ros2/install/astra_camera_msgs/include/astra_camera_msgs/msg/detail
[4.712s] -- Up-to-date: /home/klein/camera_ros2/install/astra_camera_msgs/include/astra_camera_msgs/msg/detail/metadata__type_support.hpp
[4.712s] -- Up-to-date: /home/klein/camera_ros2/install/astra_camera_msgs/include/astra_camera_msgs/msg/detail/extrinsics__type_support.hpp
[4.712s] -- Up-to-date: /home/klein/camera_ros2/install/astra_camera_msgs/include/astra_camera_msgs/msg/detail/extrinsics__struct.hpp
[4.712s] -- Up-to-date: /home/klein/camera_ros2/install/astra_camera_msgs/include/astra_camera_msgs/msg/detail/metadata__struct.hpp
[4.712s] -- Up-to-date: /home/klein/camera_ros2/install/astra_camera_msgs/include/astra_camera_msgs/msg/detail/metadata__traits.hpp
[4.713s] -- Up-to-date: /home/klein/camera_ros2/install/astra_camera_msgs/include/astra_camera_msgs/msg/detail/device_info__type_support.hpp
[4.713s] -- Up-to-date: /home/klein/camera_ros2/install/astra_camera_msgs/include/astra_camera_msgs/msg/detail/extrinsics__builder.hpp
[4.713s] -- Up-to-date: /home/klein/camera_ros2/install/astra_camera_msgs/include/astra_camera_msgs/msg/detail/device_info__struct.hpp
[4.713s] -- Up-to-date: /home/klein/camera_ros2/install/astra_camera_msgs/include/astra_camera_msgs/msg/detail/metadata__builder.hpp
[4.713s] -- Up-to-date: /home/klein/camera_ros2/install/astra_camera_msgs/include/astra_camera_msgs/msg/detail/device_info__builder.hpp
[4.714s] -- Up-to-date: /home/klein/camera_ros2/install/astra_camera_msgs/include/astra_camera_msgs/msg/detail/device_info__traits.hpp
[4.714s] -- Up-to-date: /home/klein/camera_ros2/install/astra_camera_msgs/include/astra_camera_msgs/msg/detail/extrinsics__traits.hpp
[4.714s] -- Up-to-date: /home/klein/camera_ros2/install/astra_camera_msgs/include/astra_camera_msgs/msg/rosidl_generator_cpp__visibility_control.hpp
[4.714s] -- Up-to-date: /home/klein/camera_ros2/install/astra_camera_msgs/include/astra_camera_msgs/msg/metadata.hpp
[4.714s] -- Up-to-date: /home/klein/camera_ros2/install/astra_camera_msgs/include/astra_camera_msgs/msg/extrinsics.hpp
[4.714s] -- Up-to-date: /home/klein/camera_ros2/install/astra_camera_msgs/include/astra_camera_msgs
[4.715s] -- Up-to-date: /home/klein/camera_ros2/install/astra_camera_msgs/include/astra_camera_msgs/srv
[4.715s] -- Up-to-date: /home/klein/camera_ros2/install/astra_camera_msgs/include/astra_camera_msgs/srv/detail
[4.715s] -- Up-to-date: /home/klein/camera_ros2/install/astra_camera_msgs/include/astra_camera_msgs/srv/detail/get_camera_params__type_support.cpp
[4.715s] -- Up-to-date: /home/klein/camera_ros2/install/astra_camera_msgs/include/astra_camera_msgs/srv/detail/set_int32__type_support.cpp
[4.715s] -- Up-to-date: /home/klein/camera_ros2/install/astra_camera_msgs/include/astra_camera_msgs/srv/detail/get_int32__rosidl_typesupport_introspection_cpp.hpp
[4.715s] -- Up-to-date: /home/klein/camera_ros2/install/astra_camera_msgs/include/astra_camera_msgs/srv/detail/get_string__rosidl_typesupport_introspection_cpp.hpp
[4.721s] -- Up-to-date: /home/klein/camera_ros2/install/astra_camera_msgs/include/astra_camera_msgs/srv/detail/set_int32__rosidl_typesupport_introspection_cpp.hpp
[4.721s] -- Up-to-date: /home/klein/camera_ros2/install/astra_camera_msgs/include/astra_camera_msgs/srv/detail/get_string__type_support.cpp
[4.721s] -- Up-to-date: /home/klein/camera_ros2/install/astra_camera_msgs/include/astra_camera_msgs/srv/detail/get_camera_info__rosidl_typesupport_introspection_cpp.hpp
[4.721s] -- Up-to-date: /home/klein/camera_ros2/install/astra_camera_msgs/include/astra_camera_msgs/srv/detail/get_camera_params__rosidl_typesupport_introspection_cpp.hpp
[4.721s] -- Up-to-date: /home/klein/camera_ros2/install/astra_camera_msgs/include/astra_camera_msgs/srv/detail/get_int32__type_support.cpp
[4.722s] -- Up-to-date: /home/klein/camera_ros2/install/astra_camera_msgs/include/astra_camera_msgs/srv/detail/get_device_info__type_support.cpp
[4.722s] -- Up-to-date: /home/klein/camera_ros2/install/astra_camera_msgs/include/astra_camera_msgs/srv/detail/get_camera_info__type_support.cpp
[4.722s] -- Up-to-date: /home/klein/camera_ros2/install/astra_camera_msgs/include/astra_camera_msgs/srv/detail/get_device_info__rosidl_typesupport_introspection_cpp.hpp
[4.722s] -- Up-to-date: /home/klein/camera_ros2/install/astra_camera_msgs/include/astra_camera_msgs/msg
[4.722s] -- Up-to-date: /home/klein/camera_ros2/install/astra_camera_msgs/include/astra_camera_msgs/msg/detail
[4.722s] -- Up-to-date: /home/klein/camera_ros2/install/astra_camera_msgs/include/astra_camera_msgs/msg/detail/metadata__rosidl_typesupport_introspection_cpp.hpp
[4.723s] -- Up-to-date: /home/klein/camera_ros2/install/astra_camera_msgs/include/astra_camera_msgs/msg/detail/extrinsics__rosidl_typesupport_introspection_cpp.hpp
[4.723s] -- Up-to-date: /home/klein/camera_ros2/install/astra_camera_msgs/include/astra_camera_msgs/msg/detail/device_info__rosidl_typesupport_introspection_cpp.hpp
[4.723s] -- Up-to-date: /home/klein/camera_ros2/install/astra_camera_msgs/include/astra_camera_msgs/msg/detail/metadata__type_support.cpp
[4.723s] -- Up-to-date: /home/klein/camera_ros2/install/astra_camera_msgs/include/astra_camera_msgs/msg/detail/extrinsics__type_support.cpp
[4.723s] -- Up-to-date: /home/klein/camera_ros2/install/astra_camera_msgs/include/astra_camera_msgs/msg/detail/device_info__type_support.cpp
[4.723s] -- Up-to-date: /home/klein/camera_ros2/install/astra_camera_msgs/lib/libastra_camera_msgs__rosidl_typesupport_introspection_cpp.so
[4.724s] -- Up-to-date: /home/klein/camera_ros2/install/astra_camera_msgs/lib/libastra_camera_msgs__rosidl_typesupport_cpp.so
[4.724s] -- Up-to-date: /home/klein/camera_ros2/install/astra_camera_msgs/share/astra_camera_msgs/environment/pythonpath.sh
[4.736s] -- Up-to-date: /home/klein/camera_ros2/install/astra_camera_msgs/share/astra_camera_msgs/environment/pythonpath.dsv
[4.737s] -- Up-to-date: /home/klein/camera_ros2/install/astra_camera_msgs/lib/python3.8/site-packages/astra_camera_msgs/__init__.py
[4.881s] -- Up-to-date: /home/klein/camera_ros2/install/astra_camera_msgs/lib/python3.8/site-packages/astra_camera_msgs/msg
[4.881s] -- Up-to-date: /home/klein/camera_ros2/install/astra_camera_msgs/lib/python3.8/site-packages/astra_camera_msgs/msg/__init__.py
[4.881s] -- Up-to-date: /home/klein/camera_ros2/install/astra_camera_msgs/lib/python3.8/site-packages/astra_camera_msgs/msg/_extrinsics_s.c
[4.882s] -- Up-to-date: /home/klein/camera_ros2/install/astra_camera_msgs/lib/python3.8/site-packages/astra_camera_msgs/msg/_device_info_s.c
[4.882s] -- Up-to-date: /home/klein/camera_ros2/install/astra_camera_msgs/lib/python3.8/site-packages/astra_camera_msgs/msg/_metadata.py
[4.882s] -- Up-to-date: /home/klein/camera_ros2/install/astra_camera_msgs/lib/python3.8/site-packages/astra_camera_msgs/msg/_metadata_s.c
[4.882s] -- Up-to-date: /home/klein/camera_ros2/install/astra_camera_msgs/lib/python3.8/site-packages/astra_camera_msgs/msg/_extrinsics.py
[4.883s] -- Up-to-date: /home/klein/camera_ros2/install/astra_camera_msgs/lib/python3.8/site-packages/astra_camera_msgs/msg/_device_info.py
[4.883s] -- Up-to-date: /home/klein/camera_ros2/install/astra_camera_msgs/lib/python3.8/site-packages/astra_camera_msgs/srv
[4.889s] -- Up-to-date: /home/klein/camera_ros2/install/astra_camera_msgs/lib/python3.8/site-packages/astra_camera_msgs/srv/_get_int32_s.c
[4.890s] -- Up-to-date: /home/klein/camera_ros2/install/astra_camera_msgs/lib/python3.8/site-packages/astra_camera_msgs/srv/_get_camera_params_s.c
[4.890s] -- Up-to-date: /home/klein/camera_ros2/install/astra_camera_msgs/lib/python3.8/site-packages/astra_camera_msgs/srv/__init__.py
[4.890s] -- Up-to-date: /home/klein/camera_ros2/install/astra_camera_msgs/lib/python3.8/site-packages/astra_camera_msgs/srv/_set_int32.py
[4.891s] -- Up-to-date: /home/klein/camera_ros2/install/astra_camera_msgs/lib/python3.8/site-packages/astra_camera_msgs/srv/_get_camera_params.py
[4.891s] -- Up-to-date: /home/klein/camera_ros2/install/astra_camera_msgs/lib/python3.8/site-packages/astra_camera_msgs/srv/_get_int32.py
[4.891s] -- Up-to-date: /home/klein/camera_ros2/install/astra_camera_msgs/lib/python3.8/site-packages/astra_camera_msgs/srv/_get_camera_info.py
[4.891s] -- Up-to-date: /home/klein/camera_ros2/install/astra_camera_msgs/lib/python3.8/site-packages/astra_camera_msgs/srv/_set_int32_s.c
[4.891s] -- Up-to-date: /home/klein/camera_ros2/install/astra_camera_msgs/lib/python3.8/site-packages/astra_camera_msgs/srv/_get_camera_info_s.c
[4.900s] -- Up-to-date: /home/klein/camera_ros2/install/astra_camera_msgs/lib/python3.8/site-packages/astra_camera_msgs/srv/_get_device_info.py
[4.900s] -- Up-to-date: /home/klein/camera_ros2/install/astra_camera_msgs/lib/python3.8/site-packages/astra_camera_msgs/srv/_get_string.py
[4.900s] -- Up-to-date: /home/klein/camera_ros2/install/astra_camera_msgs/lib/python3.8/site-packages/astra_camera_msgs/srv/_get_string_s.c
[4.900s] -- Up-to-date: /home/klein/camera_ros2/install/astra_camera_msgs/lib/python3.8/site-packages/astra_camera_msgs/srv/_get_device_info_s.c
[4.905s] -- Up-to-date: /home/klein/camera_ros2/install/astra_camera_msgs/lib/python3.8/site-packages/astra_camera_msgs/astra_camera_msgs_s__rosidl_typesupport_fastrtps_c.cpython-38-x86_64-linux-gnu.so
[4.906s] -- Up-to-date: /home/klein/camera_ros2/install/astra_camera_msgs/lib/python3.8/site-packages/astra_camera_msgs/astra_camera_msgs_s__rosidl_typesupport_introspection_c.cpython-38-x86_64-linux-gnu.so
[4.911s] -- Up-to-date: /home/klein/camera_ros2/install/astra_camera_msgs/lib/python3.8/site-packages/astra_camera_msgs/astra_camera_msgs_s__rosidl_typesupport_c.cpython-38-x86_64-linux-gnu.so
[4.914s] -- Up-to-date: /home/klein/camera_ros2/install/astra_camera_msgs/lib/libastra_camera_msgs__python.so
[4.921s] -- Up-to-date: /home/klein/camera_ros2/install/astra_camera_msgs/share/astra_camera_msgs/msg/DeviceInfo.idl
[4.921s] -- Up-to-date: /home/klein/camera_ros2/install/astra_camera_msgs/share/astra_camera_msgs/msg/Extrinsics.idl
[4.922s] -- Up-to-date: /home/klein/camera_ros2/install/astra_camera_msgs/share/astra_camera_msgs/msg/Metadata.idl
[4.923s] -- Up-to-date: /home/klein/camera_ros2/install/astra_camera_msgs/share/astra_camera_msgs/srv/GetDeviceInfo.idl
[4.924s] -- Up-to-date: /home/klein/camera_ros2/install/astra_camera_msgs/share/astra_camera_msgs/srv/GetCameraInfo.idl
[4.930s] -- Up-to-date: /home/klein/camera_ros2/install/astra_camera_msgs/share/astra_camera_msgs/srv/GetCameraParams.idl
[4.931s] -- Up-to-date: /home/klein/camera_ros2/install/astra_camera_msgs/share/astra_camera_msgs/srv/GetInt32.idl
[4.931s] -- Up-to-date: /home/klein/camera_ros2/install/astra_camera_msgs/share/astra_camera_msgs/srv/GetString.idl
[4.932s] -- Up-to-date: /home/klein/camera_ros2/install/astra_camera_msgs/share/astra_camera_msgs/srv/SetInt32.idl
[4.932s] -- Up-to-date: /home/klein/camera_ros2/install/astra_camera_msgs/share/astra_camera_msgs/msg/DeviceInfo.msg
[4.934s] -- Up-to-date: /home/klein/camera_ros2/install/astra_camera_msgs/share/astra_camera_msgs/msg/Extrinsics.msg
[4.935s] -- Up-to-date: /home/klein/camera_ros2/install/astra_camera_msgs/share/astra_camera_msgs/msg/Metadata.msg
[4.936s] -- Up-to-date: /home/klein/camera_ros2/install/astra_camera_msgs/share/astra_camera_msgs/srv/GetDeviceInfo.srv
[4.938s] -- Up-to-date: /home/klein/camera_ros2/install/astra_camera_msgs/share/astra_camera_msgs/srv/GetDeviceInfo_Request.msg
[4.938s] -- Up-to-date: /home/klein/camera_ros2/install/astra_camera_msgs/share/astra_camera_msgs/srv/GetDeviceInfo_Response.msg
[4.939s] -- Up-to-date: /home/klein/camera_ros2/install/astra_camera_msgs/share/astra_camera_msgs/srv/GetCameraInfo.srv
[4.939s] -- Up-to-date: /home/klein/camera_ros2/install/astra_camera_msgs/share/astra_camera_msgs/srv/GetCameraInfo_Request.msg
[4.942s] -- Up-to-date: /home/klein/camera_ros2/install/astra_camera_msgs/share/astra_camera_msgs/srv/GetCameraInfo_Response.msg
[4.942s] -- Up-to-date: /home/klein/camera_ros2/install/astra_camera_msgs/share/astra_camera_msgs/srv/GetCameraParams.srv
[4.942s] -- Up-to-date: /home/klein/camera_ros2/install/astra_camera_msgs/share/astra_camera_msgs/srv/GetCameraParams_Request.msg
[4.943s] -- Up-to-date: /home/klein/camera_ros2/install/astra_camera_msgs/share/astra_camera_msgs/srv/GetCameraParams_Response.msg
[4.943s] -- Up-to-date: /home/klein/camera_ros2/install/astra_camera_msgs/share/astra_camera_msgs/srv/GetInt32.srv
[4.949s] -- Up-to-date: /home/klein/camera_ros2/install/astra_camera_msgs/share/astra_camera_msgs/srv/GetInt32_Request.msg
[4.950s] -- Up-to-date: /home/klein/camera_ros2/install/astra_camera_msgs/share/astra_camera_msgs/srv/GetInt32_Response.msg
[4.950s] -- Up-to-date: /home/klein/camera_ros2/install/astra_camera_msgs/share/astra_camera_msgs/srv/GetString.srv
[4.950s] -- Up-to-date: /home/klein/camera_ros2/install/astra_camera_msgs/share/astra_camera_msgs/srv/GetString_Request.msg
[4.950s] -- Up-to-date: /home/klein/camera_ros2/install/astra_camera_msgs/share/astra_camera_msgs/srv/GetString_Response.msg
[4.951s] -- Up-to-date: /home/klein/camera_ros2/install/astra_camera_msgs/share/astra_camera_msgs/srv/SetInt32.srv
[4.952s] -- Up-to-date: /home/klein/camera_ros2/install/astra_camera_msgs/share/astra_camera_msgs/srv/SetInt32_Request.msg
[4.959s] -- Up-to-date: /home/klein/camera_ros2/install/astra_camera_msgs/share/astra_camera_msgs/srv/SetInt32_Response.msg
[4.959s] -- Up-to-date: /home/klein/camera_ros2/install/astra_camera_msgs/share/ament_index/resource_index/package_run_dependencies/astra_camera_msgs
[4.960s] -- Up-to-date: /home/klein/camera_ros2/install/astra_camera_msgs/share/ament_index/resource_index/parent_prefix_path/astra_camera_msgs
[4.960s] -- Up-to-date: /home/klein/camera_ros2/install/astra_camera_msgs/share/astra_camera_msgs/environment/ament_prefix_path.sh
[4.965s] -- Up-to-date: /home/klein/camera_ros2/install/astra_camera_msgs/share/astra_camera_msgs/environment/ament_prefix_path.dsv
[4.965s] -- Up-to-date: /home/klein/camera_ros2/install/astra_camera_msgs/share/astra_camera_msgs/environment/path.sh
[4.965s] -- Up-to-date: /home/klein/camera_ros2/install/astra_camera_msgs/share/astra_camera_msgs/environment/path.dsv
[4.966s] -- Up-to-date: /home/klein/camera_ros2/install/astra_camera_msgs/share/astra_camera_msgs/local_setup.bash
[4.966s] -- Up-to-date: /home/klein/camera_ros2/install/astra_camera_msgs/share/astra_camera_msgs/local_setup.sh
[4.966s] -- Up-to-date: /home/klein/camera_ros2/install/astra_camera_msgs/share/astra_camera_msgs/local_setup.zsh
[4.966s] -- Up-to-date: /home/klein/camera_ros2/install/astra_camera_msgs/share/astra_camera_msgs/local_setup.dsv
[4.966s] -- Installing: /home/klein/camera_ros2/install/astra_camera_msgs/share/astra_camera_msgs/package.dsv
[4.966s] -- Up-to-date: /home/klein/camera_ros2/install/astra_camera_msgs/share/ament_index/resource_index/packages/astra_camera_msgs
[4.974s] -- Up-to-date: /home/klein/camera_ros2/install/astra_camera_msgs/share/astra_camera_msgs/cmake/astra_camera_msgs__rosidl_generator_cExport.cmake
[4.974s] -- Up-to-date: /home/klein/camera_ros2/install/astra_camera_msgs/share/astra_camera_msgs/cmake/astra_camera_msgs__rosidl_generator_cExport-noconfig.cmake
[4.975s] -- Up-to-date: /home/klein/camera_ros2/install/astra_camera_msgs/share/astra_camera_msgs/cmake/astra_camera_msgs__rosidl_typesupport_introspection_cExport.cmake
[4.975s] -- Up-to-date: /home/klein/camera_ros2/install/astra_camera_msgs/share/astra_camera_msgs/cmake/astra_camera_msgs__rosidl_typesupport_introspection_cExport-noconfig.cmake
[4.975s] -- Up-to-date: /home/klein/camera_ros2/install/astra_camera_msgs/share/astra_camera_msgs/cmake/astra_camera_msgs__rosidl_typesupport_cExport.cmake
[4.975s] -- Up-to-date: /home/klein/camera_ros2/install/astra_camera_msgs/share/astra_camera_msgs/cmake/astra_camera_msgs__rosidl_typesupport_cExport-noconfig.cmake
[4.980s] -- Up-to-date: /home/klein/camera_ros2/install/astra_camera_msgs/share/astra_camera_msgs/cmake/astra_camera_msgs__rosidl_generator_cppExport.cmake
[4.980s] -- Up-to-date: /home/klein/camera_ros2/install/astra_camera_msgs/share/astra_camera_msgs/cmake/astra_camera_msgs__rosidl_typesupport_introspection_cppExport.cmake
[4.980s] -- Up-to-date: /home/klein/camera_ros2/install/astra_camera_msgs/share/astra_camera_msgs/cmake/astra_camera_msgs__rosidl_typesupport_introspection_cppExport-noconfig.cmake
[4.982s] -- Up-to-date: /home/klein/camera_ros2/install/astra_camera_msgs/share/astra_camera_msgs/cmake/astra_camera_msgs__rosidl_typesupport_cppExport.cmake
[4.983s] -- Up-to-date: /home/klein/camera_ros2/install/astra_camera_msgs/share/astra_camera_msgs/cmake/astra_camera_msgs__rosidl_typesupport_cppExport-noconfig.cmake
[4.983s] -- Up-to-date: /home/klein/camera_ros2/install/astra_camera_msgs/share/astra_camera_msgs/cmake/rosidl_cmake-extras.cmake
[4.984s] -- Up-to-date: /home/klein/camera_ros2/install/astra_camera_msgs/share/astra_camera_msgs/cmake/ament_cmake_export_dependencies-extras.cmake
[4.984s] -- Up-to-date: /home/klein/camera_ros2/install/astra_camera_msgs/share/astra_camera_msgs/cmake/ament_cmake_export_libraries-extras.cmake
[4.986s] -- Up-to-date: /home/klein/camera_ros2/install/astra_camera_msgs/share/astra_camera_msgs/cmake/ament_cmake_export_targets-extras.cmake
[4.986s] -- Up-to-date: /home/klein/camera_ros2/install/astra_camera_msgs/share/astra_camera_msgs/cmake/ament_cmake_export_include_directories-extras.cmake
[4.987s] -- Up-to-date: /home/klein/camera_ros2/install/astra_camera_msgs/share/astra_camera_msgs/cmake/rosidl_cmake_export_typesupport_libraries-extras.cmake
[4.988s] -- Up-to-date: /home/klein/camera_ros2/install/astra_camera_msgs/share/astra_camera_msgs/cmake/rosidl_cmake_export_typesupport_targets-extras.cmake
[4.988s] -- Up-to-date: /home/klein/camera_ros2/install/astra_camera_msgs/share/astra_camera_msgs/cmake/astra_camera_msgsConfig.cmake
[4.988s] -- Up-to-date: /home/klein/camera_ros2/install/astra_camera_msgs/share/astra_camera_msgs/cmake/astra_camera_msgsConfig-version.cmake
[4.993s] -- Up-to-date: /home/klein/camera_ros2/install/astra_camera_msgs/share/astra_camera_msgs/package.xml
[5.014s] Invoked command in '/home/klein/camera_ros2/build/astra_camera_msgs' returned '0': CMAKE_PREFIX_PATH=${CMAKE_PREFIX_PATH}:/home/klein/camera_ros2/install/demo_cv_image:/opt/ros/foxy /usr/bin/cmake --install /home/klein/camera_ros2/build/astra_camera_msgs
