[0.059s] Invoking command in '/home/klein/camera_ros2/build/opencv_use': CMAKE_PREFIX_PATH=${CMAKE_PREFIX_PATH}:/home/klein/camera_ros2/install/demo_cv_image:/opt/ros/foxy /usr/bin/cmake /home/klein/camera_ros2/src/opencv_use -DCMAKE_INSTALL_PREFIX=/home/klein/camera_ros2/install/opencv_use
[0.416s] -- The C compiler identification is GNU 9.4.0
[0.724s] -- The CXX compiler identification is GNU 9.4.0
[0.751s] -- Check for working C compiler: /usr/bin/cc
[1.097s] -- Check for working C compiler: /usr/bin/cc -- works
[1.101s] -- Detecting C compiler ABI info
[1.424s] -- Detecting C compiler ABI info - done
[1.489s] -- Detecting C compile features
[1.490s] -- Detecting C compile features - done
[1.498s] -- Check for working CXX compiler: /usr/bin/c++
[1.797s] -- Check for working CXX compiler: /usr/bin/c++ -- works
[1.797s] -- Detecting CXX compiler ABI info
[2.092s] -- Detecting CXX compiler ABI info - done
[2.119s] -- Detecting CXX compile features
[2.120s] -- Detecting CXX compile features - done
[2.140s] -- Found ament_cmake: 0.9.12 (/opt/ros/foxy/share/ament_cmake/cmake)
[2.227s] -- Found PythonInterp: /usr/bin/python3 (found suitable version "3.8.10", minimum required is "3") 
[2.227s] -- Using PYTHON_EXECUTABLE: /usr/bin/python3
[2.919s] -- Found rclcpp: 2.4.3 (/opt/ros/foxy/share/rclcpp/cmake)
[3.184s] -- Using all available rosidl_typesupport_c: rosidl_typesupport_fastrtps_c;rosidl_typesupport_introspection_c
[3.202s] -- Found rosidl_adapter: 1.3.1 (/opt/ros/foxy/share/rosidl_adapter/cmake)
[3.545s] -- Found OpenSSL: /usr/lib/x86_64-linux-gnu/libcrypto.so (found version "1.1.1f")  
[3.632s] -- Found FastRTPS: /opt/ros/foxy/include  
[3.949s] -- Using all available rosidl_typesupport_cpp: rosidl_typesupport_fastrtps_cpp;rosidl_typesupport_introspection_cpp
[4.245s] -- Found rmw_implementation_cmake: 1.0.4 (/opt/ros/foxy/share/rmw_implementation_cmake/cmake)
[4.261s] -- Using RMW implementation 'rmw_fastrtps_cpp' as default
[4.265s] -- Looking for pthread.h
[4.527s] -- Looking for pthread.h - found
[4.528s] -- Performing Test CMAKE_HAVE_LIBC_PTHREAD
[4.839s] -- Performing Test CMAKE_HAVE_LIBC_PTHREAD - Failed
[4.840s] -- Looking for pthread_create in pthreads
[5.092s] -- Looking for pthread_create in pthreads - not found
[5.092s] -- Looking for pthread_create in pthread
[5.435s] -- Looking for pthread_create in pthread - found
[5.437s] -- Found Threads: TRUE  
[5.963s] -- Found OpenCV: /usr (found version "4.2.0") 
[5.971s] -- Found sensor_msgs: 2.0.5 (/opt/ros/foxy/share/sensor_msgs/cmake)
[6.292s] -- Found cv_bridge: 3.0.7 (/opt/ros/foxy/share/cv_bridge/cmake)
[6.336s] -- Found image_transport: 2.4.0 (/opt/ros/foxy/share/image_transport/cmake)
[6.567s] -- Found ament_lint_auto: 0.9.8 (/opt/ros/foxy/share/ament_lint_auto/cmake)
[6.830s] -- Added test 'copyright' to check source files copyright and LICENSE
[6.834s] -- Added test 'cppcheck' to perform static code analysis on C / C++ code
[6.835s] -- Configured cppcheck include dirs: $<BUILD_INTERFACE:/home/klein/camera_ros2/src/opencv_use/include>
[6.836s] -- Configured cppcheck exclude dirs and/or files: 
[6.838s] -- Added test 'cpplint' to check C / C++ code against the Google style
[6.838s] -- Configured cpplint exclude dirs and/or files: 
[6.840s] -- Added test 'lint_cmake' to check CMake code style
[6.844s] -- Added test 'uncrustify' to check C / C++ code style
[6.846s] -- Configured uncrustify additional arguments: 
[6.847s] -- Added test 'xmllint' to check XML markup files
[6.855s] -- Configuring done
[6.907s] -- Generating done
[6.913s] -- Build files have been written to: /home/klein/camera_ros2/build/opencv_use
[6.935s] Invoked command in '/home/klein/camera_ros2/build/opencv_use' returned '0': CMAKE_PREFIX_PATH=${CMAKE_PREFIX_PATH}:/home/klein/camera_ros2/install/demo_cv_image:/opt/ros/foxy /usr/bin/cmake /home/klein/camera_ros2/src/opencv_use -DCMAKE_INSTALL_PREFIX=/home/klein/camera_ros2/install/opencv_use
[6.952s] Invoking command in '/home/klein/camera_ros2/build/opencv_use': CMAKE_PREFIX_PATH=${CMAKE_PREFIX_PATH}:/home/klein/camera_ros2/install/demo_cv_image:/opt/ros/foxy /usr/bin/cmake --build /home/klein/camera_ros2/build/opencv_use -- -j4 -l4
[7.112s] [35m[1mScanning dependencies of target my_opencv[0m
[7.329s] [ 50%] [32mBuilding CXX object CMakeFiles/my_opencv.dir/src/my_opencv.cpp.o[0m
[41.246s] [100%] [32m[1mLinking CXX executable my_opencv[0m
[43.319s] [100%] Built target my_opencv
[43.390s] Invoked command in '/home/klein/camera_ros2/build/opencv_use' returned '0': CMAKE_PREFIX_PATH=${CMAKE_PREFIX_PATH}:/home/klein/camera_ros2/install/demo_cv_image:/opt/ros/foxy /usr/bin/cmake --build /home/klein/camera_ros2/build/opencv_use -- -j4 -l4
[43.600s] Invoking command in '/home/klein/camera_ros2/build/opencv_use': CMAKE_PREFIX_PATH=${CMAKE_PREFIX_PATH}:/home/klein/camera_ros2/install/demo_cv_image:/opt/ros/foxy /usr/bin/cmake --install /home/klein/camera_ros2/build/opencv_use
[43.632s] -- Install configuration: ""
[43.633s] -- Installing: /home/klein/camera_ros2/install/opencv_use/lib/opencv_use/my_opencv
[43.643s] -- Set runtime path of "/home/klein/camera_ros2/install/opencv_use/lib/opencv_use/my_opencv" to ""
[43.644s] -- Installing: /home/klein/camera_ros2/install/opencv_use/share/ament_index/resource_index/package_run_dependencies/opencv_use
[43.647s] -- Installing: /home/klein/camera_ros2/install/opencv_use/share/ament_index/resource_index/parent_prefix_path/opencv_use
[43.649s] -- Installing: /home/klein/camera_ros2/install/opencv_use/share/opencv_use/environment/ament_prefix_path.sh
[43.651s] -- Installing: /home/klein/camera_ros2/install/opencv_use/share/opencv_use/environment/ament_prefix_path.dsv
[43.652s] -- Installing: /home/klein/camera_ros2/install/opencv_use/share/opencv_use/environment/path.sh
[43.653s] -- Installing: /home/klein/camera_ros2/install/opencv_use/share/opencv_use/environment/path.dsv
[43.655s] -- Installing: /home/klein/camera_ros2/install/opencv_use/share/opencv_use/local_setup.bash
[43.657s] -- Installing: /home/klein/camera_ros2/install/opencv_use/share/opencv_use/local_setup.sh
[43.659s] -- Installing: /home/klein/camera_ros2/install/opencv_use/share/opencv_use/local_setup.zsh
[43.661s] -- Installing: /home/klein/camera_ros2/install/opencv_use/share/opencv_use/local_setup.dsv
[43.663s] -- Installing: /home/klein/camera_ros2/install/opencv_use/share/opencv_use/package.dsv
[43.664s] -- Installing: /home/klein/camera_ros2/install/opencv_use/share/ament_index/resource_index/packages/opencv_use
[43.667s] -- Installing: /home/klein/camera_ros2/install/opencv_use/share/opencv_use/cmake/opencv_useConfig.cmake
[43.668s] -- Installing: /home/klein/camera_ros2/install/opencv_use/share/opencv_use/cmake/opencv_useConfig-version.cmake
[43.670s] -- Installing: /home/klein/camera_ros2/install/opencv_use/share/opencv_use/package.xml
[43.688s] Invoked command in '/home/klein/camera_ros2/build/opencv_use' returned '0': CMAKE_PREFIX_PATH=${CMAKE_PREFIX_PATH}:/home/klein/camera_ros2/install/demo_cv_image:/opt/ros/foxy /usr/bin/cmake --install /home/klein/camera_ros2/build/opencv_use
