[0.045s] Invoking command in '/home/klein/camera_ros2/build/astra_camera': CMAKE_PREFIX_PATH=/home/klein/camera_ros2/install/astra_camera_msgs:/home/klein/camera_ros2/install/opencv_use:/home/klein/camera_ros2/install/astra_camera:/home/klein/ros2move_ws/install/pkg01_helloworld_cpp:/home/klein/ros2move_ws/install/cpp01_topic:/opt/ros/foxy LD_LIBRARY_PATH=/home/klein/camera_ros2/install/astra_camera_msgs/lib:/home/klein/camera_ros2/install/astra_camera/lib:/usr/local/lib:/opt/ros/foxy/opt/yaml_cpp_vendor/lib:/opt/ros/foxy/opt/rviz_ogre_vendor/lib:/opt/ros/foxy/lib/x86_64-linux-gnu:/opt/ros/foxy/lib /usr/bin/cmake --build /home/klein/camera_ros2/build/astra_camera -- -j4 -l4
[0.379s] [ 87%] Built target astra_camera
[0.464s] [100%] Built target list_devices_node
[0.518s] Invoked command in '/home/klein/camera_ros2/build/astra_camera' returned '0': CMAKE_PREFIX_PATH=/home/klein/camera_ros2/install/astra_camera_msgs:/home/klein/camera_ros2/install/opencv_use:/home/klein/camera_ros2/install/astra_camera:/home/klein/ros2move_ws/install/pkg01_helloworld_cpp:/home/klein/ros2move_ws/install/cpp01_topic:/opt/ros/foxy LD_LIBRARY_PATH=/home/klein/camera_ros2/install/astra_camera_msgs/lib:/home/klein/camera_ros2/install/astra_camera/lib:/usr/local/lib:/opt/ros/foxy/opt/yaml_cpp_vendor/lib:/opt/ros/foxy/opt/rviz_ogre_vendor/lib:/opt/ros/foxy/lib/x86_64-linux-gnu:/opt/ros/foxy/lib /usr/bin/cmake --build /home/klein/camera_ros2/build/astra_camera -- -j4 -l4
[0.687s] Invoking command in '/home/klein/camera_ros2/build/astra_camera': CMAKE_PREFIX_PATH=/home/klein/camera_ros2/install/astra_camera_msgs:/home/klein/camera_ros2/install/opencv_use:/home/klein/camera_ros2/install/astra_camera:/home/klein/ros2move_ws/install/pkg01_helloworld_cpp:/home/klein/ros2move_ws/install/cpp01_topic:/opt/ros/foxy LD_LIBRARY_PATH=/home/klein/camera_ros2/install/astra_camera_msgs/lib:/home/klein/camera_ros2/install/astra_camera/lib:/usr/local/lib:/opt/ros/foxy/opt/yaml_cpp_vendor/lib:/opt/ros/foxy/opt/rviz_ogre_vendor/lib:/opt/ros/foxy/lib/x86_64-linux-gnu:/opt/ros/foxy/lib /usr/bin/cmake --install /home/klein/camera_ros2/build/astra_camera
[0.708s] -- Install configuration: "Debug"
[0.709s] -- Up-to-date: /home/klein/camera_ros2/install/astra_camera/lib/libastra_camera.so
[0.711s] -- Up-to-date: /home/klein/camera_ros2/install/astra_camera/lib/libOpenNI2.so
[0.712s] -- Up-to-date: /home/klein/camera_ros2/install/astra_camera/lib//OpenNI2
[0.712s] -- Up-to-date: /home/klein/camera_ros2/install/astra_camera/lib//OpenNI2/Drivers
[0.713s] -- Up-to-date: /home/klein/camera_ros2/install/astra_camera/lib//OpenNI2/Drivers/orbbec.ini
[0.713s] -- Up-to-date: /home/klein/camera_ros2/install/astra_camera/lib//OpenNI2/Drivers/liborbbec.so
[0.713s] -- Up-to-date: /home/klein/camera_ros2/install/astra_camera/lib//OpenNI2/Drivers/libOniFile.so
[0.713s] -- Up-to-date: /home/klein/camera_ros2/install/astra_camera/lib//OpenNI2/Drivers/OniFile.ini
[0.716s] -- Up-to-date: /home/klein/camera_ros2/install/astra_camera/lib/astra_camera/list_devices_node
[0.717s] -- Up-to-date: /home/klein/camera_ros2/install/astra_camera/include
[0.717s] -- Up-to-date: /home/klein/camera_ros2/install/astra_camera/include/astra_camera
[0.717s] -- Up-to-date: /home/klein/camera_ros2/install/astra_camera/include/astra_camera/uvc_camera_driver.h
[0.717s] -- Up-to-date: /home/klein/camera_ros2/install/astra_camera/include/astra_camera/dynamic_params.h
[0.718s] -- Up-to-date: /home/klein/camera_ros2/install/astra_camera/include/astra_camera/device_listener.h
[0.718s] -- Up-to-date: /home/klein/camera_ros2/install/astra_camera/include/astra_camera/ob_timer_filter.h
[0.718s] -- Up-to-date: /home/klein/camera_ros2/install/astra_camera/include/astra_camera/point_cloud_proc
[0.718s] -- Up-to-date: /home/klein/camera_ros2/install/astra_camera/include/astra_camera/point_cloud_proc/point_cloud_xyzrgb.h
[0.719s] -- Up-to-date: /home/klein/camera_ros2/install/astra_camera/include/astra_camera/point_cloud_proc/depth_traits.h
[0.719s] -- Up-to-date: /home/klein/camera_ros2/install/astra_camera/include/astra_camera/point_cloud_proc/point_cloud_xyz.h
[0.719s] -- Up-to-date: /home/klein/camera_ros2/install/astra_camera/include/astra_camera/ob_frame_listener.h
[0.720s] -- Up-to-date: /home/klein/camera_ros2/install/astra_camera/include/astra_camera/ob_camera_node.h
[0.720s] -- Up-to-date: /home/klein/camera_ros2/install/astra_camera/include/astra_camera/utils.h
[0.720s] -- Up-to-date: /home/klein/camera_ros2/install/astra_camera/include/astra_camera/ob_camera_node_factory.h
[0.720s] -- Up-to-date: /home/klein/camera_ros2/install/astra_camera/include/astra_camera/ros_param_backend.h
[0.724s] -- Up-to-date: /home/klein/camera_ros2/install/astra_camera/include/astra_camera/types.h
[0.726s] -- Up-to-date: /home/klein/camera_ros2/install/astra_camera/include/astra_camera/constants.h
[0.727s] -- Up-to-date: /home/klein/camera_ros2/install/astra_camera/include/openni2
[0.729s] -- Up-to-date: /home/klein/camera_ros2/install/astra_camera/include/openni2/Linux-Arm
[0.730s] -- Up-to-date: /home/klein/camera_ros2/install/astra_camera/include/openni2/Linux-Arm/OniPlatformLinux-Arm.h
[0.731s] -- Up-to-date: /home/klein/camera_ros2/install/astra_camera/include/openni2/OniProperties.h
[0.732s] -- Up-to-date: /home/klein/camera_ros2/install/astra_camera/include/openni2/Driver
[0.732s] -- Up-to-date: /home/klein/camera_ros2/install/astra_camera/include/openni2/Driver/OniDriverAPI.h
[0.733s] -- Up-to-date: /home/klein/camera_ros2/install/astra_camera/include/openni2/Driver/OniDriverTypes.h
[0.733s] -- Up-to-date: /home/klein/camera_ros2/install/astra_camera/include/openni2/OniTest.h
[0.734s] -- Up-to-date: /home/klein/camera_ros2/install/astra_camera/include/openni2/KinectProperties.h
[0.734s] -- Up-to-date: /home/klein/camera_ros2/install/astra_camera/include/openni2/PrimeSense.h
[0.734s] -- Up-to-date: /home/klein/camera_ros2/install/astra_camera/include/openni2/MacOSX
[0.734s] -- Up-to-date: /home/klein/camera_ros2/install/astra_camera/include/openni2/MacOSX/OniPlatformMacOSX.h
[0.734s] -- Up-to-date: /home/klein/camera_ros2/install/astra_camera/include/openni2/OniVersion.h
[0.735s] -- Up-to-date: /home/klein/camera_ros2/install/astra_camera/include/openni2/PSLink.h
[0.736s] -- Up-to-date: /home/klein/camera_ros2/install/astra_camera/include/openni2/OpenNI.h
[0.736s] -- Up-to-date: /home/klein/camera_ros2/install/astra_camera/include/openni2/OniCEnums.h
[0.737s] -- Up-to-date: /home/klein/camera_ros2/install/astra_camera/include/openni2/OniCProperties.h
[0.737s] -- Up-to-date: /home/klein/camera_ros2/install/astra_camera/include/openni2/OniCAPI.h
[0.740s] -- Up-to-date: /home/klein/camera_ros2/install/astra_camera/include/openni2/OniCTypes.h
[0.740s] -- Up-to-date: /home/klein/camera_ros2/install/astra_camera/include/openni2/Android-Arm
[0.740s] -- Up-to-date: /home/klein/camera_ros2/install/astra_camera/include/openni2/Android-Arm/OniPlatformAndroid-Arm.h
[0.741s] -- Up-to-date: /home/klein/camera_ros2/install/astra_camera/include/openni2/OniEnums.h
[0.741s] -- Up-to-date: /home/klein/camera_ros2/install/astra_camera/include/openni2/PS1080.h
[0.741s] -- Up-to-date: /home/klein/camera_ros2/install/astra_camera/include/openni2/OniPlatform.h
[0.741s] -- Up-to-date: /home/klein/camera_ros2/install/astra_camera/include/openni2/Linux-x86
[0.741s] -- Up-to-date: /home/klein/camera_ros2/install/astra_camera/include/openni2/Linux-x86/OniPlatformLinux-x86.h
[0.742s] -- Up-to-date: /home/klein/camera_ros2/install/astra_camera/include/openni2/openni2_redist
[0.748s] -- Up-to-date: /home/klein/camera_ros2/install/astra_camera/include/openni2/openni2_redist/x64
[0.748s] -- Up-to-date: /home/klein/camera_ros2/install/astra_camera/include/openni2/openni2_redist/x64/libOpenNI2.so
[0.749s] -- Up-to-date: /home/klein/camera_ros2/install/astra_camera/include/openni2/openni2_redist/x64/OpenNI.ini
[0.749s] -- Up-to-date: /home/klein/camera_ros2/install/astra_camera/include/openni2/openni2_redist/x64/OpenNI2
[0.749s] -- Up-to-date: /home/klein/camera_ros2/install/astra_camera/include/openni2/openni2_redist/x64/OpenNI2/Drivers
[0.751s] -- Up-to-date: /home/klein/camera_ros2/install/astra_camera/include/openni2/openni2_redist/x64/OpenNI2/Drivers/orbbec.ini
[0.752s] -- Up-to-date: /home/klein/camera_ros2/install/astra_camera/include/openni2/openni2_redist/x64/OpenNI2/Drivers/liborbbec.so
[0.753s] -- Up-to-date: /home/klein/camera_ros2/install/astra_camera/include/openni2/openni2_redist/x64/OpenNI2/Drivers/libOniFile.so
[0.753s] -- Up-to-date: /home/klein/camera_ros2/install/astra_camera/include/openni2/openni2_redist/x64/OpenNI2/Drivers/OniFile.ini
[0.753s] -- Up-to-date: /home/klein/camera_ros2/install/astra_camera/include/openni2/openni2_redist/arm
[0.754s] -- Up-to-date: /home/klein/camera_ros2/install/astra_camera/include/openni2/openni2_redist/arm/libOpenNI2.so
[0.754s] -- Up-to-date: /home/klein/camera_ros2/install/astra_camera/include/openni2/openni2_redist/arm/NiViewer
[0.755s] -- Up-to-date: /home/klein/camera_ros2/install/astra_camera/include/openni2/openni2_redist/arm/libDepthUtils.a
[0.756s] -- Up-to-date: /home/klein/camera_ros2/install/astra_camera/include/openni2/openni2_redist/arm/PS1080Console
[0.756s] -- Up-to-date: /home/klein/camera_ros2/install/astra_camera/include/openni2/openni2_redist/arm/SimpleRead
[0.757s] -- Up-to-date: /home/klein/camera_ros2/install/astra_camera/include/openni2/openni2_redist/arm/OpenNI.ini
[0.757s] -- Up-to-date: /home/klein/camera_ros2/install/astra_camera/include/openni2/openni2_redist/arm/OpenNI2
[0.757s] -- Up-to-date: /home/klein/camera_ros2/install/astra_camera/include/openni2/openni2_redist/arm/OpenNI2/Drivers
[0.758s] -- Up-to-date: /home/klein/camera_ros2/install/astra_camera/include/openni2/openni2_redist/arm/OpenNI2/Drivers/orbbec.ini
[0.758s] -- Up-to-date: /home/klein/camera_ros2/install/astra_camera/include/openni2/openni2_redist/arm/OpenNI2/Drivers/liborbbec.so
[0.759s] -- Up-to-date: /home/klein/camera_ros2/install/astra_camera/include/openni2/openni2_redist/arm/OpenNI2/Drivers/libOniFile.so
[0.759s] -- Up-to-date: /home/klein/camera_ros2/install/astra_camera/include/openni2/openni2_redist/arm/OpenNI2/Drivers/OniFile.ini
[0.760s] -- Up-to-date: /home/klein/camera_ros2/install/astra_camera/include/openni2/openni2_redist/arm64
[0.761s] -- Up-to-date: /home/klein/camera_ros2/install/astra_camera/include/openni2/openni2_redist/arm64/libOpenNI2.so
[0.761s] -- Up-to-date: /home/klein/camera_ros2/install/astra_camera/include/openni2/openni2_redist/arm64/NiViewer
[0.761s] -- Up-to-date: /home/klein/camera_ros2/install/astra_camera/include/openni2/openni2_redist/arm64/libDepthUtils.a
[0.762s] -- Up-to-date: /home/klein/camera_ros2/install/astra_camera/include/openni2/openni2_redist/arm64/PS1080Console
[0.762s] -- Up-to-date: /home/klein/camera_ros2/install/astra_camera/include/openni2/openni2_redist/arm64/SimpleRead
[0.763s] -- Up-to-date: /home/klein/camera_ros2/install/astra_camera/include/openni2/openni2_redist/arm64/OpenNI.ini
[0.764s] -- Up-to-date: /home/klein/camera_ros2/install/astra_camera/include/openni2/openni2_redist/arm64/OpenNI2
[0.764s] -- Up-to-date: /home/klein/camera_ros2/install/astra_camera/include/openni2/openni2_redist/arm64/OpenNI2/Drivers
[0.765s] -- Up-to-date: /home/klein/camera_ros2/install/astra_camera/include/openni2/openni2_redist/arm64/OpenNI2/Drivers/orbbec.ini
[0.765s] -- Up-to-date: /home/klein/camera_ros2/install/astra_camera/include/openni2/openni2_redist/arm64/OpenNI2/Drivers/liborbbec.so
[0.765s] -- Up-to-date: /home/klein/camera_ros2/install/astra_camera/include/openni2/openni2_redist/arm64/OpenNI2/Drivers/libOniFile.so
[0.766s] -- Up-to-date: /home/klein/camera_ros2/install/astra_camera/include/openni2/openni2_redist/arm64/OpenNI2/Drivers/OniFile.ini
[0.766s] -- Up-to-date: /home/klein/camera_ros2/install/astra_camera/include/openni2/SonixCamera.h
[0.766s] -- Up-to-date: /home/klein/camera_ros2/install/astra_camera/include/openni2/Win32
[0.766s] -- Up-to-date: /home/klein/camera_ros2/install/astra_camera/include/openni2/Win32/OniPlatformWin32.h
[0.767s] -- Up-to-date: /home/klein/camera_ros2/install/astra_camera/include/openni2/util.h
[0.768s] -- Up-to-date: /home/klein/camera_ros2/install/astra_camera/share/astra_camera//launch
[0.769s] -- Up-to-date: /home/klein/camera_ros2/install/astra_camera/share/astra_camera//launch/multi_dabai_pro.launch.py
[0.770s] -- Up-to-date: /home/klein/camera_ros2/install/astra_camera/share/astra_camera//launch/multi_dabai.launch.py
[0.770s] -- Up-to-date: /home/klein/camera_ros2/install/astra_camera/share/astra_camera//launch/dabai_pro.launch.py
[0.770s] -- Up-to-date: /home/klein/camera_ros2/install/astra_camera/share/astra_camera//launch/.gitkeep
[0.770s] -- Up-to-date: /home/klein/camera_ros2/install/astra_camera/share/astra_camera//launch/multi_dabai_dw.launch.py
[0.770s] -- Up-to-date: /home/klein/camera_ros2/install/astra_camera/share/astra_camera//launch/multi_astra_mini.launch.py
[0.770s] -- Up-to-date: /home/klein/camera_ros2/install/astra_camera/share/astra_camera//launch/dabai_dcw.launch.py
[0.771s] -- Up-to-date: /home/klein/camera_ros2/install/astra_camera/share/astra_camera//launch/dabai_dw.launch.py
[0.771s] -- Up-to-date: /home/klein/camera_ros2/install/astra_camera/share/astra_camera//launch/dabai.launch.py
[0.771s] -- Up-to-date: /home/klein/camera_ros2/install/astra_camera/share/astra_camera//launch/astra_mini.launch.py
[0.773s] -- Up-to-date: /home/klein/camera_ros2/install/astra_camera/share/astra_camera//launch/multi_dabai_dcw.launch.py
[0.773s] -- Up-to-date: /home/klein/camera_ros2/install/astra_camera/share/astra_camera//config
[0.773s] -- Up-to-date: /home/klein/camera_ros2/install/astra_camera/share/astra_camera//config/.gitkeep
[0.774s] -- Up-to-date: /home/klein/camera_ros2/install/astra_camera/share/astra_camera//params
[0.774s] -- Up-to-date: /home/klein/camera_ros2/install/astra_camera/share/astra_camera//params/.gitkeep
[0.774s] -- Up-to-date: /home/klein/camera_ros2/install/astra_camera/share/astra_camera//params/astra_mini_params.yaml
[0.775s] -- Up-to-date: /home/klein/camera_ros2/install/astra_camera/share/astra_camera//params/dabai_dw_params.yaml
[0.775s] -- Up-to-date: /home/klein/camera_ros2/install/astra_camera/share/astra_camera//params/dabai_pro_params.yaml
[0.776s] -- Up-to-date: /home/klein/camera_ros2/install/astra_camera/share/astra_camera//params/camera_params_template.yaml
[0.776s] -- Up-to-date: /home/klein/camera_ros2/install/astra_camera/share/astra_camera//params/dabai_params.yaml
[0.777s] -- Up-to-date: /home/klein/camera_ros2/install/astra_camera/share/astra_camera//params/dabai_dcw_params.yaml
[0.778s] -- Up-to-date: /home/klein/camera_ros2/install/astra_camera/share/astra_camera//rviz
[0.778s] -- Up-to-date: /home/klein/camera_ros2/install/astra_camera/share/astra_camera//rviz/.gitkeep
[0.779s] -- Up-to-date: /home/klein/camera_ros2/install/astra_camera/share/astra_camera//rviz/pointcloud.rviz
[0.779s] -- Up-to-date: /home/klein/camera_ros2/install/astra_camera/share/astra_camera//rviz/multi_camera.rviz
[0.780s] -- Up-to-date: /home/klein/camera_ros2/install/astra_camera/share/astra_camera/environment/library_path.sh
[0.780s] -- Up-to-date: /home/klein/camera_ros2/install/astra_camera/share/astra_camera/environment/library_path.dsv
[0.780s] -- Up-to-date: /home/klein/camera_ros2/install/astra_camera/share/ament_index/resource_index/package_run_dependencies/astra_camera
[0.780s] -- Up-to-date: /home/klein/camera_ros2/install/astra_camera/share/ament_index/resource_index/parent_prefix_path/astra_camera
[0.780s] -- Up-to-date: /home/klein/camera_ros2/install/astra_camera/share/astra_camera/environment/ament_prefix_path.sh
[0.781s] -- Up-to-date: /home/klein/camera_ros2/install/astra_camera/share/astra_camera/environment/ament_prefix_path.dsv
[0.781s] -- Up-to-date: /home/klein/camera_ros2/install/astra_camera/share/astra_camera/environment/path.sh
[0.781s] -- Up-to-date: /home/klein/camera_ros2/install/astra_camera/share/astra_camera/environment/path.dsv
[0.781s] -- Up-to-date: /home/klein/camera_ros2/install/astra_camera/share/astra_camera/local_setup.bash
[0.782s] -- Up-to-date: /home/klein/camera_ros2/install/astra_camera/share/astra_camera/local_setup.sh
[0.782s] -- Up-to-date: /home/klein/camera_ros2/install/astra_camera/share/astra_camera/local_setup.zsh
[0.783s] -- Up-to-date: /home/klein/camera_ros2/install/astra_camera/share/astra_camera/local_setup.dsv
[0.783s] -- Installing: /home/klein/camera_ros2/install/astra_camera/share/astra_camera/package.dsv
[0.784s] -- Up-to-date: /home/klein/camera_ros2/install/astra_camera/share/ament_index/resource_index/packages/astra_camera
[0.784s] -- Up-to-date: /home/klein/camera_ros2/install/astra_camera/share/ament_index/resource_index/rclcpp_components/astra_camera
[0.784s] -- Up-to-date: /home/klein/camera_ros2/install/astra_camera/share/astra_camera/cmake/ament_cmake_export_include_directories-extras.cmake
[0.784s] -- Up-to-date: /home/klein/camera_ros2/install/astra_camera/share/astra_camera/cmake/ament_cmake_export_libraries-extras.cmake
[0.785s] -- Up-to-date: /home/klein/camera_ros2/install/astra_camera/share/astra_camera/cmake/ament_cmake_export_dependencies-extras.cmake
[0.785s] -- Up-to-date: /home/klein/camera_ros2/install/astra_camera/share/astra_camera/cmake/astra_cameraConfig.cmake
[0.790s] -- Up-to-date: /home/klein/camera_ros2/install/astra_camera/share/astra_camera/cmake/astra_cameraConfig-version.cmake
[0.790s] -- Up-to-date: /home/klein/camera_ros2/install/astra_camera/share/astra_camera/package.xml
[0.791s] Invoked command in '/home/klein/camera_ros2/build/astra_camera' returned '0': CMAKE_PREFIX_PATH=/home/klein/camera_ros2/install/astra_camera_msgs:/home/klein/camera_ros2/install/opencv_use:/home/klein/camera_ros2/install/astra_camera:/home/klein/ros2move_ws/install/pkg01_helloworld_cpp:/home/klein/ros2move_ws/install/cpp01_topic:/opt/ros/foxy LD_LIBRARY_PATH=/home/klein/camera_ros2/install/astra_camera_msgs/lib:/home/klein/camera_ros2/install/astra_camera/lib:/usr/local/lib:/opt/ros/foxy/opt/yaml_cpp_vendor/lib:/opt/ros/foxy/opt/rviz_ogre_vendor/lib:/opt/ros/foxy/lib/x86_64-linux-gnu:/opt/ros/foxy/lib /usr/bin/cmake --install /home/klein/camera_ros2/build/astra_camera
