[0.695s] DEBUG:colcon:Command line arguments: ['/usr/bin/colcon', 'build']
[0.695s] DEBUG:colcon:Parsed command line arguments: Namespace(allow_overriding=[], ament_cmake_args=None, base_paths=['.'], build_base='build', catkin_cmake_args=None, catkin_skip_building_tests=False, cmake_args=None, cmake_clean_cache=False, cmake_clean_first=False, cmake_force_configure=False, cmake_target=None, cmake_target_skip_unavailable=False, continue_on_error=False, event_handlers=None, executor='parallel', ignore_user_meta=False, install_base='install', log_base=None, log_level=None, main=<bound method BuildVerb.main of <colcon_core.verb.build.BuildVerb object at 0x7f673308d8b0>>, merge_install=False, metas=['./colcon.meta'], packages_above=None, packages_above_and_dependencies=None, packages_above_depth=None, packages_end=None, packages_ignore=None, packages_ignore_regex=None, packages_select=None, packages_select_build_failed=False, packages_select_by_dep=None, packages_select_regex=None, packages_select_test_failures=False, packages_skip=None, packages_skip_build_finished=False, packages_skip_by_dep=None, packages_skip_regex=None, packages_skip_test_passed=False, packages_skip_up_to=None, packages_start=None, packages_up_to=None, packages_up_to_regex=None, parallel_workers=4, paths=None, symlink_install=False, test_result_base=None, verb_extension=<colcon_core.verb.build.BuildVerb object at 0x7f673308d8b0>, verb_name='build', verb_parser=<colcon_defaults.argument_parser.defaults.DefaultArgumentsDecorator object at 0x7f6732f76610>)
[1.223s] Level 1:colcon.colcon_core.package_discovery:discover_packages(colcon_meta) check parameters
[1.223s] Level 1:colcon.colcon_core.package_discovery:discover_packages(recursive) check parameters
[1.223s] Level 1:colcon.colcon_core.package_discovery:discover_packages(ignore) check parameters
[1.223s] Level 1:colcon.colcon_core.package_discovery:discover_packages(path) check parameters
[1.223s] Level 1:colcon.colcon_core.package_discovery:discover_packages(colcon_meta) discover
[1.224s] Level 1:colcon.colcon_core.package_discovery:discover_packages(recursive) discover
[1.224s] INFO:colcon.colcon_core.package_discovery:Crawling recursively for packages in '/home/klein/camera_ros2'
[1.224s] Level 1:colcon.colcon_core.package_identification:_identify(.) by extensions ['ignore', 'ignore_ament_install']
[1.226s] Level 1:colcon.colcon_core.package_identification:_identify(.) by extension 'ignore'
[1.226s] Level 1:colcon.colcon_core.package_identification:_identify(.) by extension 'ignore_ament_install'
[1.226s] Level 1:colcon.colcon_core.package_identification:_identify(.) by extensions ['colcon_pkg']
[1.227s] Level 1:colcon.colcon_core.package_identification:_identify(.) by extension 'colcon_pkg'
[1.227s] Level 1:colcon.colcon_core.package_identification:_identify(.) by extensions ['colcon_meta']
[1.227s] Level 1:colcon.colcon_core.package_identification:_identify(.) by extension 'colcon_meta'
[1.227s] Level 1:colcon.colcon_core.package_identification:_identify(.) by extensions ['ros']
[1.227s] Level 1:colcon.colcon_core.package_identification:_identify(.) by extension 'ros'
[1.259s] Level 1:colcon.colcon_core.package_identification:_identify(.) by extensions ['cmake', 'python']
[1.259s] Level 1:colcon.colcon_core.package_identification:_identify(.) by extension 'cmake'
[1.259s] Level 1:colcon.colcon_core.package_identification:_identify(.) by extension 'python'
[1.259s] Level 1:colcon.colcon_core.package_identification:_identify(.) by extensions ['python_setup_py']
[1.259s] Level 1:colcon.colcon_core.package_identification:_identify(.) by extension 'python_setup_py'
[1.260s] Level 1:colcon.colcon_core.package_identification:_identify(build) by extensions ['ignore', 'ignore_ament_install']
[1.260s] Level 1:colcon.colcon_core.package_identification:_identify(build) by extension 'ignore'
[1.260s] Level 1:colcon.colcon_core.package_identification:_identify(build) ignored
[1.261s] Level 1:colcon.colcon_core.package_identification:_identify(install) by extensions ['ignore', 'ignore_ament_install']
[1.261s] Level 1:colcon.colcon_core.package_identification:_identify(install) by extension 'ignore'
[1.261s] Level 1:colcon.colcon_core.package_identification:_identify(install) ignored
[1.262s] Level 1:colcon.colcon_core.package_identification:_identify(log) by extensions ['ignore', 'ignore_ament_install']
[1.262s] Level 1:colcon.colcon_core.package_identification:_identify(log) by extension 'ignore'
[1.262s] Level 1:colcon.colcon_core.package_identification:_identify(log) ignored
[1.262s] Level 1:colcon.colcon_core.package_identification:_identify(src) by extensions ['ignore', 'ignore_ament_install']
[1.263s] Level 1:colcon.colcon_core.package_identification:_identify(src) by extension 'ignore'
[1.263s] Level 1:colcon.colcon_core.package_identification:_identify(src) by extension 'ignore_ament_install'
[1.263s] Level 1:colcon.colcon_core.package_identification:_identify(src) by extensions ['colcon_pkg']
[1.263s] Level 1:colcon.colcon_core.package_identification:_identify(src) by extension 'colcon_pkg'
[1.263s] Level 1:colcon.colcon_core.package_identification:_identify(src) by extensions ['colcon_meta']
[1.264s] Level 1:colcon.colcon_core.package_identification:_identify(src) by extension 'colcon_meta'
[1.264s] Level 1:colcon.colcon_core.package_identification:_identify(src) by extensions ['ros']
[1.264s] Level 1:colcon.colcon_core.package_identification:_identify(src) by extension 'ros'
[1.264s] Level 1:colcon.colcon_core.package_identification:_identify(src) by extensions ['cmake', 'python']
[1.264s] Level 1:colcon.colcon_core.package_identification:_identify(src) by extension 'cmake'
[1.264s] Level 1:colcon.colcon_core.package_identification:_identify(src) by extension 'python'
[1.265s] Level 1:colcon.colcon_core.package_identification:_identify(src) by extensions ['python_setup_py']
[1.265s] Level 1:colcon.colcon_core.package_identification:_identify(src) by extension 'python_setup_py'
[1.266s] Level 1:colcon.colcon_core.package_identification:_identify(src/opencv_use) by extensions ['ignore', 'ignore_ament_install']
[1.266s] Level 1:colcon.colcon_core.package_identification:_identify(src/opencv_use) by extension 'ignore'
[1.266s] Level 1:colcon.colcon_core.package_identification:_identify(src/opencv_use) by extension 'ignore_ament_install'
[1.266s] Level 1:colcon.colcon_core.package_identification:_identify(src/opencv_use) by extensions ['colcon_pkg']
[1.266s] Level 1:colcon.colcon_core.package_identification:_identify(src/opencv_use) by extension 'colcon_pkg'
[1.266s] Level 1:colcon.colcon_core.package_identification:_identify(src/opencv_use) by extensions ['colcon_meta']
[1.267s] Level 1:colcon.colcon_core.package_identification:_identify(src/opencv_use) by extension 'colcon_meta'
[1.267s] Level 1:colcon.colcon_core.package_identification:_identify(src/opencv_use) by extensions ['ros']
[1.267s] Level 1:colcon.colcon_core.package_identification:_identify(src/opencv_use) by extension 'ros'
[1.272s] DEBUG:colcon.colcon_core.package_identification:Package 'src/opencv_use' with type 'ros.ament_cmake' and name 'opencv_use'
[1.272s] Level 1:colcon.colcon_core.package_identification:_identify(src/ros2_astra_camera) by extensions ['ignore', 'ignore_ament_install']
[1.272s] Level 1:colcon.colcon_core.package_identification:_identify(src/ros2_astra_camera) by extension 'ignore'
[1.272s] Level 1:colcon.colcon_core.package_identification:_identify(src/ros2_astra_camera) by extension 'ignore_ament_install'
[1.272s] Level 1:colcon.colcon_core.package_identification:_identify(src/ros2_astra_camera) by extensions ['colcon_pkg']
[1.272s] Level 1:colcon.colcon_core.package_identification:_identify(src/ros2_astra_camera) by extension 'colcon_pkg'
[1.272s] Level 1:colcon.colcon_core.package_identification:_identify(src/ros2_astra_camera) by extensions ['colcon_meta']
[1.272s] Level 1:colcon.colcon_core.package_identification:_identify(src/ros2_astra_camera) by extension 'colcon_meta'
[1.273s] Level 1:colcon.colcon_core.package_identification:_identify(src/ros2_astra_camera) by extensions ['ros']
[1.273s] Level 1:colcon.colcon_core.package_identification:_identify(src/ros2_astra_camera) by extension 'ros'
[1.273s] Level 1:colcon.colcon_core.package_identification:_identify(src/ros2_astra_camera) by extensions ['cmake', 'python']
[1.273s] Level 1:colcon.colcon_core.package_identification:_identify(src/ros2_astra_camera) by extension 'cmake'
[1.273s] Level 1:colcon.colcon_core.package_identification:_identify(src/ros2_astra_camera) by extension 'python'
[1.273s] Level 1:colcon.colcon_core.package_identification:_identify(src/ros2_astra_camera) by extensions ['python_setup_py']
[1.273s] Level 1:colcon.colcon_core.package_identification:_identify(src/ros2_astra_camera) by extension 'python_setup_py'
[1.273s] Level 1:colcon.colcon_core.package_identification:_identify(src/ros2_astra_camera/astra_camera) by extensions ['ignore', 'ignore_ament_install']
[1.273s] Level 1:colcon.colcon_core.package_identification:_identify(src/ros2_astra_camera/astra_camera) by extension 'ignore'
[1.273s] Level 1:colcon.colcon_core.package_identification:_identify(src/ros2_astra_camera/astra_camera) by extension 'ignore_ament_install'
[1.273s] Level 1:colcon.colcon_core.package_identification:_identify(src/ros2_astra_camera/astra_camera) by extensions ['colcon_pkg']
[1.273s] Level 1:colcon.colcon_core.package_identification:_identify(src/ros2_astra_camera/astra_camera) by extension 'colcon_pkg'
[1.273s] Level 1:colcon.colcon_core.package_identification:_identify(src/ros2_astra_camera/astra_camera) by extensions ['colcon_meta']
[1.273s] Level 1:colcon.colcon_core.package_identification:_identify(src/ros2_astra_camera/astra_camera) by extension 'colcon_meta'
[1.273s] Level 1:colcon.colcon_core.package_identification:_identify(src/ros2_astra_camera/astra_camera) by extensions ['ros']
[1.273s] Level 1:colcon.colcon_core.package_identification:_identify(src/ros2_astra_camera/astra_camera) by extension 'ros'
[1.276s] DEBUG:colcon.colcon_core.package_identification:Package 'src/ros2_astra_camera/astra_camera' with type 'ros.ament_cmake' and name 'astra_camera'
[1.276s] Level 1:colcon.colcon_core.package_identification:_identify(src/ros2_astra_camera/astra_camera_msgs) by extensions ['ignore', 'ignore_ament_install']
[1.276s] Level 1:colcon.colcon_core.package_identification:_identify(src/ros2_astra_camera/astra_camera_msgs) by extension 'ignore'
[1.277s] Level 1:colcon.colcon_core.package_identification:_identify(src/ros2_astra_camera/astra_camera_msgs) by extension 'ignore_ament_install'
[1.277s] Level 1:colcon.colcon_core.package_identification:_identify(src/ros2_astra_camera/astra_camera_msgs) by extensions ['colcon_pkg']
[1.277s] Level 1:colcon.colcon_core.package_identification:_identify(src/ros2_astra_camera/astra_camera_msgs) by extension 'colcon_pkg'
[1.277s] Level 1:colcon.colcon_core.package_identification:_identify(src/ros2_astra_camera/astra_camera_msgs) by extensions ['colcon_meta']
[1.277s] Level 1:colcon.colcon_core.package_identification:_identify(src/ros2_astra_camera/astra_camera_msgs) by extension 'colcon_meta'
[1.277s] Level 1:colcon.colcon_core.package_identification:_identify(src/ros2_astra_camera/astra_camera_msgs) by extensions ['ros']
[1.277s] Level 1:colcon.colcon_core.package_identification:_identify(src/ros2_astra_camera/astra_camera_msgs) by extension 'ros'
[1.278s] DEBUG:colcon.colcon_core.package_identification:Package 'src/ros2_astra_camera/astra_camera_msgs' with type 'ros.ament_cmake' and name 'astra_camera_msgs'
[1.278s] Level 1:colcon.colcon_core.package_discovery:discover_packages(recursive) using defaults
[1.279s] Level 1:colcon.colcon_core.package_discovery:discover_packages(ignore) discover
[1.279s] Level 1:colcon.colcon_core.package_discovery:discover_packages(ignore) using defaults
[1.279s] Level 1:colcon.colcon_core.package_discovery:discover_packages(path) discover
[1.279s] Level 1:colcon.colcon_core.package_discovery:discover_packages(path) using defaults
[1.315s] Level 1:colcon.colcon_core.package_discovery:discover_packages(prefix_path) check parameters
[1.315s] Level 1:colcon.colcon_core.package_discovery:discover_packages(prefix_path) discover
[1.321s] DEBUG:colcon.colcon_installed_package_information.package_discovery:Found 3 installed packages in /home/klein/camera_ros2/install
[1.322s] DEBUG:colcon.colcon_installed_package_information.package_discovery:Found 2 installed packages in /home/klein/ros2move_ws/install
[1.326s] DEBUG:colcon.colcon_installed_package_information.package_discovery:Found 269 installed packages in /opt/ros/foxy
[1.332s] Level 1:colcon.colcon_core.package_discovery:discover_packages(prefix_path) using defaults
[1.512s] Level 5:colcon.colcon_core.verb:set package 'astra_camera_msgs' build argument 'cmake_args' from command line to 'None'
[1.513s] Level 5:colcon.colcon_core.verb:set package 'astra_camera_msgs' build argument 'cmake_target' from command line to 'None'
[1.513s] Level 5:colcon.colcon_core.verb:set package 'astra_camera_msgs' build argument 'cmake_target_skip_unavailable' from command line to 'False'
[1.513s] Level 5:colcon.colcon_core.verb:set package 'astra_camera_msgs' build argument 'cmake_clean_cache' from command line to 'False'
[1.513s] Level 5:colcon.colcon_core.verb:set package 'astra_camera_msgs' build argument 'cmake_clean_first' from command line to 'False'
[1.513s] Level 5:colcon.colcon_core.verb:set package 'astra_camera_msgs' build argument 'cmake_force_configure' from command line to 'False'
[1.513s] Level 5:colcon.colcon_core.verb:set package 'astra_camera_msgs' build argument 'ament_cmake_args' from command line to 'None'
[1.513s] Level 5:colcon.colcon_core.verb:set package 'astra_camera_msgs' build argument 'catkin_cmake_args' from command line to 'None'
[1.513s] Level 5:colcon.colcon_core.verb:set package 'astra_camera_msgs' build argument 'catkin_skip_building_tests' from command line to 'False'
[1.513s] DEBUG:colcon.colcon_core.verb:Building package 'astra_camera_msgs' with the following arguments: {'ament_cmake_args': None, 'build_base': '/home/klein/camera_ros2/build/astra_camera_msgs', 'catkin_cmake_args': None, 'catkin_skip_building_tests': False, 'cmake_args': None, 'cmake_clean_cache': False, 'cmake_clean_first': False, 'cmake_force_configure': False, 'cmake_target': None, 'cmake_target_skip_unavailable': False, 'install_base': '/home/klein/camera_ros2/install/astra_camera_msgs', 'merge_install': False, 'path': '/home/klein/camera_ros2/src/ros2_astra_camera/astra_camera_msgs', 'symlink_install': False, 'test_result_base': None}
[1.515s] Level 5:colcon.colcon_core.verb:set package 'opencv_use' build argument 'cmake_args' from command line to 'None'
[1.516s] Level 5:colcon.colcon_core.verb:set package 'opencv_use' build argument 'cmake_target' from command line to 'None'
[1.516s] Level 5:colcon.colcon_core.verb:set package 'opencv_use' build argument 'cmake_target_skip_unavailable' from command line to 'False'
[1.516s] Level 5:colcon.colcon_core.verb:set package 'opencv_use' build argument 'cmake_clean_cache' from command line to 'False'
[1.516s] Level 5:colcon.colcon_core.verb:set package 'opencv_use' build argument 'cmake_clean_first' from command line to 'False'
[1.516s] Level 5:colcon.colcon_core.verb:set package 'opencv_use' build argument 'cmake_force_configure' from command line to 'False'
[1.516s] Level 5:colcon.colcon_core.verb:set package 'opencv_use' build argument 'ament_cmake_args' from command line to 'None'
[1.516s] Level 5:colcon.colcon_core.verb:set package 'opencv_use' build argument 'catkin_cmake_args' from command line to 'None'
[1.516s] Level 5:colcon.colcon_core.verb:set package 'opencv_use' build argument 'catkin_skip_building_tests' from command line to 'False'
[1.516s] DEBUG:colcon.colcon_core.verb:Building package 'opencv_use' with the following arguments: {'ament_cmake_args': None, 'build_base': '/home/klein/camera_ros2/build/opencv_use', 'catkin_cmake_args': None, 'catkin_skip_building_tests': False, 'cmake_args': None, 'cmake_clean_cache': False, 'cmake_clean_first': False, 'cmake_force_configure': False, 'cmake_target': None, 'cmake_target_skip_unavailable': False, 'install_base': '/home/klein/camera_ros2/install/opencv_use', 'merge_install': False, 'path': '/home/klein/camera_ros2/src/opencv_use', 'symlink_install': False, 'test_result_base': None}
[1.518s] Level 5:colcon.colcon_core.verb:set package 'astra_camera' build argument 'cmake_args' from command line to 'None'
[1.518s] Level 5:colcon.colcon_core.verb:set package 'astra_camera' build argument 'cmake_target' from command line to 'None'
[1.518s] Level 5:colcon.colcon_core.verb:set package 'astra_camera' build argument 'cmake_target_skip_unavailable' from command line to 'False'
[1.518s] Level 5:colcon.colcon_core.verb:set package 'astra_camera' build argument 'cmake_clean_cache' from command line to 'False'
[1.518s] Level 5:colcon.colcon_core.verb:set package 'astra_camera' build argument 'cmake_clean_first' from command line to 'False'
[1.518s] Level 5:colcon.colcon_core.verb:set package 'astra_camera' build argument 'cmake_force_configure' from command line to 'False'
[1.518s] Level 5:colcon.colcon_core.verb:set package 'astra_camera' build argument 'ament_cmake_args' from command line to 'None'
[1.518s] Level 5:colcon.colcon_core.verb:set package 'astra_camera' build argument 'catkin_cmake_args' from command line to 'None'
[1.518s] Level 5:colcon.colcon_core.verb:set package 'astra_camera' build argument 'catkin_skip_building_tests' from command line to 'False'
[1.519s] DEBUG:colcon.colcon_core.verb:Building package 'astra_camera' with the following arguments: {'ament_cmake_args': None, 'build_base': '/home/klein/camera_ros2/build/astra_camera', 'catkin_cmake_args': None, 'catkin_skip_building_tests': False, 'cmake_args': None, 'cmake_clean_cache': False, 'cmake_clean_first': False, 'cmake_force_configure': False, 'cmake_target': None, 'cmake_target_skip_unavailable': False, 'install_base': '/home/klein/camera_ros2/install/astra_camera', 'merge_install': False, 'path': '/home/klein/camera_ros2/src/ros2_astra_camera/astra_camera', 'symlink_install': False, 'test_result_base': None}
[1.519s] INFO:colcon.colcon_core.executor:Executing jobs using 'parallel' executor
[1.523s] DEBUG:colcon.colcon_parallel_executor.executor.parallel:run_until_complete
[1.523s] INFO:colcon.colcon_ros.task.ament_cmake.build:Building ROS package in '/home/klein/camera_ros2/src/ros2_astra_camera/astra_camera_msgs' with build type 'ament_cmake'
[1.523s] INFO:colcon.colcon_cmake.task.cmake.build:Building CMake package in '/home/klein/camera_ros2/src/ros2_astra_camera/astra_camera_msgs'
[1.530s] INFO:colcon.colcon_core.plugin_system:Skipping extension 'colcon_core.shell.bat': Not used on non-Windows systems
[1.535s] INFO:colcon.colcon_core.shell:Skip shell extension 'powershell' for command environment: Not usable outside of PowerShell
[1.535s] DEBUG:colcon.colcon_core.shell:Skip shell extension 'dsv' for command environment
[1.552s] INFO:colcon.colcon_ros.task.ament_cmake.build:Building ROS package in '/home/klein/camera_ros2/src/opencv_use' with build type 'ament_cmake'
[1.553s] INFO:colcon.colcon_cmake.task.cmake.build:Building CMake package in '/home/klein/camera_ros2/src/opencv_use'
[1.556s] INFO:colcon.colcon_core.shell:Skip shell extension 'powershell' for command environment: Not usable outside of PowerShell
[1.556s] DEBUG:colcon.colcon_core.shell:Skip shell extension 'dsv' for command environment
[1.602s] DEBUG:colcon.colcon_core.event_handler.log_command:Invoking command in '/home/klein/camera_ros2/build/astra_camera_msgs': CMAKE_PREFIX_PATH=${CMAKE_PREFIX_PATH}:/opt/ros/foxy /usr/bin/cmake --build /home/klein/camera_ros2/build/astra_camera_msgs -- -j4 -l4
[1.626s] DEBUG:colcon.colcon_core.event_handler.log_command:Invoking command in '/home/klein/camera_ros2/build/opencv_use': CMAKE_PREFIX_PATH=${CMAKE_PREFIX_PATH}:/opt/ros/foxy /usr/bin/cmake --build /home/klein/camera_ros2/build/opencv_use -- -j4 -l4
[2.542s] DEBUG:colcon.colcon_core.event_handler.log_command:Invoked command in '/home/klein/camera_ros2/build/astra_camera_msgs' returned '0': CMAKE_PREFIX_PATH=${CMAKE_PREFIX_PATH}:/opt/ros/foxy /usr/bin/cmake --build /home/klein/camera_ros2/build/astra_camera_msgs -- -j4 -l4
[3.076s] DEBUG:colcon.colcon_core.event_handler.log_command:Invoking command in '/home/klein/camera_ros2/build/astra_camera_msgs': CMAKE_PREFIX_PATH=${CMAKE_PREFIX_PATH}:/opt/ros/foxy /usr/bin/cmake --install /home/klein/camera_ros2/build/astra_camera_msgs
[3.310s] Level 1:colcon.colcon_core.environment:create_environment_scripts_only(astra_camera_msgs)
[3.317s] Level 1:colcon.colcon_core.environment:checking '/home/klein/camera_ros2/install/astra_camera_msgs' for CMake module files
[3.319s] DEBUG:colcon.colcon_core.event_handler.log_command:Invoked command in '/home/klein/camera_ros2/build/astra_camera_msgs' returned '0': CMAKE_PREFIX_PATH=${CMAKE_PREFIX_PATH}:/opt/ros/foxy /usr/bin/cmake --install /home/klein/camera_ros2/build/astra_camera_msgs
[3.320s] Level 1:colcon.colcon_core.environment:checking '/home/klein/camera_ros2/install/astra_camera_msgs' for CMake config files
[3.322s] Level 1:colcon.colcon_core.shell:create_environment_hook('astra_camera_msgs', 'cmake_prefix_path')
[3.322s] INFO:colcon.colcon_core.shell:Creating environment hook '/home/klein/camera_ros2/install/astra_camera_msgs/share/astra_camera_msgs/hook/cmake_prefix_path.ps1'
[3.325s] INFO:colcon.colcon_core.shell:Creating environment descriptor '/home/klein/camera_ros2/install/astra_camera_msgs/share/astra_camera_msgs/hook/cmake_prefix_path.dsv'
[3.327s] INFO:colcon.colcon_core.shell:Creating environment hook '/home/klein/camera_ros2/install/astra_camera_msgs/share/astra_camera_msgs/hook/cmake_prefix_path.sh'
[3.330s] Level 1:colcon.colcon_core.environment:checking '/home/klein/camera_ros2/install/astra_camera_msgs/lib'
[3.331s] Level 1:colcon.colcon_core.shell:create_environment_hook('astra_camera_msgs', 'ld_library_path_lib')
[3.332s] INFO:colcon.colcon_core.shell:Creating environment hook '/home/klein/camera_ros2/install/astra_camera_msgs/share/astra_camera_msgs/hook/ld_library_path_lib.ps1'
[3.335s] INFO:colcon.colcon_core.shell:Creating environment descriptor '/home/klein/camera_ros2/install/astra_camera_msgs/share/astra_camera_msgs/hook/ld_library_path_lib.dsv'
[3.337s] INFO:colcon.colcon_core.shell:Creating environment hook '/home/klein/camera_ros2/install/astra_camera_msgs/share/astra_camera_msgs/hook/ld_library_path_lib.sh'
[3.339s] Level 1:colcon.colcon_core.environment:checking '/home/klein/camera_ros2/install/astra_camera_msgs/bin'
[3.339s] Level 1:colcon.colcon_core.environment:checking '/home/klein/camera_ros2/install/astra_camera_msgs/lib/pkgconfig/astra_camera_msgs.pc'
[3.340s] Level 1:colcon.colcon_core.environment:checking '/home/klein/camera_ros2/install/astra_camera_msgs/lib/python3.8/site-packages'
[3.340s] Level 1:colcon.colcon_core.shell:create_environment_hook('astra_camera_msgs', 'pythonpath')
[3.341s] INFO:colcon.colcon_core.shell:Creating environment hook '/home/klein/camera_ros2/install/astra_camera_msgs/share/astra_camera_msgs/hook/pythonpath.ps1'
[3.343s] INFO:colcon.colcon_core.shell:Creating environment descriptor '/home/klein/camera_ros2/install/astra_camera_msgs/share/astra_camera_msgs/hook/pythonpath.dsv'
[3.344s] INFO:colcon.colcon_core.shell:Creating environment hook '/home/klein/camera_ros2/install/astra_camera_msgs/share/astra_camera_msgs/hook/pythonpath.sh'
[3.347s] Level 1:colcon.colcon_core.environment:checking '/home/klein/camera_ros2/install/astra_camera_msgs/bin'
[3.348s] INFO:colcon.colcon_core.shell:Creating package script '/home/klein/camera_ros2/install/astra_camera_msgs/share/astra_camera_msgs/package.ps1'
[3.351s] INFO:colcon.colcon_core.shell:Creating package descriptor '/home/klein/camera_ros2/install/astra_camera_msgs/share/astra_camera_msgs/package.dsv'
[3.353s] INFO:colcon.colcon_core.shell:Creating package script '/home/klein/camera_ros2/install/astra_camera_msgs/share/astra_camera_msgs/package.sh'
[3.355s] INFO:colcon.colcon_core.shell:Creating package script '/home/klein/camera_ros2/install/astra_camera_msgs/share/astra_camera_msgs/package.bash'
[3.358s] INFO:colcon.colcon_core.shell:Creating package script '/home/klein/camera_ros2/install/astra_camera_msgs/share/astra_camera_msgs/package.zsh'
[3.362s] Level 1:colcon.colcon_core.environment:create_file_with_runtime_dependencies(/home/klein/camera_ros2/install/astra_camera_msgs/share/colcon-core/packages/astra_camera_msgs)
[3.875s] Level 1:colcon.colcon_core.environment:create_environment_scripts_only(astra_camera_msgs)
[3.876s] Level 1:colcon.colcon_core.environment:checking '/home/klein/camera_ros2/install/astra_camera_msgs' for CMake module files
[3.878s] Level 1:colcon.colcon_core.environment:checking '/home/klein/camera_ros2/install/astra_camera_msgs' for CMake config files
[3.880s] Level 1:colcon.colcon_core.shell:create_environment_hook('astra_camera_msgs', 'cmake_prefix_path')
[3.882s] INFO:colcon.colcon_core.shell:Creating environment hook '/home/klein/camera_ros2/install/astra_camera_msgs/share/astra_camera_msgs/hook/cmake_prefix_path.ps1'
[3.884s] INFO:colcon.colcon_core.shell:Creating environment descriptor '/home/klein/camera_ros2/install/astra_camera_msgs/share/astra_camera_msgs/hook/cmake_prefix_path.dsv'
[3.885s] INFO:colcon.colcon_core.shell:Creating environment hook '/home/klein/camera_ros2/install/astra_camera_msgs/share/astra_camera_msgs/hook/cmake_prefix_path.sh'
[3.887s] Level 1:colcon.colcon_core.environment:checking '/home/klein/camera_ros2/install/astra_camera_msgs/lib'
[3.887s] Level 1:colcon.colcon_core.shell:create_environment_hook('astra_camera_msgs', 'ld_library_path_lib')
[3.888s] INFO:colcon.colcon_core.shell:Creating environment hook '/home/klein/camera_ros2/install/astra_camera_msgs/share/astra_camera_msgs/hook/ld_library_path_lib.ps1'
[3.889s] INFO:colcon.colcon_core.shell:Creating environment descriptor '/home/klein/camera_ros2/install/astra_camera_msgs/share/astra_camera_msgs/hook/ld_library_path_lib.dsv'
[3.890s] INFO:colcon.colcon_core.shell:Creating environment hook '/home/klein/camera_ros2/install/astra_camera_msgs/share/astra_camera_msgs/hook/ld_library_path_lib.sh'
[3.890s] Level 1:colcon.colcon_core.environment:checking '/home/klein/camera_ros2/install/astra_camera_msgs/bin'
[3.891s] Level 1:colcon.colcon_core.environment:checking '/home/klein/camera_ros2/install/astra_camera_msgs/lib/pkgconfig/astra_camera_msgs.pc'
[3.893s] Level 1:colcon.colcon_core.environment:checking '/home/klein/camera_ros2/install/astra_camera_msgs/lib/python3.8/site-packages'
[3.893s] Level 1:colcon.colcon_core.shell:create_environment_hook('astra_camera_msgs', 'pythonpath')
[3.894s] INFO:colcon.colcon_core.shell:Creating environment hook '/home/klein/camera_ros2/install/astra_camera_msgs/share/astra_camera_msgs/hook/pythonpath.ps1'
[3.895s] INFO:colcon.colcon_core.shell:Creating environment descriptor '/home/klein/camera_ros2/install/astra_camera_msgs/share/astra_camera_msgs/hook/pythonpath.dsv'
[3.896s] INFO:colcon.colcon_core.shell:Creating environment hook '/home/klein/camera_ros2/install/astra_camera_msgs/share/astra_camera_msgs/hook/pythonpath.sh'
[3.900s] Level 1:colcon.colcon_core.environment:checking '/home/klein/camera_ros2/install/astra_camera_msgs/bin'
[3.902s] INFO:colcon.colcon_core.shell:Creating package script '/home/klein/camera_ros2/install/astra_camera_msgs/share/astra_camera_msgs/package.ps1'
[3.905s] INFO:colcon.colcon_core.shell:Creating package descriptor '/home/klein/camera_ros2/install/astra_camera_msgs/share/astra_camera_msgs/package.dsv'
[3.908s] INFO:colcon.colcon_core.shell:Creating package script '/home/klein/camera_ros2/install/astra_camera_msgs/share/astra_camera_msgs/package.sh'
[3.910s] INFO:colcon.colcon_core.shell:Creating package script '/home/klein/camera_ros2/install/astra_camera_msgs/share/astra_camera_msgs/package.bash'
[3.911s] INFO:colcon.colcon_core.shell:Creating package script '/home/klein/camera_ros2/install/astra_camera_msgs/share/astra_camera_msgs/package.zsh'
[3.913s] Level 1:colcon.colcon_core.environment:create_file_with_runtime_dependencies(/home/klein/camera_ros2/install/astra_camera_msgs/share/colcon-core/packages/astra_camera_msgs)
[3.915s] INFO:colcon.colcon_ros.task.ament_cmake.build:Building ROS package in '/home/klein/camera_ros2/src/ros2_astra_camera/astra_camera' with build type 'ament_cmake'
[3.917s] INFO:colcon.colcon_cmake.task.cmake.build:Building CMake package in '/home/klein/camera_ros2/src/ros2_astra_camera/astra_camera'
[3.918s] INFO:colcon.colcon_core.shell:Skip shell extension 'powershell' for command environment: Not usable outside of PowerShell
[3.918s] DEBUG:colcon.colcon_core.shell:Skip shell extension 'dsv' for command environment
[3.978s] DEBUG:colcon.colcon_core.event_handler.log_command:Invoking command in '/home/klein/camera_ros2/build/astra_camera': CMAKE_PREFIX_PATH=/home/klein/camera_ros2/install/astra_camera_msgs:/home/klein/camera_ros2/install/opencv_use:/home/klein/camera_ros2/install/astra_camera:/home/klein/ros2move_ws/install/pkg01_helloworld_cpp:/home/klein/ros2move_ws/install/cpp01_topic:/opt/ros/foxy LD_LIBRARY_PATH=/home/klein/camera_ros2/install/astra_camera_msgs/lib:/home/klein/camera_ros2/install/astra_camera/lib:/usr/local/lib:/opt/ros/foxy/opt/yaml_cpp_vendor/lib:/opt/ros/foxy/opt/rviz_ogre_vendor/lib:/opt/ros/foxy/lib/x86_64-linux-gnu:/opt/ros/foxy/lib /usr/bin/cmake --build /home/klein/camera_ros2/build/astra_camera -- -j4 -l4
[4.473s] DEBUG:colcon.colcon_core.event_handler.log_command:Invoked command in '/home/klein/camera_ros2/build/astra_camera' returned '0': CMAKE_PREFIX_PATH=/home/klein/camera_ros2/install/astra_camera_msgs:/home/klein/camera_ros2/install/opencv_use:/home/klein/camera_ros2/install/astra_camera:/home/klein/ros2move_ws/install/pkg01_helloworld_cpp:/home/klein/ros2move_ws/install/cpp01_topic:/opt/ros/foxy LD_LIBRARY_PATH=/home/klein/camera_ros2/install/astra_camera_msgs/lib:/home/klein/camera_ros2/install/astra_camera/lib:/usr/local/lib:/opt/ros/foxy/opt/yaml_cpp_vendor/lib:/opt/ros/foxy/opt/rviz_ogre_vendor/lib:/opt/ros/foxy/lib/x86_64-linux-gnu:/opt/ros/foxy/lib /usr/bin/cmake --build /home/klein/camera_ros2/build/astra_camera -- -j4 -l4
[4.660s] DEBUG:colcon.colcon_core.event_handler.log_command:Invoking command in '/home/klein/camera_ros2/build/astra_camera': CMAKE_PREFIX_PATH=/home/klein/camera_ros2/install/astra_camera_msgs:/home/klein/camera_ros2/install/opencv_use:/home/klein/camera_ros2/install/astra_camera:/home/klein/ros2move_ws/install/pkg01_helloworld_cpp:/home/klein/ros2move_ws/install/cpp01_topic:/opt/ros/foxy LD_LIBRARY_PATH=/home/klein/camera_ros2/install/astra_camera_msgs/lib:/home/klein/camera_ros2/install/astra_camera/lib:/usr/local/lib:/opt/ros/foxy/opt/yaml_cpp_vendor/lib:/opt/ros/foxy/opt/rviz_ogre_vendor/lib:/opt/ros/foxy/lib/x86_64-linux-gnu:/opt/ros/foxy/lib /usr/bin/cmake --install /home/klein/camera_ros2/build/astra_camera
[4.742s] Level 1:colcon.colcon_core.environment:create_environment_scripts_only(astra_camera)
[4.743s] Level 1:colcon.colcon_core.environment:checking '/home/klein/camera_ros2/install/astra_camera' for CMake module files
[4.744s] Level 1:colcon.colcon_core.environment:checking '/home/klein/camera_ros2/install/astra_camera' for CMake config files
[4.754s] DEBUG:colcon.colcon_core.event_handler.log_command:Invoked command in '/home/klein/camera_ros2/build/astra_camera' returned '0': CMAKE_PREFIX_PATH=/home/klein/camera_ros2/install/astra_camera_msgs:/home/klein/camera_ros2/install/opencv_use:/home/klein/camera_ros2/install/astra_camera:/home/klein/ros2move_ws/install/pkg01_helloworld_cpp:/home/klein/ros2move_ws/install/cpp01_topic:/opt/ros/foxy LD_LIBRARY_PATH=/home/klein/camera_ros2/install/astra_camera_msgs/lib:/home/klein/camera_ros2/install/astra_camera/lib:/usr/local/lib:/opt/ros/foxy/opt/yaml_cpp_vendor/lib:/opt/ros/foxy/opt/rviz_ogre_vendor/lib:/opt/ros/foxy/lib/x86_64-linux-gnu:/opt/ros/foxy/lib /usr/bin/cmake --install /home/klein/camera_ros2/build/astra_camera
[4.755s] Level 1:colcon.colcon_core.shell:create_environment_hook('astra_camera', 'cmake_prefix_path')
[4.756s] INFO:colcon.colcon_core.shell:Creating environment hook '/home/klein/camera_ros2/install/astra_camera/share/astra_camera/hook/cmake_prefix_path.ps1'
[4.758s] INFO:colcon.colcon_core.shell:Creating environment descriptor '/home/klein/camera_ros2/install/astra_camera/share/astra_camera/hook/cmake_prefix_path.dsv'
[4.759s] INFO:colcon.colcon_core.shell:Creating environment hook '/home/klein/camera_ros2/install/astra_camera/share/astra_camera/hook/cmake_prefix_path.sh'
[4.762s] Level 1:colcon.colcon_core.environment:checking '/home/klein/camera_ros2/install/astra_camera/lib'
[4.762s] Level 1:colcon.colcon_core.shell:create_environment_hook('astra_camera', 'ld_library_path_lib')
[4.763s] INFO:colcon.colcon_core.shell:Creating environment hook '/home/klein/camera_ros2/install/astra_camera/share/astra_camera/hook/ld_library_path_lib.ps1'
[4.765s] INFO:colcon.colcon_core.shell:Creating environment descriptor '/home/klein/camera_ros2/install/astra_camera/share/astra_camera/hook/ld_library_path_lib.dsv'
[4.766s] INFO:colcon.colcon_core.shell:Creating environment hook '/home/klein/camera_ros2/install/astra_camera/share/astra_camera/hook/ld_library_path_lib.sh'
[4.767s] Level 1:colcon.colcon_core.environment:checking '/home/klein/camera_ros2/install/astra_camera/bin'
[4.767s] Level 1:colcon.colcon_core.environment:checking '/home/klein/camera_ros2/install/astra_camera/lib/pkgconfig/astra_camera.pc'
[4.768s] Level 1:colcon.colcon_core.environment:checking '/home/klein/camera_ros2/install/astra_camera/lib/python3.8/site-packages'
[4.768s] Level 1:colcon.colcon_core.environment:checking '/home/klein/camera_ros2/install/astra_camera/bin'
[4.769s] INFO:colcon.colcon_core.shell:Creating package script '/home/klein/camera_ros2/install/astra_camera/share/astra_camera/package.ps1'
[4.770s] INFO:colcon.colcon_core.shell:Creating package descriptor '/home/klein/camera_ros2/install/astra_camera/share/astra_camera/package.dsv'
[4.771s] INFO:colcon.colcon_core.shell:Creating package script '/home/klein/camera_ros2/install/astra_camera/share/astra_camera/package.sh'
[4.772s] INFO:colcon.colcon_core.shell:Creating package script '/home/klein/camera_ros2/install/astra_camera/share/astra_camera/package.bash'
[4.773s] INFO:colcon.colcon_core.shell:Creating package script '/home/klein/camera_ros2/install/astra_camera/share/astra_camera/package.zsh'
[4.774s] Level 1:colcon.colcon_core.environment:create_file_with_runtime_dependencies(/home/klein/camera_ros2/install/astra_camera/share/colcon-core/packages/astra_camera)
[4.923s] Level 1:colcon.colcon_core.environment:create_environment_scripts_only(astra_camera)
[4.924s] Level 1:colcon.colcon_core.environment:checking '/home/klein/camera_ros2/install/astra_camera' for CMake module files
[4.925s] Level 1:colcon.colcon_core.environment:checking '/home/klein/camera_ros2/install/astra_camera' for CMake config files
[4.934s] Level 1:colcon.colcon_core.shell:create_environment_hook('astra_camera', 'cmake_prefix_path')
[4.935s] INFO:colcon.colcon_core.shell:Creating environment hook '/home/klein/camera_ros2/install/astra_camera/share/astra_camera/hook/cmake_prefix_path.ps1'
[4.938s] INFO:colcon.colcon_core.shell:Creating environment descriptor '/home/klein/camera_ros2/install/astra_camera/share/astra_camera/hook/cmake_prefix_path.dsv'
[4.939s] INFO:colcon.colcon_core.shell:Creating environment hook '/home/klein/camera_ros2/install/astra_camera/share/astra_camera/hook/cmake_prefix_path.sh'
[4.942s] Level 1:colcon.colcon_core.environment:checking '/home/klein/camera_ros2/install/astra_camera/lib'
[4.943s] Level 1:colcon.colcon_core.shell:create_environment_hook('astra_camera', 'ld_library_path_lib')
[4.944s] INFO:colcon.colcon_core.shell:Creating environment hook '/home/klein/camera_ros2/install/astra_camera/share/astra_camera/hook/ld_library_path_lib.ps1'
[4.945s] INFO:colcon.colcon_core.shell:Creating environment descriptor '/home/klein/camera_ros2/install/astra_camera/share/astra_camera/hook/ld_library_path_lib.dsv'
[4.946s] INFO:colcon.colcon_core.shell:Creating environment hook '/home/klein/camera_ros2/install/astra_camera/share/astra_camera/hook/ld_library_path_lib.sh'
[4.947s] Level 1:colcon.colcon_core.environment:checking '/home/klein/camera_ros2/install/astra_camera/bin'
[4.947s] Level 1:colcon.colcon_core.environment:checking '/home/klein/camera_ros2/install/astra_camera/lib/pkgconfig/astra_camera.pc'
[4.948s] Level 1:colcon.colcon_core.environment:checking '/home/klein/camera_ros2/install/astra_camera/lib/python3.8/site-packages'
[4.949s] Level 1:colcon.colcon_core.environment:checking '/home/klein/camera_ros2/install/astra_camera/bin'
[4.950s] INFO:colcon.colcon_core.shell:Creating package script '/home/klein/camera_ros2/install/astra_camera/share/astra_camera/package.ps1'
[4.952s] INFO:colcon.colcon_core.shell:Creating package descriptor '/home/klein/camera_ros2/install/astra_camera/share/astra_camera/package.dsv'
[4.953s] INFO:colcon.colcon_core.shell:Creating package script '/home/klein/camera_ros2/install/astra_camera/share/astra_camera/package.sh'
[4.955s] INFO:colcon.colcon_core.shell:Creating package script '/home/klein/camera_ros2/install/astra_camera/share/astra_camera/package.bash'
[4.957s] INFO:colcon.colcon_core.shell:Creating package script '/home/klein/camera_ros2/install/astra_camera/share/astra_camera/package.zsh'
[4.959s] Level 1:colcon.colcon_core.environment:create_file_with_runtime_dependencies(/home/klein/camera_ros2/install/astra_camera/share/colcon-core/packages/astra_camera)
[27.344s] DEBUG:colcon.colcon_core.event_handler.log_command:Invoked command in '/home/klein/camera_ros2/build/opencv_use' returned '0': CMAKE_PREFIX_PATH=${CMAKE_PREFIX_PATH}:/opt/ros/foxy /usr/bin/cmake --build /home/klein/camera_ros2/build/opencv_use -- -j4 -l4
[27.467s] DEBUG:colcon.colcon_core.event_handler.log_command:Invoking command in '/home/klein/camera_ros2/build/opencv_use': CMAKE_PREFIX_PATH=${CMAKE_PREFIX_PATH}:/opt/ros/foxy /usr/bin/cmake --install /home/klein/camera_ros2/build/opencv_use
[27.509s] Level 1:colcon.colcon_core.environment:create_environment_scripts_only(opencv_use)
[27.511s] Level 1:colcon.colcon_core.environment:checking '/home/klein/camera_ros2/install/opencv_use' for CMake module files
[27.513s] DEBUG:colcon.colcon_core.event_handler.log_command:Invoked command in '/home/klein/camera_ros2/build/opencv_use' returned '0': CMAKE_PREFIX_PATH=${CMAKE_PREFIX_PATH}:/opt/ros/foxy /usr/bin/cmake --install /home/klein/camera_ros2/build/opencv_use
[27.514s] Level 1:colcon.colcon_core.environment:checking '/home/klein/camera_ros2/install/opencv_use' for CMake config files
[27.515s] Level 1:colcon.colcon_core.shell:create_environment_hook('opencv_use', 'cmake_prefix_path')
[27.515s] INFO:colcon.colcon_core.shell:Creating environment hook '/home/klein/camera_ros2/install/opencv_use/share/opencv_use/hook/cmake_prefix_path.ps1'
[27.517s] INFO:colcon.colcon_core.shell:Creating environment descriptor '/home/klein/camera_ros2/install/opencv_use/share/opencv_use/hook/cmake_prefix_path.dsv'
[27.519s] INFO:colcon.colcon_core.shell:Creating environment hook '/home/klein/camera_ros2/install/opencv_use/share/opencv_use/hook/cmake_prefix_path.sh'
[27.521s] Level 1:colcon.colcon_core.environment:checking '/home/klein/camera_ros2/install/opencv_use/lib'
[27.521s] Level 1:colcon.colcon_core.environment:checking '/home/klein/camera_ros2/install/opencv_use/bin'
[27.521s] Level 1:colcon.colcon_core.environment:checking '/home/klein/camera_ros2/install/opencv_use/lib/pkgconfig/opencv_use.pc'
[27.523s] Level 1:colcon.colcon_core.environment:checking '/home/klein/camera_ros2/install/opencv_use/lib/python3.8/site-packages'
[27.524s] Level 1:colcon.colcon_core.environment:checking '/home/klein/camera_ros2/install/opencv_use/bin'
[27.525s] INFO:colcon.colcon_core.shell:Creating package script '/home/klein/camera_ros2/install/opencv_use/share/opencv_use/package.ps1'
[27.527s] INFO:colcon.colcon_core.shell:Creating package descriptor '/home/klein/camera_ros2/install/opencv_use/share/opencv_use/package.dsv'
[27.530s] INFO:colcon.colcon_core.shell:Creating package script '/home/klein/camera_ros2/install/opencv_use/share/opencv_use/package.sh'
[27.534s] INFO:colcon.colcon_core.shell:Creating package script '/home/klein/camera_ros2/install/opencv_use/share/opencv_use/package.bash'
[27.536s] INFO:colcon.colcon_core.shell:Creating package script '/home/klein/camera_ros2/install/opencv_use/share/opencv_use/package.zsh'
[27.537s] Level 1:colcon.colcon_core.environment:create_file_with_runtime_dependencies(/home/klein/camera_ros2/install/opencv_use/share/colcon-core/packages/opencv_use)
[27.660s] Level 1:colcon.colcon_core.environment:create_environment_scripts_only(opencv_use)
[27.662s] Level 1:colcon.colcon_core.environment:checking '/home/klein/camera_ros2/install/opencv_use' for CMake module files
[27.664s] Level 1:colcon.colcon_core.environment:checking '/home/klein/camera_ros2/install/opencv_use' for CMake config files
[27.665s] Level 1:colcon.colcon_core.shell:create_environment_hook('opencv_use', 'cmake_prefix_path')
[27.667s] INFO:colcon.colcon_core.shell:Creating environment hook '/home/klein/camera_ros2/install/opencv_use/share/opencv_use/hook/cmake_prefix_path.ps1'
[27.669s] INFO:colcon.colcon_core.shell:Creating environment descriptor '/home/klein/camera_ros2/install/opencv_use/share/opencv_use/hook/cmake_prefix_path.dsv'
[27.671s] INFO:colcon.colcon_core.shell:Creating environment hook '/home/klein/camera_ros2/install/opencv_use/share/opencv_use/hook/cmake_prefix_path.sh'
[27.674s] Level 1:colcon.colcon_core.environment:checking '/home/klein/camera_ros2/install/opencv_use/lib'
[27.675s] Level 1:colcon.colcon_core.environment:checking '/home/klein/camera_ros2/install/opencv_use/bin'
[27.676s] Level 1:colcon.colcon_core.environment:checking '/home/klein/camera_ros2/install/opencv_use/lib/pkgconfig/opencv_use.pc'
[27.677s] Level 1:colcon.colcon_core.environment:checking '/home/klein/camera_ros2/install/opencv_use/lib/python3.8/site-packages'
[27.677s] Level 1:colcon.colcon_core.environment:checking '/home/klein/camera_ros2/install/opencv_use/bin'
[27.679s] INFO:colcon.colcon_core.shell:Creating package script '/home/klein/camera_ros2/install/opencv_use/share/opencv_use/package.ps1'
[27.682s] INFO:colcon.colcon_core.shell:Creating package descriptor '/home/klein/camera_ros2/install/opencv_use/share/opencv_use/package.dsv'
[27.684s] INFO:colcon.colcon_core.shell:Creating package script '/home/klein/camera_ros2/install/opencv_use/share/opencv_use/package.sh'
[27.686s] INFO:colcon.colcon_core.shell:Creating package script '/home/klein/camera_ros2/install/opencv_use/share/opencv_use/package.bash'
[27.688s] INFO:colcon.colcon_core.shell:Creating package script '/home/klein/camera_ros2/install/opencv_use/share/opencv_use/package.zsh'
[27.690s] Level 1:colcon.colcon_core.environment:create_file_with_runtime_dependencies(/home/klein/camera_ros2/install/opencv_use/share/colcon-core/packages/opencv_use)
[27.692s] DEBUG:colcon.colcon_parallel_executor.executor.parallel:closing loop
[27.694s] DEBUG:colcon.colcon_parallel_executor.executor.parallel:loop closed
[27.694s] DEBUG:colcon.colcon_parallel_executor.executor.parallel:run_until_complete finished with '0'
[27.694s] DEBUG:colcon.colcon_core.event_reactor:joining thread
[27.716s] INFO:colcon.colcon_core.plugin_system:Skipping extension 'colcon_notification.desktop_notification.terminal_notifier': Not used on non-Darwin systems
[27.716s] INFO:colcon.colcon_core.plugin_system:Skipping extension 'colcon_notification.desktop_notification.win32': Not used on non-Windows systems
[27.717s] INFO:colcon.colcon_notification.desktop_notification:Sending desktop notification using 'notify2'
[27.767s] DEBUG:colcon.colcon_core.event_reactor:joined thread
[27.768s] INFO:colcon.colcon_core.shell:Creating prefix script '/home/klein/camera_ros2/install/local_setup.ps1'
[27.772s] INFO:colcon.colcon_core.shell:Creating prefix util module '/home/klein/camera_ros2/install/_local_setup_util_ps1.py'
[27.775s] INFO:colcon.colcon_core.shell:Creating prefix chain script '/home/klein/camera_ros2/install/setup.ps1'
[27.781s] INFO:colcon.colcon_core.shell:Creating prefix script '/home/klein/camera_ros2/install/local_setup.sh'
[27.782s] INFO:colcon.colcon_core.shell:Creating prefix util module '/home/klein/camera_ros2/install/_local_setup_util_sh.py'
[27.784s] INFO:colcon.colcon_core.shell:Creating prefix chain script '/home/klein/camera_ros2/install/setup.sh'
[27.790s] INFO:colcon.colcon_core.shell:Creating prefix script '/home/klein/camera_ros2/install/local_setup.bash'
[27.792s] INFO:colcon.colcon_core.shell:Creating prefix chain script '/home/klein/camera_ros2/install/setup.bash'
[27.801s] INFO:colcon.colcon_core.shell:Creating prefix script '/home/klein/camera_ros2/install/local_setup.zsh'
[27.809s] INFO:colcon.colcon_core.shell:Creating prefix chain script '/home/klein/camera_ros2/install/setup.zsh'
