[0.062s] Invoking command in '/home/klein/camera_ros2/build/astra_camera': CMAKE_PREFIX_PATH=/home/klein/camera_ros2/install/astra_camera_msgs:/home/klein/camera_ros2/install/opencv_use:/home/klein/camera_ros2/install/astra_camera:/home/klein/ros2move_ws/install/pkg01_helloworld_cpp:/home/klein/ros2move_ws/install/cpp01_topic:/opt/ros/foxy LD_LIBRARY_PATH=/home/klein/camera_ros2/install/astra_camera_msgs/lib:/home/klein/camera_ros2/install/astra_camera/lib:/usr/local/lib:/opt/ros/foxy/opt/yaml_cpp_vendor/lib:/opt/ros/foxy/opt/rviz_ogre_vendor/lib:/opt/ros/foxy/lib/x86_64-linux-gnu:/opt/ros/foxy/lib /usr/bin/cmake --build /home/klein/camera_ros2/build/astra_camera -- -j4 -l4
[0.383s] [ 87%] Built target astra_camera
[0.467s] [100%] Built target list_devices_node
[0.563s] Invoked command in '/home/klein/camera_ros2/build/astra_camera' returned '0': CMAKE_PREFIX_PATH=/home/klein/camera_ros2/install/astra_camera_msgs:/home/klein/camera_ros2/install/opencv_use:/home/klein/camera_ros2/install/astra_camera:/home/klein/ros2move_ws/install/pkg01_helloworld_cpp:/home/klein/ros2move_ws/install/cpp01_topic:/opt/ros/foxy LD_LIBRARY_PATH=/home/klein/camera_ros2/install/astra_camera_msgs/lib:/home/klein/camera_ros2/install/astra_camera/lib:/usr/local/lib:/opt/ros/foxy/opt/yaml_cpp_vendor/lib:/opt/ros/foxy/opt/rviz_ogre_vendor/lib:/opt/ros/foxy/lib/x86_64-linux-gnu:/opt/ros/foxy/lib /usr/bin/cmake --build /home/klein/camera_ros2/build/astra_camera -- -j4 -l4
[0.759s] Invoking command in '/home/klein/camera_ros2/build/astra_camera': CMAKE_PREFIX_PATH=/home/klein/camera_ros2/install/astra_camera_msgs:/home/klein/camera_ros2/install/opencv_use:/home/klein/camera_ros2/install/astra_camera:/home/klein/ros2move_ws/install/pkg01_helloworld_cpp:/home/klein/ros2move_ws/install/cpp01_topic:/opt/ros/foxy LD_LIBRARY_PATH=/home/klein/camera_ros2/install/astra_camera_msgs/lib:/home/klein/camera_ros2/install/astra_camera/lib:/usr/local/lib:/opt/ros/foxy/opt/yaml_cpp_vendor/lib:/opt/ros/foxy/opt/rviz_ogre_vendor/lib:/opt/ros/foxy/lib/x86_64-linux-gnu:/opt/ros/foxy/lib /usr/bin/cmake --install /home/klein/camera_ros2/build/astra_camera
[0.791s] -- Install configuration: "Debug"
[0.791s] -- Up-to-date: /home/klein/camera_ros2/install/astra_camera/lib/libastra_camera.so
[0.791s] -- Up-to-date: /home/klein/camera_ros2/install/astra_camera/lib/libOpenNI2.so
[0.791s] -- Up-to-date: /home/klein/camera_ros2/install/astra_camera/lib//OpenNI2
[0.792s] -- Up-to-date: /home/klein/camera_ros2/install/astra_camera/lib//OpenNI2/Drivers
[0.792s] -- Up-to-date: /home/klein/camera_ros2/install/astra_camera/lib//OpenNI2/Drivers/orbbec.ini
[0.798s] -- Up-to-date: /home/klein/camera_ros2/install/astra_camera/lib//OpenNI2/Drivers/liborbbec.so
[0.799s] -- Up-to-date: /home/klein/camera_ros2/install/astra_camera/lib//OpenNI2/Drivers/libOniFile.so
[0.799s] -- Up-to-date: /home/klein/camera_ros2/install/astra_camera/lib//OpenNI2/Drivers/OniFile.ini
[0.799s] -- Up-to-date: /home/klein/camera_ros2/install/astra_camera/lib/astra_camera/list_devices_node
[0.806s] -- Up-to-date: /home/klein/camera_ros2/install/astra_camera/include
[0.806s] -- Up-to-date: /home/klein/camera_ros2/install/astra_camera/include/astra_camera
[0.806s] -- Up-to-date: /home/klein/camera_ros2/install/astra_camera/include/astra_camera/uvc_camera_driver.h
[0.807s] -- Up-to-date: /home/klein/camera_ros2/install/astra_camera/include/astra_camera/dynamic_params.h
[0.807s] -- Up-to-date: /home/klein/camera_ros2/install/astra_camera/include/astra_camera/device_listener.h
[0.807s] -- Up-to-date: /home/klein/camera_ros2/install/astra_camera/include/astra_camera/ob_timer_filter.h
[0.807s] -- Up-to-date: /home/klein/camera_ros2/install/astra_camera/include/astra_camera/point_cloud_proc
[0.808s] -- Up-to-date: /home/klein/camera_ros2/install/astra_camera/include/astra_camera/point_cloud_proc/point_cloud_xyzrgb.h
[0.808s] -- Up-to-date: /home/klein/camera_ros2/install/astra_camera/include/astra_camera/point_cloud_proc/depth_traits.h
[0.808s] -- Up-to-date: /home/klein/camera_ros2/install/astra_camera/include/astra_camera/point_cloud_proc/point_cloud_xyz.h
[0.809s] -- Up-to-date: /home/klein/camera_ros2/install/astra_camera/include/astra_camera/ob_frame_listener.h
[0.809s] -- Up-to-date: /home/klein/camera_ros2/install/astra_camera/include/astra_camera/ob_camera_node.h
[0.809s] -- Up-to-date: /home/klein/camera_ros2/install/astra_camera/include/astra_camera/utils.h
[0.809s] -- Up-to-date: /home/klein/camera_ros2/install/astra_camera/include/astra_camera/ob_camera_node_factory.h
[0.810s] -- Up-to-date: /home/klein/camera_ros2/install/astra_camera/include/astra_camera/ros_param_backend.h
[0.810s] -- Up-to-date: /home/klein/camera_ros2/install/astra_camera/include/astra_camera/types.h
[0.810s] -- Up-to-date: /home/klein/camera_ros2/install/astra_camera/include/astra_camera/constants.h
[0.810s] -- Up-to-date: /home/klein/camera_ros2/install/astra_camera/include/openni2
[0.811s] -- Up-to-date: /home/klein/camera_ros2/install/astra_camera/include/openni2/Linux-Arm
[0.811s] -- Up-to-date: /home/klein/camera_ros2/install/astra_camera/include/openni2/Linux-Arm/OniPlatformLinux-Arm.h
[0.811s] -- Up-to-date: /home/klein/camera_ros2/install/astra_camera/include/openni2/OniProperties.h
[0.811s] -- Up-to-date: /home/klein/camera_ros2/install/astra_camera/include/openni2/Driver
[0.812s] -- Up-to-date: /home/klein/camera_ros2/install/astra_camera/include/openni2/Driver/OniDriverAPI.h
[0.812s] -- Up-to-date: /home/klein/camera_ros2/install/astra_camera/include/openni2/Driver/OniDriverTypes.h
[0.812s] -- Up-to-date: /home/klein/camera_ros2/install/astra_camera/include/openni2/OniTest.h
[0.813s] -- Up-to-date: /home/klein/camera_ros2/install/astra_camera/include/openni2/KinectProperties.h
[0.813s] -- Up-to-date: /home/klein/camera_ros2/install/astra_camera/include/openni2/PrimeSense.h
[0.813s] -- Up-to-date: /home/klein/camera_ros2/install/astra_camera/include/openni2/MacOSX
[0.814s] -- Up-to-date: /home/klein/camera_ros2/install/astra_camera/include/openni2/MacOSX/OniPlatformMacOSX.h
[0.814s] -- Up-to-date: /home/klein/camera_ros2/install/astra_camera/include/openni2/OniVersion.h
[0.814s] -- Up-to-date: /home/klein/camera_ros2/install/astra_camera/include/openni2/PSLink.h
[0.818s] -- Up-to-date: /home/klein/camera_ros2/install/astra_camera/include/openni2/OpenNI.h
[0.818s] -- Up-to-date: /home/klein/camera_ros2/install/astra_camera/include/openni2/OniCEnums.h
[0.819s] -- Up-to-date: /home/klein/camera_ros2/install/astra_camera/include/openni2/OniCProperties.h
[0.819s] -- Up-to-date: /home/klein/camera_ros2/install/astra_camera/include/openni2/OniCAPI.h
[0.819s] -- Up-to-date: /home/klein/camera_ros2/install/astra_camera/include/openni2/OniCTypes.h
[0.819s] -- Up-to-date: /home/klein/camera_ros2/install/astra_camera/include/openni2/Android-Arm
[0.819s] -- Up-to-date: /home/klein/camera_ros2/install/astra_camera/include/openni2/Android-Arm/OniPlatformAndroid-Arm.h
[0.820s] -- Up-to-date: /home/klein/camera_ros2/install/astra_camera/include/openni2/OniEnums.h
[0.820s] -- Up-to-date: /home/klein/camera_ros2/install/astra_camera/include/openni2/PS1080.h
[0.820s] -- Up-to-date: /home/klein/camera_ros2/install/astra_camera/include/openni2/OniPlatform.h
[0.820s] -- Up-to-date: /home/klein/camera_ros2/install/astra_camera/include/openni2/Linux-x86
[0.821s] -- Up-to-date: /home/klein/camera_ros2/install/astra_camera/include/openni2/Linux-x86/OniPlatformLinux-x86.h
[0.821s] -- Up-to-date: /home/klein/camera_ros2/install/astra_camera/include/openni2/openni2_redist
[0.821s] -- Up-to-date: /home/klein/camera_ros2/install/astra_camera/include/openni2/openni2_redist/x64
[0.821s] -- Up-to-date: /home/klein/camera_ros2/install/astra_camera/include/openni2/openni2_redist/x64/libOpenNI2.so
[0.821s] -- Up-to-date: /home/klein/camera_ros2/install/astra_camera/include/openni2/openni2_redist/x64/OpenNI.ini
[0.821s] -- Up-to-date: /home/klein/camera_ros2/install/astra_camera/include/openni2/openni2_redist/x64/OpenNI2
[0.821s] -- Up-to-date: /home/klein/camera_ros2/install/astra_camera/include/openni2/openni2_redist/x64/OpenNI2/Drivers
[0.821s] -- Up-to-date: /home/klein/camera_ros2/install/astra_camera/include/openni2/openni2_redist/x64/OpenNI2/Drivers/orbbec.ini
[0.821s] -- Up-to-date: /home/klein/camera_ros2/install/astra_camera/include/openni2/openni2_redist/x64/OpenNI2/Drivers/liborbbec.so
[0.821s] -- Up-to-date: /home/klein/camera_ros2/install/astra_camera/include/openni2/openni2_redist/x64/OpenNI2/Drivers/libOniFile.so
[0.822s] -- Up-to-date: /home/klein/camera_ros2/install/astra_camera/include/openni2/openni2_redist/x64/OpenNI2/Drivers/OniFile.ini
[0.822s] -- Up-to-date: /home/klein/camera_ros2/install/astra_camera/include/openni2/openni2_redist/arm
[0.822s] -- Up-to-date: /home/klein/camera_ros2/install/astra_camera/include/openni2/openni2_redist/arm/libOpenNI2.so
[0.822s] -- Up-to-date: /home/klein/camera_ros2/install/astra_camera/include/openni2/openni2_redist/arm/NiViewer
[0.822s] -- Up-to-date: /home/klein/camera_ros2/install/astra_camera/include/openni2/openni2_redist/arm/libDepthUtils.a
[0.822s] -- Up-to-date: /home/klein/camera_ros2/install/astra_camera/include/openni2/openni2_redist/arm/PS1080Console
[0.823s] -- Up-to-date: /home/klein/camera_ros2/install/astra_camera/include/openni2/openni2_redist/arm/SimpleRead
[0.823s] -- Up-to-date: /home/klein/camera_ros2/install/astra_camera/include/openni2/openni2_redist/arm/OpenNI.ini
[0.823s] -- Up-to-date: /home/klein/camera_ros2/install/astra_camera/include/openni2/openni2_redist/arm/OpenNI2
[0.823s] -- Up-to-date: /home/klein/camera_ros2/install/astra_camera/include/openni2/openni2_redist/arm/OpenNI2/Drivers
[0.823s] -- Up-to-date: /home/klein/camera_ros2/install/astra_camera/include/openni2/openni2_redist/arm/OpenNI2/Drivers/orbbec.ini
[0.823s] -- Up-to-date: /home/klein/camera_ros2/install/astra_camera/include/openni2/openni2_redist/arm/OpenNI2/Drivers/liborbbec.so
[0.824s] -- Up-to-date: /home/klein/camera_ros2/install/astra_camera/include/openni2/openni2_redist/arm/OpenNI2/Drivers/libOniFile.so
[0.824s] -- Up-to-date: /home/klein/camera_ros2/install/astra_camera/include/openni2/openni2_redist/arm/OpenNI2/Drivers/OniFile.ini
[0.824s] -- Up-to-date: /home/klein/camera_ros2/install/astra_camera/include/openni2/openni2_redist/arm64
[0.824s] -- Up-to-date: /home/klein/camera_ros2/install/astra_camera/include/openni2/openni2_redist/arm64/libOpenNI2.so
[0.824s] -- Up-to-date: /home/klein/camera_ros2/install/astra_camera/include/openni2/openni2_redist/arm64/NiViewer
[0.825s] -- Up-to-date: /home/klein/camera_ros2/install/astra_camera/include/openni2/openni2_redist/arm64/libDepthUtils.a
[0.825s] -- Up-to-date: /home/klein/camera_ros2/install/astra_camera/include/openni2/openni2_redist/arm64/PS1080Console
[0.825s] -- Up-to-date: /home/klein/camera_ros2/install/astra_camera/include/openni2/openni2_redist/arm64/SimpleRead
[0.825s] -- Up-to-date: /home/klein/camera_ros2/install/astra_camera/include/openni2/openni2_redist/arm64/OpenNI.ini
[0.825s] -- Up-to-date: /home/klein/camera_ros2/install/astra_camera/include/openni2/openni2_redist/arm64/OpenNI2
[0.826s] -- Up-to-date: /home/klein/camera_ros2/install/astra_camera/include/openni2/openni2_redist/arm64/OpenNI2/Drivers
[0.826s] -- Up-to-date: /home/klein/camera_ros2/install/astra_camera/include/openni2/openni2_redist/arm64/OpenNI2/Drivers/orbbec.ini
[0.826s] -- Up-to-date: /home/klein/camera_ros2/install/astra_camera/include/openni2/openni2_redist/arm64/OpenNI2/Drivers/liborbbec.so
[0.826s] -- Up-to-date: /home/klein/camera_ros2/install/astra_camera/include/openni2/openni2_redist/arm64/OpenNI2/Drivers/libOniFile.so
[0.826s] -- Up-to-date: /home/klein/camera_ros2/install/astra_camera/include/openni2/openni2_redist/arm64/OpenNI2/Drivers/OniFile.ini
[0.826s] -- Up-to-date: /home/klein/camera_ros2/install/astra_camera/include/openni2/SonixCamera.h
[0.827s] -- Up-to-date: /home/klein/camera_ros2/install/astra_camera/include/openni2/Win32
[0.827s] -- Up-to-date: /home/klein/camera_ros2/install/astra_camera/include/openni2/Win32/OniPlatformWin32.h
[0.827s] -- Up-to-date: /home/klein/camera_ros2/install/astra_camera/include/openni2/util.h
[0.827s] -- Up-to-date: /home/klein/camera_ros2/install/astra_camera/share/astra_camera//launch
[0.827s] -- Up-to-date: /home/klein/camera_ros2/install/astra_camera/share/astra_camera//launch/multi_dabai_pro.launch.py
[0.827s] -- Up-to-date: /home/klein/camera_ros2/install/astra_camera/share/astra_camera//launch/multi_dabai.launch.py
[0.827s] -- Up-to-date: /home/klein/camera_ros2/install/astra_camera/share/astra_camera//launch/dabai_pro.launch.py
[0.827s] -- Up-to-date: /home/klein/camera_ros2/install/astra_camera/share/astra_camera//launch/.gitkeep
[0.827s] -- Up-to-date: /home/klein/camera_ros2/install/astra_camera/share/astra_camera//launch/multi_dabai_dw.launch.py
[0.828s] -- Up-to-date: /home/klein/camera_ros2/install/astra_camera/share/astra_camera//launch/multi_astra_mini.launch.py
[0.828s] -- Up-to-date: /home/klein/camera_ros2/install/astra_camera/share/astra_camera//launch/dabai_dcw.launch.py
[0.828s] -- Up-to-date: /home/klein/camera_ros2/install/astra_camera/share/astra_camera//launch/dabai_dw.launch.py
[0.829s] -- Up-to-date: /home/klein/camera_ros2/install/astra_camera/share/astra_camera//launch/dabai.launch.py
[0.829s] -- Up-to-date: /home/klein/camera_ros2/install/astra_camera/share/astra_camera//launch/astra_mini.launch.py
[0.829s] -- Up-to-date: /home/klein/camera_ros2/install/astra_camera/share/astra_camera//launch/multi_dabai_dcw.launch.py
[0.829s] -- Up-to-date: /home/klein/camera_ros2/install/astra_camera/share/astra_camera//config
[0.829s] -- Up-to-date: /home/klein/camera_ros2/install/astra_camera/share/astra_camera//config/.gitkeep
[0.830s] -- Up-to-date: /home/klein/camera_ros2/install/astra_camera/share/astra_camera//params
[0.830s] -- Up-to-date: /home/klein/camera_ros2/install/astra_camera/share/astra_camera//params/.gitkeep
[0.846s] -- Up-to-date: /home/klein/camera_ros2/install/astra_camera/share/astra_camera//params/astra_mini_params.yaml
[0.847s] -- Up-to-date: /home/klein/camera_ros2/install/astra_camera/share/astra_camera//params/dabai_dw_params.yaml
[0.847s] -- Up-to-date: /home/klein/camera_ros2/install/astra_camera/share/astra_camera//params/dabai_pro_params.yaml
[0.847s] -- Up-to-date: /home/klein/camera_ros2/install/astra_camera/share/astra_camera//params/camera_params_template.yaml
[0.848s] -- Up-to-date: /home/klein/camera_ros2/install/astra_camera/share/astra_camera//params/dabai_params.yaml
[0.849s] -- Up-to-date: /home/klein/camera_ros2/install/astra_camera/share/astra_camera//params/dabai_dcw_params.yaml
[0.849s] -- Up-to-date: /home/klein/camera_ros2/install/astra_camera/share/astra_camera//rviz
[0.849s] -- Up-to-date: /home/klein/camera_ros2/install/astra_camera/share/astra_camera//rviz/.gitkeep
[0.849s] -- Up-to-date: /home/klein/camera_ros2/install/astra_camera/share/astra_camera//rviz/pointcloud.rviz
[0.849s] -- Up-to-date: /home/klein/camera_ros2/install/astra_camera/share/astra_camera//rviz/multi_camera.rviz
[0.849s] -- Up-to-date: /home/klein/camera_ros2/install/astra_camera/share/astra_camera/environment/library_path.sh
[0.849s] -- Up-to-date: /home/klein/camera_ros2/install/astra_camera/share/astra_camera/environment/library_path.dsv
[0.849s] -- Up-to-date: /home/klein/camera_ros2/install/astra_camera/share/ament_index/resource_index/package_run_dependencies/astra_camera
[0.850s] -- Up-to-date: /home/klein/camera_ros2/install/astra_camera/share/ament_index/resource_index/parent_prefix_path/astra_camera
[0.850s] -- Up-to-date: /home/klein/camera_ros2/install/astra_camera/share/astra_camera/environment/ament_prefix_path.sh
[0.850s] -- Up-to-date: /home/klein/camera_ros2/install/astra_camera/share/astra_camera/environment/ament_prefix_path.dsv
[0.850s] -- Up-to-date: /home/klein/camera_ros2/install/astra_camera/share/astra_camera/environment/path.sh
[0.850s] -- Up-to-date: /home/klein/camera_ros2/install/astra_camera/share/astra_camera/environment/path.dsv
[0.850s] -- Up-to-date: /home/klein/camera_ros2/install/astra_camera/share/astra_camera/local_setup.bash
[0.850s] -- Up-to-date: /home/klein/camera_ros2/install/astra_camera/share/astra_camera/local_setup.sh
[0.850s] -- Up-to-date: /home/klein/camera_ros2/install/astra_camera/share/astra_camera/local_setup.zsh
[0.850s] -- Up-to-date: /home/klein/camera_ros2/install/astra_camera/share/astra_camera/local_setup.dsv
[0.851s] -- Installing: /home/klein/camera_ros2/install/astra_camera/share/astra_camera/package.dsv
[0.851s] -- Up-to-date: /home/klein/camera_ros2/install/astra_camera/share/ament_index/resource_index/packages/astra_camera
[0.851s] -- Up-to-date: /home/klein/camera_ros2/install/astra_camera/share/ament_index/resource_index/rclcpp_components/astra_camera
[0.851s] -- Up-to-date: /home/klein/camera_ros2/install/astra_camera/share/astra_camera/cmake/ament_cmake_export_include_directories-extras.cmake
[0.851s] -- Up-to-date: /home/klein/camera_ros2/install/astra_camera/share/astra_camera/cmake/ament_cmake_export_libraries-extras.cmake
[0.851s] -- Up-to-date: /home/klein/camera_ros2/install/astra_camera/share/astra_camera/cmake/ament_cmake_export_dependencies-extras.cmake
[0.852s] -- Up-to-date: /home/klein/camera_ros2/install/astra_camera/share/astra_camera/cmake/astra_cameraConfig.cmake
[0.852s] -- Up-to-date: /home/klein/camera_ros2/install/astra_camera/share/astra_camera/cmake/astra_cameraConfig-version.cmake
[0.852s] -- Up-to-date: /home/klein/camera_ros2/install/astra_camera/share/astra_camera/package.xml
[0.853s] Invoked command in '/home/klein/camera_ros2/build/astra_camera' returned '0': CMAKE_PREFIX_PATH=/home/klein/camera_ros2/install/astra_camera_msgs:/home/klein/camera_ros2/install/opencv_use:/home/klein/camera_ros2/install/astra_camera:/home/klein/ros2move_ws/install/pkg01_helloworld_cpp:/home/klein/ros2move_ws/install/cpp01_topic:/opt/ros/foxy LD_LIBRARY_PATH=/home/klein/camera_ros2/install/astra_camera_msgs/lib:/home/klein/camera_ros2/install/astra_camera/lib:/usr/local/lib:/opt/ros/foxy/opt/yaml_cpp_vendor/lib:/opt/ros/foxy/opt/rviz_ogre_vendor/lib:/opt/ros/foxy/lib/x86_64-linux-gnu:/opt/ros/foxy/lib /usr/bin/cmake --install /home/klein/camera_ros2/build/astra_camera
