[0.631s] DEBUG:colcon:Command line arguments: ['/usr/bin/colcon', 'build']
[0.632s] DEBUG:colcon:Parsed command line arguments: Namespace(allow_overriding=[], ament_cmake_args=None, base_paths=['.'], build_base='build', catkin_cmake_args=None, catkin_skip_building_tests=False, cmake_args=None, cmake_clean_cache=False, cmake_clean_first=False, cmake_force_configure=False, cmake_target=None, cmake_target_skip_unavailable=False, continue_on_error=False, event_handlers=None, executor='parallel', ignore_user_meta=False, install_base='install', log_base=None, log_level=None, main=<bound method BuildVerb.main of <colcon_core.verb.build.BuildVerb object at 0x7f8511c9d5b0>>, merge_install=False, metas=['./colcon.meta'], packages_above=None, packages_above_and_dependencies=None, packages_above_depth=None, packages_end=None, packages_ignore=None, packages_ignore_regex=None, packages_select=None, packages_select_build_failed=False, packages_select_by_dep=None, packages_select_regex=None, packages_select_test_failures=False, packages_skip=None, packages_skip_build_finished=False, packages_skip_by_dep=None, packages_skip_regex=None, packages_skip_test_passed=False, packages_skip_up_to=None, packages_start=None, packages_up_to=None, packages_up_to_regex=None, parallel_workers=4, paths=None, symlink_install=False, test_result_base=None, verb_extension=<colcon_core.verb.build.BuildVerb object at 0x7f8511c9d5b0>, verb_name='build', verb_parser=<colcon_defaults.argument_parser.defaults.DefaultArgumentsDecorator object at 0x7f8511c9dac0>)
[1.127s] Level 1:colcon.colcon_core.package_discovery:discover_packages(colcon_meta) check parameters
[1.128s] Level 1:colcon.colcon_core.package_discovery:discover_packages(recursive) check parameters
[1.128s] Level 1:colcon.colcon_core.package_discovery:discover_packages(ignore) check parameters
[1.128s] Level 1:colcon.colcon_core.package_discovery:discover_packages(path) check parameters
[1.129s] Level 1:colcon.colcon_core.package_discovery:discover_packages(colcon_meta) discover
[1.129s] Level 1:colcon.colcon_core.package_discovery:discover_packages(recursive) discover
[1.129s] INFO:colcon.colcon_core.package_discovery:Crawling recursively for packages in '/home/klein/camera_ros2'
[1.129s] Level 1:colcon.colcon_core.package_identification:_identify(.) by extensions ['ignore', 'ignore_ament_install']
[1.130s] Level 1:colcon.colcon_core.package_identification:_identify(.) by extension 'ignore'
[1.130s] Level 1:colcon.colcon_core.package_identification:_identify(.) by extension 'ignore_ament_install'
[1.130s] Level 1:colcon.colcon_core.package_identification:_identify(.) by extensions ['colcon_pkg']
[1.130s] Level 1:colcon.colcon_core.package_identification:_identify(.) by extension 'colcon_pkg'
[1.130s] Level 1:colcon.colcon_core.package_identification:_identify(.) by extensions ['colcon_meta']
[1.130s] Level 1:colcon.colcon_core.package_identification:_identify(.) by extension 'colcon_meta'
[1.130s] Level 1:colcon.colcon_core.package_identification:_identify(.) by extensions ['ros']
[1.130s] Level 1:colcon.colcon_core.package_identification:_identify(.) by extension 'ros'
[1.163s] Level 1:colcon.colcon_core.package_identification:_identify(.) by extensions ['cmake', 'python']
[1.164s] Level 1:colcon.colcon_core.package_identification:_identify(.) by extension 'cmake'
[1.164s] Level 1:colcon.colcon_core.package_identification:_identify(.) by extension 'python'
[1.164s] Level 1:colcon.colcon_core.package_identification:_identify(.) by extensions ['python_setup_py']
[1.164s] Level 1:colcon.colcon_core.package_identification:_identify(.) by extension 'python_setup_py'
[1.165s] Level 1:colcon.colcon_core.package_identification:_identify(build) by extensions ['ignore', 'ignore_ament_install']
[1.165s] Level 1:colcon.colcon_core.package_identification:_identify(build) by extension 'ignore'
[1.165s] Level 1:colcon.colcon_core.package_identification:_identify(build) ignored
[1.165s] Level 1:colcon.colcon_core.package_identification:_identify(install) by extensions ['ignore', 'ignore_ament_install']
[1.165s] Level 1:colcon.colcon_core.package_identification:_identify(install) by extension 'ignore'
[1.166s] Level 1:colcon.colcon_core.package_identification:_identify(install) ignored
[1.166s] Level 1:colcon.colcon_core.package_identification:_identify(log) by extensions ['ignore', 'ignore_ament_install']
[1.166s] Level 1:colcon.colcon_core.package_identification:_identify(log) by extension 'ignore'
[1.166s] Level 1:colcon.colcon_core.package_identification:_identify(log) ignored
[1.166s] Level 1:colcon.colcon_core.package_identification:_identify(src) by extensions ['ignore', 'ignore_ament_install']
[1.167s] Level 1:colcon.colcon_core.package_identification:_identify(src) by extension 'ignore'
[1.167s] Level 1:colcon.colcon_core.package_identification:_identify(src) by extension 'ignore_ament_install'
[1.167s] Level 1:colcon.colcon_core.package_identification:_identify(src) by extensions ['colcon_pkg']
[1.167s] Level 1:colcon.colcon_core.package_identification:_identify(src) by extension 'colcon_pkg'
[1.167s] Level 1:colcon.colcon_core.package_identification:_identify(src) by extensions ['colcon_meta']
[1.167s] Level 1:colcon.colcon_core.package_identification:_identify(src) by extension 'colcon_meta'
[1.167s] Level 1:colcon.colcon_core.package_identification:_identify(src) by extensions ['ros']
[1.168s] Level 1:colcon.colcon_core.package_identification:_identify(src) by extension 'ros'
[1.168s] Level 1:colcon.colcon_core.package_identification:_identify(src) by extensions ['cmake', 'python']
[1.168s] Level 1:colcon.colcon_core.package_identification:_identify(src) by extension 'cmake'
[1.168s] Level 1:colcon.colcon_core.package_identification:_identify(src) by extension 'python'
[1.169s] Level 1:colcon.colcon_core.package_identification:_identify(src) by extensions ['python_setup_py']
[1.169s] Level 1:colcon.colcon_core.package_identification:_identify(src) by extension 'python_setup_py'
[1.169s] Level 1:colcon.colcon_core.package_identification:_identify(src/opencv_use) by extensions ['ignore', 'ignore_ament_install']
[1.169s] Level 1:colcon.colcon_core.package_identification:_identify(src/opencv_use) by extension 'ignore'
[1.169s] Level 1:colcon.colcon_core.package_identification:_identify(src/opencv_use) by extension 'ignore_ament_install'
[1.170s] Level 1:colcon.colcon_core.package_identification:_identify(src/opencv_use) by extensions ['colcon_pkg']
[1.170s] Level 1:colcon.colcon_core.package_identification:_identify(src/opencv_use) by extension 'colcon_pkg'
[1.170s] Level 1:colcon.colcon_core.package_identification:_identify(src/opencv_use) by extensions ['colcon_meta']
[1.170s] Level 1:colcon.colcon_core.package_identification:_identify(src/opencv_use) by extension 'colcon_meta'
[1.170s] Level 1:colcon.colcon_core.package_identification:_identify(src/opencv_use) by extensions ['ros']
[1.170s] Level 1:colcon.colcon_core.package_identification:_identify(src/opencv_use) by extension 'ros'
[1.179s] DEBUG:colcon.colcon_core.package_identification:Package 'src/opencv_use' with type 'ros.ament_cmake' and name 'opencv_use'
[1.179s] Level 1:colcon.colcon_core.package_identification:_identify(src/ros2_astra_camera) by extensions ['ignore', 'ignore_ament_install']
[1.180s] Level 1:colcon.colcon_core.package_identification:_identify(src/ros2_astra_camera) by extension 'ignore'
[1.180s] Level 1:colcon.colcon_core.package_identification:_identify(src/ros2_astra_camera) by extension 'ignore_ament_install'
[1.180s] Level 1:colcon.colcon_core.package_identification:_identify(src/ros2_astra_camera) by extensions ['colcon_pkg']
[1.180s] Level 1:colcon.colcon_core.package_identification:_identify(src/ros2_astra_camera) by extension 'colcon_pkg'
[1.180s] Level 1:colcon.colcon_core.package_identification:_identify(src/ros2_astra_camera) by extensions ['colcon_meta']
[1.181s] Level 1:colcon.colcon_core.package_identification:_identify(src/ros2_astra_camera) by extension 'colcon_meta'
[1.181s] Level 1:colcon.colcon_core.package_identification:_identify(src/ros2_astra_camera) by extensions ['ros']
[1.181s] Level 1:colcon.colcon_core.package_identification:_identify(src/ros2_astra_camera) by extension 'ros'
[1.181s] Level 1:colcon.colcon_core.package_identification:_identify(src/ros2_astra_camera) by extensions ['cmake', 'python']
[1.181s] Level 1:colcon.colcon_core.package_identification:_identify(src/ros2_astra_camera) by extension 'cmake'
[1.181s] Level 1:colcon.colcon_core.package_identification:_identify(src/ros2_astra_camera) by extension 'python'
[1.182s] Level 1:colcon.colcon_core.package_identification:_identify(src/ros2_astra_camera) by extensions ['python_setup_py']
[1.182s] Level 1:colcon.colcon_core.package_identification:_identify(src/ros2_astra_camera) by extension 'python_setup_py'
[1.182s] Level 1:colcon.colcon_core.package_identification:_identify(src/ros2_astra_camera/astra_camera) by extensions ['ignore', 'ignore_ament_install']
[1.182s] Level 1:colcon.colcon_core.package_identification:_identify(src/ros2_astra_camera/astra_camera) by extension 'ignore'
[1.182s] Level 1:colcon.colcon_core.package_identification:_identify(src/ros2_astra_camera/astra_camera) by extension 'ignore_ament_install'
[1.183s] Level 1:colcon.colcon_core.package_identification:_identify(src/ros2_astra_camera/astra_camera) by extensions ['colcon_pkg']
[1.183s] Level 1:colcon.colcon_core.package_identification:_identify(src/ros2_astra_camera/astra_camera) by extension 'colcon_pkg'
[1.183s] Level 1:colcon.colcon_core.package_identification:_identify(src/ros2_astra_camera/astra_camera) by extensions ['colcon_meta']
[1.183s] Level 1:colcon.colcon_core.package_identification:_identify(src/ros2_astra_camera/astra_camera) by extension 'colcon_meta'
[1.183s] Level 1:colcon.colcon_core.package_identification:_identify(src/ros2_astra_camera/astra_camera) by extensions ['ros']
[1.183s] Level 1:colcon.colcon_core.package_identification:_identify(src/ros2_astra_camera/astra_camera) by extension 'ros'
[1.189s] DEBUG:colcon.colcon_core.package_identification:Package 'src/ros2_astra_camera/astra_camera' with type 'ros.ament_cmake' and name 'astra_camera'
[1.189s] Level 1:colcon.colcon_core.package_identification:_identify(src/ros2_astra_camera/astra_camera_msgs) by extensions ['ignore', 'ignore_ament_install']
[1.189s] Level 1:colcon.colcon_core.package_identification:_identify(src/ros2_astra_camera/astra_camera_msgs) by extension 'ignore'
[1.189s] Level 1:colcon.colcon_core.package_identification:_identify(src/ros2_astra_camera/astra_camera_msgs) by extension 'ignore_ament_install'
[1.189s] Level 1:colcon.colcon_core.package_identification:_identify(src/ros2_astra_camera/astra_camera_msgs) by extensions ['colcon_pkg']
[1.190s] Level 1:colcon.colcon_core.package_identification:_identify(src/ros2_astra_camera/astra_camera_msgs) by extension 'colcon_pkg'
[1.190s] Level 1:colcon.colcon_core.package_identification:_identify(src/ros2_astra_camera/astra_camera_msgs) by extensions ['colcon_meta']
[1.190s] Level 1:colcon.colcon_core.package_identification:_identify(src/ros2_astra_camera/astra_camera_msgs) by extension 'colcon_meta'
[1.190s] Level 1:colcon.colcon_core.package_identification:_identify(src/ros2_astra_camera/astra_camera_msgs) by extensions ['ros']
[1.190s] Level 1:colcon.colcon_core.package_identification:_identify(src/ros2_astra_camera/astra_camera_msgs) by extension 'ros'
[1.192s] DEBUG:colcon.colcon_core.package_identification:Package 'src/ros2_astra_camera/astra_camera_msgs' with type 'ros.ament_cmake' and name 'astra_camera_msgs'
[1.192s] Level 1:colcon.colcon_core.package_discovery:discover_packages(recursive) using defaults
[1.192s] Level 1:colcon.colcon_core.package_discovery:discover_packages(ignore) discover
[1.192s] Level 1:colcon.colcon_core.package_discovery:discover_packages(ignore) using defaults
[1.192s] Level 1:colcon.colcon_core.package_discovery:discover_packages(path) discover
[1.192s] Level 1:colcon.colcon_core.package_discovery:discover_packages(path) using defaults
[1.243s] Level 1:colcon.colcon_core.package_discovery:discover_packages(prefix_path) check parameters
[1.244s] Level 1:colcon.colcon_core.package_discovery:discover_packages(prefix_path) discover
[1.247s] WARNING:colcon.colcon_ros.prefix_path.ament:The path '/home/klein/camera_ros2/install/opencv_use' in the environment variable AMENT_PREFIX_PATH doesn't exist
[1.247s] WARNING:colcon.colcon_ros.prefix_path.ament:The path '/home/klein/camera_ros2/install/demo_cv_image' in the environment variable AMENT_PREFIX_PATH doesn't exist
[1.247s] WARNING:colcon.colcon_ros.prefix_path.ament:The path '/home/klein/camera_ros2/install/astra_camera' in the environment variable AMENT_PREFIX_PATH doesn't exist
[1.247s] WARNING:colcon.colcon_ros.prefix_path.ament:The path '/home/klein/camera_ros2/install/astra_camera_msgs' in the environment variable AMENT_PREFIX_PATH doesn't exist
[1.248s] WARNING:colcon.colcon_ros.prefix_path.catkin:The path '/home/klein/camera_ros2/install/opencv_use' in the environment variable CMAKE_PREFIX_PATH doesn't exist
[1.248s] WARNING:colcon.colcon_ros.prefix_path.catkin:The path '/home/klein/camera_ros2/install/astra_camera' in the environment variable CMAKE_PREFIX_PATH doesn't exist
[1.248s] WARNING:colcon.colcon_ros.prefix_path.catkin:The path '/home/klein/camera_ros2/install/astra_camera_msgs' in the environment variable CMAKE_PREFIX_PATH doesn't exist
[1.250s] DEBUG:colcon.colcon_installed_package_information.package_discovery:Found 0 installed packages in /home/klein/camera_ros2/install
[1.252s] DEBUG:colcon.colcon_installed_package_information.package_discovery:Found 2 installed packages in /home/klein/ros2move_ws/install
[1.255s] DEBUG:colcon.colcon_installed_package_information.package_discovery:Found 269 installed packages in /opt/ros/foxy
[1.260s] Level 1:colcon.colcon_core.package_discovery:discover_packages(prefix_path) using defaults
[1.476s] Level 5:colcon.colcon_core.verb:set package 'astra_camera_msgs' build argument 'cmake_args' from command line to 'None'
[1.477s] Level 5:colcon.colcon_core.verb:set package 'astra_camera_msgs' build argument 'cmake_target' from command line to 'None'
[1.477s] Level 5:colcon.colcon_core.verb:set package 'astra_camera_msgs' build argument 'cmake_target_skip_unavailable' from command line to 'False'
[1.477s] Level 5:colcon.colcon_core.verb:set package 'astra_camera_msgs' build argument 'cmake_clean_cache' from command line to 'False'
[1.477s] Level 5:colcon.colcon_core.verb:set package 'astra_camera_msgs' build argument 'cmake_clean_first' from command line to 'False'
[1.477s] Level 5:colcon.colcon_core.verb:set package 'astra_camera_msgs' build argument 'cmake_force_configure' from command line to 'False'
[1.477s] Level 5:colcon.colcon_core.verb:set package 'astra_camera_msgs' build argument 'ament_cmake_args' from command line to 'None'
[1.477s] Level 5:colcon.colcon_core.verb:set package 'astra_camera_msgs' build argument 'catkin_cmake_args' from command line to 'None'
[1.477s] Level 5:colcon.colcon_core.verb:set package 'astra_camera_msgs' build argument 'catkin_skip_building_tests' from command line to 'False'
[1.477s] DEBUG:colcon.colcon_core.verb:Building package 'astra_camera_msgs' with the following arguments: {'ament_cmake_args': None, 'build_base': '/home/klein/camera_ros2/build/astra_camera_msgs', 'catkin_cmake_args': None, 'catkin_skip_building_tests': False, 'cmake_args': None, 'cmake_clean_cache': False, 'cmake_clean_first': False, 'cmake_force_configure': False, 'cmake_target': None, 'cmake_target_skip_unavailable': False, 'install_base': '/home/klein/camera_ros2/install/astra_camera_msgs', 'merge_install': False, 'path': '/home/klein/camera_ros2/src/ros2_astra_camera/astra_camera_msgs', 'symlink_install': False, 'test_result_base': None}
[1.478s] Level 5:colcon.colcon_core.verb:set package 'opencv_use' build argument 'cmake_args' from command line to 'None'
[1.478s] Level 5:colcon.colcon_core.verb:set package 'opencv_use' build argument 'cmake_target' from command line to 'None'
[1.478s] Level 5:colcon.colcon_core.verb:set package 'opencv_use' build argument 'cmake_target_skip_unavailable' from command line to 'False'
[1.479s] Level 5:colcon.colcon_core.verb:set package 'opencv_use' build argument 'cmake_clean_cache' from command line to 'False'
[1.479s] Level 5:colcon.colcon_core.verb:set package 'opencv_use' build argument 'cmake_clean_first' from command line to 'False'
[1.479s] Level 5:colcon.colcon_core.verb:set package 'opencv_use' build argument 'cmake_force_configure' from command line to 'False'
[1.479s] Level 5:colcon.colcon_core.verb:set package 'opencv_use' build argument 'ament_cmake_args' from command line to 'None'
[1.479s] Level 5:colcon.colcon_core.verb:set package 'opencv_use' build argument 'catkin_cmake_args' from command line to 'None'
[1.479s] Level 5:colcon.colcon_core.verb:set package 'opencv_use' build argument 'catkin_skip_building_tests' from command line to 'False'
[1.479s] DEBUG:colcon.colcon_core.verb:Building package 'opencv_use' with the following arguments: {'ament_cmake_args': None, 'build_base': '/home/klein/camera_ros2/build/opencv_use', 'catkin_cmake_args': None, 'catkin_skip_building_tests': False, 'cmake_args': None, 'cmake_clean_cache': False, 'cmake_clean_first': False, 'cmake_force_configure': False, 'cmake_target': None, 'cmake_target_skip_unavailable': False, 'install_base': '/home/klein/camera_ros2/install/opencv_use', 'merge_install': False, 'path': '/home/klein/camera_ros2/src/opencv_use', 'symlink_install': False, 'test_result_base': None}
[1.480s] Level 5:colcon.colcon_core.verb:set package 'astra_camera' build argument 'cmake_args' from command line to 'None'
[1.480s] Level 5:colcon.colcon_core.verb:set package 'astra_camera' build argument 'cmake_target' from command line to 'None'
[1.480s] Level 5:colcon.colcon_core.verb:set package 'astra_camera' build argument 'cmake_target_skip_unavailable' from command line to 'False'
[1.481s] Level 5:colcon.colcon_core.verb:set package 'astra_camera' build argument 'cmake_clean_cache' from command line to 'False'
[1.481s] Level 5:colcon.colcon_core.verb:set package 'astra_camera' build argument 'cmake_clean_first' from command line to 'False'
[1.481s] Level 5:colcon.colcon_core.verb:set package 'astra_camera' build argument 'cmake_force_configure' from command line to 'False'
[1.481s] Level 5:colcon.colcon_core.verb:set package 'astra_camera' build argument 'ament_cmake_args' from command line to 'None'
[1.481s] Level 5:colcon.colcon_core.verb:set package 'astra_camera' build argument 'catkin_cmake_args' from command line to 'None'
[1.481s] Level 5:colcon.colcon_core.verb:set package 'astra_camera' build argument 'catkin_skip_building_tests' from command line to 'False'
[1.481s] DEBUG:colcon.colcon_core.verb:Building package 'astra_camera' with the following arguments: {'ament_cmake_args': None, 'build_base': '/home/klein/camera_ros2/build/astra_camera', 'catkin_cmake_args': None, 'catkin_skip_building_tests': False, 'cmake_args': None, 'cmake_clean_cache': False, 'cmake_clean_first': False, 'cmake_force_configure': False, 'cmake_target': None, 'cmake_target_skip_unavailable': False, 'install_base': '/home/klein/camera_ros2/install/astra_camera', 'merge_install': False, 'path': '/home/klein/camera_ros2/src/ros2_astra_camera/astra_camera', 'symlink_install': False, 'test_result_base': None}
[1.482s] INFO:colcon.colcon_core.executor:Executing jobs using 'parallel' executor
[1.487s] DEBUG:colcon.colcon_parallel_executor.executor.parallel:run_until_complete
[1.487s] INFO:colcon.colcon_ros.task.ament_cmake.build:Building ROS package in '/home/klein/camera_ros2/src/ros2_astra_camera/astra_camera_msgs' with build type 'ament_cmake'
[1.488s] INFO:colcon.colcon_cmake.task.cmake.build:Building CMake package in '/home/klein/camera_ros2/src/ros2_astra_camera/astra_camera_msgs'
[1.494s] INFO:colcon.colcon_core.plugin_system:Skipping extension 'colcon_core.shell.bat': Not used on non-Windows systems
[1.494s] INFO:colcon.colcon_core.shell:Skip shell extension 'powershell' for command environment: Not usable outside of PowerShell
[1.494s] DEBUG:colcon.colcon_core.shell:Skip shell extension 'dsv' for command environment
[1.509s] INFO:colcon.colcon_ros.task.ament_cmake.build:Building ROS package in '/home/klein/camera_ros2/src/opencv_use' with build type 'ament_cmake'
[1.510s] INFO:colcon.colcon_cmake.task.cmake.build:Building CMake package in '/home/klein/camera_ros2/src/opencv_use'
[1.511s] INFO:colcon.colcon_core.shell:Skip shell extension 'powershell' for command environment: Not usable outside of PowerShell
[1.511s] DEBUG:colcon.colcon_core.shell:Skip shell extension 'dsv' for command environment
[1.551s] DEBUG:colcon.colcon_core.event_handler.log_command:Invoking command in '/home/klein/camera_ros2/build/astra_camera_msgs': CMAKE_PREFIX_PATH=${CMAKE_PREFIX_PATH}:/home/klein/camera_ros2/install/demo_cv_image:/opt/ros/foxy /usr/bin/cmake /home/klein/camera_ros2/src/ros2_astra_camera/astra_camera_msgs -DCMAKE_INSTALL_PREFIX=/home/klein/camera_ros2/install/astra_camera_msgs
[1.572s] DEBUG:colcon.colcon_core.event_handler.log_command:Invoking command in '/home/klein/camera_ros2/build/opencv_use': CMAKE_PREFIX_PATH=${CMAKE_PREFIX_PATH}:/home/klein/camera_ros2/install/demo_cv_image:/opt/ros/foxy /usr/bin/cmake /home/klein/camera_ros2/src/opencv_use -DCMAKE_INSTALL_PREFIX=/home/klein/camera_ros2/install/opencv_use
[8.448s] DEBUG:colcon.colcon_core.event_handler.log_command:Invoked command in '/home/klein/camera_ros2/build/opencv_use' returned '0': CMAKE_PREFIX_PATH=${CMAKE_PREFIX_PATH}:/home/klein/camera_ros2/install/demo_cv_image:/opt/ros/foxy /usr/bin/cmake /home/klein/camera_ros2/src/opencv_use -DCMAKE_INSTALL_PREFIX=/home/klein/camera_ros2/install/opencv_use
[8.465s] DEBUG:colcon.colcon_core.event_handler.log_command:Invoking command in '/home/klein/camera_ros2/build/opencv_use': CMAKE_PREFIX_PATH=${CMAKE_PREFIX_PATH}:/home/klein/camera_ros2/install/demo_cv_image:/opt/ros/foxy /usr/bin/cmake --build /home/klein/camera_ros2/build/opencv_use -- -j4 -l4
[9.926s] DEBUG:colcon.colcon_core.event_handler.log_command:Invoked command in '/home/klein/camera_ros2/build/astra_camera_msgs' returned '0': CMAKE_PREFIX_PATH=${CMAKE_PREFIX_PATH}:/home/klein/camera_ros2/install/demo_cv_image:/opt/ros/foxy /usr/bin/cmake /home/klein/camera_ros2/src/ros2_astra_camera/astra_camera_msgs -DCMAKE_INSTALL_PREFIX=/home/klein/camera_ros2/install/astra_camera_msgs
[9.927s] DEBUG:colcon.colcon_core.event_handler.log_command:Invoking command in '/home/klein/camera_ros2/build/astra_camera_msgs': CMAKE_PREFIX_PATH=${CMAKE_PREFIX_PATH}:/home/klein/camera_ros2/install/demo_cv_image:/opt/ros/foxy /usr/bin/cmake --build /home/klein/camera_ros2/build/astra_camera_msgs -- -j4 -l4
[44.902s] DEBUG:colcon.colcon_core.event_handler.log_command:Invoked command in '/home/klein/camera_ros2/build/opencv_use' returned '0': CMAKE_PREFIX_PATH=${CMAKE_PREFIX_PATH}:/home/klein/camera_ros2/install/demo_cv_image:/opt/ros/foxy /usr/bin/cmake --build /home/klein/camera_ros2/build/opencv_use -- -j4 -l4
[45.113s] DEBUG:colcon.colcon_core.event_handler.log_command:Invoking command in '/home/klein/camera_ros2/build/opencv_use': CMAKE_PREFIX_PATH=${CMAKE_PREFIX_PATH}:/home/klein/camera_ros2/install/demo_cv_image:/opt/ros/foxy /usr/bin/cmake --install /home/klein/camera_ros2/build/opencv_use
[45.190s] Level 1:colcon.colcon_core.environment:create_environment_scripts_only(opencv_use)
[45.198s] Level 1:colcon.colcon_core.environment:checking '/home/klein/camera_ros2/install/opencv_use' for CMake module files
[45.199s] Level 1:colcon.colcon_core.environment:checking '/home/klein/camera_ros2/install/opencv_use' for CMake config files
[45.200s] DEBUG:colcon.colcon_core.event_handler.log_command:Invoked command in '/home/klein/camera_ros2/build/opencv_use' returned '0': CMAKE_PREFIX_PATH=${CMAKE_PREFIX_PATH}:/home/klein/camera_ros2/install/demo_cv_image:/opt/ros/foxy /usr/bin/cmake --install /home/klein/camera_ros2/build/opencv_use
[45.201s] Level 1:colcon.colcon_core.shell:create_environment_hook('opencv_use', 'cmake_prefix_path')
[45.201s] INFO:colcon.colcon_core.shell:Creating environment hook '/home/klein/camera_ros2/install/opencv_use/share/opencv_use/hook/cmake_prefix_path.ps1'
[45.204s] INFO:colcon.colcon_core.shell:Creating environment descriptor '/home/klein/camera_ros2/install/opencv_use/share/opencv_use/hook/cmake_prefix_path.dsv'
[45.206s] INFO:colcon.colcon_core.shell:Creating environment hook '/home/klein/camera_ros2/install/opencv_use/share/opencv_use/hook/cmake_prefix_path.sh'
[45.209s] Level 1:colcon.colcon_core.environment:checking '/home/klein/camera_ros2/install/opencv_use/lib'
[45.209s] Level 1:colcon.colcon_core.environment:checking '/home/klein/camera_ros2/install/opencv_use/bin'
[45.209s] Level 1:colcon.colcon_core.environment:checking '/home/klein/camera_ros2/install/opencv_use/lib/pkgconfig/opencv_use.pc'
[45.210s] Level 1:colcon.colcon_core.environment:checking '/home/klein/camera_ros2/install/opencv_use/lib/python3.8/site-packages'
[45.210s] Level 1:colcon.colcon_core.environment:checking '/home/klein/camera_ros2/install/opencv_use/bin'
[45.210s] INFO:colcon.colcon_core.shell:Creating package script '/home/klein/camera_ros2/install/opencv_use/share/opencv_use/package.ps1'
[45.213s] INFO:colcon.colcon_core.shell:Creating package descriptor '/home/klein/camera_ros2/install/opencv_use/share/opencv_use/package.dsv'
[45.215s] INFO:colcon.colcon_core.shell:Creating package script '/home/klein/camera_ros2/install/opencv_use/share/opencv_use/package.sh'
[45.217s] INFO:colcon.colcon_core.shell:Creating package script '/home/klein/camera_ros2/install/opencv_use/share/opencv_use/package.bash'
[45.219s] INFO:colcon.colcon_core.shell:Creating package script '/home/klein/camera_ros2/install/opencv_use/share/opencv_use/package.zsh'
[45.220s] Level 1:colcon.colcon_core.environment:create_file_with_runtime_dependencies(/home/klein/camera_ros2/install/opencv_use/share/colcon-core/packages/opencv_use)
[45.348s] Level 1:colcon.colcon_core.environment:create_environment_scripts_only(opencv_use)
[45.350s] Level 1:colcon.colcon_core.environment:checking '/home/klein/camera_ros2/install/opencv_use' for CMake module files
[45.352s] Level 1:colcon.colcon_core.environment:checking '/home/klein/camera_ros2/install/opencv_use' for CMake config files
[45.353s] Level 1:colcon.colcon_core.shell:create_environment_hook('opencv_use', 'cmake_prefix_path')
[45.353s] INFO:colcon.colcon_core.shell:Creating environment hook '/home/klein/camera_ros2/install/opencv_use/share/opencv_use/hook/cmake_prefix_path.ps1'
[45.356s] INFO:colcon.colcon_core.shell:Creating environment descriptor '/home/klein/camera_ros2/install/opencv_use/share/opencv_use/hook/cmake_prefix_path.dsv'
[45.358s] INFO:colcon.colcon_core.shell:Creating environment hook '/home/klein/camera_ros2/install/opencv_use/share/opencv_use/hook/cmake_prefix_path.sh'
[45.361s] Level 1:colcon.colcon_core.environment:checking '/home/klein/camera_ros2/install/opencv_use/lib'
[45.361s] Level 1:colcon.colcon_core.environment:checking '/home/klein/camera_ros2/install/opencv_use/bin'
[45.361s] Level 1:colcon.colcon_core.environment:checking '/home/klein/camera_ros2/install/opencv_use/lib/pkgconfig/opencv_use.pc'
[45.362s] Level 1:colcon.colcon_core.environment:checking '/home/klein/camera_ros2/install/opencv_use/lib/python3.8/site-packages'
[45.362s] Level 1:colcon.colcon_core.environment:checking '/home/klein/camera_ros2/install/opencv_use/bin'
[45.363s] INFO:colcon.colcon_core.shell:Creating package script '/home/klein/camera_ros2/install/opencv_use/share/opencv_use/package.ps1'
[45.364s] INFO:colcon.colcon_core.shell:Creating package descriptor '/home/klein/camera_ros2/install/opencv_use/share/opencv_use/package.dsv'
[45.366s] INFO:colcon.colcon_core.shell:Creating package script '/home/klein/camera_ros2/install/opencv_use/share/opencv_use/package.sh'
[45.367s] INFO:colcon.colcon_core.shell:Creating package script '/home/klein/camera_ros2/install/opencv_use/share/opencv_use/package.bash'
[45.369s] INFO:colcon.colcon_core.shell:Creating package script '/home/klein/camera_ros2/install/opencv_use/share/opencv_use/package.zsh'
[45.371s] Level 1:colcon.colcon_core.environment:create_file_with_runtime_dependencies(/home/klein/camera_ros2/install/opencv_use/share/colcon-core/packages/opencv_use)
[69.985s] DEBUG:colcon.colcon_core.event_handler.log_command:Invoked command in '/home/klein/camera_ros2/build/astra_camera_msgs' returned '0': CMAKE_PREFIX_PATH=${CMAKE_PREFIX_PATH}:/home/klein/camera_ros2/install/demo_cv_image:/opt/ros/foxy /usr/bin/cmake --build /home/klein/camera_ros2/build/astra_camera_msgs -- -j4 -l4
[70.618s] DEBUG:colcon.colcon_core.event_handler.log_command:Invoking command in '/home/klein/camera_ros2/build/astra_camera_msgs': CMAKE_PREFIX_PATH=${CMAKE_PREFIX_PATH}:/home/klein/camera_ros2/install/demo_cv_image:/opt/ros/foxy /usr/bin/cmake --install /home/klein/camera_ros2/build/astra_camera_msgs
[70.846s] Level 1:colcon.colcon_core.environment:create_environment_scripts_only(astra_camera_msgs)
[70.848s] Level 1:colcon.colcon_core.environment:checking '/home/klein/camera_ros2/install/astra_camera_msgs' for CMake module files
[70.850s] Level 1:colcon.colcon_core.environment:checking '/home/klein/camera_ros2/install/astra_camera_msgs' for CMake config files
[70.852s] Level 1:colcon.colcon_core.shell:create_environment_hook('astra_camera_msgs', 'cmake_prefix_path')
[70.853s] INFO:colcon.colcon_core.shell:Creating environment hook '/home/klein/camera_ros2/install/astra_camera_msgs/share/astra_camera_msgs/hook/cmake_prefix_path.ps1'
[70.855s] INFO:colcon.colcon_core.shell:Creating environment descriptor '/home/klein/camera_ros2/install/astra_camera_msgs/share/astra_camera_msgs/hook/cmake_prefix_path.dsv'
[70.856s] INFO:colcon.colcon_core.shell:Creating environment hook '/home/klein/camera_ros2/install/astra_camera_msgs/share/astra_camera_msgs/hook/cmake_prefix_path.sh'
[70.864s] DEBUG:colcon.colcon_core.event_handler.log_command:Invoked command in '/home/klein/camera_ros2/build/astra_camera_msgs' returned '0': CMAKE_PREFIX_PATH=${CMAKE_PREFIX_PATH}:/home/klein/camera_ros2/install/demo_cv_image:/opt/ros/foxy /usr/bin/cmake --install /home/klein/camera_ros2/build/astra_camera_msgs
[70.865s] Level 1:colcon.colcon_core.environment:checking '/home/klein/camera_ros2/install/astra_camera_msgs/lib'
[70.865s] Level 1:colcon.colcon_core.shell:create_environment_hook('astra_camera_msgs', 'ld_library_path_lib')
[70.866s] INFO:colcon.colcon_core.shell:Creating environment hook '/home/klein/camera_ros2/install/astra_camera_msgs/share/astra_camera_msgs/hook/ld_library_path_lib.ps1'
[70.867s] INFO:colcon.colcon_core.shell:Creating environment descriptor '/home/klein/camera_ros2/install/astra_camera_msgs/share/astra_camera_msgs/hook/ld_library_path_lib.dsv'
[70.867s] INFO:colcon.colcon_core.shell:Creating environment hook '/home/klein/camera_ros2/install/astra_camera_msgs/share/astra_camera_msgs/hook/ld_library_path_lib.sh'
[70.868s] Level 1:colcon.colcon_core.environment:checking '/home/klein/camera_ros2/install/astra_camera_msgs/bin'
[70.869s] Level 1:colcon.colcon_core.environment:checking '/home/klein/camera_ros2/install/astra_camera_msgs/lib/pkgconfig/astra_camera_msgs.pc'
[70.869s] Level 1:colcon.colcon_core.environment:checking '/home/klein/camera_ros2/install/astra_camera_msgs/lib/python3.8/site-packages'
[70.869s] Level 1:colcon.colcon_core.shell:create_environment_hook('astra_camera_msgs', 'pythonpath')
[70.870s] INFO:colcon.colcon_core.shell:Creating environment hook '/home/klein/camera_ros2/install/astra_camera_msgs/share/astra_camera_msgs/hook/pythonpath.ps1'
[70.871s] INFO:colcon.colcon_core.shell:Creating environment descriptor '/home/klein/camera_ros2/install/astra_camera_msgs/share/astra_camera_msgs/hook/pythonpath.dsv'
[70.872s] INFO:colcon.colcon_core.shell:Creating environment hook '/home/klein/camera_ros2/install/astra_camera_msgs/share/astra_camera_msgs/hook/pythonpath.sh'
[70.874s] Level 1:colcon.colcon_core.environment:checking '/home/klein/camera_ros2/install/astra_camera_msgs/bin'
[70.875s] INFO:colcon.colcon_core.shell:Creating package script '/home/klein/camera_ros2/install/astra_camera_msgs/share/astra_camera_msgs/package.ps1'
[70.876s] INFO:colcon.colcon_core.shell:Creating package descriptor '/home/klein/camera_ros2/install/astra_camera_msgs/share/astra_camera_msgs/package.dsv'
[70.878s] INFO:colcon.colcon_core.shell:Creating package script '/home/klein/camera_ros2/install/astra_camera_msgs/share/astra_camera_msgs/package.sh'
[70.880s] INFO:colcon.colcon_core.shell:Creating package script '/home/klein/camera_ros2/install/astra_camera_msgs/share/astra_camera_msgs/package.bash'
[70.881s] INFO:colcon.colcon_core.shell:Creating package script '/home/klein/camera_ros2/install/astra_camera_msgs/share/astra_camera_msgs/package.zsh'
[70.882s] Level 1:colcon.colcon_core.environment:create_file_with_runtime_dependencies(/home/klein/camera_ros2/install/astra_camera_msgs/share/colcon-core/packages/astra_camera_msgs)
[71.647s] Level 1:colcon.colcon_core.environment:create_environment_scripts_only(astra_camera_msgs)
[71.648s] Level 1:colcon.colcon_core.environment:checking '/home/klein/camera_ros2/install/astra_camera_msgs' for CMake module files
[71.650s] Level 1:colcon.colcon_core.environment:checking '/home/klein/camera_ros2/install/astra_camera_msgs' for CMake config files
[71.654s] Level 1:colcon.colcon_core.shell:create_environment_hook('astra_camera_msgs', 'cmake_prefix_path')
[71.655s] INFO:colcon.colcon_core.shell:Creating environment hook '/home/klein/camera_ros2/install/astra_camera_msgs/share/astra_camera_msgs/hook/cmake_prefix_path.ps1'
[71.662s] INFO:colcon.colcon_core.shell:Creating environment descriptor '/home/klein/camera_ros2/install/astra_camera_msgs/share/astra_camera_msgs/hook/cmake_prefix_path.dsv'
[71.664s] INFO:colcon.colcon_core.shell:Creating environment hook '/home/klein/camera_ros2/install/astra_camera_msgs/share/astra_camera_msgs/hook/cmake_prefix_path.sh'
[71.666s] Level 1:colcon.colcon_core.environment:checking '/home/klein/camera_ros2/install/astra_camera_msgs/lib'
[71.666s] Level 1:colcon.colcon_core.shell:create_environment_hook('astra_camera_msgs', 'ld_library_path_lib')
[71.667s] INFO:colcon.colcon_core.shell:Creating environment hook '/home/klein/camera_ros2/install/astra_camera_msgs/share/astra_camera_msgs/hook/ld_library_path_lib.ps1'
[71.669s] INFO:colcon.colcon_core.shell:Creating environment descriptor '/home/klein/camera_ros2/install/astra_camera_msgs/share/astra_camera_msgs/hook/ld_library_path_lib.dsv'
[71.670s] INFO:colcon.colcon_core.shell:Creating environment hook '/home/klein/camera_ros2/install/astra_camera_msgs/share/astra_camera_msgs/hook/ld_library_path_lib.sh'
[71.674s] Level 1:colcon.colcon_core.environment:checking '/home/klein/camera_ros2/install/astra_camera_msgs/bin'
[71.674s] Level 1:colcon.colcon_core.environment:checking '/home/klein/camera_ros2/install/astra_camera_msgs/lib/pkgconfig/astra_camera_msgs.pc'
[71.675s] Level 1:colcon.colcon_core.environment:checking '/home/klein/camera_ros2/install/astra_camera_msgs/lib/python3.8/site-packages'
[71.675s] Level 1:colcon.colcon_core.shell:create_environment_hook('astra_camera_msgs', 'pythonpath')
[71.676s] INFO:colcon.colcon_core.shell:Creating environment hook '/home/klein/camera_ros2/install/astra_camera_msgs/share/astra_camera_msgs/hook/pythonpath.ps1'
[71.678s] INFO:colcon.colcon_core.shell:Creating environment descriptor '/home/klein/camera_ros2/install/astra_camera_msgs/share/astra_camera_msgs/hook/pythonpath.dsv'
[71.681s] INFO:colcon.colcon_core.shell:Creating environment hook '/home/klein/camera_ros2/install/astra_camera_msgs/share/astra_camera_msgs/hook/pythonpath.sh'
[71.683s] Level 1:colcon.colcon_core.environment:checking '/home/klein/camera_ros2/install/astra_camera_msgs/bin'
[71.685s] INFO:colcon.colcon_core.shell:Creating package script '/home/klein/camera_ros2/install/astra_camera_msgs/share/astra_camera_msgs/package.ps1'
[71.687s] INFO:colcon.colcon_core.shell:Creating package descriptor '/home/klein/camera_ros2/install/astra_camera_msgs/share/astra_camera_msgs/package.dsv'
[71.690s] INFO:colcon.colcon_core.shell:Creating package script '/home/klein/camera_ros2/install/astra_camera_msgs/share/astra_camera_msgs/package.sh'
[71.692s] INFO:colcon.colcon_core.shell:Creating package script '/home/klein/camera_ros2/install/astra_camera_msgs/share/astra_camera_msgs/package.bash'
[71.693s] INFO:colcon.colcon_core.shell:Creating package script '/home/klein/camera_ros2/install/astra_camera_msgs/share/astra_camera_msgs/package.zsh'
[71.695s] Level 1:colcon.colcon_core.environment:create_file_with_runtime_dependencies(/home/klein/camera_ros2/install/astra_camera_msgs/share/colcon-core/packages/astra_camera_msgs)
[71.700s] INFO:colcon.colcon_ros.task.ament_cmake.build:Building ROS package in '/home/klein/camera_ros2/src/ros2_astra_camera/astra_camera' with build type 'ament_cmake'
[71.700s] INFO:colcon.colcon_cmake.task.cmake.build:Building CMake package in '/home/klein/camera_ros2/src/ros2_astra_camera/astra_camera'
[71.701s] INFO:colcon.colcon_core.shell:Skip shell extension 'powershell' for command environment: Not usable outside of PowerShell
[71.701s] DEBUG:colcon.colcon_core.shell:Skip shell extension 'dsv' for command environment
[71.755s] DEBUG:colcon.colcon_core.event_handler.log_command:Invoking command in '/home/klein/camera_ros2/build/astra_camera': CMAKE_PREFIX_PATH=/home/klein/camera_ros2/install/astra_camera_msgs:/home/klein/camera_ros2/install/opencv_use:/home/klein/camera_ros2/install/astra_camera:/home/klein/ros2move_ws/install/pkg01_helloworld_cpp:/home/klein/ros2move_ws/install/cpp01_topic:/home/klein/camera_ros2/install/demo_cv_image:/opt/ros/foxy LD_LIBRARY_PATH=/home/klein/camera_ros2/install/astra_camera_msgs/lib:/home/klein/camera_ros2/install/astra_camera/lib:/usr/local/lib:/usr/local/lib:/opt/ros/foxy/opt/yaml_cpp_vendor/lib:/opt/ros/foxy/opt/rviz_ogre_vendor/lib:/opt/ros/foxy/lib/x86_64-linux-gnu:/opt/ros/foxy/lib PYTHONPATH=/home/klein/camera_ros2/install/astra_camera_msgs/lib/python3.8/site-packages:/home/klein/camera_ros2/install/demo_cv_image/lib/python3.8/site-packages:/opt/ros/foxy/lib/python3.8/site-packages /usr/bin/cmake /home/klein/camera_ros2/src/ros2_astra_camera/astra_camera -DCMAKE_INSTALL_PREFIX=/home/klein/camera_ros2/install/astra_camera
[81.069s] DEBUG:colcon.colcon_core.event_handler.log_command:Invoked command in '/home/klein/camera_ros2/build/astra_camera' returned '0': CMAKE_PREFIX_PATH=/home/klein/camera_ros2/install/astra_camera_msgs:/home/klein/camera_ros2/install/opencv_use:/home/klein/camera_ros2/install/astra_camera:/home/klein/ros2move_ws/install/pkg01_helloworld_cpp:/home/klein/ros2move_ws/install/cpp01_topic:/home/klein/camera_ros2/install/demo_cv_image:/opt/ros/foxy LD_LIBRARY_PATH=/home/klein/camera_ros2/install/astra_camera_msgs/lib:/home/klein/camera_ros2/install/astra_camera/lib:/usr/local/lib:/usr/local/lib:/opt/ros/foxy/opt/yaml_cpp_vendor/lib:/opt/ros/foxy/opt/rviz_ogre_vendor/lib:/opt/ros/foxy/lib/x86_64-linux-gnu:/opt/ros/foxy/lib PYTHONPATH=/home/klein/camera_ros2/install/astra_camera_msgs/lib/python3.8/site-packages:/home/klein/camera_ros2/install/demo_cv_image/lib/python3.8/site-packages:/opt/ros/foxy/lib/python3.8/site-packages /usr/bin/cmake /home/klein/camera_ros2/src/ros2_astra_camera/astra_camera -DCMAKE_INSTALL_PREFIX=/home/klein/camera_ros2/install/astra_camera
[81.070s] DEBUG:colcon.colcon_core.event_handler.log_command:Invoking command in '/home/klein/camera_ros2/build/astra_camera': CMAKE_PREFIX_PATH=/home/klein/camera_ros2/install/astra_camera_msgs:/home/klein/camera_ros2/install/opencv_use:/home/klein/camera_ros2/install/astra_camera:/home/klein/ros2move_ws/install/pkg01_helloworld_cpp:/home/klein/ros2move_ws/install/cpp01_topic:/home/klein/camera_ros2/install/demo_cv_image:/opt/ros/foxy LD_LIBRARY_PATH=/home/klein/camera_ros2/install/astra_camera_msgs/lib:/home/klein/camera_ros2/install/astra_camera/lib:/usr/local/lib:/usr/local/lib:/opt/ros/foxy/opt/yaml_cpp_vendor/lib:/opt/ros/foxy/opt/rviz_ogre_vendor/lib:/opt/ros/foxy/lib/x86_64-linux-gnu:/opt/ros/foxy/lib PYTHONPATH=/home/klein/camera_ros2/install/astra_camera_msgs/lib/python3.8/site-packages:/home/klein/camera_ros2/install/demo_cv_image/lib/python3.8/site-packages:/opt/ros/foxy/lib/python3.8/site-packages /usr/bin/cmake --build /home/klein/camera_ros2/build/astra_camera -- -j4 -l4
[289.573s] DEBUG:colcon.colcon_core.event_handler.log_command:Invoked command in '/home/klein/camera_ros2/build/astra_camera' returned '0': CMAKE_PREFIX_PATH=/home/klein/camera_ros2/install/astra_camera_msgs:/home/klein/camera_ros2/install/opencv_use:/home/klein/camera_ros2/install/astra_camera:/home/klein/ros2move_ws/install/pkg01_helloworld_cpp:/home/klein/ros2move_ws/install/cpp01_topic:/home/klein/camera_ros2/install/demo_cv_image:/opt/ros/foxy LD_LIBRARY_PATH=/home/klein/camera_ros2/install/astra_camera_msgs/lib:/home/klein/camera_ros2/install/astra_camera/lib:/usr/local/lib:/usr/local/lib:/opt/ros/foxy/opt/yaml_cpp_vendor/lib:/opt/ros/foxy/opt/rviz_ogre_vendor/lib:/opt/ros/foxy/lib/x86_64-linux-gnu:/opt/ros/foxy/lib PYTHONPATH=/home/klein/camera_ros2/install/astra_camera_msgs/lib/python3.8/site-packages:/home/klein/camera_ros2/install/demo_cv_image/lib/python3.8/site-packages:/opt/ros/foxy/lib/python3.8/site-packages /usr/bin/cmake --build /home/klein/camera_ros2/build/astra_camera -- -j4 -l4
[289.866s] DEBUG:colcon.colcon_core.event_handler.log_command:Invoking command in '/home/klein/camera_ros2/build/astra_camera': CMAKE_PREFIX_PATH=/home/klein/camera_ros2/install/astra_camera_msgs:/home/klein/camera_ros2/install/opencv_use:/home/klein/camera_ros2/install/astra_camera:/home/klein/ros2move_ws/install/pkg01_helloworld_cpp:/home/klein/ros2move_ws/install/cpp01_topic:/home/klein/camera_ros2/install/demo_cv_image:/opt/ros/foxy LD_LIBRARY_PATH=/home/klein/camera_ros2/install/astra_camera_msgs/lib:/home/klein/camera_ros2/install/astra_camera/lib:/usr/local/lib:/usr/local/lib:/opt/ros/foxy/opt/yaml_cpp_vendor/lib:/opt/ros/foxy/opt/rviz_ogre_vendor/lib:/opt/ros/foxy/lib/x86_64-linux-gnu:/opt/ros/foxy/lib PYTHONPATH=/home/klein/camera_ros2/install/astra_camera_msgs/lib/python3.8/site-packages:/home/klein/camera_ros2/install/demo_cv_image/lib/python3.8/site-packages:/opt/ros/foxy/lib/python3.8/site-packages /usr/bin/cmake --install /home/klein/camera_ros2/build/astra_camera
[290.188s] DEBUG:colcon.colcon_core.event_handler.log_command:Invoked command in '/home/klein/camera_ros2/build/astra_camera' returned '0': CMAKE_PREFIX_PATH=/home/klein/camera_ros2/install/astra_camera_msgs:/home/klein/camera_ros2/install/opencv_use:/home/klein/camera_ros2/install/astra_camera:/home/klein/ros2move_ws/install/pkg01_helloworld_cpp:/home/klein/ros2move_ws/install/cpp01_topic:/home/klein/camera_ros2/install/demo_cv_image:/opt/ros/foxy LD_LIBRARY_PATH=/home/klein/camera_ros2/install/astra_camera_msgs/lib:/home/klein/camera_ros2/install/astra_camera/lib:/usr/local/lib:/usr/local/lib:/opt/ros/foxy/opt/yaml_cpp_vendor/lib:/opt/ros/foxy/opt/rviz_ogre_vendor/lib:/opt/ros/foxy/lib/x86_64-linux-gnu:/opt/ros/foxy/lib PYTHONPATH=/home/klein/camera_ros2/install/astra_camera_msgs/lib/python3.8/site-packages:/home/klein/camera_ros2/install/demo_cv_image/lib/python3.8/site-packages:/opt/ros/foxy/lib/python3.8/site-packages /usr/bin/cmake --install /home/klein/camera_ros2/build/astra_camera
[290.197s] Level 1:colcon.colcon_core.environment:create_environment_scripts_only(astra_camera)
[290.270s] Level 1:colcon.colcon_core.environment:checking '/home/klein/camera_ros2/install/astra_camera' for CMake module files
[290.282s] Level 1:colcon.colcon_core.environment:checking '/home/klein/camera_ros2/install/astra_camera' for CMake config files
[290.293s] Level 1:colcon.colcon_core.shell:create_environment_hook('astra_camera', 'cmake_prefix_path')
[290.304s] INFO:colcon.colcon_core.shell:Creating environment hook '/home/klein/camera_ros2/install/astra_camera/share/astra_camera/hook/cmake_prefix_path.ps1'
[290.380s] INFO:colcon.colcon_core.shell:Creating environment descriptor '/home/klein/camera_ros2/install/astra_camera/share/astra_camera/hook/cmake_prefix_path.dsv'
[290.389s] INFO:colcon.colcon_core.shell:Creating environment hook '/home/klein/camera_ros2/install/astra_camera/share/astra_camera/hook/cmake_prefix_path.sh'
[290.455s] Level 1:colcon.colcon_core.environment:checking '/home/klein/camera_ros2/install/astra_camera/lib'
[290.455s] Level 1:colcon.colcon_core.shell:create_environment_hook('astra_camera', 'ld_library_path_lib')
[290.456s] INFO:colcon.colcon_core.shell:Creating environment hook '/home/klein/camera_ros2/install/astra_camera/share/astra_camera/hook/ld_library_path_lib.ps1'
[290.460s] INFO:colcon.colcon_core.shell:Creating environment descriptor '/home/klein/camera_ros2/install/astra_camera/share/astra_camera/hook/ld_library_path_lib.dsv'
[290.463s] INFO:colcon.colcon_core.shell:Creating environment hook '/home/klein/camera_ros2/install/astra_camera/share/astra_camera/hook/ld_library_path_lib.sh'
[290.466s] Level 1:colcon.colcon_core.environment:checking '/home/klein/camera_ros2/install/astra_camera/bin'
[290.469s] Level 1:colcon.colcon_core.environment:checking '/home/klein/camera_ros2/install/astra_camera/lib/pkgconfig/astra_camera.pc'
[290.493s] Level 1:colcon.colcon_core.environment:checking '/home/klein/camera_ros2/install/astra_camera/lib/python3.8/site-packages'
[290.494s] Level 1:colcon.colcon_core.environment:checking '/home/klein/camera_ros2/install/astra_camera/bin'
[290.496s] INFO:colcon.colcon_core.shell:Creating package script '/home/klein/camera_ros2/install/astra_camera/share/astra_camera/package.ps1'
[290.506s] INFO:colcon.colcon_core.shell:Creating package descriptor '/home/klein/camera_ros2/install/astra_camera/share/astra_camera/package.dsv'
[290.510s] INFO:colcon.colcon_core.shell:Creating package script '/home/klein/camera_ros2/install/astra_camera/share/astra_camera/package.sh'
[290.514s] INFO:colcon.colcon_core.shell:Creating package script '/home/klein/camera_ros2/install/astra_camera/share/astra_camera/package.bash'
[290.522s] INFO:colcon.colcon_core.shell:Creating package script '/home/klein/camera_ros2/install/astra_camera/share/astra_camera/package.zsh'
[290.529s] Level 1:colcon.colcon_core.environment:create_file_with_runtime_dependencies(/home/klein/camera_ros2/install/astra_camera/share/colcon-core/packages/astra_camera)
[290.710s] Level 1:colcon.colcon_core.environment:create_environment_scripts_only(astra_camera)
[290.711s] Level 1:colcon.colcon_core.environment:checking '/home/klein/camera_ros2/install/astra_camera' for CMake module files
[290.714s] Level 1:colcon.colcon_core.environment:checking '/home/klein/camera_ros2/install/astra_camera' for CMake config files
[290.716s] Level 1:colcon.colcon_core.shell:create_environment_hook('astra_camera', 'cmake_prefix_path')
[290.717s] INFO:colcon.colcon_core.shell:Creating environment hook '/home/klein/camera_ros2/install/astra_camera/share/astra_camera/hook/cmake_prefix_path.ps1'
[290.720s] INFO:colcon.colcon_core.shell:Creating environment descriptor '/home/klein/camera_ros2/install/astra_camera/share/astra_camera/hook/cmake_prefix_path.dsv'
[290.722s] INFO:colcon.colcon_core.shell:Creating environment hook '/home/klein/camera_ros2/install/astra_camera/share/astra_camera/hook/cmake_prefix_path.sh'
[290.725s] Level 1:colcon.colcon_core.environment:checking '/home/klein/camera_ros2/install/astra_camera/lib'
[290.725s] Level 1:colcon.colcon_core.shell:create_environment_hook('astra_camera', 'ld_library_path_lib')
[290.726s] INFO:colcon.colcon_core.shell:Creating environment hook '/home/klein/camera_ros2/install/astra_camera/share/astra_camera/hook/ld_library_path_lib.ps1'
[290.729s] INFO:colcon.colcon_core.shell:Creating environment descriptor '/home/klein/camera_ros2/install/astra_camera/share/astra_camera/hook/ld_library_path_lib.dsv'
[290.730s] INFO:colcon.colcon_core.shell:Creating environment hook '/home/klein/camera_ros2/install/astra_camera/share/astra_camera/hook/ld_library_path_lib.sh'
[290.733s] Level 1:colcon.colcon_core.environment:checking '/home/klein/camera_ros2/install/astra_camera/bin'
[290.733s] Level 1:colcon.colcon_core.environment:checking '/home/klein/camera_ros2/install/astra_camera/lib/pkgconfig/astra_camera.pc'
[290.734s] Level 1:colcon.colcon_core.environment:checking '/home/klein/camera_ros2/install/astra_camera/lib/python3.8/site-packages'
[290.734s] Level 1:colcon.colcon_core.environment:checking '/home/klein/camera_ros2/install/astra_camera/bin'
[290.735s] INFO:colcon.colcon_core.shell:Creating package script '/home/klein/camera_ros2/install/astra_camera/share/astra_camera/package.ps1'
[290.739s] INFO:colcon.colcon_core.shell:Creating package descriptor '/home/klein/camera_ros2/install/astra_camera/share/astra_camera/package.dsv'
[290.742s] INFO:colcon.colcon_core.shell:Creating package script '/home/klein/camera_ros2/install/astra_camera/share/astra_camera/package.sh'
[290.745s] INFO:colcon.colcon_core.shell:Creating package script '/home/klein/camera_ros2/install/astra_camera/share/astra_camera/package.bash'
[290.752s] INFO:colcon.colcon_core.shell:Creating package script '/home/klein/camera_ros2/install/astra_camera/share/astra_camera/package.zsh'
[290.754s] Level 1:colcon.colcon_core.environment:create_file_with_runtime_dependencies(/home/klein/camera_ros2/install/astra_camera/share/colcon-core/packages/astra_camera)
[290.774s] DEBUG:colcon.colcon_parallel_executor.executor.parallel:closing loop
[290.786s] DEBUG:colcon.colcon_parallel_executor.executor.parallel:loop closed
[290.791s] DEBUG:colcon.colcon_parallel_executor.executor.parallel:run_until_complete finished with '0'
[290.813s] DEBUG:colcon.colcon_core.event_reactor:joining thread
[290.965s] INFO:colcon.colcon_core.plugin_system:Skipping extension 'colcon_notification.desktop_notification.terminal_notifier': Not used on non-Darwin systems
[290.966s] INFO:colcon.colcon_core.plugin_system:Skipping extension 'colcon_notification.desktop_notification.win32': Not used on non-Windows systems
[290.967s] INFO:colcon.colcon_notification.desktop_notification:Sending desktop notification using 'notify2'
[291.038s] DEBUG:colcon.colcon_core.event_reactor:joined thread
[291.044s] INFO:colcon.colcon_core.shell:Creating prefix script '/home/klein/camera_ros2/install/local_setup.ps1'
[291.054s] INFO:colcon.colcon_core.shell:Creating prefix util module '/home/klein/camera_ros2/install/_local_setup_util_ps1.py'
[291.127s] INFO:colcon.colcon_core.shell:Creating prefix chain script '/home/klein/camera_ros2/install/setup.ps1'
[291.141s] INFO:colcon.colcon_core.shell:Creating prefix script '/home/klein/camera_ros2/install/local_setup.sh'
[291.144s] INFO:colcon.colcon_core.shell:Creating prefix util module '/home/klein/camera_ros2/install/_local_setup_util_sh.py'
[291.147s] INFO:colcon.colcon_core.shell:Creating prefix chain script '/home/klein/camera_ros2/install/setup.sh'
[291.152s] INFO:colcon.colcon_core.shell:Creating prefix script '/home/klein/camera_ros2/install/local_setup.bash'
[291.154s] INFO:colcon.colcon_core.shell:Creating prefix chain script '/home/klein/camera_ros2/install/setup.bash'
[291.159s] INFO:colcon.colcon_core.shell:Creating prefix script '/home/klein/camera_ros2/install/local_setup.zsh'
[291.162s] INFO:colcon.colcon_core.shell:Creating prefix chain script '/home/klein/camera_ros2/install/setup.zsh'
